<?xml version="1.0" encoding="UTF-8"?>
<TestRun id="61a29978-c5c3-4433-8d8f-a8e064d79943" name="swetha@SWETHA-PC 2011-10-31 20:09:08" runUser="swetha-PC\swetha" xmlns="http://microsoft.com/schemas/VisualStudio/TeamTest/2010">
  <TestSettings name="Local" id="6162c3b6-876d-4b34-81c6-d6c2edded6c6">
    <Description>These are default test settings for a local test run.</Description>
    <Deployment enabled="false" runDeploymentRoot="swetha_SWETHA-PC 2011-10-31 20_09_08">
      <DeploymentItem filename="c:\Program Files (x86)\WPF Toolkit\v3.5.50211.1\System.Windows.Controls.DataVisualization.Toolkit.dll" />
      <DeploymentItem filename="c:\Program Files (x86)\WPF Toolkit\v3.5.50211.1\System.Windows.Controls.DataVisualization.Toolkit.Design.4.0.dll" />
      <DeploymentItem filename="C:\Users\swetha\Dropbox\CS2103\[F9S2][V0.2]-Swetha\[F9S2][V0.2]\bin\Debug\ToDoList.exe" />
    </Deployment>
    <Execution>
      <TestTypeSpecific />
      <AgentRule name="Execution Agents">
      </AgentRule>
    </Execution>
  </TestSettings>
  <Times creation="2011-10-31T20:09:08.7915100+08:00" queuing="2011-10-31T20:09:16.4479479+08:00" start="2011-10-31T20:09:16.4869502+08:00" finish="2011-10-31T20:09:16.7849672+08:00" />
  <ResultSummary outcome="Failed">
    <Counters total="1" executed="1" error="0" failed="1" timeout="0" aborted="0" inconclusive="0" passedButRunAborted="0" notRunnable="0" notExecuted="0" disconnected="0" warning="0" passed="0" completed="0" inProgress="0" pending="0" />
    <RunInfos>
      <RunInfo computerName="SWETHA-PC" outcome="Warning" timestamp="2011-10-31T20:09:16.4479479+08:00">
        <Text>Deployment is currently disabled. The deployment item 'ToDoList.exe' on test 'TestProject1.OperationTest.writeIntoRedoFileBeforeUndoTest' was not deployed.</Text>
      </RunInfo>
    </RunInfos>
  </ResultSummary>
  <TestDefinitions>
    <UnitTest name="writeIntoRedoFileBeforeUndoTest" storage="c:\users\swetha\dropbox\cs2103\[f9s2][v0.2]-swetha\[f9s2][v0.2]\testproject1\bin\debug\testproject1.dll" id="8bfb8e9c-9089-4c94-c55f-08067512a2ed">
      <DeploymentItems>
        <DeploymentItem filename="ToDoList.exe" />
      </DeploymentItems>
      <Execution id="b98d1eda-24c1-43f5-8f3a-9394f50ac92d" />
      <TestMethod codeBase="C:/Users/swetha/Dropbox/CS2103/[F9S2][V0.2]-Swetha/[F9S2][V0.2]/TestProject1/bin/Debug/TestProject1.DLL" adapterTypeName="Microsoft.VisualStudio.TestTools.TestTypes.Unit.UnitTestAdapter, Microsoft.VisualStudio.QualityTools.Tips.UnitTest.Adapter, Version=10.0.0.0, Culture=neutral, PublicKeyToken=b03f5f7f11d50a3a" className="TestProject1.OperationTest, TestProject1, Version=1.0.0.0, Culture=neutral, PublicKeyToken=null" name="writeIntoRedoFileBeforeUndoTest" />
    </UnitTest>
  </TestDefinitions>
  <TestLists>
    <TestList name="Results Not in a List" id="8c84fa94-04c1-424b-9868-57a2d4851a1d" />
    <TestList name="All Loaded Results" id="19431567-8539-422a-85d7-44ee4e166bda" />
  </TestLists>
  <TestEntries>
    <TestEntry testId="8bfb8e9c-9089-4c94-c55f-08067512a2ed" executionId="b98d1eda-24c1-43f5-8f3a-9394f50ac92d" testListId="8c84fa94-04c1-424b-9868-57a2d4851a1d" />
  </TestEntries>
  <Results>
    <UnitTestResult executionId="b98d1eda-24c1-43f5-8f3a-9394f50ac92d" testId="8bfb8e9c-9089-4c94-c55f-08067512a2ed" testName="writeIntoRedoFileBeforeUndoTest" computerName="SWETHA-PC" duration="00:00:00.0536142" startTime="2011-10-31T20:09:16.4979508+08:00" endTime="2011-10-31T20:09:16.7689663+08:00" testType="13cdc9d9-ddb5-4fa4-a97d-d965ccfc6d4b" outcome="Failed" testListId="8c84fa94-04c1-424b-9868-57a2d4851a1d" relativeResultsDirectory="b98d1eda-24c1-43f5-8f3a-9394f50ac92d">
      <Output>
        <ErrorInfo>
          <Message>Test method TestProject1.OperationTest.writeIntoRedoFileBeforeUndoTest threw exception: 
System.IO.FileNotFoundException: Could not find file 'C:\Users\swetha\Dropbox\CS2103\[F9S2][V0.2]-Swetha\[F9S2][V0.2]\TestResults\swetha_SWETHA-PC 2011-10-31 20_09_08\Out\ListOfTasksToDoFile.txt'.</Message>
          <StackTrace>   at ToDoList.Operation_Accessor.writeIntoRedoFileBeforeUndo()
   at TestProject1.OperationTest.writeIntoRedoFileBeforeUndoTest() in C:\Users\swetha\Dropbox\CS2103\[F9S2][V0.2]-Swetha\[F9S2][V0.2]\TestProject1\OperationTest.cs:line 611
</StackTrace>
        </ErrorInfo>
      </Output>
    </UnitTestResult>
  </Results>
</TestRun>