<?xml version="1.0" encoding="UTF-8"?>
<TestRun id="6ef1bad0-fab4-40a4-b5ba-271915d485d5" name="swetha@SWETHA-PC 2011-10-31 20:30:02" runUser="swetha-PC\swetha" xmlns="http://microsoft.com/schemas/VisualStudio/TeamTest/2010">
  <TestSettings name="Local" id="6162c3b6-876d-4b34-81c6-d6c2edded6c6">
    <Description>These are default test settings for a local test run.</Description>
    <Deployment enabled="false" runDeploymentRoot="swetha_SWETHA-PC 2011-10-31 20_30_02">
      <DeploymentItem filename="c:\Program Files (x86)\WPF Toolkit\v3.5.50211.1\System.Windows.Controls.DataVisualization.Toolkit.dll" />
      <DeploymentItem filename="c:\Program Files (x86)\WPF Toolkit\v3.5.50211.1\System.Windows.Controls.DataVisualization.Toolkit.Design.4.0.dll" />
      <DeploymentItem filename="C:\Users\swetha\Dropbox\CS2103\[F9S2][V0.2]-Swetha\[F9S2][V0.2]\bin\Debug\ToDoList.exe" />
    </Deployment>
    <Execution>
      <TestTypeSpecific />
      <AgentRule name="Execution Agents">
      </AgentRule>
    </Execution>
  </TestSettings>
  <Times creation="2011-10-31T20:30:02.0641931+08:00" queuing="2011-10-31T20:30:03.0752510+08:00" start="2011-10-31T20:30:03.1342543+08:00" finish="2011-10-31T20:30:03.3872688+08:00" />
  <ResultSummary outcome="Failed">
    <Counters total="1" executed="1" error="0" failed="1" timeout="0" aborted="0" inconclusive="0" passedButRunAborted="0" notRunnable="0" notExecuted="0" disconnected="0" warning="0" passed="0" completed="0" inProgress="0" pending="0" />
  </ResultSummary>
  <TestDefinitions>
    <UnitTest name="getDisplayMessageTest" storage="c:\users\swetha\dropbox\cs2103\[f9s2][v0.2]-swetha\[f9s2][v0.2]\testproject1\bin\debug\testproject1.dll" id="291e0111-5060-6201-9181-18664685707f">
      <Execution id="6cf1321f-ee56-4fbb-95ba-1fd64ff0a14f" />
      <TestMethod codeBase="C:/Users/swetha/Dropbox/CS2103/[F9S2][V0.2]-Swetha/[F9S2][V0.2]/TestProject1/bin/Debug/TestProject1.DLL" adapterTypeName="Microsoft.VisualStudio.TestTools.TestTypes.Unit.UnitTestAdapter, Microsoft.VisualStudio.QualityTools.Tips.UnitTest.Adapter, Version=10.0.0.0, Culture=neutral, PublicKeyToken=b03f5f7f11d50a3a" className="TestProject1.OperationTest, TestProject1, Version=1.0.0.0, Culture=neutral, PublicKeyToken=null" name="getDisplayMessageTest" />
    </UnitTest>
  </TestDefinitions>
  <TestLists>
    <TestList name="Results Not in a List" id="8c84fa94-04c1-424b-9868-57a2d4851a1d" />
    <TestList name="All Loaded Results" id="19431567-8539-422a-85d7-44ee4e166bda" />
  </TestLists>
  <TestEntries>
    <TestEntry testId="291e0111-5060-6201-9181-18664685707f" executionId="6cf1321f-ee56-4fbb-95ba-1fd64ff0a14f" testListId="8c84fa94-04c1-424b-9868-57a2d4851a1d" />
  </TestEntries>
  <Results>
    <UnitTestResult executionId="6cf1321f-ee56-4fbb-95ba-1fd64ff0a14f" testId="291e0111-5060-6201-9181-18664685707f" testName="getDisplayMessageTest" computerName="SWETHA-PC" duration="00:00:00.0366310" startTime="2011-10-31T20:30:03.1532554+08:00" endTime="2011-10-31T20:30:03.3682677+08:00" testType="13cdc9d9-ddb5-4fa4-a97d-d965ccfc6d4b" outcome="Failed" testListId="8c84fa94-04c1-424b-9868-57a2d4851a1d" relativeResultsDirectory="6cf1321f-ee56-4fbb-95ba-1fd64ff0a14f">
      <Output>
        <ErrorInfo>
          <Message>Test method TestProject1.OperationTest.getDisplayMessageTest threw exception: 
System.IO.FileNotFoundException: Could not find file 'C:\Users\swetha\Dropbox\CS2103\[F9S2][V0.2]-Swetha\[F9S2][V0.2]\TestResults\swetha_SWETHA-PC 2011-10-31 20_30_02\Out\ListOfTasksToDoFile.txt'.</Message>
          <StackTrace>    at System.IO.__Error.WinIOError(Int32 errorCode, String maybeFullPath)
   at System.IO.FileStream.Init(String path, FileMode mode, FileAccess access, Int32 rights, Boolean useRights, FileShare share, Int32 bufferSize, FileOptions options, SECURITY_ATTRIBUTES secAttrs, String msgPath, Boolean bFromProxy, Boolean useLongPath)
   at System.IO.FileStream..ctor(String path, FileMode mode, FileAccess access, FileShare share, Int32 bufferSize, FileOptions options)
   at System.IO.StreamReader..ctor(String path, Encoding encoding, Boolean detectEncodingFromByteOrderMarks, Int32 bufferSize)
   at System.IO.StreamReader..ctor(String path)
   at ToDoList.Database.readFromFile() in C:\Users\swetha\Dropbox\CS2103\[F9S2][V0.2]-Swetha\[F9S2][V0.2]\Storage\Database.cs:line 53
   at ToDoList.Operation.rememberoldfiles() in C:\Users\swetha\Dropbox\CS2103\[F9S2][V0.2]-Swetha\[F9S2][V0.2]\Logic\Operation.cs:line 1275
   at ToDoList.Operation.decideOntask() in C:\Users\swetha\Dropbox\CS2103\[F9S2][V0.2]-Swetha\[F9S2][V0.2]\Logic\Operation.cs:line 1508
   at TestProject1.OperationTest.getDisplayMessageTest() in C:\Users\swetha\Dropbox\CS2103\[F9S2][V0.2]-Swetha\[F9S2][V0.2]\TestProject1\OperationTest.cs:line 515
</StackTrace>
        </ErrorInfo>
      </Output>
    </UnitTestResult>
  </Results>
</TestRun>