<?xml version="1.0" encoding="UTF-8"?>
<TestRun id="3066b45c-c076-4675-a5f0-2b3f02ec75fe" name="swetha@SWETHA-PC 2011-10-31 20:34:45" runUser="swetha-PC\swetha" xmlns="http://microsoft.com/schemas/VisualStudio/TeamTest/2010">
  <TestSettings name="Local" id="6162c3b6-876d-4b34-81c6-d6c2edded6c6">
    <Description>These are default test settings for a local test run.</Description>
    <Deployment enabled="false" runDeploymentRoot="swetha_SWETHA-PC 2011-10-31 20_34_45">
      <DeploymentItem filename="c:\Program Files (x86)\WPF Toolkit\v3.5.50211.1\System.Windows.Controls.DataVisualization.Toolkit.dll" />
      <DeploymentItem filename="c:\Program Files (x86)\WPF Toolkit\v3.5.50211.1\System.Windows.Controls.DataVisualization.Toolkit.Design.4.0.dll" />
      <DeploymentItem filename="C:\Users\swetha\Dropbox\CS2103\[F9S2][V0.2]-Swetha\[F9S2][V0.2]\bin\Debug\ToDoList.exe" />
    </Deployment>
    <Execution>
      <TestTypeSpecific />
      <AgentRule name="Execution Agents">
      </AgentRule>
    </Execution>
  </TestSettings>
  <Times creation="2011-10-31T20:34:45.2043878+08:00" queuing="2011-10-31T20:34:46.5784664+08:00" start="2011-10-31T20:34:46.6104682+08:00" finish="2011-10-31T20:34:46.8614826+08:00" />
  <ResultSummary outcome="Completed">
    <Counters total="1" executed="1" passed="1" error="0" failed="0" timeout="0" aborted="0" inconclusive="0" passedButRunAborted="0" notRunnable="0" notExecuted="0" disconnected="0" warning="0" completed="0" inProgress="0" pending="0" />
  </ResultSummary>
  <TestDefinitions>
    <UnitTest name="valuesToInitialiseDataGrid2Test" storage="c:\users\swetha\dropbox\cs2103\[f9s2][v0.2]-swetha\[f9s2][v0.2]\testproject1\bin\debug\testproject1.dll" id="e0d6f14e-b818-d60e-e87a-fd7bc0689148">
      <Execution id="c8739801-742b-4a74-b56e-14678a0c3f97" />
      <TestMethod codeBase="C:/Users/swetha/Dropbox/CS2103/[F9S2][V0.2]-Swetha/[F9S2][V0.2]/TestProject1/bin/Debug/TestProject1.DLL" adapterTypeName="Microsoft.VisualStudio.TestTools.TestTypes.Unit.UnitTestAdapter, Microsoft.VisualStudio.QualityTools.Tips.UnitTest.Adapter, Version=10.0.0.0, Culture=neutral, PublicKeyToken=b03f5f7f11d50a3a" className="TestProject1.OperationTest, TestProject1, Version=1.0.0.0, Culture=neutral, PublicKeyToken=null" name="valuesToInitialiseDataGrid2Test" />
    </UnitTest>
  </TestDefinitions>
  <TestLists>
    <TestList name="Results Not in a List" id="8c84fa94-04c1-424b-9868-57a2d4851a1d" />
    <TestList name="All Loaded Results" id="19431567-8539-422a-85d7-44ee4e166bda" />
  </TestLists>
  <TestEntries>
    <TestEntry testId="e0d6f14e-b818-d60e-e87a-fd7bc0689148" executionId="c8739801-742b-4a74-b56e-14678a0c3f97" testListId="8c84fa94-04c1-424b-9868-57a2d4851a1d" />
  </TestEntries>
  <Results>
    <UnitTestResult executionId="c8739801-742b-4a74-b56e-14678a0c3f97" testId="e0d6f14e-b818-d60e-e87a-fd7bc0689148" testName="valuesToInitialiseDataGrid2Test" computerName="SWETHA-PC" duration="00:00:00.0167106" startTime="2011-10-31T20:34:46.6274692+08:00" endTime="2011-10-31T20:34:46.8424815+08:00" testType="13cdc9d9-ddb5-4fa4-a97d-d965ccfc6d4b" outcome="Passed" testListId="8c84fa94-04c1-424b-9868-57a2d4851a1d" relativeResultsDirectory="c8739801-742b-4a74-b56e-14678a0c3f97">
    </UnitTestResult>
  </Results>
</TestRun>