<?xml version="1.0" encoding="UTF-8"?>
<TestRun id="e406d5f8-8209-4fbb-a7ac-252d9a5d5dfe" name="swetha@SWETHA-PC 2011-10-31 20:49:19" runUser="swetha-PC\swetha" xmlns="http://microsoft.com/schemas/VisualStudio/TeamTest/2010">
  <TestSettings name="Local" id="6162c3b6-876d-4b34-81c6-d6c2edded6c6">
    <Description>These are default test settings for a local test run.</Description>
    <Deployment enabled="false" runDeploymentRoot="swetha_SWETHA-PC 2011-10-31 20_49_19">
      <DeploymentItem filename="c:\Program Files (x86)\WPF Toolkit\v3.5.50211.1\System.Windows.Controls.DataVisualization.Toolkit.dll" />
      <DeploymentItem filename="c:\Program Files (x86)\WPF Toolkit\v3.5.50211.1\System.Windows.Controls.DataVisualization.Toolkit.Design.4.0.dll" />
      <DeploymentItem filename="C:\Users\swetha\Dropbox\CS2103\[F9S2][V0.2]-Swetha\[F9S2][V0.2]\bin\Debug\ToDoList.exe" />
    </Deployment>
    <Execution>
      <TestTypeSpecific />
      <AgentRule name="Execution Agents">
      </AgentRule>
    </Execution>
  </TestSettings>
  <Times creation="2011-10-31T20:49:19.1553750+08:00" queuing="2011-10-31T20:49:19.1743760+08:00" start="2011-10-31T20:49:19.1903770+08:00" finish="2011-10-31T20:49:19.5073951+08:00" />
  <ResultSummary outcome="Failed">
    <Counters total="1" executed="1" error="0" failed="1" timeout="0" aborted="0" inconclusive="0" passedButRunAborted="0" notRunnable="0" notExecuted="0" disconnected="0" warning="0" passed="0" completed="0" inProgress="0" pending="0" />
    <RunInfos>
      <RunInfo computerName="SWETHA-PC" outcome="Warning" timestamp="2011-10-31T20:49:19.1733760+08:00">
        <Text>Deployment is currently disabled. The deployment item 'ToDoList.exe' on test 'TestProject1.OperationTest.HelpTest' was not deployed.</Text>
      </RunInfo>
    </RunInfos>
  </ResultSummary>
  <TestDefinitions>
    <UnitTest name="HelpTest" storage="c:\users\swetha\dropbox\cs2103\[f9s2][v0.2]-swetha\[f9s2][v0.2]\testproject1\bin\debug\testproject1.dll" id="6f4d0504-a58b-d2ed-fa46-c40c35ce5f97">
      <DeploymentItems>
        <DeploymentItem filename="ToDoList.exe" />
      </DeploymentItems>
      <Execution id="304406de-bd00-4ab8-9066-47e83d3232ef" />
      <TestMethod codeBase="C:/Users/swetha/Dropbox/CS2103/[F9S2][V0.2]-Swetha/[F9S2][V0.2]/TestProject1/bin/Debug/TestProject1.DLL" adapterTypeName="Microsoft.VisualStudio.TestTools.TestTypes.Unit.UnitTestAdapter, Microsoft.VisualStudio.QualityTools.Tips.UnitTest.Adapter, Version=10.0.0.0, Culture=neutral, PublicKeyToken=b03f5f7f11d50a3a" className="TestProject1.OperationTest, TestProject1, Version=1.0.0.0, Culture=neutral, PublicKeyToken=null" name="HelpTest" />
    </UnitTest>
  </TestDefinitions>
  <TestLists>
    <TestList name="Results Not in a List" id="8c84fa94-04c1-424b-9868-57a2d4851a1d" />
    <TestList name="All Loaded Results" id="19431567-8539-422a-85d7-44ee4e166bda" />
  </TestLists>
  <TestEntries>
    <TestEntry testId="6f4d0504-a58b-d2ed-fa46-c40c35ce5f97" executionId="304406de-bd00-4ab8-9066-47e83d3232ef" testListId="8c84fa94-04c1-424b-9868-57a2d4851a1d" />
  </TestEntries>
  <Results>
    <UnitTestResult executionId="304406de-bd00-4ab8-9066-47e83d3232ef" testId="6f4d0504-a58b-d2ed-fa46-c40c35ce5f97" testName="HelpTest" computerName="SWETHA-PC" duration="00:00:00.0393277" startTime="2011-10-31T20:49:19.1993775+08:00" endTime="2011-10-31T20:49:19.4873939+08:00" testType="13cdc9d9-ddb5-4fa4-a97d-d965ccfc6d4b" outcome="Failed" testListId="8c84fa94-04c1-424b-9868-57a2d4851a1d" relativeResultsDirectory="304406de-bd00-4ab8-9066-47e83d3232ef">
      <Output>
        <ErrorInfo>
          <Message>Test method TestProject1.OperationTest.HelpTest threw exception: 
System.ArgumentException: 
      The member specified (Help) could not be found. You might need to regenerate your private accessor,
      or the member may be private and defined on a base class. If the latter is true, you need to pass the type
      that defines the member into PrivateObject's constructor.
    </Message>
          <StackTrace>   at ToDoList.Operation_Accessor.Help()
   at TestProject1.OperationTest.HelpTest() in C:\Users\swetha\Dropbox\CS2103\[F9S2][V0.2]-Swetha\[F9S2][V0.2]\TestProject1\OperationTest.cs:line 156
</StackTrace>
        </ErrorInfo>
      </Output>
    </UnitTestResult>
  </Results>
</TestRun>