<?xml version="1.0" encoding="UTF-8"?>
<TestRun id="a9d8a16b-bf65-4c84-9c8d-9589e522cba6" name="swetha@SWETHA-PC 2011-10-31 03:00:51" runUser="swetha-PC\swetha" xmlns="http://microsoft.com/schemas/VisualStudio/TeamTest/2010">
  <TestSettings name="Local" id="6162c3b6-876d-4b34-81c6-d6c2edded6c6">
    <Description>These are default test settings for a local test run.</Description>
    <Deployment enabled="false" runDeploymentRoot="swetha_SWETHA-PC 2011-10-31 03_00_51">
      <DeploymentItem filename="C:\Users\swetha\Desktop\Drop\[F9S2][V0.2]\bin\Debug\ToDoList.exe" />
      <DeploymentItem filename="c:\Program Files (x86)\WPF Toolkit\v3.5.50211.1\System.Windows.Controls.DataVisualization.Toolkit.dll" />
      <DeploymentItem filename="c:\Program Files (x86)\WPF Toolkit\v3.5.50211.1\System.Windows.Controls.DataVisualization.Toolkit.Design.4.0.dll" />
    </Deployment>
    <Execution>
      <TestTypeSpecific />
      <AgentRule name="Execution Agents">
      </AgentRule>
    </Execution>
  </TestSettings>
  <Times creation="2011-10-31T03:00:51.6160578+08:00" queuing="2011-10-31T03:00:52.8751298+08:00" start="2011-10-31T03:00:52.9111318+08:00" finish="2011-10-31T03:00:53.3241554+08:00" />
  <ResultSummary outcome="Failed">
    <Counters total="21" executed="21" passed="17" error="0" failed="4" timeout="0" aborted="0" inconclusive="0" passedButRunAborted="0" notRunnable="0" notExecuted="0" disconnected="0" warning="0" completed="0" inProgress="0" pending="0" />
  </ResultSummary>
  <TestDefinitions>
    <UnitTest name="convertTaskDetailToWriteIntoFileTest" storage="c:\users\swetha\desktop\drop\[f9s2][v0.2]\testproject1\bin\debug\testproject1.dll" id="5ee9d7b1-ec25-7322-61a2-90a0f78c097d">
      <Execution id="e675c375-f901-466e-a537-729469e01627" />
      <TestMethod codeBase="C:/Users/swetha/Desktop/Drop/[F9S2][V0.2]/TestProject1/bin/Debug/TestProject1.DLL" adapterTypeName="Microsoft.VisualStudio.TestTools.TestTypes.Unit.UnitTestAdapter, Microsoft.VisualStudio.QualityTools.Tips.UnitTest.Adapter, Version=10.0.0.0, Culture=neutral, PublicKeyToken=b03f5f7f11d50a3a" className="TestProject1.ConversionsTest, TestProject1, Version=1.0.0.0, Culture=neutral, PublicKeyToken=null" name="convertTaskDetailToWriteIntoFileTest" />
    </UnitTest>
    <UnitTest name="ConvertDateTo_ddmmyyFormatTest" storage="c:\users\swetha\desktop\drop\[f9s2][v0.2]\testproject1\bin\debug\testproject1.dll" id="a24feab6-c418-b744-08a0-4d987df3755e">
      <Execution id="def93382-302e-43b3-b783-f025bdb02a11" />
      <TestMethod codeBase="C:/Users/swetha/Desktop/Drop/[F9S2][V0.2]/TestProject1/bin/Debug/TestProject1.DLL" adapterTypeName="Microsoft.VisualStudio.TestTools.TestTypes.Unit.UnitTestAdapter, Microsoft.VisualStudio.QualityTools.Tips.UnitTest.Adapter, Version=10.0.0.0, Culture=neutral, PublicKeyToken=b03f5f7f11d50a3a" className="TestProject1.ConversionsTest, TestProject1, Version=1.0.0.0, Culture=neutral, PublicKeyToken=null" name="ConvertDateTo_ddmmyyFormatTest" />
    </UnitTest>
    <UnitTest name="replaceWithAppropriateShortFormsTest" storage="c:\users\swetha\desktop\drop\[f9s2][v0.2]\testproject1\bin\debug\testproject1.dll" id="2f37fc18-21b3-d1f0-4925-6942082d2bd1">
      <Execution id="d426af02-e5ef-49ea-8e1a-6088868504a9" />
      <TestMethod codeBase="C:/Users/swetha/Desktop/Drop/[F9S2][V0.2]/TestProject1/bin/Debug/TestProject1.DLL" adapterTypeName="Microsoft.VisualStudio.TestTools.TestTypes.Unit.UnitTestAdapter, Microsoft.VisualStudio.QualityTools.Tips.UnitTest.Adapter, Version=10.0.0.0, Culture=neutral, PublicKeyToken=b03f5f7f11d50a3a" className="TestProject1.ConversionsTest, TestProject1, Version=1.0.0.0, Culture=neutral, PublicKeyToken=null" name="replaceWithAppropriateShortFormsTest" />
    </UnitTest>
    <UnitTest name="checkForWhatCommandTest" storage="c:\users\swetha\desktop\drop\[f9s2][v0.2]\testproject1\bin\debug\testproject1.dll" id="290985ae-7290-ffa5-ddf3-dc1ad7073d30">
      <Execution id="9acca2b6-f93f-4ae3-9a13-064e6802f315" />
      <TestMethod codeBase="C:/Users/swetha/Desktop/Drop/[F9S2][V0.2]/TestProject1/bin/Debug/TestProject1.DLL" adapterTypeName="Microsoft.VisualStudio.TestTools.TestTypes.Unit.UnitTestAdapter, Microsoft.VisualStudio.QualityTools.Tips.UnitTest.Adapter, Version=10.0.0.0, Culture=neutral, PublicKeyToken=b03f5f7f11d50a3a" className="TestProject1.ParserTest, TestProject1, Version=1.0.0.0, Culture=neutral, PublicKeyToken=null" name="checkForWhatCommandTest" />
    </UnitTest>
    <UnitTest name="ConvertStringToDateTest" storage="c:\users\swetha\desktop\drop\[f9s2][v0.2]\testproject1\bin\debug\testproject1.dll" id="42896bde-65ce-41ec-f595-fe8fc0dfa1cc">
      <Execution id="73f53574-6b07-4244-9231-d4d7a872c8a9" />
      <TestMethod codeBase="C:/Users/swetha/Desktop/Drop/[F9S2][V0.2]/TestProject1/bin/Debug/TestProject1.DLL" adapterTypeName="Microsoft.VisualStudio.TestTools.TestTypes.Unit.UnitTestAdapter, Microsoft.VisualStudio.QualityTools.Tips.UnitTest.Adapter, Version=10.0.0.0, Culture=neutral, PublicKeyToken=b03f5f7f11d50a3a" className="TestProject1.ConversionsTest, TestProject1, Version=1.0.0.0, Culture=neutral, PublicKeyToken=null" name="ConvertStringToDateTest" />
    </UnitTest>
    <UnitTest name="Convert12HourFormatTo24HourFormatTest" storage="c:\users\swetha\desktop\drop\[f9s2][v0.2]\testproject1\bin\debug\testproject1.dll" id="7ecba722-39b2-0c77-caeb-80d5158acb13">
      <Execution id="ed94ec41-f937-42a8-b1be-5b13be61a356" />
      <TestMethod codeBase="C:/Users/swetha/Desktop/Drop/[F9S2][V0.2]/TestProject1/bin/Debug/TestProject1.DLL" adapterTypeName="Microsoft.VisualStudio.TestTools.TestTypes.Unit.UnitTestAdapter, Microsoft.VisualStudio.QualityTools.Tips.UnitTest.Adapter, Version=10.0.0.0, Culture=neutral, PublicKeyToken=b03f5f7f11d50a3a" className="TestProject1.ConversionsTest, TestProject1, Version=1.0.0.0, Culture=neutral, PublicKeyToken=null" name="Convert12HourFormatTo24HourFormatTest" />
    </UnitTest>
    <UnitTest name="interpretRepeatAsNumberOfDaysTest" storage="c:\users\swetha\desktop\drop\[f9s2][v0.2]\testproject1\bin\debug\testproject1.dll" id="b9f0d8f2-3773-3983-9410-797e7d452424">
      <Execution id="24907d05-e49f-4e32-89a1-bdc1903100dd" />
      <TestMethod codeBase="C:/Users/swetha/Desktop/Drop/[F9S2][V0.2]/TestProject1/bin/Debug/TestProject1.DLL" adapterTypeName="Microsoft.VisualStudio.TestTools.TestTypes.Unit.UnitTestAdapter, Microsoft.VisualStudio.QualityTools.Tips.UnitTest.Adapter, Version=10.0.0.0, Culture=neutral, PublicKeyToken=b03f5f7f11d50a3a" className="TestProject1.ConversionsTest, TestProject1, Version=1.0.0.0, Culture=neutral, PublicKeyToken=null" name="interpretRepeatAsNumberOfDaysTest" />
    </UnitTest>
    <UnitTest name="ConvertDaysToHoursTest" storage="c:\users\swetha\desktop\drop\[f9s2][v0.2]\testproject1\bin\debug\testproject1.dll" id="be2fd57d-61da-8654-9530-0824be4b4617">
      <Execution id="2fae22f3-98c5-4cba-b0a8-c6c999f172e2" />
      <TestMethod codeBase="C:/Users/swetha/Desktop/Drop/[F9S2][V0.2]/TestProject1/bin/Debug/TestProject1.DLL" adapterTypeName="Microsoft.VisualStudio.TestTools.TestTypes.Unit.UnitTestAdapter, Microsoft.VisualStudio.QualityTools.Tips.UnitTest.Adapter, Version=10.0.0.0, Culture=neutral, PublicKeyToken=b03f5f7f11d50a3a" className="TestProject1.ConversionsTest, TestProject1, Version=1.0.0.0, Culture=neutral, PublicKeyToken=null" name="ConvertDaysToHoursTest" />
    </UnitTest>
    <UnitTest name="ConvertArrayOfStringIntoListOfIntTest" storage="c:\users\swetha\desktop\drop\[f9s2][v0.2]\testproject1\bin\debug\testproject1.dll" id="5675f85b-0061-ff5b-47b5-0e0ff0baf33a">
      <Execution id="6f0c13fb-caa7-4062-976c-5aaf3533fdff" />
      <TestMethod codeBase="C:/Users/swetha/Desktop/Drop/[F9S2][V0.2]/TestProject1/bin/Debug/TestProject1.DLL" adapterTypeName="Microsoft.VisualStudio.TestTools.TestTypes.Unit.UnitTestAdapter, Microsoft.VisualStudio.QualityTools.Tips.UnitTest.Adapter, Version=10.0.0.0, Culture=neutral, PublicKeyToken=b03f5f7f11d50a3a" className="TestProject1.ConversionsTest, TestProject1, Version=1.0.0.0, Culture=neutral, PublicKeyToken=null" name="ConvertArrayOfStringIntoListOfIntTest" />
    </UnitTest>
    <UnitTest name="convertEventsIntoTaskdetailsTest" storage="c:\users\swetha\desktop\drop\[f9s2][v0.2]\testproject1\bin\debug\testproject1.dll" id="09277a0e-8813-a0dc-87e3-f8b39af59d95">
      <Execution id="b0996eb5-dfb2-4b67-a39b-1f71b6a11376" />
      <TestMethod codeBase="C:/Users/swetha/Desktop/Drop/[F9S2][V0.2]/TestProject1/bin/Debug/TestProject1.DLL" adapterTypeName="Microsoft.VisualStudio.TestTools.TestTypes.Unit.UnitTestAdapter, Microsoft.VisualStudio.QualityTools.Tips.UnitTest.Adapter, Version=10.0.0.0, Culture=neutral, PublicKeyToken=b03f5f7f11d50a3a" className="TestProject1.ConversionsTest, TestProject1, Version=1.0.0.0, Culture=neutral, PublicKeyToken=null" name="convertEventsIntoTaskdetailsTest" />
    </UnitTest>
    <UnitTest name="taskToBePerformedTest1" storage="c:\users\swetha\desktop\drop\[f9s2][v0.2]\testproject1\bin\debug\testproject1.dll" id="bc3953ec-d998-e41b-f6fc-055a5f8e631e">
      <Execution id="55a1026a-6709-42bc-bb6d-337bbbba56f9" />
      <TestMethod codeBase="C:/Users/swetha/Desktop/Drop/[F9S2][V0.2]/TestProject1/bin/Debug/TestProject1.DLL" adapterTypeName="Microsoft.VisualStudio.TestTools.TestTypes.Unit.UnitTestAdapter, Microsoft.VisualStudio.QualityTools.Tips.UnitTest.Adapter, Version=10.0.0.0, Culture=neutral, PublicKeyToken=b03f5f7f11d50a3a" className="TestProject1.ParserTest, TestProject1, Version=1.0.0.0, Culture=neutral, PublicKeyToken=null" name="taskToBePerformedTest1" />
    </UnitTest>
    <UnitTest name="durationOrRemainderToTotalHoursTest" storage="c:\users\swetha\desktop\drop\[f9s2][v0.2]\testproject1\bin\debug\testproject1.dll" id="b2b3dc86-0c03-574e-f4bf-d904f295279c">
      <Execution id="4608c418-e808-46d3-94ec-0a8e2078b6f9" />
      <TestMethod codeBase="C:/Users/swetha/Desktop/Drop/[F9S2][V0.2]/TestProject1/bin/Debug/TestProject1.DLL" adapterTypeName="Microsoft.VisualStudio.TestTools.TestTypes.Unit.UnitTestAdapter, Microsoft.VisualStudio.QualityTools.Tips.UnitTest.Adapter, Version=10.0.0.0, Culture=neutral, PublicKeyToken=b03f5f7f11d50a3a" className="TestProject1.ConversionsTest, TestProject1, Version=1.0.0.0, Culture=neutral, PublicKeyToken=null" name="durationOrRemainderToTotalHoursTest" />
    </UnitTest>
    <UnitTest name="ParserConstructorTest" storage="c:\users\swetha\desktop\drop\[f9s2][v0.2]\testproject1\bin\debug\testproject1.dll" id="f33f9546-63a0-b1f3-2ab6-cbded7caec2c">
      <Execution id="24f9ac85-7252-492a-956b-a5c587c9f50e" />
      <TestMethod codeBase="C:/Users/swetha/Desktop/Drop/[F9S2][V0.2]/TestProject1/bin/Debug/TestProject1.DLL" adapterTypeName="Microsoft.VisualStudio.TestTools.TestTypes.Unit.UnitTestAdapter, Microsoft.VisualStudio.QualityTools.Tips.UnitTest.Adapter, Version=10.0.0.0, Culture=neutral, PublicKeyToken=b03f5f7f11d50a3a" className="TestProject1.ParserTest, TestProject1, Version=1.0.0.0, Culture=neutral, PublicKeyToken=null" name="ParserConstructorTest" />
    </UnitTest>
    <UnitTest name="ConvertMinutesToHoursTest" storage="c:\users\swetha\desktop\drop\[f9s2][v0.2]\testproject1\bin\debug\testproject1.dll" id="430f73b7-e7f8-467a-7ebe-d31af806a242">
      <Execution id="d1ecf180-7d55-4445-835b-2c57f739190c" />
      <TestMethod codeBase="C:/Users/swetha/Desktop/Drop/[F9S2][V0.2]/TestProject1/bin/Debug/TestProject1.DLL" adapterTypeName="Microsoft.VisualStudio.TestTools.TestTypes.Unit.UnitTestAdapter, Microsoft.VisualStudio.QualityTools.Tips.UnitTest.Adapter, Version=10.0.0.0, Culture=neutral, PublicKeyToken=b03f5f7f11d50a3a" className="TestProject1.ConversionsTest, TestProject1, Version=1.0.0.0, Culture=neutral, PublicKeyToken=null" name="ConvertMinutesToHoursTest" />
    </UnitTest>
    <UnitTest name="SyntaxOfTextboxTextTest" storage="c:\users\swetha\desktop\drop\[f9s2][v0.2]\testproject1\bin\debug\testproject1.dll" id="811d5f4a-7ec9-8777-9423-ab65d6cc47b8">
      <Execution id="79ea41e7-7f10-45a1-a82e-27f9802f330b" />
      <TestMethod codeBase="C:/Users/swetha/Desktop/Drop/[F9S2][V0.2]/TestProject1/bin/Debug/TestProject1.DLL" adapterTypeName="Microsoft.VisualStudio.TestTools.TestTypes.Unit.UnitTestAdapter, Microsoft.VisualStudio.QualityTools.Tips.UnitTest.Adapter, Version=10.0.0.0, Culture=neutral, PublicKeyToken=b03f5f7f11d50a3a" className="TestProject1.ParserTest, TestProject1, Version=1.0.0.0, Culture=neutral, PublicKeyToken=null" name="SyntaxOfTextboxTextTest" />
    </UnitTest>
    <UnitTest name="convertTaskdetailsIntoEventTest" storage="c:\users\swetha\desktop\drop\[f9s2][v0.2]\testproject1\bin\debug\testproject1.dll" id="249bd0f5-28f7-8fdd-b183-4daadf719678">
      <Execution id="0190a60c-4c4a-445a-951f-8d794668c3a0" />
      <TestMethod codeBase="C:/Users/swetha/Desktop/Drop/[F9S2][V0.2]/TestProject1/bin/Debug/TestProject1.DLL" adapterTypeName="Microsoft.VisualStudio.TestTools.TestTypes.Unit.UnitTestAdapter, Microsoft.VisualStudio.QualityTools.Tips.UnitTest.Adapter, Version=10.0.0.0, Culture=neutral, PublicKeyToken=b03f5f7f11d50a3a" className="TestProject1.ConversionsTest, TestProject1, Version=1.0.0.0, Culture=neutral, PublicKeyToken=null" name="convertTaskdetailsIntoEventTest" />
    </UnitTest>
    <UnitTest name="convertStringIntoTaskDetailsTest" storage="c:\users\swetha\desktop\drop\[f9s2][v0.2]\testproject1\bin\debug\testproject1.dll" id="3c7e691a-d362-ee99-61a4-6a800be63181">
      <Execution id="4eab6bcd-ee90-4fd4-8131-0347cdb12557" />
      <TestMethod codeBase="C:/Users/swetha/Desktop/Drop/[F9S2][V0.2]/TestProject1/bin/Debug/TestProject1.DLL" adapterTypeName="Microsoft.VisualStudio.TestTools.TestTypes.Unit.UnitTestAdapter, Microsoft.VisualStudio.QualityTools.Tips.UnitTest.Adapter, Version=10.0.0.0, Culture=neutral, PublicKeyToken=b03f5f7f11d50a3a" className="TestProject1.ConversionsTest, TestProject1, Version=1.0.0.0, Culture=neutral, PublicKeyToken=null" name="convertStringIntoTaskDetailsTest" />
    </UnitTest>
    <UnitTest name="Convert24HourFormatTo12HourFormatTest" storage="c:\users\swetha\desktop\drop\[f9s2][v0.2]\testproject1\bin\debug\testproject1.dll" id="817bc3d3-de9f-2eb0-74c0-fdf6f97a120b">
      <Execution id="734886c5-3d4a-42dc-84df-da685c8f52c5" />
      <TestMethod codeBase="C:/Users/swetha/Desktop/Drop/[F9S2][V0.2]/TestProject1/bin/Debug/TestProject1.DLL" adapterTypeName="Microsoft.VisualStudio.TestTools.TestTypes.Unit.UnitTestAdapter, Microsoft.VisualStudio.QualityTools.Tips.UnitTest.Adapter, Version=10.0.0.0, Culture=neutral, PublicKeyToken=b03f5f7f11d50a3a" className="TestProject1.ConversionsTest, TestProject1, Version=1.0.0.0, Culture=neutral, PublicKeyToken=null" name="Convert24HourFormatTo12HourFormatTest" />
    </UnitTest>
    <UnitTest name="HelpUserWriteCommandTest1" storage="c:\users\swetha\desktop\drop\[f9s2][v0.2]\testproject1\bin\debug\testproject1.dll" id="7be700b9-d314-da17-fd2a-788053f6a1ad">
      <Execution id="c67b5734-772f-45a1-abb6-bcd3b9dab780" />
      <TestMethod codeBase="C:/Users/swetha/Desktop/Drop/[F9S2][V0.2]/TestProject1/bin/Debug/TestProject1.DLL" adapterTypeName="Microsoft.VisualStudio.TestTools.TestTypes.Unit.UnitTestAdapter, Microsoft.VisualStudio.QualityTools.Tips.UnitTest.Adapter, Version=10.0.0.0, Culture=neutral, PublicKeyToken=b03f5f7f11d50a3a" className="TestProject1.ParserTest, TestProject1, Version=1.0.0.0, Culture=neutral, PublicKeyToken=null" name="HelpUserWriteCommandTest1" />
    </UnitTest>
    <UnitTest name="CheckIfCommandAndContentValidTest" storage="c:\users\swetha\desktop\drop\[f9s2][v0.2]\testproject1\bin\debug\testproject1.dll" id="a3deb1a3-2ddb-ef40-25c9-0384b9a77a99">
      <Execution id="8890381a-c128-4ed0-8757-c39bd3970805" />
      <TestMethod codeBase="C:/Users/swetha/Desktop/Drop/[F9S2][V0.2]/TestProject1/bin/Debug/TestProject1.DLL" adapterTypeName="Microsoft.VisualStudio.TestTools.TestTypes.Unit.UnitTestAdapter, Microsoft.VisualStudio.QualityTools.Tips.UnitTest.Adapter, Version=10.0.0.0, Culture=neutral, PublicKeyToken=b03f5f7f11d50a3a" className="TestProject1.ParserTest, TestProject1, Version=1.0.0.0, Culture=neutral, PublicKeyToken=null" name="CheckIfCommandAndContentValidTest" />
    </UnitTest>
    <UnitTest name="ConvertSecondsToHoursTest" storage="c:\users\swetha\desktop\drop\[f9s2][v0.2]\testproject1\bin\debug\testproject1.dll" id="9164ae3e-5109-fabb-4d9d-d3f2554d728d">
      <Execution id="e091fbba-47bc-4957-bd3c-7f1bc719db11" />
      <TestMethod codeBase="C:/Users/swetha/Desktop/Drop/[F9S2][V0.2]/TestProject1/bin/Debug/TestProject1.DLL" adapterTypeName="Microsoft.VisualStudio.TestTools.TestTypes.Unit.UnitTestAdapter, Microsoft.VisualStudio.QualityTools.Tips.UnitTest.Adapter, Version=10.0.0.0, Culture=neutral, PublicKeyToken=b03f5f7f11d50a3a" className="TestProject1.ConversionsTest, TestProject1, Version=1.0.0.0, Culture=neutral, PublicKeyToken=null" name="ConvertSecondsToHoursTest" />
    </UnitTest>
  </TestDefinitions>
  <TestLists>
    <TestList name="Results Not in a List" id="8c84fa94-04c1-424b-9868-57a2d4851a1d" />
    <TestList name="All Loaded Results" id="19431567-8539-422a-85d7-44ee4e166bda" />
  </TestLists>
  <TestEntries>
    <TestEntry testId="09277a0e-8813-a0dc-87e3-f8b39af59d95" executionId="b0996eb5-dfb2-4b67-a39b-1f71b6a11376" testListId="8c84fa94-04c1-424b-9868-57a2d4851a1d" />
    <TestEntry testId="249bd0f5-28f7-8fdd-b183-4daadf719678" executionId="0190a60c-4c4a-445a-951f-8d794668c3a0" testListId="8c84fa94-04c1-424b-9868-57a2d4851a1d" />
    <TestEntry testId="290985ae-7290-ffa5-ddf3-dc1ad7073d30" executionId="9acca2b6-f93f-4ae3-9a13-064e6802f315" testListId="8c84fa94-04c1-424b-9868-57a2d4851a1d" />
    <TestEntry testId="2f37fc18-21b3-d1f0-4925-6942082d2bd1" executionId="d426af02-e5ef-49ea-8e1a-6088868504a9" testListId="8c84fa94-04c1-424b-9868-57a2d4851a1d" />
    <TestEntry testId="3c7e691a-d362-ee99-61a4-6a800be63181" executionId="4eab6bcd-ee90-4fd4-8131-0347cdb12557" testListId="8c84fa94-04c1-424b-9868-57a2d4851a1d" />
    <TestEntry testId="42896bde-65ce-41ec-f595-fe8fc0dfa1cc" executionId="73f53574-6b07-4244-9231-d4d7a872c8a9" testListId="8c84fa94-04c1-424b-9868-57a2d4851a1d" />
    <TestEntry testId="430f73b7-e7f8-467a-7ebe-d31af806a242" executionId="d1ecf180-7d55-4445-835b-2c57f739190c" testListId="8c84fa94-04c1-424b-9868-57a2d4851a1d" />
    <TestEntry testId="5675f85b-0061-ff5b-47b5-0e0ff0baf33a" executionId="6f0c13fb-caa7-4062-976c-5aaf3533fdff" testListId="8c84fa94-04c1-424b-9868-57a2d4851a1d" />
    <TestEntry testId="5ee9d7b1-ec25-7322-61a2-90a0f78c097d" executionId="e675c375-f901-466e-a537-729469e01627" testListId="8c84fa94-04c1-424b-9868-57a2d4851a1d" />
    <TestEntry testId="7be700b9-d314-da17-fd2a-788053f6a1ad" executionId="c67b5734-772f-45a1-abb6-bcd3b9dab780" testListId="8c84fa94-04c1-424b-9868-57a2d4851a1d" />
    <TestEntry testId="7ecba722-39b2-0c77-caeb-80d5158acb13" executionId="ed94ec41-f937-42a8-b1be-5b13be61a356" testListId="8c84fa94-04c1-424b-9868-57a2d4851a1d" />
    <TestEntry testId="811d5f4a-7ec9-8777-9423-ab65d6cc47b8" executionId="79ea41e7-7f10-45a1-a82e-27f9802f330b" testListId="8c84fa94-04c1-424b-9868-57a2d4851a1d" />
    <TestEntry testId="817bc3d3-de9f-2eb0-74c0-fdf6f97a120b" executionId="734886c5-3d4a-42dc-84df-da685c8f52c5" testListId="8c84fa94-04c1-424b-9868-57a2d4851a1d" />
    <TestEntry testId="9164ae3e-5109-fabb-4d9d-d3f2554d728d" executionId="e091fbba-47bc-4957-bd3c-7f1bc719db11" testListId="8c84fa94-04c1-424b-9868-57a2d4851a1d" />
    <TestEntry testId="a24feab6-c418-b744-08a0-4d987df3755e" executionId="def93382-302e-43b3-b783-f025bdb02a11" testListId="8c84fa94-04c1-424b-9868-57a2d4851a1d" />
    <TestEntry testId="a3deb1a3-2ddb-ef40-25c9-0384b9a77a99" executionId="8890381a-c128-4ed0-8757-c39bd3970805" testListId="8c84fa94-04c1-424b-9868-57a2d4851a1d" />
    <TestEntry testId="b2b3dc86-0c03-574e-f4bf-d904f295279c" executionId="4608c418-e808-46d3-94ec-0a8e2078b6f9" testListId="8c84fa94-04c1-424b-9868-57a2d4851a1d" />
    <TestEntry testId="b9f0d8f2-3773-3983-9410-797e7d452424" executionId="24907d05-e49f-4e32-89a1-bdc1903100dd" testListId="8c84fa94-04c1-424b-9868-57a2d4851a1d" />
    <TestEntry testId="bc3953ec-d998-e41b-f6fc-055a5f8e631e" executionId="55a1026a-6709-42bc-bb6d-337bbbba56f9" testListId="8c84fa94-04c1-424b-9868-57a2d4851a1d" />
    <TestEntry testId="be2fd57d-61da-8654-9530-0824be4b4617" executionId="2fae22f3-98c5-4cba-b0a8-c6c999f172e2" testListId="8c84fa94-04c1-424b-9868-57a2d4851a1d" />
    <TestEntry testId="f33f9546-63a0-b1f3-2ab6-cbded7caec2c" executionId="24f9ac85-7252-492a-956b-a5c587c9f50e" testListId="8c84fa94-04c1-424b-9868-57a2d4851a1d" />
  </TestEntries>
  <Results>
    <UnitTestResult executionId="b0996eb5-dfb2-4b67-a39b-1f71b6a11376" testId="09277a0e-8813-a0dc-87e3-f8b39af59d95" testName="convertEventsIntoTaskdetailsTest" computerName="SWETHA-PC" duration="00:00:00.0367111" startTime="2011-10-31T03:00:52.9241326+08:00" endTime="2011-10-31T03:00:53.1241440+08:00" testType="13cdc9d9-ddb5-4fa4-a97d-d965ccfc6d4b" outcome="Failed" testListId="8c84fa94-04c1-424b-9868-57a2d4851a1d" relativeResultsDirectory="b0996eb5-dfb2-4b67-a39b-1f71b6a11376">
      <Output>
        <ErrorInfo>
          <Message>Test method TestProject1.ConversionsTest.convertEventsIntoTaskdetailsTest threw exception: 
System.NullReferenceException: Object reference not set to an instance of an object.</Message>
          <StackTrace>    at ToDoList.TaskDetails.setEndRepeat(String s) in C:\Users\swetha\Desktop\Drop\[F9S2][V0.2]\Logic\TaskDetails.cs:line 269
   at TestProject1.ConversionsTest.convertEventsIntoTaskdetailsTest() in C:\Users\swetha\Desktop\Drop\[F9S2][V0.2]\TestProject1\ConversionsTest.cs:line 205
</StackTrace>
        </ErrorInfo>
      </Output>
    </UnitTestResult>
    <UnitTestResult executionId="0190a60c-4c4a-445a-951f-8d794668c3a0" testId="249bd0f5-28f7-8fdd-b183-4daadf719678" testName="convertTaskdetailsIntoEventTest" computerName="SWETHA-PC" duration="00:00:00.0015563" startTime="2011-10-31T03:00:53.1281442+08:00" endTime="2011-10-31T03:00:53.1341446+08:00" testType="13cdc9d9-ddb5-4fa4-a97d-d965ccfc6d4b" outcome="Passed" testListId="8c84fa94-04c1-424b-9868-57a2d4851a1d" relativeResultsDirectory="0190a60c-4c4a-445a-951f-8d794668c3a0">
    </UnitTestResult>
    <UnitTestResult executionId="9acca2b6-f93f-4ae3-9a13-064e6802f315" testId="290985ae-7290-ffa5-ddf3-dc1ad7073d30" testName="checkForWhatCommandTest" computerName="SWETHA-PC" duration="00:00:00.0025730" startTime="2011-10-31T03:00:53.1381448+08:00" endTime="2011-10-31T03:00:53.1471453+08:00" testType="13cdc9d9-ddb5-4fa4-a97d-d965ccfc6d4b" outcome="Passed" testListId="8c84fa94-04c1-424b-9868-57a2d4851a1d" relativeResultsDirectory="9acca2b6-f93f-4ae3-9a13-064e6802f315">
    </UnitTestResult>
    <UnitTestResult executionId="d426af02-e5ef-49ea-8e1a-6088868504a9" testId="2f37fc18-21b3-d1f0-4925-6942082d2bd1" testName="replaceWithAppropriateShortFormsTest" computerName="SWETHA-PC" duration="00:00:00.0003368" startTime="2011-10-31T03:00:53.1491454+08:00" endTime="2011-10-31T03:00:53.1551458+08:00" testType="13cdc9d9-ddb5-4fa4-a97d-d965ccfc6d4b" outcome="Passed" testListId="8c84fa94-04c1-424b-9868-57a2d4851a1d" relativeResultsDirectory="d426af02-e5ef-49ea-8e1a-6088868504a9">
    </UnitTestResult>
    <UnitTestResult executionId="4eab6bcd-ee90-4fd4-8131-0347cdb12557" testId="3c7e691a-d362-ee99-61a4-6a800be63181" testName="convertStringIntoTaskDetailsTest" computerName="SWETHA-PC" duration="00:00:00.0021692" startTime="2011-10-31T03:00:53.1591460+08:00" endTime="2011-10-31T03:00:53.1661464+08:00" testType="13cdc9d9-ddb5-4fa4-a97d-d965ccfc6d4b" outcome="Failed" testListId="8c84fa94-04c1-424b-9868-57a2d4851a1d" relativeResultsDirectory="4eab6bcd-ee90-4fd4-8131-0347cdb12557">
      <Output>
        <ErrorInfo>
          <Message>Test method TestProject1.ConversionsTest.convertStringIntoTaskDetailsTest threw exception: 
System.ArgumentNullException: Value cannot be null.
Parameter name: source</Message>
          <StackTrace>    at System.Linq.Enumerable.Count[TSource](IEnumerable`1 source)
   at ToDoList.Conversions.convertStringIntoTaskDetails(List`1 ListOfCompletedEvents) in C:\Users\swetha\Desktop\Drop\[F9S2][V0.2]\Logic\Conversions.cs:line 362
   at TestProject1.ConversionsTest.convertStringIntoTaskDetailsTest() in C:\Users\swetha\Desktop\Drop\[F9S2][V0.2]\TestProject1\ConversionsTest.cs:line 224
</StackTrace>
        </ErrorInfo>
      </Output>
    </UnitTestResult>
    <UnitTestResult executionId="73f53574-6b07-4244-9231-d4d7a872c8a9" testId="42896bde-65ce-41ec-f595-fe8fc0dfa1cc" testName="ConvertStringToDateTest" computerName="SWETHA-PC" duration="00:00:00.0076129" startTime="2011-10-31T03:00:53.1701466+08:00" endTime="2011-10-31T03:00:53.1821473+08:00" testType="13cdc9d9-ddb5-4fa4-a97d-d965ccfc6d4b" outcome="Passed" testListId="8c84fa94-04c1-424b-9868-57a2d4851a1d" relativeResultsDirectory="73f53574-6b07-4244-9231-d4d7a872c8a9">
    </UnitTestResult>
    <UnitTestResult executionId="d1ecf180-7d55-4445-835b-2c57f739190c" testId="430f73b7-e7f8-467a-7ebe-d31af806a242" testName="ConvertMinutesToHoursTest" computerName="SWETHA-PC" duration="00:00:00.0003853" startTime="2011-10-31T03:00:53.1831474+08:00" endTime="2011-10-31T03:00:53.1881477+08:00" testType="13cdc9d9-ddb5-4fa4-a97d-d965ccfc6d4b" outcome="Passed" testListId="8c84fa94-04c1-424b-9868-57a2d4851a1d" relativeResultsDirectory="d1ecf180-7d55-4445-835b-2c57f739190c">
    </UnitTestResult>
    <UnitTestResult executionId="6f0c13fb-caa7-4062-976c-5aaf3533fdff" testId="5675f85b-0061-ff5b-47b5-0e0ff0baf33a" testName="ConvertArrayOfStringIntoListOfIntTest" computerName="SWETHA-PC" duration="00:00:00.0007383" startTime="2011-10-31T03:00:53.1901478+08:00" endTime="2011-10-31T03:00:53.1961481+08:00" testType="13cdc9d9-ddb5-4fa4-a97d-d965ccfc6d4b" outcome="Passed" testListId="8c84fa94-04c1-424b-9868-57a2d4851a1d" relativeResultsDirectory="6f0c13fb-caa7-4062-976c-5aaf3533fdff">
    </UnitTestResult>
    <UnitTestResult executionId="e675c375-f901-466e-a537-729469e01627" testId="5ee9d7b1-ec25-7322-61a2-90a0f78c097d" testName="convertTaskDetailToWriteIntoFileTest" computerName="SWETHA-PC" duration="00:00:00.0018989" startTime="2011-10-31T03:00:53.1981482+08:00" endTime="2011-10-31T03:00:53.2061487+08:00" testType="13cdc9d9-ddb5-4fa4-a97d-d965ccfc6d4b" outcome="Failed" testListId="8c84fa94-04c1-424b-9868-57a2d4851a1d" relativeResultsDirectory="e675c375-f901-466e-a537-729469e01627">
      <Output>
        <ErrorInfo>
          <Message>Test method TestProject1.ConversionsTest.convertTaskDetailToWriteIntoFileTest threw exception: 
System.NullReferenceException: Object reference not set to an instance of an object.</Message>
          <StackTrace>    at ToDoList.Conversions.convertTaskDetailToWriteIntoFile(TaskDetails objectDetailsOfTask) in C:\Users\swetha\Desktop\Drop\[F9S2][V0.2]\Logic\Conversions.cs:line 281
   at TestProject1.ConversionsTest.convertTaskDetailToWriteIntoFileTest() in C:\Users\swetha\Desktop\Drop\[F9S2][V0.2]\TestProject1\ConversionsTest.cs:line 239
</StackTrace>
        </ErrorInfo>
      </Output>
    </UnitTestResult>
    <UnitTestResult executionId="c67b5734-772f-45a1-abb6-bcd3b9dab780" testId="7be700b9-d314-da17-fd2a-788053f6a1ad" testName="HelpUserWriteCommandTest1" computerName="SWETHA-PC" duration="00:00:00.0007194" startTime="2011-10-31T03:00:53.2081488+08:00" endTime="2011-10-31T03:00:53.2131491+08:00" testType="13cdc9d9-ddb5-4fa4-a97d-d965ccfc6d4b" outcome="Passed" testListId="8c84fa94-04c1-424b-9868-57a2d4851a1d" relativeResultsDirectory="c67b5734-772f-45a1-abb6-bcd3b9dab780">
    </UnitTestResult>
    <UnitTestResult executionId="ed94ec41-f937-42a8-b1be-5b13be61a356" testId="7ecba722-39b2-0c77-caeb-80d5158acb13" testName="Convert12HourFormatTo24HourFormatTest" computerName="SWETHA-PC" duration="00:00:00.0003102" startTime="2011-10-31T03:00:53.2151492+08:00" endTime="2011-10-31T03:00:53.2211496+08:00" testType="13cdc9d9-ddb5-4fa4-a97d-d965ccfc6d4b" outcome="Passed" testListId="8c84fa94-04c1-424b-9868-57a2d4851a1d" relativeResultsDirectory="ed94ec41-f937-42a8-b1be-5b13be61a356">
    </UnitTestResult>
    <UnitTestResult executionId="79ea41e7-7f10-45a1-a82e-27f9802f330b" testId="811d5f4a-7ec9-8777-9423-ab65d6cc47b8" testName="SyntaxOfTextboxTextTest" computerName="SWETHA-PC" duration="00:00:00.0012561" startTime="2011-10-31T03:00:53.2231497+08:00" endTime="2011-10-31T03:00:53.2301501+08:00" testType="13cdc9d9-ddb5-4fa4-a97d-d965ccfc6d4b" outcome="Passed" testListId="8c84fa94-04c1-424b-9868-57a2d4851a1d" relativeResultsDirectory="79ea41e7-7f10-45a1-a82e-27f9802f330b">
    </UnitTestResult>
    <UnitTestResult executionId="734886c5-3d4a-42dc-84df-da685c8f52c5" testId="817bc3d3-de9f-2eb0-74c0-fdf6f97a120b" testName="Convert24HourFormatTo12HourFormatTest" computerName="SWETHA-PC" duration="00:00:00.0008368" startTime="2011-10-31T03:00:53.2321502+08:00" endTime="2011-10-31T03:00:53.2381505+08:00" testType="13cdc9d9-ddb5-4fa4-a97d-d965ccfc6d4b" outcome="Passed" testListId="8c84fa94-04c1-424b-9868-57a2d4851a1d" relativeResultsDirectory="734886c5-3d4a-42dc-84df-da685c8f52c5">
    </UnitTestResult>
    <UnitTestResult executionId="e091fbba-47bc-4957-bd3c-7f1bc719db11" testId="9164ae3e-5109-fabb-4d9d-d3f2554d728d" testName="ConvertSecondsToHoursTest" computerName="SWETHA-PC" duration="00:00:00.0003888" startTime="2011-10-31T03:00:53.2391506+08:00" endTime="2011-10-31T03:00:53.2441509+08:00" testType="13cdc9d9-ddb5-4fa4-a97d-d965ccfc6d4b" outcome="Passed" testListId="8c84fa94-04c1-424b-9868-57a2d4851a1d" relativeResultsDirectory="e091fbba-47bc-4957-bd3c-7f1bc719db11">
    </UnitTestResult>
    <UnitTestResult executionId="def93382-302e-43b3-b783-f025bdb02a11" testId="a24feab6-c418-b744-08a0-4d987df3755e" testName="ConvertDateTo_ddmmyyFormatTest" computerName="SWETHA-PC" duration="00:00:00.0004427" startTime="2011-10-31T03:00:53.2471510+08:00" endTime="2011-10-31T03:00:53.2521513+08:00" testType="13cdc9d9-ddb5-4fa4-a97d-d965ccfc6d4b" outcome="Passed" testListId="8c84fa94-04c1-424b-9868-57a2d4851a1d" relativeResultsDirectory="def93382-302e-43b3-b783-f025bdb02a11">
    </UnitTestResult>
    <UnitTestResult executionId="8890381a-c128-4ed0-8757-c39bd3970805" testId="a3deb1a3-2ddb-ef40-25c9-0384b9a77a99" testName="CheckIfCommandAndContentValidTest" computerName="SWETHA-PC" duration="00:00:00.0009065" startTime="2011-10-31T03:00:53.2551515+08:00" endTime="2011-10-31T03:00:53.2591517+08:00" testType="13cdc9d9-ddb5-4fa4-a97d-d965ccfc6d4b" outcome="Passed" testListId="8c84fa94-04c1-424b-9868-57a2d4851a1d" relativeResultsDirectory="8890381a-c128-4ed0-8757-c39bd3970805">
    </UnitTestResult>
    <UnitTestResult executionId="4608c418-e808-46d3-94ec-0a8e2078b6f9" testId="b2b3dc86-0c03-574e-f4bf-d904f295279c" testName="durationOrRemainderToTotalHoursTest" computerName="SWETHA-PC" duration="00:00:00.0002448" startTime="2011-10-31T03:00:53.2611518+08:00" endTime="2011-10-31T03:00:53.2671522+08:00" testType="13cdc9d9-ddb5-4fa4-a97d-d965ccfc6d4b" outcome="Passed" testListId="8c84fa94-04c1-424b-9868-57a2d4851a1d" relativeResultsDirectory="4608c418-e808-46d3-94ec-0a8e2078b6f9">
    </UnitTestResult>
    <UnitTestResult executionId="24907d05-e49f-4e32-89a1-bdc1903100dd" testId="b9f0d8f2-3773-3983-9410-797e7d452424" testName="interpretRepeatAsNumberOfDaysTest" computerName="SWETHA-PC" duration="00:00:00.0007626" startTime="2011-10-31T03:00:53.2691523+08:00" endTime="2011-10-31T03:00:53.2751526+08:00" testType="13cdc9d9-ddb5-4fa4-a97d-d965ccfc6d4b" outcome="Passed" testListId="8c84fa94-04c1-424b-9868-57a2d4851a1d" relativeResultsDirectory="24907d05-e49f-4e32-89a1-bdc1903100dd">
    </UnitTestResult>
    <UnitTestResult executionId="55a1026a-6709-42bc-bb6d-337bbbba56f9" testId="bc3953ec-d998-e41b-f6fc-055a5f8e631e" testName="taskToBePerformedTest1" computerName="SWETHA-PC" duration="00:00:00.0048804" startTime="2011-10-31T03:00:53.2771528+08:00" endTime="2011-10-31T03:00:53.2871533+08:00" testType="13cdc9d9-ddb5-4fa4-a97d-d965ccfc6d4b" outcome="Failed" testListId="8c84fa94-04c1-424b-9868-57a2d4851a1d" relativeResultsDirectory="55a1026a-6709-42bc-bb6d-337bbbba56f9">
      <Output>
        <ErrorInfo>
          <Message>Test method TestProject1.ParserTest.taskToBePerformedTest1 threw exception: 
System.IO.FileNotFoundException: Could not find file 'C:\Users\swetha\Desktop\Drop\[F9S2][V0.2]\TestResults\swetha_SWETHA-PC 2011-10-31 03_00_51\Out\ListOfTasksToDoFile.txt'.</Message>
          <StackTrace>    at System.IO.__Error.WinIOError(Int32 errorCode, String maybeFullPath)
   at System.IO.FileStream.Init(String path, FileMode mode, FileAccess access, Int32 rights, Boolean useRights, FileShare share, Int32 bufferSize, FileOptions options, SECURITY_ATTRIBUTES secAttrs, String msgPath, Boolean bFromProxy, Boolean useLongPath)
   at System.IO.FileStream..ctor(String path, FileMode mode, FileAccess access, FileShare share, Int32 bufferSize, FileOptions options)
   at System.IO.StreamReader..ctor(String path, Encoding encoding, Boolean detectEncodingFromByteOrderMarks, Int32 bufferSize)
   at System.IO.StreamReader..ctor(String path)
   at ToDoList.Database.readFromFile() in C:\Users\swetha\Desktop\Drop\[F9S2][V0.2]\Storage\Database.cs:line 53
   at ToDoList.Operation.DisplayContentofFileThatIsOpened() in C:\Users\swetha\Desktop\Drop\[F9S2][V0.2]\Logic\Operation.cs:line 895
   at ToDoList.Operation.decideOntask() in C:\Users\swetha\Desktop\Drop\[F9S2][V0.2]\Logic\Operation.cs:line 1521
   at ToDoList.Parser.taskToBePerformed() in C:\Users\swetha\Desktop\Drop\[F9S2][V0.2]\Logic\Parser.cs:line 159
   at TestProject1.ParserTest.taskToBePerformedTest1() in C:\Users\swetha\Desktop\Drop\[F9S2][V0.2]\TestProject1\ParserTest.cs:line 151
</StackTrace>
        </ErrorInfo>
      </Output>
    </UnitTestResult>
    <UnitTestResult executionId="2fae22f3-98c5-4cba-b0a8-c6c999f172e2" testId="be2fd57d-61da-8654-9530-0824be4b4617" testName="ConvertDaysToHoursTest" computerName="SWETHA-PC" duration="00:00:00.0006740" startTime="2011-10-31T03:00:53.2891534+08:00" endTime="2011-10-31T03:00:53.2961538+08:00" testType="13cdc9d9-ddb5-4fa4-a97d-d965ccfc6d4b" outcome="Passed" testListId="8c84fa94-04c1-424b-9868-57a2d4851a1d" relativeResultsDirectory="2fae22f3-98c5-4cba-b0a8-c6c999f172e2">
    </UnitTestResult>
    <UnitTestResult executionId="24f9ac85-7252-492a-956b-a5c587c9f50e" testId="f33f9546-63a0-b1f3-2ab6-cbded7caec2c" testName="ParserConstructorTest" computerName="SWETHA-PC" duration="00:00:00.0008904" startTime="2011-10-31T03:00:53.2981540+08:00" endTime="2011-10-31T03:00:53.3071545+08:00" testType="13cdc9d9-ddb5-4fa4-a97d-d965ccfc6d4b" outcome="Passed" testListId="8c84fa94-04c1-424b-9868-57a2d4851a1d" relativeResultsDirectory="24f9ac85-7252-492a-956b-a5c587c9f50e">
    </UnitTestResult>
  </Results>
</TestRun>