<?xml version="1.0" encoding="UTF-8"?>
<TestRun id="39a9ec81-d8e2-483e-8d26-eab3fdf1618d" name="swetha@SWETHA-PC 2011-10-31 03:03:25" runUser="swetha-PC\swetha" xmlns="http://microsoft.com/schemas/VisualStudio/TeamTest/2010">
  <TestSettings name="Local" id="6162c3b6-876d-4b34-81c6-d6c2edded6c6">
    <Description>These are default test settings for a local test run.</Description>
    <Deployment enabled="false" runDeploymentRoot="swetha_SWETHA-PC 2011-10-31 03_03_25">
      <DeploymentItem filename="C:\Users\swetha\Desktop\Drop\[F9S2][V0.2]\bin\Debug\ToDoList.exe" />
      <DeploymentItem filename="c:\Program Files (x86)\WPF Toolkit\v3.5.50211.1\System.Windows.Controls.DataVisualization.Toolkit.dll" />
      <DeploymentItem filename="c:\Program Files (x86)\WPF Toolkit\v3.5.50211.1\System.Windows.Controls.DataVisualization.Toolkit.Design.4.0.dll" />
    </Deployment>
    <Execution>
      <TestTypeSpecific />
      <AgentRule name="Execution Agents">
      </AgentRule>
    </Execution>
  </TestSettings>
  <Times creation="2011-10-31T03:03:25.4338556+08:00" queuing="2011-10-31T03:03:26.8469364+08:00" start="2011-10-31T03:03:26.8719379+08:00" finish="2011-10-31T03:03:27.5749781+08:00" />
  <ResultSummary outcome="Failed">
    <Counters total="1" executed="1" error="0" failed="1" timeout="0" aborted="0" inconclusive="0" passedButRunAborted="0" notRunnable="0" notExecuted="0" disconnected="0" warning="0" passed="0" completed="0" inProgress="0" pending="0" />
    <RunInfos>
      <RunInfo computerName="SWETHA-PC" outcome="Warning" timestamp="2011-10-31T03:03:26.8459364+08:00">
        <Text>Deployment is currently disabled. The deployment item 'ToDoList.exe' on test 'TestProject1.ListBoxContentTest.searchForsubStringTest' was not deployed.</Text>
      </RunInfo>
    </RunInfos>
  </ResultSummary>
  <TestDefinitions>
    <UnitTest name="searchForsubStringTest" storage="c:\users\swetha\desktop\drop\[f9s2][v0.2]\testproject1\bin\debug\testproject1.dll" id="fe1c68dc-670d-1a73-1157-4e835ccb35d3">
      <DeploymentItems>
        <DeploymentItem filename="ToDoList.exe" />
      </DeploymentItems>
      <Execution id="57fee463-1733-46d3-8875-8e6be0d599b9" />
      <TestMethod codeBase="C:/Users/swetha/Desktop/Drop/[F9S2][V0.2]/TestProject1/bin/Debug/TestProject1.DLL" adapterTypeName="Microsoft.VisualStudio.TestTools.TestTypes.Unit.UnitTestAdapter, Microsoft.VisualStudio.QualityTools.Tips.UnitTest.Adapter, Version=10.0.0.0, Culture=neutral, PublicKeyToken=b03f5f7f11d50a3a" className="TestProject1.ListBoxContentTest, TestProject1, Version=1.0.0.0, Culture=neutral, PublicKeyToken=null" name="searchForsubStringTest" />
    </UnitTest>
  </TestDefinitions>
  <TestLists>
    <TestList name="Results Not in a List" id="8c84fa94-04c1-424b-9868-57a2d4851a1d" />
    <TestList name="All Loaded Results" id="19431567-8539-422a-85d7-44ee4e166bda" />
  </TestLists>
  <TestEntries>
    <TestEntry testId="fe1c68dc-670d-1a73-1157-4e835ccb35d3" executionId="57fee463-1733-46d3-8875-8e6be0d599b9" testListId="8c84fa94-04c1-424b-9868-57a2d4851a1d" />
  </TestEntries>
  <Results>
    <UnitTestResult executionId="57fee463-1733-46d3-8875-8e6be0d599b9" testId="fe1c68dc-670d-1a73-1157-4e835ccb35d3" testName="searchForsubStringTest" computerName="SWETHA-PC" duration="00:00:00.0430275" startTime="2011-10-31T03:03:26.8779382+08:00" endTime="2011-10-31T03:03:27.1219522+08:00" testType="13cdc9d9-ddb5-4fa4-a97d-d965ccfc6d4b" outcome="Failed" testListId="8c84fa94-04c1-424b-9868-57a2d4851a1d" relativeResultsDirectory="57fee463-1733-46d3-8875-8e6be0d599b9">
      <Output>
        <ErrorInfo>
          <Message>Test method TestProject1.ListBoxContentTest.searchForsubStringTest threw exception: 
System.IO.FileNotFoundException: Could not find file 'C:\Users\swetha\Desktop\Drop\[F9S2][V0.2]\TestResults\swetha_SWETHA-PC 2011-10-31 03_03_25\Out\intellisense.txt'.</Message>
          <StackTrace>   at ToDoList.ListBoxContent_Accessor.searchForsubString(String subString)
   at TestProject1.ListBoxContentTest.searchForsubStringTest() in C:\Users\swetha\Desktop\Drop\[F9S2][V0.2]\TestProject1\ListBoxContentTest.cs:line 80
</StackTrace>
        </ErrorInfo>
      </Output>
    </UnitTestResult>
  </Results>
</TestRun>