<?xml version="1.0" encoding="UTF-8"?>
<TestRun id="46bf3938-15f5-4db8-8a9f-7d2602c4ca84" name="swetha@SWETHA-PC 2011-10-31 20:36:44" runUser="swetha-PC\swetha" xmlns="http://microsoft.com/schemas/VisualStudio/TeamTest/2010">
  <TestSettings name="Local" id="6162c3b6-876d-4b34-81c6-d6c2edded6c6">
    <Description>These are default test settings for a local test run.</Description>
    <Deployment enabled="false" runDeploymentRoot="swetha_SWETHA-PC 2011-10-31 20_36_44">
      <DeploymentItem filename="c:\Program Files (x86)\WPF Toolkit\v3.5.50211.1\System.Windows.Controls.DataVisualization.Toolkit.dll" />
      <DeploymentItem filename="c:\Program Files (x86)\WPF Toolkit\v3.5.50211.1\System.Windows.Controls.DataVisualization.Toolkit.Design.4.0.dll" />
      <DeploymentItem filename="C:\Users\swetha\Dropbox\CS2103\[F9S2][V0.2]-Swetha\[F9S2][V0.2]\bin\Debug\ToDoList.exe" />
    </Deployment>
    <Execution>
      <TestTypeSpecific />
      <AgentRule name="Execution Agents">
      </AgentRule>
    </Execution>
  </TestSettings>
  <Times creation="2011-10-31T20:36:44.2901991+08:00" queuing="2011-10-31T20:36:44.3122004+08:00" start="2011-10-31T20:36:44.3192008+08:00" finish="2011-10-31T20:36:44.5832159+08:00" />
  <ResultSummary outcome="Failed">
    <Counters total="1" executed="1" error="0" failed="1" timeout="0" aborted="0" inconclusive="0" passedButRunAborted="0" notRunnable="0" notExecuted="0" disconnected="0" warning="0" passed="0" completed="0" inProgress="0" pending="0" />
    <RunInfos>
      <RunInfo computerName="SWETHA-PC" outcome="Warning" timestamp="2011-10-31T20:36:44.3112003+08:00">
        <Text>Deployment is currently disabled. The deployment item 'ToDoList.exe' on test 'TestProject1.OperationTest.CheckIfRepeatIsSetTest' was not deployed.</Text>
      </RunInfo>
    </RunInfos>
  </ResultSummary>
  <TestDefinitions>
    <UnitTest name="CheckIfRepeatIsSetTest" storage="c:\users\swetha\dropbox\cs2103\[f9s2][v0.2]-swetha\[f9s2][v0.2]\testproject1\bin\debug\testproject1.dll" id="db0fd72f-fa21-7d08-1b8a-b0a616bd417d">
      <DeploymentItems>
        <DeploymentItem filename="ToDoList.exe" />
      </DeploymentItems>
      <Execution id="45cf60e3-17e8-4e99-9b09-06df84a7c51b" />
      <TestMethod codeBase="C:/Users/swetha/Dropbox/CS2103/[F9S2][V0.2]-Swetha/[F9S2][V0.2]/TestProject1/bin/Debug/TestProject1.DLL" adapterTypeName="Microsoft.VisualStudio.TestTools.TestTypes.Unit.UnitTestAdapter, Microsoft.VisualStudio.QualityTools.Tips.UnitTest.Adapter, Version=10.0.0.0, Culture=neutral, PublicKeyToken=b03f5f7f11d50a3a" className="TestProject1.OperationTest, TestProject1, Version=1.0.0.0, Culture=neutral, PublicKeyToken=null" name="CheckIfRepeatIsSetTest" />
    </UnitTest>
  </TestDefinitions>
  <TestLists>
    <TestList name="Results Not in a List" id="8c84fa94-04c1-424b-9868-57a2d4851a1d" />
    <TestList name="All Loaded Results" id="19431567-8539-422a-85d7-44ee4e166bda" />
  </TestLists>
  <TestEntries>
    <TestEntry testId="db0fd72f-fa21-7d08-1b8a-b0a616bd417d" executionId="45cf60e3-17e8-4e99-9b09-06df84a7c51b" testListId="8c84fa94-04c1-424b-9868-57a2d4851a1d" />
  </TestEntries>
  <Results>
    <UnitTestResult executionId="45cf60e3-17e8-4e99-9b09-06df84a7c51b" testId="db0fd72f-fa21-7d08-1b8a-b0a616bd417d" testName="CheckIfRepeatIsSetTest" computerName="SWETHA-PC" duration="00:00:00.0316304" startTime="2011-10-31T20:36:44.3272012+08:00" endTime="2011-10-31T20:36:44.5672150+08:00" testType="13cdc9d9-ddb5-4fa4-a97d-d965ccfc6d4b" outcome="Failed" testListId="8c84fa94-04c1-424b-9868-57a2d4851a1d" relativeResultsDirectory="45cf60e3-17e8-4e99-9b09-06df84a7c51b">
      <Output>
        <ErrorInfo>
          <Message>Test method TestProject1.OperationTest.CheckIfRepeatIsSetTest threw exception: 
System.NullReferenceException: Object reference not set to an instance of an object.</Message>
          <StackTrace>   at ToDoList.Operation_Accessor.CheckIfRepeatIsSet(TaskDetails_Accessor t)
   at TestProject1.OperationTest.CheckIfRepeatIsSetTest() in C:\Users\swetha\Dropbox\CS2103\[F9S2][V0.2]-Swetha\[F9S2][V0.2]\TestProject1\OperationTest.cs:line 94
</StackTrace>
        </ErrorInfo>
      </Output>
    </UnitTestResult>
  </Results>
</TestRun>