<?xml version="1.0" encoding="UTF-8"?>
<TestRun id="9dbb6539-fd94-4e20-a2ad-17e4f2c03843" name="swetha@SWETHA-PC 2011-11-03 20:24:00" runUser="swetha-PC\swetha" xmlns="http://microsoft.com/schemas/VisualStudio/TeamTest/2010">
  <TestSettings name="Default Test Settings" id="1f3362cf-af8e-4e69-bcd5-d8f9d12e907b">
    <Deployment runDeploymentRoot="swetha_SWETHA-PC 2011-11-03 20_24_00">
      <DeploymentItem filename="C:\Program Files (x86)\WPF Toolkit\v3.5.50211.1\System.Windows.Controls.DataVisualization.Toolkit.Design.4.0.dll" />
      <DeploymentItem filename="C:\Users\swetha\Desktop\[F9S2][V0.2]\bin\Debug\ToDoList.exe" />
      <DeploymentItem filename="C:\Program Files (x86)\WPF Toolkit\v3.5.50211.1\System.Windows.Controls.DataVisualization.Toolkit.dll" />
    </Deployment>
    <Execution>
      <TestTypeSpecific />
      <AgentRule name="Execution Agents">
      </AgentRule>
    </Execution>
  </TestSettings>
  <Times creation="2011-11-03T20:24:00.0697598+08:00" queuing="2011-11-03T20:24:00.1857664+08:00" start="2011-11-03T20:24:00.1937669+08:00" finish="2011-11-03T20:24:09.2542851+08:00" />
  <ResultSummary outcome="Failed">
    <Counters total="25" executed="25" passed="24" error="0" failed="1" timeout="0" aborted="0" inconclusive="0" passedButRunAborted="0" notRunnable="0" notExecuted="0" disconnected="0" warning="0" completed="0" inProgress="0" pending="0" />
  </ResultSummary>
  <TestDefinitions>
    <UnitTest name="TaskDetailsConstructorTest" storage="c:\users\swetha\desktop\[f9s2][v0.2]\testproject1\bin\debug\testproject1.dll" id="01862544-0151-bc4b-eef2-c78231c46765">
      <Execution id="0508f8f1-eaa1-48cf-bcc4-b99e119269cb" />
      <TestMethod codeBase="C:/Users/swetha/Desktop/[F9S2][V0.2]/TestProject1/bin/Debug/TestProject1.DLL" adapterTypeName="Microsoft.VisualStudio.TestTools.TestTypes.Unit.UnitTestAdapter, Microsoft.VisualStudio.QualityTools.Tips.UnitTest.Adapter, Version=10.0.0.0, Culture=neutral, PublicKeyToken=b03f5f7f11d50a3a" className="TestProject1.TaskDetailsTest, TestProject1, Version=1.0.0.0, Culture=neutral, PublicKeyToken=null" name="TaskDetailsConstructorTest" />
    </UnitTest>
    <UnitTest name="CheckIfEventNameIsCorrectTest" storage="c:\users\swetha\desktop\[f9s2][v0.2]\testproject1\bin\debug\testproject1.dll" id="9437120d-b9e5-307f-cb85-e0d001e1e0c3">
      <Execution id="eddfd29b-a683-4c4e-b4e5-367c2fbc874b" />
      <TestMethod codeBase="C:/Users/swetha/Desktop/[F9S2][V0.2]/TestProject1/bin/Debug/TestProject1.DLL" adapterTypeName="Microsoft.VisualStudio.TestTools.TestTypes.Unit.UnitTestAdapter, Microsoft.VisualStudio.QualityTools.Tips.UnitTest.Adapter, Version=10.0.0.0, Culture=neutral, PublicKeyToken=b03f5f7f11d50a3a" className="TestProject1.ErrorHandlingTest, TestProject1, Version=1.0.0.0, Culture=neutral, PublicKeyToken=null" name="CheckIfEventNameIsCorrectTest" />
    </UnitTest>
    <UnitTest name="ConvertDateTo_ddmmyyFormatTest" storage="c:\users\swetha\desktop\[f9s2][v0.2]\testproject1\bin\debug\testproject1.dll" id="a24feab6-c418-b744-08a0-4d987df3755e">
      <Execution id="1985f466-533a-4006-bdff-11c62334b6f6" />
      <TestMethod codeBase="C:/Users/swetha/Desktop/[F9S2][V0.2]/TestProject1/bin/Debug/TestProject1.DLL" adapterTypeName="Microsoft.VisualStudio.TestTools.TestTypes.Unit.UnitTestAdapter, Microsoft.VisualStudio.QualityTools.Tips.UnitTest.Adapter, Version=10.0.0.0, Culture=neutral, PublicKeyToken=b03f5f7f11d50a3a" className="TestProject1.ConversionsTest, TestProject1, Version=1.0.0.0, Culture=neutral, PublicKeyToken=null" name="ConvertDateTo_ddmmyyFormatTest" />
    </UnitTest>
    <UnitTest name="OperationConstructorTest" storage="c:\users\swetha\desktop\[f9s2][v0.2]\testproject1\bin\debug\testproject1.dll" id="5141cc8e-20fe-88ce-b820-67219233a4d3">
      <Execution id="b2d11e90-25d6-467e-b162-89b276416390" />
      <TestMethod codeBase="C:/Users/swetha/Desktop/[F9S2][V0.2]/TestProject1/bin/Debug/TestProject1.DLL" adapterTypeName="Microsoft.VisualStudio.TestTools.TestTypes.Unit.UnitTestAdapter, Microsoft.VisualStudio.QualityTools.Tips.UnitTest.Adapter, Version=10.0.0.0, Culture=neutral, PublicKeyToken=b03f5f7f11d50a3a" className="TestProject1.OperationTest, TestProject1, Version=1.0.0.0, Culture=neutral, PublicKeyToken=null" name="OperationConstructorTest" />
    </UnitTest>
    <UnitTest name="getDisplayMessageTest" storage="c:\users\swetha\desktop\[f9s2][v0.2]\testproject1\bin\debug\testproject1.dll" id="291e0111-5060-6201-9181-18664685707f">
      <Execution id="a876d9c7-a3a5-42b4-a02c-7bec60830fa4" />
      <TestMethod codeBase="C:/Users/swetha/Desktop/[F9S2][V0.2]/TestProject1/bin/Debug/TestProject1.DLL" adapterTypeName="Microsoft.VisualStudio.TestTools.TestTypes.Unit.UnitTestAdapter, Microsoft.VisualStudio.QualityTools.Tips.UnitTest.Adapter, Version=10.0.0.0, Culture=neutral, PublicKeyToken=b03f5f7f11d50a3a" className="TestProject1.OperationTest, TestProject1, Version=1.0.0.0, Culture=neutral, PublicKeyToken=null" name="getDisplayMessageTest" />
    </UnitTest>
    <UnitTest name="checkForWhatCommandTest" storage="c:\users\swetha\desktop\[f9s2][v0.2]\testproject1\bin\debug\testproject1.dll" id="290985ae-7290-ffa5-ddf3-dc1ad7073d30">
      <Execution id="8901ff56-44ef-4817-85b9-623c4f918fff" />
      <TestMethod codeBase="C:/Users/swetha/Desktop/[F9S2][V0.2]/TestProject1/bin/Debug/TestProject1.DLL" adapterTypeName="Microsoft.VisualStudio.TestTools.TestTypes.Unit.UnitTestAdapter, Microsoft.VisualStudio.QualityTools.Tips.UnitTest.Adapter, Version=10.0.0.0, Culture=neutral, PublicKeyToken=b03f5f7f11d50a3a" className="TestProject1.ParserTest, TestProject1, Version=1.0.0.0, Culture=neutral, PublicKeyToken=null" name="checkForWhatCommandTest" />
    </UnitTest>
    <UnitTest name="ConvertStringToDateTest" storage="c:\users\swetha\desktop\[f9s2][v0.2]\testproject1\bin\debug\testproject1.dll" id="42896bde-65ce-41ec-f595-fe8fc0dfa1cc">
      <Execution id="2818a47f-b425-446c-8f6e-0dbec0425ee2" />
      <TestMethod codeBase="C:/Users/swetha/Desktop/[F9S2][V0.2]/TestProject1/bin/Debug/TestProject1.DLL" adapterTypeName="Microsoft.VisualStudio.TestTools.TestTypes.Unit.UnitTestAdapter, Microsoft.VisualStudio.QualityTools.Tips.UnitTest.Adapter, Version=10.0.0.0, Culture=neutral, PublicKeyToken=b03f5f7f11d50a3a" className="TestProject1.ConversionsTest, TestProject1, Version=1.0.0.0, Culture=neutral, PublicKeyToken=null" name="ConvertStringToDateTest" />
    </UnitTest>
    <UnitTest name="Convert12HourFormatTo24HourFormatTest" storage="c:\users\swetha\desktop\[f9s2][v0.2]\testproject1\bin\debug\testproject1.dll" id="7ecba722-39b2-0c77-caeb-80d5158acb13">
      <Execution id="894a2c3d-7ebd-4be7-afd4-6cc02514d96e" />
      <TestMethod codeBase="C:/Users/swetha/Desktop/[F9S2][V0.2]/TestProject1/bin/Debug/TestProject1.DLL" adapterTypeName="Microsoft.VisualStudio.TestTools.TestTypes.Unit.UnitTestAdapter, Microsoft.VisualStudio.QualityTools.Tips.UnitTest.Adapter, Version=10.0.0.0, Culture=neutral, PublicKeyToken=b03f5f7f11d50a3a" className="TestProject1.ConversionsTest, TestProject1, Version=1.0.0.0, Culture=neutral, PublicKeyToken=null" name="Convert12HourFormatTo24HourFormatTest" />
    </UnitTest>
    <UnitTest name="interpretRepeatAsNumberOfDaysTest" storage="c:\users\swetha\desktop\[f9s2][v0.2]\testproject1\bin\debug\testproject1.dll" id="b9f0d8f2-3773-3983-9410-797e7d452424">
      <Execution id="ee709c7d-6f8b-4d9f-a492-4ba71f8157b3" />
      <TestMethod codeBase="C:/Users/swetha/Desktop/[F9S2][V0.2]/TestProject1/bin/Debug/TestProject1.DLL" adapterTypeName="Microsoft.VisualStudio.TestTools.TestTypes.Unit.UnitTestAdapter, Microsoft.VisualStudio.QualityTools.Tips.UnitTest.Adapter, Version=10.0.0.0, Culture=neutral, PublicKeyToken=b03f5f7f11d50a3a" className="TestProject1.ConversionsTest, TestProject1, Version=1.0.0.0, Culture=neutral, PublicKeyToken=null" name="interpretRepeatAsNumberOfDaysTest" />
    </UnitTest>
    <UnitTest name="ConvertDaysToHoursTest" storage="c:\users\swetha\desktop\[f9s2][v0.2]\testproject1\bin\debug\testproject1.dll" id="be2fd57d-61da-8654-9530-0824be4b4617">
      <Execution id="032b6fa5-c94f-4058-b6e7-46805cd5b963" />
      <TestMethod codeBase="C:/Users/swetha/Desktop/[F9S2][V0.2]/TestProject1/bin/Debug/TestProject1.DLL" adapterTypeName="Microsoft.VisualStudio.TestTools.TestTypes.Unit.UnitTestAdapter, Microsoft.VisualStudio.QualityTools.Tips.UnitTest.Adapter, Version=10.0.0.0, Culture=neutral, PublicKeyToken=b03f5f7f11d50a3a" className="TestProject1.ConversionsTest, TestProject1, Version=1.0.0.0, Culture=neutral, PublicKeyToken=null" name="ConvertDaysToHoursTest" />
    </UnitTest>
    <UnitTest name="ConvertArrayOfStringIntoListOfIntTest" storage="c:\users\swetha\desktop\[f9s2][v0.2]\testproject1\bin\debug\testproject1.dll" id="5675f85b-0061-ff5b-47b5-0e0ff0baf33a">
      <Execution id="bc177387-a8b3-493f-89f9-8d9883d45c14" />
      <TestMethod codeBase="C:/Users/swetha/Desktop/[F9S2][V0.2]/TestProject1/bin/Debug/TestProject1.DLL" adapterTypeName="Microsoft.VisualStudio.TestTools.TestTypes.Unit.UnitTestAdapter, Microsoft.VisualStudio.QualityTools.Tips.UnitTest.Adapter, Version=10.0.0.0, Culture=neutral, PublicKeyToken=b03f5f7f11d50a3a" className="TestProject1.ConversionsTest, TestProject1, Version=1.0.0.0, Culture=neutral, PublicKeyToken=null" name="ConvertArrayOfStringIntoListOfIntTest" />
    </UnitTest>
    <UnitTest name="convertEventsIntoTaskdetailsTest" storage="c:\users\swetha\desktop\[f9s2][v0.2]\testproject1\bin\debug\testproject1.dll" id="09277a0e-8813-a0dc-87e3-f8b39af59d95">
      <Execution id="655576e7-325c-4cf6-9fb1-a8aca4afaecb" />
      <TestMethod codeBase="C:/Users/swetha/Desktop/[F9S2][V0.2]/TestProject1/bin/Debug/TestProject1.DLL" adapterTypeName="Microsoft.VisualStudio.TestTools.TestTypes.Unit.UnitTestAdapter, Microsoft.VisualStudio.QualityTools.Tips.UnitTest.Adapter, Version=10.0.0.0, Culture=neutral, PublicKeyToken=b03f5f7f11d50a3a" className="TestProject1.ConversionsTest, TestProject1, Version=1.0.0.0, Culture=neutral, PublicKeyToken=null" name="convertEventsIntoTaskdetailsTest" />
    </UnitTest>
    <UnitTest name="taskToBePerformedTest1" storage="c:\users\swetha\desktop\[f9s2][v0.2]\testproject1\bin\debug\testproject1.dll" id="bc3953ec-d998-e41b-f6fc-055a5f8e631e">
      <Execution id="20ca3644-5472-447b-9de9-9f4606d5f04a" />
      <TestMethod codeBase="C:/Users/swetha/Desktop/[F9S2][V0.2]/TestProject1/bin/Debug/TestProject1.DLL" adapterTypeName="Microsoft.VisualStudio.TestTools.TestTypes.Unit.UnitTestAdapter, Microsoft.VisualStudio.QualityTools.Tips.UnitTest.Adapter, Version=10.0.0.0, Culture=neutral, PublicKeyToken=b03f5f7f11d50a3a" className="TestProject1.ParserTest, TestProject1, Version=1.0.0.0, Culture=neutral, PublicKeyToken=null" name="taskToBePerformedTest1" />
    </UnitTest>
    <UnitTest name="ParserConstructorTest" storage="c:\users\swetha\desktop\[f9s2][v0.2]\testproject1\bin\debug\testproject1.dll" id="f33f9546-63a0-b1f3-2ab6-cbded7caec2c">
      <Execution id="9fe181f5-3d94-4689-903c-497d45182ae2" />
      <TestMethod codeBase="C:/Users/swetha/Desktop/[F9S2][V0.2]/TestProject1/bin/Debug/TestProject1.DLL" adapterTypeName="Microsoft.VisualStudio.TestTools.TestTypes.Unit.UnitTestAdapter, Microsoft.VisualStudio.QualityTools.Tips.UnitTest.Adapter, Version=10.0.0.0, Culture=neutral, PublicKeyToken=b03f5f7f11d50a3a" className="TestProject1.ParserTest, TestProject1, Version=1.0.0.0, Culture=neutral, PublicKeyToken=null" name="ParserConstructorTest" />
    </UnitTest>
    <UnitTest name="replaceWithAppropriateShortFormsTest" storage="c:\users\swetha\desktop\[f9s2][v0.2]\testproject1\bin\debug\testproject1.dll" id="2f37fc18-21b3-d1f0-4925-6942082d2bd1">
      <Execution id="18bf6806-3ffb-403f-ba66-82d3c513a2be" />
      <TestMethod codeBase="C:/Users/swetha/Desktop/[F9S2][V0.2]/TestProject1/bin/Debug/TestProject1.DLL" adapterTypeName="Microsoft.VisualStudio.TestTools.TestTypes.Unit.UnitTestAdapter, Microsoft.VisualStudio.QualityTools.Tips.UnitTest.Adapter, Version=10.0.0.0, Culture=neutral, PublicKeyToken=b03f5f7f11d50a3a" className="TestProject1.ConversionsTest, TestProject1, Version=1.0.0.0, Culture=neutral, PublicKeyToken=null" name="replaceWithAppropriateShortFormsTest" />
    </UnitTest>
    <UnitTest name="creatDateEventObjectTest" storage="c:\users\swetha\desktop\[f9s2][v0.2]\testproject1\bin\debug\testproject1.dll" id="e9b74553-7fc7-95c9-25d0-b7874d99b8a9">
      <Execution id="e17340ff-222c-4f7e-9942-cd179a1d5753" />
      <TestMethod codeBase="C:/Users/swetha/Desktop/[F9S2][V0.2]/TestProject1/bin/Debug/TestProject1.DLL" adapterTypeName="Microsoft.VisualStudio.TestTools.TestTypes.Unit.UnitTestAdapter, Microsoft.VisualStudio.QualityTools.Tips.UnitTest.Adapter, Version=10.0.0.0, Culture=neutral, PublicKeyToken=b03f5f7f11d50a3a" className="TestProject1.OperationTest, TestProject1, Version=1.0.0.0, Culture=neutral, PublicKeyToken=null" name="creatDateEventObjectTest" />
    </UnitTest>
    <UnitTest name="ConvertMinutesToHoursTest" storage="c:\users\swetha\desktop\[f9s2][v0.2]\testproject1\bin\debug\testproject1.dll" id="430f73b7-e7f8-467a-7ebe-d31af806a242">
      <Execution id="da81c5a4-3bfc-4f7e-9de8-278c32a5a4ea" />
      <TestMethod codeBase="C:/Users/swetha/Desktop/[F9S2][V0.2]/TestProject1/bin/Debug/TestProject1.DLL" adapterTypeName="Microsoft.VisualStudio.TestTools.TestTypes.Unit.UnitTestAdapter, Microsoft.VisualStudio.QualityTools.Tips.UnitTest.Adapter, Version=10.0.0.0, Culture=neutral, PublicKeyToken=b03f5f7f11d50a3a" className="TestProject1.ConversionsTest, TestProject1, Version=1.0.0.0, Culture=neutral, PublicKeyToken=null" name="ConvertMinutesToHoursTest" />
    </UnitTest>
    <UnitTest name="SyntaxOfTextboxTextTest" storage="c:\users\swetha\desktop\[f9s2][v0.2]\testproject1\bin\debug\testproject1.dll" id="811d5f4a-7ec9-8777-9423-ab65d6cc47b8">
      <Execution id="b50c3aa9-8bf3-408b-97d1-4bfe22381ffa" />
      <TestMethod codeBase="C:/Users/swetha/Desktop/[F9S2][V0.2]/TestProject1/bin/Debug/TestProject1.DLL" adapterTypeName="Microsoft.VisualStudio.TestTools.TestTypes.Unit.UnitTestAdapter, Microsoft.VisualStudio.QualityTools.Tips.UnitTest.Adapter, Version=10.0.0.0, Culture=neutral, PublicKeyToken=b03f5f7f11d50a3a" className="TestProject1.ParserTest, TestProject1, Version=1.0.0.0, Culture=neutral, PublicKeyToken=null" name="SyntaxOfTextboxTextTest" />
    </UnitTest>
    <UnitTest name="durationOrRemainderToTotalHoursTest" storage="c:\users\swetha\desktop\[f9s2][v0.2]\testproject1\bin\debug\testproject1.dll" id="b2b3dc86-0c03-574e-f4bf-d904f295279c">
      <Execution id="923c0d0f-2293-48d0-99cf-4e8c80042548" />
      <TestMethod codeBase="C:/Users/swetha/Desktop/[F9S2][V0.2]/TestProject1/bin/Debug/TestProject1.DLL" adapterTypeName="Microsoft.VisualStudio.TestTools.TestTypes.Unit.UnitTestAdapter, Microsoft.VisualStudio.QualityTools.Tips.UnitTest.Adapter, Version=10.0.0.0, Culture=neutral, PublicKeyToken=b03f5f7f11d50a3a" className="TestProject1.ConversionsTest, TestProject1, Version=1.0.0.0, Culture=neutral, PublicKeyToken=null" name="durationOrRemainderToTotalHoursTest" />
    </UnitTest>
    <UnitTest name="convertStringIntoTaskDetailsTest" storage="c:\users\swetha\desktop\[f9s2][v0.2]\testproject1\bin\debug\testproject1.dll" id="3c7e691a-d362-ee99-61a4-6a800be63181">
      <Execution id="c8c7e7e0-eb52-4d58-99a8-05bad3d60816" />
      <TestMethod codeBase="C:/Users/swetha/Desktop/[F9S2][V0.2]/TestProject1/bin/Debug/TestProject1.DLL" adapterTypeName="Microsoft.VisualStudio.TestTools.TestTypes.Unit.UnitTestAdapter, Microsoft.VisualStudio.QualityTools.Tips.UnitTest.Adapter, Version=10.0.0.0, Culture=neutral, PublicKeyToken=b03f5f7f11d50a3a" className="TestProject1.ConversionsTest, TestProject1, Version=1.0.0.0, Culture=neutral, PublicKeyToken=null" name="convertStringIntoTaskDetailsTest" />
    </UnitTest>
    <UnitTest name="Convert24HourFormatTo12HourFormatTest" storage="c:\users\swetha\desktop\[f9s2][v0.2]\testproject1\bin\debug\testproject1.dll" id="817bc3d3-de9f-2eb0-74c0-fdf6f97a120b">
      <Execution id="d3f6d2d9-ba41-4cb6-b74e-be6e3466a31c" />
      <TestMethod codeBase="C:/Users/swetha/Desktop/[F9S2][V0.2]/TestProject1/bin/Debug/TestProject1.DLL" adapterTypeName="Microsoft.VisualStudio.TestTools.TestTypes.Unit.UnitTestAdapter, Microsoft.VisualStudio.QualityTools.Tips.UnitTest.Adapter, Version=10.0.0.0, Culture=neutral, PublicKeyToken=b03f5f7f11d50a3a" className="TestProject1.ConversionsTest, TestProject1, Version=1.0.0.0, Culture=neutral, PublicKeyToken=null" name="Convert24HourFormatTo12HourFormatTest" />
    </UnitTest>
    <UnitTest name="decideOntaskTest" storage="c:\users\swetha\desktop\[f9s2][v0.2]\testproject1\bin\debug\testproject1.dll" id="e32f1aed-f336-c4fd-21d1-5fdc235f2a77">
      <Execution id="fcea0d1c-7c78-43fe-81c5-99c9a0693476" />
      <TestMethod codeBase="C:/Users/swetha/Desktop/[F9S2][V0.2]/TestProject1/bin/Debug/TestProject1.DLL" adapterTypeName="Microsoft.VisualStudio.TestTools.TestTypes.Unit.UnitTestAdapter, Microsoft.VisualStudio.QualityTools.Tips.UnitTest.Adapter, Version=10.0.0.0, Culture=neutral, PublicKeyToken=b03f5f7f11d50a3a" className="TestProject1.OperationTest, TestProject1, Version=1.0.0.0, Culture=neutral, PublicKeyToken=null" name="decideOntaskTest" />
    </UnitTest>
    <UnitTest name="HelpUserWriteCommandTest1" storage="c:\users\swetha\desktop\[f9s2][v0.2]\testproject1\bin\debug\testproject1.dll" id="7be700b9-d314-da17-fd2a-788053f6a1ad">
      <Execution id="adb8a739-14b6-4646-9b21-539333bdba99" />
      <TestMethod codeBase="C:/Users/swetha/Desktop/[F9S2][V0.2]/TestProject1/bin/Debug/TestProject1.DLL" adapterTypeName="Microsoft.VisualStudio.TestTools.TestTypes.Unit.UnitTestAdapter, Microsoft.VisualStudio.QualityTools.Tips.UnitTest.Adapter, Version=10.0.0.0, Culture=neutral, PublicKeyToken=b03f5f7f11d50a3a" className="TestProject1.ParserTest, TestProject1, Version=1.0.0.0, Culture=neutral, PublicKeyToken=null" name="HelpUserWriteCommandTest1" />
    </UnitTest>
    <UnitTest name="CheckIfCommandAndContentValidTest" storage="c:\users\swetha\desktop\[f9s2][v0.2]\testproject1\bin\debug\testproject1.dll" id="a3deb1a3-2ddb-ef40-25c9-0384b9a77a99">
      <Execution id="f5a2be41-1346-4a76-9f6b-983e1246b3f7" />
      <TestMethod codeBase="C:/Users/swetha/Desktop/[F9S2][V0.2]/TestProject1/bin/Debug/TestProject1.DLL" adapterTypeName="Microsoft.VisualStudio.TestTools.TestTypes.Unit.UnitTestAdapter, Microsoft.VisualStudio.QualityTools.Tips.UnitTest.Adapter, Version=10.0.0.0, Culture=neutral, PublicKeyToken=b03f5f7f11d50a3a" className="TestProject1.ParserTest, TestProject1, Version=1.0.0.0, Culture=neutral, PublicKeyToken=null" name="CheckIfCommandAndContentValidTest" />
    </UnitTest>
    <UnitTest name="ConvertSecondsToHoursTest" storage="c:\users\swetha\desktop\[f9s2][v0.2]\testproject1\bin\debug\testproject1.dll" id="9164ae3e-5109-fabb-4d9d-d3f2554d728d">
      <Execution id="6c502c16-4f8f-4cb6-bf0b-170806afab81" />
      <TestMethod codeBase="C:/Users/swetha/Desktop/[F9S2][V0.2]/TestProject1/bin/Debug/TestProject1.DLL" adapterTypeName="Microsoft.VisualStudio.TestTools.TestTypes.Unit.UnitTestAdapter, Microsoft.VisualStudio.QualityTools.Tips.UnitTest.Adapter, Version=10.0.0.0, Culture=neutral, PublicKeyToken=b03f5f7f11d50a3a" className="TestProject1.ConversionsTest, TestProject1, Version=1.0.0.0, Culture=neutral, PublicKeyToken=null" name="ConvertSecondsToHoursTest" />
    </UnitTest>
  </TestDefinitions>
  <TestLists>
    <TestList name="Results Not in a List" id="8c84fa94-04c1-424b-9868-57a2d4851a1d" />
    <TestList name="All Loaded Results" id="19431567-8539-422a-85d7-44ee4e166bda" />
  </TestLists>
  <TestEntries>
    <TestEntry testId="01862544-0151-bc4b-eef2-c78231c46765" executionId="0508f8f1-eaa1-48cf-bcc4-b99e119269cb" testListId="8c84fa94-04c1-424b-9868-57a2d4851a1d" />
    <TestEntry testId="09277a0e-8813-a0dc-87e3-f8b39af59d95" executionId="655576e7-325c-4cf6-9fb1-a8aca4afaecb" testListId="8c84fa94-04c1-424b-9868-57a2d4851a1d" />
    <TestEntry testId="290985ae-7290-ffa5-ddf3-dc1ad7073d30" executionId="8901ff56-44ef-4817-85b9-623c4f918fff" testListId="8c84fa94-04c1-424b-9868-57a2d4851a1d" />
    <TestEntry testId="291e0111-5060-6201-9181-18664685707f" executionId="a876d9c7-a3a5-42b4-a02c-7bec60830fa4" testListId="8c84fa94-04c1-424b-9868-57a2d4851a1d" />
    <TestEntry testId="2f37fc18-21b3-d1f0-4925-6942082d2bd1" executionId="18bf6806-3ffb-403f-ba66-82d3c513a2be" testListId="8c84fa94-04c1-424b-9868-57a2d4851a1d" />
    <TestEntry testId="3c7e691a-d362-ee99-61a4-6a800be63181" executionId="c8c7e7e0-eb52-4d58-99a8-05bad3d60816" testListId="8c84fa94-04c1-424b-9868-57a2d4851a1d" />
    <TestEntry testId="42896bde-65ce-41ec-f595-fe8fc0dfa1cc" executionId="2818a47f-b425-446c-8f6e-0dbec0425ee2" testListId="8c84fa94-04c1-424b-9868-57a2d4851a1d" />
    <TestEntry testId="430f73b7-e7f8-467a-7ebe-d31af806a242" executionId="da81c5a4-3bfc-4f7e-9de8-278c32a5a4ea" testListId="8c84fa94-04c1-424b-9868-57a2d4851a1d" />
    <TestEntry testId="5141cc8e-20fe-88ce-b820-67219233a4d3" executionId="b2d11e90-25d6-467e-b162-89b276416390" testListId="8c84fa94-04c1-424b-9868-57a2d4851a1d" />
    <TestEntry testId="5675f85b-0061-ff5b-47b5-0e0ff0baf33a" executionId="bc177387-a8b3-493f-89f9-8d9883d45c14" testListId="8c84fa94-04c1-424b-9868-57a2d4851a1d" />
    <TestEntry testId="7be700b9-d314-da17-fd2a-788053f6a1ad" executionId="adb8a739-14b6-4646-9b21-539333bdba99" testListId="8c84fa94-04c1-424b-9868-57a2d4851a1d" />
    <TestEntry testId="7ecba722-39b2-0c77-caeb-80d5158acb13" executionId="894a2c3d-7ebd-4be7-afd4-6cc02514d96e" testListId="8c84fa94-04c1-424b-9868-57a2d4851a1d" />
    <TestEntry testId="811d5f4a-7ec9-8777-9423-ab65d6cc47b8" executionId="b50c3aa9-8bf3-408b-97d1-4bfe22381ffa" testListId="8c84fa94-04c1-424b-9868-57a2d4851a1d" />
    <TestEntry testId="817bc3d3-de9f-2eb0-74c0-fdf6f97a120b" executionId="d3f6d2d9-ba41-4cb6-b74e-be6e3466a31c" testListId="8c84fa94-04c1-424b-9868-57a2d4851a1d" />
    <TestEntry testId="9164ae3e-5109-fabb-4d9d-d3f2554d728d" executionId="6c502c16-4f8f-4cb6-bf0b-170806afab81" testListId="8c84fa94-04c1-424b-9868-57a2d4851a1d" />
    <TestEntry testId="9437120d-b9e5-307f-cb85-e0d001e1e0c3" executionId="eddfd29b-a683-4c4e-b4e5-367c2fbc874b" testListId="8c84fa94-04c1-424b-9868-57a2d4851a1d" />
    <TestEntry testId="a24feab6-c418-b744-08a0-4d987df3755e" executionId="1985f466-533a-4006-bdff-11c62334b6f6" testListId="8c84fa94-04c1-424b-9868-57a2d4851a1d" />
    <TestEntry testId="a3deb1a3-2ddb-ef40-25c9-0384b9a77a99" executionId="f5a2be41-1346-4a76-9f6b-983e1246b3f7" testListId="8c84fa94-04c1-424b-9868-57a2d4851a1d" />
    <TestEntry testId="b2b3dc86-0c03-574e-f4bf-d904f295279c" executionId="923c0d0f-2293-48d0-99cf-4e8c80042548" testListId="8c84fa94-04c1-424b-9868-57a2d4851a1d" />
    <TestEntry testId="b9f0d8f2-3773-3983-9410-797e7d452424" executionId="ee709c7d-6f8b-4d9f-a492-4ba71f8157b3" testListId="8c84fa94-04c1-424b-9868-57a2d4851a1d" />
    <TestEntry testId="bc3953ec-d998-e41b-f6fc-055a5f8e631e" executionId="20ca3644-5472-447b-9de9-9f4606d5f04a" testListId="8c84fa94-04c1-424b-9868-57a2d4851a1d" />
    <TestEntry testId="be2fd57d-61da-8654-9530-0824be4b4617" executionId="032b6fa5-c94f-4058-b6e7-46805cd5b963" testListId="8c84fa94-04c1-424b-9868-57a2d4851a1d" />
    <TestEntry testId="e32f1aed-f336-c4fd-21d1-5fdc235f2a77" executionId="fcea0d1c-7c78-43fe-81c5-99c9a0693476" testListId="8c84fa94-04c1-424b-9868-57a2d4851a1d" />
    <TestEntry testId="e9b74553-7fc7-95c9-25d0-b7874d99b8a9" executionId="e17340ff-222c-4f7e-9942-cd179a1d5753" testListId="8c84fa94-04c1-424b-9868-57a2d4851a1d" />
    <TestEntry testId="f33f9546-63a0-b1f3-2ab6-cbded7caec2c" executionId="9fe181f5-3d94-4689-903c-497d45182ae2" testListId="8c84fa94-04c1-424b-9868-57a2d4851a1d" />
  </TestEntries>
  <Results>
    <UnitTestResult executionId="0508f8f1-eaa1-48cf-bcc4-b99e119269cb" testId="01862544-0151-bc4b-eef2-c78231c46765" testName="TaskDetailsConstructorTest" computerName="SWETHA-PC" duration="00:00:00.0467941" startTime="2011-11-03T20:24:00.1967671+08:00" endTime="2011-11-03T20:24:00.4287803+08:00" testType="13cdc9d9-ddb5-4fa4-a97d-d965ccfc6d4b" outcome="Passed" testListId="8c84fa94-04c1-424b-9868-57a2d4851a1d" relativeResultsDirectory="0508f8f1-eaa1-48cf-bcc4-b99e119269cb">
    </UnitTestResult>
    <UnitTestResult executionId="655576e7-325c-4cf6-9fb1-a8aca4afaecb" testId="09277a0e-8813-a0dc-87e3-f8b39af59d95" testName="convertEventsIntoTaskdetailsTest" computerName="SWETHA-PC" duration="00:00:00.0273380" startTime="2011-11-03T20:24:00.4327806+08:00" endTime="2011-11-03T20:24:00.4657825+08:00" testType="13cdc9d9-ddb5-4fa4-a97d-d965ccfc6d4b" outcome="Failed" testListId="8c84fa94-04c1-424b-9868-57a2d4851a1d" relativeResultsDirectory="655576e7-325c-4cf6-9fb1-a8aca4afaecb">
      <Output>
        <ErrorInfo>
          <Message>Test method TestProject1.ConversionsTest.convertEventsIntoTaskdetailsTest threw exception: 
System.NullReferenceException: Object reference not set to an instance of an object.</Message>
          <StackTrace>    at ToDoList.TaskDetails.setEndRepeat(String s) in C:\Users\swetha\Desktop\[F9S2][V0.2]\Logic\TaskDetails.cs:line 393
   at TestProject1.ConversionsTest.convertEventsIntoTaskdetailsTest() in C:\Users\swetha\Desktop\[F9S2][V0.2]\TestProject1\ConversionsTest.cs:line 205
</StackTrace>
        </ErrorInfo>
      </Output>
    </UnitTestResult>
    <UnitTestResult executionId="8901ff56-44ef-4817-85b9-623c4f918fff" testId="290985ae-7290-ffa5-ddf3-dc1ad7073d30" testName="checkForWhatCommandTest" computerName="SWETHA-PC" duration="00:00:00.0022242" startTime="2011-11-03T20:24:00.4667825+08:00" endTime="2011-11-03T20:24:00.4767831+08:00" testType="13cdc9d9-ddb5-4fa4-a97d-d965ccfc6d4b" outcome="Passed" testListId="8c84fa94-04c1-424b-9868-57a2d4851a1d" relativeResultsDirectory="8901ff56-44ef-4817-85b9-623c4f918fff">
    </UnitTestResult>
    <UnitTestResult executionId="a876d9c7-a3a5-42b4-a02c-7bec60830fa4" testId="291e0111-5060-6201-9181-18664685707f" testName="getDisplayMessageTest" computerName="SWETHA-PC" duration="00:00:00.0008619" startTime="2011-11-03T20:24:00.4797833+08:00" endTime="2011-11-03T20:24:00.4847835+08:00" testType="13cdc9d9-ddb5-4fa4-a97d-d965ccfc6d4b" outcome="Passed" testListId="8c84fa94-04c1-424b-9868-57a2d4851a1d" relativeResultsDirectory="a876d9c7-a3a5-42b4-a02c-7bec60830fa4">
    </UnitTestResult>
    <UnitTestResult executionId="18bf6806-3ffb-403f-ba66-82d3c513a2be" testId="2f37fc18-21b3-d1f0-4925-6942082d2bd1" testName="replaceWithAppropriateShortFormsTest" computerName="SWETHA-PC" duration="00:00:00.0002463" startTime="2011-11-03T20:24:00.4897838+08:00" endTime="2011-11-03T20:24:00.4937841+08:00" testType="13cdc9d9-ddb5-4fa4-a97d-d965ccfc6d4b" outcome="Passed" testListId="8c84fa94-04c1-424b-9868-57a2d4851a1d" relativeResultsDirectory="18bf6806-3ffb-403f-ba66-82d3c513a2be">
    </UnitTestResult>
    <UnitTestResult executionId="c8c7e7e0-eb52-4d58-99a8-05bad3d60816" testId="3c7e691a-d362-ee99-61a4-6a800be63181" testName="convertStringIntoTaskDetailsTest" computerName="SWETHA-PC" duration="00:00:00.0027104" startTime="2011-11-03T20:24:00.4957842+08:00" endTime="2011-11-03T20:24:00.5057847+08:00" testType="13cdc9d9-ddb5-4fa4-a97d-d965ccfc6d4b" outcome="Passed" testListId="8c84fa94-04c1-424b-9868-57a2d4851a1d" relativeResultsDirectory="c8c7e7e0-eb52-4d58-99a8-05bad3d60816">
    </UnitTestResult>
    <UnitTestResult executionId="2818a47f-b425-446c-8f6e-0dbec0425ee2" testId="42896bde-65ce-41ec-f595-fe8fc0dfa1cc" testName="ConvertStringToDateTest" computerName="SWETHA-PC" duration="00:00:00.0009516" startTime="2011-11-03T20:24:00.5077849+08:00" endTime="2011-11-03T20:24:00.5137852+08:00" testType="13cdc9d9-ddb5-4fa4-a97d-d965ccfc6d4b" outcome="Passed" testListId="8c84fa94-04c1-424b-9868-57a2d4851a1d" relativeResultsDirectory="2818a47f-b425-446c-8f6e-0dbec0425ee2">
    </UnitTestResult>
    <UnitTestResult executionId="da81c5a4-3bfc-4f7e-9de8-278c32a5a4ea" testId="430f73b7-e7f8-467a-7ebe-d31af806a242" testName="ConvertMinutesToHoursTest" computerName="SWETHA-PC" duration="00:00:00.0004950" startTime="2011-11-03T20:24:00.5157853+08:00" endTime="2011-11-03T20:24:00.5247858+08:00" testType="13cdc9d9-ddb5-4fa4-a97d-d965ccfc6d4b" outcome="Passed" testListId="8c84fa94-04c1-424b-9868-57a2d4851a1d" relativeResultsDirectory="da81c5a4-3bfc-4f7e-9de8-278c32a5a4ea">
    </UnitTestResult>
    <UnitTestResult executionId="b2d11e90-25d6-467e-b162-89b276416390" testId="5141cc8e-20fe-88ce-b820-67219233a4d3" testName="OperationConstructorTest" computerName="SWETHA-PC" duration="00:00:00.0002987" startTime="2011-11-03T20:24:00.5267859+08:00" endTime="2011-11-03T20:24:00.5317862+08:00" testType="13cdc9d9-ddb5-4fa4-a97d-d965ccfc6d4b" outcome="Passed" testListId="8c84fa94-04c1-424b-9868-57a2d4851a1d" relativeResultsDirectory="b2d11e90-25d6-467e-b162-89b276416390">
    </UnitTestResult>
    <UnitTestResult executionId="bc177387-a8b3-493f-89f9-8d9883d45c14" testId="5675f85b-0061-ff5b-47b5-0e0ff0baf33a" testName="ConvertArrayOfStringIntoListOfIntTest" computerName="SWETHA-PC" duration="00:00:00.0006548" startTime="2011-11-03T20:24:00.5327863+08:00" endTime="2011-11-03T20:24:00.5377866+08:00" testType="13cdc9d9-ddb5-4fa4-a97d-d965ccfc6d4b" outcome="Passed" testListId="8c84fa94-04c1-424b-9868-57a2d4851a1d" relativeResultsDirectory="bc177387-a8b3-493f-89f9-8d9883d45c14">
    </UnitTestResult>
    <UnitTestResult executionId="adb8a739-14b6-4646-9b21-539333bdba99" testId="7be700b9-d314-da17-fd2a-788053f6a1ad" testName="HelpUserWriteCommandTest1" computerName="SWETHA-PC" duration="00:00:00.0010105" startTime="2011-11-03T20:24:00.5397867+08:00" endTime="2011-11-03T20:24:00.5467871+08:00" testType="13cdc9d9-ddb5-4fa4-a97d-d965ccfc6d4b" outcome="Passed" testListId="8c84fa94-04c1-424b-9868-57a2d4851a1d" relativeResultsDirectory="adb8a739-14b6-4646-9b21-539333bdba99">
    </UnitTestResult>
    <UnitTestResult executionId="894a2c3d-7ebd-4be7-afd4-6cc02514d96e" testId="7ecba722-39b2-0c77-caeb-80d5158acb13" testName="Convert12HourFormatTo24HourFormatTest" computerName="SWETHA-PC" duration="00:00:00.0003695" startTime="2011-11-03T20:24:00.5477871+08:00" endTime="2011-11-03T20:24:00.5537875+08:00" testType="13cdc9d9-ddb5-4fa4-a97d-d965ccfc6d4b" outcome="Passed" testListId="8c84fa94-04c1-424b-9868-57a2d4851a1d" relativeResultsDirectory="894a2c3d-7ebd-4be7-afd4-6cc02514d96e">
    </UnitTestResult>
    <UnitTestResult executionId="b50c3aa9-8bf3-408b-97d1-4bfe22381ffa" testId="811d5f4a-7ec9-8777-9423-ab65d6cc47b8" testName="SyntaxOfTextboxTextTest" computerName="SWETHA-PC" duration="00:00:00.0020556" startTime="2011-11-03T20:24:00.5547875+08:00" endTime="2011-11-03T20:24:00.5637881+08:00" testType="13cdc9d9-ddb5-4fa4-a97d-d965ccfc6d4b" outcome="Passed" testListId="8c84fa94-04c1-424b-9868-57a2d4851a1d" relativeResultsDirectory="b50c3aa9-8bf3-408b-97d1-4bfe22381ffa">
    </UnitTestResult>
    <UnitTestResult executionId="d3f6d2d9-ba41-4cb6-b74e-be6e3466a31c" testId="817bc3d3-de9f-2eb0-74c0-fdf6f97a120b" testName="Convert24HourFormatTo12HourFormatTest" computerName="SWETHA-PC" duration="00:00:00.0008191" startTime="2011-11-03T20:24:00.5667882+08:00" endTime="2011-11-03T20:24:00.5717885+08:00" testType="13cdc9d9-ddb5-4fa4-a97d-d965ccfc6d4b" outcome="Passed" testListId="8c84fa94-04c1-424b-9868-57a2d4851a1d" relativeResultsDirectory="d3f6d2d9-ba41-4cb6-b74e-be6e3466a31c">
    </UnitTestResult>
    <UnitTestResult executionId="6c502c16-4f8f-4cb6-bf0b-170806afab81" testId="9164ae3e-5109-fabb-4d9d-d3f2554d728d" testName="ConvertSecondsToHoursTest" computerName="SWETHA-PC" duration="00:00:00.0005208" startTime="2011-11-03T20:24:00.5737886+08:00" endTime="2011-11-03T20:24:00.5787889+08:00" testType="13cdc9d9-ddb5-4fa4-a97d-d965ccfc6d4b" outcome="Passed" testListId="8c84fa94-04c1-424b-9868-57a2d4851a1d" relativeResultsDirectory="6c502c16-4f8f-4cb6-bf0b-170806afab81">
    </UnitTestResult>
    <UnitTestResult executionId="eddfd29b-a683-4c4e-b4e5-367c2fbc874b" testId="9437120d-b9e5-307f-cb85-e0d001e1e0c3" testName="CheckIfEventNameIsCorrectTest" computerName="SWETHA-PC" duration="00:00:07.0744918" startTime="2011-11-03T20:24:00.5797890+08:00" endTime="2011-11-03T20:24:07.6661943+08:00" testType="13cdc9d9-ddb5-4fa4-a97d-d965ccfc6d4b" outcome="Passed" testListId="8c84fa94-04c1-424b-9868-57a2d4851a1d" relativeResultsDirectory="eddfd29b-a683-4c4e-b4e5-367c2fbc874b">
      <Output>
        <DebugTrace>Fail: 
</DebugTrace>
      </Output>
    </UnitTestResult>
    <UnitTestResult executionId="1985f466-533a-4006-bdff-11c62334b6f6" testId="a24feab6-c418-b744-08a0-4d987df3755e" testName="ConvertDateTo_ddmmyyFormatTest" computerName="SWETHA-PC" duration="00:00:00.0005108" startTime="2011-11-03T20:24:07.6831953+08:00" endTime="2011-11-03T20:24:07.6881956+08:00" testType="13cdc9d9-ddb5-4fa4-a97d-d965ccfc6d4b" outcome="Passed" testListId="8c84fa94-04c1-424b-9868-57a2d4851a1d" relativeResultsDirectory="1985f466-533a-4006-bdff-11c62334b6f6">
    </UnitTestResult>
    <UnitTestResult executionId="f5a2be41-1346-4a76-9f6b-983e1246b3f7" testId="a3deb1a3-2ddb-ef40-25c9-0384b9a77a99" testName="CheckIfCommandAndContentValidTest" computerName="SWETHA-PC" duration="00:00:00.0036228" startTime="2011-11-03T20:24:07.6921958+08:00" endTime="2011-11-03T20:24:07.7071966+08:00" testType="13cdc9d9-ddb5-4fa4-a97d-d965ccfc6d4b" outcome="Passed" testListId="8c84fa94-04c1-424b-9868-57a2d4851a1d" relativeResultsDirectory="f5a2be41-1346-4a76-9f6b-983e1246b3f7">
    </UnitTestResult>
    <UnitTestResult executionId="923c0d0f-2293-48d0-99cf-4e8c80042548" testId="b2b3dc86-0c03-574e-f4bf-d904f295279c" testName="durationOrRemainderToTotalHoursTest" computerName="SWETHA-PC" duration="00:00:00.0002463" startTime="2011-11-03T20:24:07.7111969+08:00" endTime="2011-11-03T20:24:07.7151971+08:00" testType="13cdc9d9-ddb5-4fa4-a97d-d965ccfc6d4b" outcome="Passed" testListId="8c84fa94-04c1-424b-9868-57a2d4851a1d" relativeResultsDirectory="923c0d0f-2293-48d0-99cf-4e8c80042548">
    </UnitTestResult>
    <UnitTestResult executionId="ee709c7d-6f8b-4d9f-a492-4ba71f8157b3" testId="b9f0d8f2-3773-3983-9410-797e7d452424" testName="interpretRepeatAsNumberOfDaysTest" computerName="SWETHA-PC" duration="00:00:00.0015771" startTime="2011-11-03T20:24:07.7191973+08:00" endTime="2011-11-03T20:24:07.7261977+08:00" testType="13cdc9d9-ddb5-4fa4-a97d-d965ccfc6d4b" outcome="Passed" testListId="8c84fa94-04c1-424b-9868-57a2d4851a1d" relativeResultsDirectory="ee709c7d-6f8b-4d9f-a492-4ba71f8157b3">
    </UnitTestResult>
    <UnitTestResult executionId="20ca3644-5472-447b-9de9-9f4606d5f04a" testId="bc3953ec-d998-e41b-f6fc-055a5f8e631e" testName="taskToBePerformedTest1" computerName="SWETHA-PC" duration="00:00:01.4361651" startTime="2011-11-03T20:24:07.7301980+08:00" endTime="2011-11-03T20:24:09.1722804+08:00" testType="13cdc9d9-ddb5-4fa4-a97d-d965ccfc6d4b" outcome="Passed" testListId="8c84fa94-04c1-424b-9868-57a2d4851a1d" relativeResultsDirectory="20ca3644-5472-447b-9de9-9f4606d5f04a">
      <Output>
        <DebugTrace>Fail: 
</DebugTrace>
      </Output>
    </UnitTestResult>
    <UnitTestResult executionId="032b6fa5-c94f-4058-b6e7-46805cd5b963" testId="be2fd57d-61da-8654-9530-0824be4b4617" testName="ConvertDaysToHoursTest" computerName="SWETHA-PC" duration="00:00:00.0004842" startTime="2011-11-03T20:24:09.1802809+08:00" endTime="2011-11-03T20:24:09.1862812+08:00" testType="13cdc9d9-ddb5-4fa4-a97d-d965ccfc6d4b" outcome="Passed" testListId="8c84fa94-04c1-424b-9868-57a2d4851a1d" relativeResultsDirectory="032b6fa5-c94f-4058-b6e7-46805cd5b963">
    </UnitTestResult>
    <UnitTestResult executionId="fcea0d1c-7c78-43fe-81c5-99c9a0693476" testId="e32f1aed-f336-c4fd-21d1-5fdc235f2a77" testName="decideOntaskTest" computerName="SWETHA-PC" duration="00:00:00.0016349" startTime="2011-11-03T20:24:09.1892814+08:00" endTime="2011-11-03T20:24:09.1982819+08:00" testType="13cdc9d9-ddb5-4fa4-a97d-d965ccfc6d4b" outcome="Passed" testListId="8c84fa94-04c1-424b-9868-57a2d4851a1d" relativeResultsDirectory="fcea0d1c-7c78-43fe-81c5-99c9a0693476">
    </UnitTestResult>
    <UnitTestResult executionId="e17340ff-222c-4f7e-9942-cd179a1d5753" testId="e9b74553-7fc7-95c9-25d0-b7874d99b8a9" testName="creatDateEventObjectTest" computerName="SWETHA-PC" duration="00:00:00.0007302" startTime="2011-11-03T20:24:09.2012821+08:00" endTime="2011-11-03T20:24:09.2072824+08:00" testType="13cdc9d9-ddb5-4fa4-a97d-d965ccfc6d4b" outcome="Passed" testListId="8c84fa94-04c1-424b-9868-57a2d4851a1d" relativeResultsDirectory="e17340ff-222c-4f7e-9942-cd179a1d5753">
    </UnitTestResult>
    <UnitTestResult executionId="9fe181f5-3d94-4689-903c-497d45182ae2" testId="f33f9546-63a0-b1f3-2ab6-cbded7caec2c" testName="ParserConstructorTest" computerName="SWETHA-PC" duration="00:00:00.0022966" startTime="2011-11-03T20:24:09.2112827+08:00" endTime="2011-11-03T20:24:09.2182831+08:00" testType="13cdc9d9-ddb5-4fa4-a97d-d965ccfc6d4b" outcome="Passed" testListId="8c84fa94-04c1-424b-9868-57a2d4851a1d" relativeResultsDirectory="9fe181f5-3d94-4689-903c-497d45182ae2">
    </UnitTestResult>
  </Results>
</TestRun>