<?xml version="1.0" encoding="UTF-8"?>
<TestRun id="a1c2d982-be52-422c-be6b-43adcf31772c" name="swetha@SWETHA-PC 2011-11-03 20:22:26" runUser="swetha-PC\swetha" xmlns="http://microsoft.com/schemas/VisualStudio/TeamTest/2010">
  <TestSettings name="Default Test Settings" id="e89f6c3c-7b80-4e1f-b757-d65aac4dd032">
    <Deployment runDeploymentRoot="swetha_SWETHA-PC 2011-11-03 20_22_26">
      <DeploymentItem filename="C:\Program Files (x86)\WPF Toolkit\v3.5.50211.1\System.Windows.Controls.DataVisualization.Toolkit.Design.4.0.dll" />
      <DeploymentItem filename="C:\Users\swetha\Desktop\[F9S2][V0.2]\bin\Debug\ToDoList.exe" />
      <DeploymentItem filename="C:\Program Files (x86)\WPF Toolkit\v3.5.50211.1\System.Windows.Controls.DataVisualization.Toolkit.dll" />
    </Deployment>
    <Execution>
      <TestTypeSpecific />
      <AgentRule name="Execution Agents">
      </AgentRule>
    </Execution>
  </TestSettings>
  <Times creation="2011-11-03T20:22:26.3954019+08:00" queuing="2011-11-03T20:22:26.5164089+08:00" start="2011-11-03T20:22:26.5264094+08:00" finish="2011-11-03T20:22:32.7577658+08:00" />
  <ResultSummary outcome="Failed">
    <Counters total="29" executed="29" passed="25" error="0" failed="2" timeout="0" aborted="0" inconclusive="2" passedButRunAborted="0" notRunnable="0" notExecuted="0" disconnected="0" warning="0" completed="0" inProgress="0" pending="0" />
  </ResultSummary>
  <TestDefinitions>
    <UnitTest name="convertEventsIntoTaskdetailsTest" storage="c:\users\swetha\desktop\[f9s2][v0.2]\testproject1\bin\debug\testproject1.dll" id="09277a0e-8813-a0dc-87e3-f8b39af59d95">
      <Execution id="5e54e234-4919-4323-8b7a-19fc784070e1" />
      <TestMethod codeBase="C:/Users/swetha/Desktop/[F9S2][V0.2]/TestProject1/bin/Debug/TestProject1.DLL" adapterTypeName="Microsoft.VisualStudio.TestTools.TestTypes.Unit.UnitTestAdapter, Microsoft.VisualStudio.QualityTools.Tips.UnitTest.Adapter, Version=10.0.0.0, Culture=neutral, PublicKeyToken=b03f5f7f11d50a3a" className="TestProject1.ConversionsTest, TestProject1, Version=1.0.0.0, Culture=neutral, PublicKeyToken=null" name="convertEventsIntoTaskdetailsTest" />
    </UnitTest>
    <UnitTest name="decideOntaskTest" storage="c:\users\swetha\desktop\[f9s2][v0.2]\testproject1\bin\debug\testproject1.dll" id="e32f1aed-f336-c4fd-21d1-5fdc235f2a77">
      <Execution id="198e94b1-4a36-46e4-8bc1-605c033863a2" />
      <TestMethod codeBase="C:/Users/swetha/Desktop/[F9S2][V0.2]/TestProject1/bin/Debug/TestProject1.DLL" adapterTypeName="Microsoft.VisualStudio.TestTools.TestTypes.Unit.UnitTestAdapter, Microsoft.VisualStudio.QualityTools.Tips.UnitTest.Adapter, Version=10.0.0.0, Culture=neutral, PublicKeyToken=b03f5f7f11d50a3a" className="TestProject1.OperationTest, TestProject1, Version=1.0.0.0, Culture=neutral, PublicKeyToken=null" name="decideOntaskTest" />
    </UnitTest>
    <UnitTest name="ConvertArrayOfStringIntoListOfIntTest" storage="c:\users\swetha\desktop\[f9s2][v0.2]\testproject1\bin\debug\testproject1.dll" id="5675f85b-0061-ff5b-47b5-0e0ff0baf33a">
      <Execution id="1b718e53-2061-4c22-ab5d-af5bffd560d1" />
      <TestMethod codeBase="C:/Users/swetha/Desktop/[F9S2][V0.2]/TestProject1/bin/Debug/TestProject1.DLL" adapterTypeName="Microsoft.VisualStudio.TestTools.TestTypes.Unit.UnitTestAdapter, Microsoft.VisualStudio.QualityTools.Tips.UnitTest.Adapter, Version=10.0.0.0, Culture=neutral, PublicKeyToken=b03f5f7f11d50a3a" className="TestProject1.ConversionsTest, TestProject1, Version=1.0.0.0, Culture=neutral, PublicKeyToken=null" name="ConvertArrayOfStringIntoListOfIntTest" />
    </UnitTest>
    <UnitTest name="convertTaskdetailsIntoEventTest" storage="c:\users\swetha\desktop\[f9s2][v0.2]\testproject1\bin\debug\testproject1.dll" id="249bd0f5-28f7-8fdd-b183-4daadf719678">
      <Execution id="090809aa-19ef-49cd-8568-c8bc5b026f03" />
      <TestMethod codeBase="C:/Users/swetha/Desktop/[F9S2][V0.2]/TestProject1/bin/Debug/TestProject1.DLL" adapterTypeName="Microsoft.VisualStudio.TestTools.TestTypes.Unit.UnitTestAdapter, Microsoft.VisualStudio.QualityTools.Tips.UnitTest.Adapter, Version=10.0.0.0, Culture=neutral, PublicKeyToken=b03f5f7f11d50a3a" className="TestProject1.ConversionsTest, TestProject1, Version=1.0.0.0, Culture=neutral, PublicKeyToken=null" name="convertTaskdetailsIntoEventTest" />
    </UnitTest>
    <UnitTest name="SyntaxOfTextboxTextTest" storage="c:\users\swetha\desktop\[f9s2][v0.2]\testproject1\bin\debug\testproject1.dll" id="811d5f4a-7ec9-8777-9423-ab65d6cc47b8">
      <Execution id="95635c2d-afc4-4542-b30b-133fa50ab0f5" />
      <TestMethod codeBase="C:/Users/swetha/Desktop/[F9S2][V0.2]/TestProject1/bin/Debug/TestProject1.DLL" adapterTypeName="Microsoft.VisualStudio.TestTools.TestTypes.Unit.UnitTestAdapter, Microsoft.VisualStudio.QualityTools.Tips.UnitTest.Adapter, Version=10.0.0.0, Culture=neutral, PublicKeyToken=b03f5f7f11d50a3a" className="TestProject1.ParserTest, TestProject1, Version=1.0.0.0, Culture=neutral, PublicKeyToken=null" name="SyntaxOfTextboxTextTest" />
    </UnitTest>
    <UnitTest name="TaskDetailsConstructorTest" storage="c:\users\swetha\desktop\[f9s2][v0.2]\testproject1\bin\debug\testproject1.dll" id="01862544-0151-bc4b-eef2-c78231c46765">
      <Execution id="a88d0e74-64a3-4a86-a2d2-fb88184fe788" />
      <TestMethod codeBase="C:/Users/swetha/Desktop/[F9S2][V0.2]/TestProject1/bin/Debug/TestProject1.DLL" adapterTypeName="Microsoft.VisualStudio.TestTools.TestTypes.Unit.UnitTestAdapter, Microsoft.VisualStudio.QualityTools.Tips.UnitTest.Adapter, Version=10.0.0.0, Culture=neutral, PublicKeyToken=b03f5f7f11d50a3a" className="TestProject1.TaskDetailsTest, TestProject1, Version=1.0.0.0, Culture=neutral, PublicKeyToken=null" name="TaskDetailsConstructorTest" />
    </UnitTest>
    <UnitTest name="ConvertSecondsToHoursTest" storage="c:\users\swetha\desktop\[f9s2][v0.2]\testproject1\bin\debug\testproject1.dll" id="9164ae3e-5109-fabb-4d9d-d3f2554d728d">
      <Execution id="0a311807-df36-45ce-bef9-54f0e7221f98" />
      <TestMethod codeBase="C:/Users/swetha/Desktop/[F9S2][V0.2]/TestProject1/bin/Debug/TestProject1.DLL" adapterTypeName="Microsoft.VisualStudio.TestTools.TestTypes.Unit.UnitTestAdapter, Microsoft.VisualStudio.QualityTools.Tips.UnitTest.Adapter, Version=10.0.0.0, Culture=neutral, PublicKeyToken=b03f5f7f11d50a3a" className="TestProject1.ConversionsTest, TestProject1, Version=1.0.0.0, Culture=neutral, PublicKeyToken=null" name="ConvertSecondsToHoursTest" />
    </UnitTest>
    <UnitTest name="durationOrRemainderToTotalHoursTest" storage="c:\users\swetha\desktop\[f9s2][v0.2]\testproject1\bin\debug\testproject1.dll" id="b2b3dc86-0c03-574e-f4bf-d904f295279c">
      <Execution id="565cb04f-a6fc-4964-b83f-f312b551bfd8" />
      <TestMethod codeBase="C:/Users/swetha/Desktop/[F9S2][V0.2]/TestProject1/bin/Debug/TestProject1.DLL" adapterTypeName="Microsoft.VisualStudio.TestTools.TestTypes.Unit.UnitTestAdapter, Microsoft.VisualStudio.QualityTools.Tips.UnitTest.Adapter, Version=10.0.0.0, Culture=neutral, PublicKeyToken=b03f5f7f11d50a3a" className="TestProject1.ConversionsTest, TestProject1, Version=1.0.0.0, Culture=neutral, PublicKeyToken=null" name="durationOrRemainderToTotalHoursTest" />
    </UnitTest>
    <UnitTest name="ConvertDateTo_ddmmyyFormatTest" storage="c:\users\swetha\desktop\[f9s2][v0.2]\testproject1\bin\debug\testproject1.dll" id="a24feab6-c418-b744-08a0-4d987df3755e">
      <Execution id="3143b8ec-4fe1-4f1b-a5d7-5ebac3b2af2f" />
      <TestMethod codeBase="C:/Users/swetha/Desktop/[F9S2][V0.2]/TestProject1/bin/Debug/TestProject1.DLL" adapterTypeName="Microsoft.VisualStudio.TestTools.TestTypes.Unit.UnitTestAdapter, Microsoft.VisualStudio.QualityTools.Tips.UnitTest.Adapter, Version=10.0.0.0, Culture=neutral, PublicKeyToken=b03f5f7f11d50a3a" className="TestProject1.ConversionsTest, TestProject1, Version=1.0.0.0, Culture=neutral, PublicKeyToken=null" name="ConvertDateTo_ddmmyyFormatTest" />
    </UnitTest>
    <UnitTest name="convertStringIntoTaskDetailsTest" storage="c:\users\swetha\desktop\[f9s2][v0.2]\testproject1\bin\debug\testproject1.dll" id="3c7e691a-d362-ee99-61a4-6a800be63181">
      <Execution id="46c4e6e2-8038-4864-8a65-244d89edb74c" />
      <TestMethod codeBase="C:/Users/swetha/Desktop/[F9S2][V0.2]/TestProject1/bin/Debug/TestProject1.DLL" adapterTypeName="Microsoft.VisualStudio.TestTools.TestTypes.Unit.UnitTestAdapter, Microsoft.VisualStudio.QualityTools.Tips.UnitTest.Adapter, Version=10.0.0.0, Culture=neutral, PublicKeyToken=b03f5f7f11d50a3a" className="TestProject1.ConversionsTest, TestProject1, Version=1.0.0.0, Culture=neutral, PublicKeyToken=null" name="convertStringIntoTaskDetailsTest" />
    </UnitTest>
    <UnitTest name="creatDateEventObjectTest" storage="c:\users\swetha\desktop\[f9s2][v0.2]\testproject1\bin\debug\testproject1.dll" id="e9b74553-7fc7-95c9-25d0-b7874d99b8a9">
      <Execution id="d4853710-2bb9-4e6e-a03d-7692fddcd1d5" />
      <TestMethod codeBase="C:/Users/swetha/Desktop/[F9S2][V0.2]/TestProject1/bin/Debug/TestProject1.DLL" adapterTypeName="Microsoft.VisualStudio.TestTools.TestTypes.Unit.UnitTestAdapter, Microsoft.VisualStudio.QualityTools.Tips.UnitTest.Adapter, Version=10.0.0.0, Culture=neutral, PublicKeyToken=b03f5f7f11d50a3a" className="TestProject1.OperationTest, TestProject1, Version=1.0.0.0, Culture=neutral, PublicKeyToken=null" name="creatDateEventObjectTest" />
    </UnitTest>
    <UnitTest name="interpretRepeatAsNumberOfDaysTest" storage="c:\users\swetha\desktop\[f9s2][v0.2]\testproject1\bin\debug\testproject1.dll" id="b9f0d8f2-3773-3983-9410-797e7d452424">
      <Execution id="ce72b7b7-dc2c-45c7-a79a-8ba80aded2dc" />
      <TestMethod codeBase="C:/Users/swetha/Desktop/[F9S2][V0.2]/TestProject1/bin/Debug/TestProject1.DLL" adapterTypeName="Microsoft.VisualStudio.TestTools.TestTypes.Unit.UnitTestAdapter, Microsoft.VisualStudio.QualityTools.Tips.UnitTest.Adapter, Version=10.0.0.0, Culture=neutral, PublicKeyToken=b03f5f7f11d50a3a" className="TestProject1.ConversionsTest, TestProject1, Version=1.0.0.0, Culture=neutral, PublicKeyToken=null" name="interpretRepeatAsNumberOfDaysTest" />
    </UnitTest>
    <UnitTest name="ParserConstructorTest" storage="c:\users\swetha\desktop\[f9s2][v0.2]\testproject1\bin\debug\testproject1.dll" id="f33f9546-63a0-b1f3-2ab6-cbded7caec2c">
      <Execution id="99f1699c-ecf7-4043-a68c-7ee58cbe6c08" />
      <TestMethod codeBase="C:/Users/swetha/Desktop/[F9S2][V0.2]/TestProject1/bin/Debug/TestProject1.DLL" adapterTypeName="Microsoft.VisualStudio.TestTools.TestTypes.Unit.UnitTestAdapter, Microsoft.VisualStudio.QualityTools.Tips.UnitTest.Adapter, Version=10.0.0.0, Culture=neutral, PublicKeyToken=b03f5f7f11d50a3a" className="TestProject1.ParserTest, TestProject1, Version=1.0.0.0, Culture=neutral, PublicKeyToken=null" name="ParserConstructorTest" />
    </UnitTest>
    <UnitTest name="checkForWhatCommandTest" storage="c:\users\swetha\desktop\[f9s2][v0.2]\testproject1\bin\debug\testproject1.dll" id="290985ae-7290-ffa5-ddf3-dc1ad7073d30">
      <Execution id="7d973266-9bca-424a-8eb2-776efc37d08c" />
      <TestMethod codeBase="C:/Users/swetha/Desktop/[F9S2][V0.2]/TestProject1/bin/Debug/TestProject1.DLL" adapterTypeName="Microsoft.VisualStudio.TestTools.TestTypes.Unit.UnitTestAdapter, Microsoft.VisualStudio.QualityTools.Tips.UnitTest.Adapter, Version=10.0.0.0, Culture=neutral, PublicKeyToken=b03f5f7f11d50a3a" className="TestProject1.ParserTest, TestProject1, Version=1.0.0.0, Culture=neutral, PublicKeyToken=null" name="checkForWhatCommandTest" />
    </UnitTest>
    <UnitTest name="getDisplayMessageTest" storage="c:\users\swetha\desktop\[f9s2][v0.2]\testproject1\bin\debug\testproject1.dll" id="291e0111-5060-6201-9181-18664685707f">
      <Execution id="92e33706-c753-44fd-8bbf-1f4be2f6a823" />
      <TestMethod codeBase="C:/Users/swetha/Desktop/[F9S2][V0.2]/TestProject1/bin/Debug/TestProject1.DLL" adapterTypeName="Microsoft.VisualStudio.TestTools.TestTypes.Unit.UnitTestAdapter, Microsoft.VisualStudio.QualityTools.Tips.UnitTest.Adapter, Version=10.0.0.0, Culture=neutral, PublicKeyToken=b03f5f7f11d50a3a" className="TestProject1.OperationTest, TestProject1, Version=1.0.0.0, Culture=neutral, PublicKeyToken=null" name="getDisplayMessageTest" />
    </UnitTest>
    <UnitTest name="ConvertDaysToHoursTest" storage="c:\users\swetha\desktop\[f9s2][v0.2]\testproject1\bin\debug\testproject1.dll" id="be2fd57d-61da-8654-9530-0824be4b4617">
      <Execution id="82706109-cb9f-4a84-9ac0-f53172c4c6b1" />
      <TestMethod codeBase="C:/Users/swetha/Desktop/[F9S2][V0.2]/TestProject1/bin/Debug/TestProject1.DLL" adapterTypeName="Microsoft.VisualStudio.TestTools.TestTypes.Unit.UnitTestAdapter, Microsoft.VisualStudio.QualityTools.Tips.UnitTest.Adapter, Version=10.0.0.0, Culture=neutral, PublicKeyToken=b03f5f7f11d50a3a" className="TestProject1.ConversionsTest, TestProject1, Version=1.0.0.0, Culture=neutral, PublicKeyToken=null" name="ConvertDaysToHoursTest" />
    </UnitTest>
    <UnitTest name="Convert24HourFormatTo12HourFormatTest" storage="c:\users\swetha\desktop\[f9s2][v0.2]\testproject1\bin\debug\testproject1.dll" id="817bc3d3-de9f-2eb0-74c0-fdf6f97a120b">
      <Execution id="38d35ac1-dd32-4671-aaac-e65a0b33185d" />
      <TestMethod codeBase="C:/Users/swetha/Desktop/[F9S2][V0.2]/TestProject1/bin/Debug/TestProject1.DLL" adapterTypeName="Microsoft.VisualStudio.TestTools.TestTypes.Unit.UnitTestAdapter, Microsoft.VisualStudio.QualityTools.Tips.UnitTest.Adapter, Version=10.0.0.0, Culture=neutral, PublicKeyToken=b03f5f7f11d50a3a" className="TestProject1.ConversionsTest, TestProject1, Version=1.0.0.0, Culture=neutral, PublicKeyToken=null" name="Convert24HourFormatTo12HourFormatTest" />
    </UnitTest>
    <UnitTest name="Convert12HourFormatTo24HourFormatTest" storage="c:\users\swetha\desktop\[f9s2][v0.2]\testproject1\bin\debug\testproject1.dll" id="7ecba722-39b2-0c77-caeb-80d5158acb13">
      <Execution id="9dabe0f9-2102-4bf1-9129-29131b511a5c" />
      <TestMethod codeBase="C:/Users/swetha/Desktop/[F9S2][V0.2]/TestProject1/bin/Debug/TestProject1.DLL" adapterTypeName="Microsoft.VisualStudio.TestTools.TestTypes.Unit.UnitTestAdapter, Microsoft.VisualStudio.QualityTools.Tips.UnitTest.Adapter, Version=10.0.0.0, Culture=neutral, PublicKeyToken=b03f5f7f11d50a3a" className="TestProject1.ConversionsTest, TestProject1, Version=1.0.0.0, Culture=neutral, PublicKeyToken=null" name="Convert12HourFormatTo24HourFormatTest" />
    </UnitTest>
    <UnitTest name="convertTaskDetailToWriteIntoFileTest" storage="c:\users\swetha\desktop\[f9s2][v0.2]\testproject1\bin\debug\testproject1.dll" id="5ee9d7b1-ec25-7322-61a2-90a0f78c097d">
      <Execution id="f03be8b5-2b64-4490-bc5a-a678231c5dfa" />
      <TestMethod codeBase="C:/Users/swetha/Desktop/[F9S2][V0.2]/TestProject1/bin/Debug/TestProject1.DLL" adapterTypeName="Microsoft.VisualStudio.TestTools.TestTypes.Unit.UnitTestAdapter, Microsoft.VisualStudio.QualityTools.Tips.UnitTest.Adapter, Version=10.0.0.0, Culture=neutral, PublicKeyToken=b03f5f7f11d50a3a" className="TestProject1.ConversionsTest, TestProject1, Version=1.0.0.0, Culture=neutral, PublicKeyToken=null" name="convertTaskDetailToWriteIntoFileTest" />
    </UnitTest>
    <UnitTest name="ViewPerformanceTest" storage="c:\users\swetha\desktop\[f9s2][v0.2]\testproject1\bin\debug\testproject1.dll" id="52efca71-c2b4-2100-e456-82aad3268b34">
      <Execution id="76a79c8f-3020-4cb3-9208-694ce479997b" />
      <TestMethod codeBase="C:/Users/swetha/Desktop/[F9S2][V0.2]/TestProject1/bin/Debug/TestProject1.DLL" adapterTypeName="Microsoft.VisualStudio.TestTools.TestTypes.Unit.UnitTestAdapter, Microsoft.VisualStudio.QualityTools.Tips.UnitTest.Adapter, Version=10.0.0.0, Culture=neutral, PublicKeyToken=b03f5f7f11d50a3a" className="TestProject1.OperationTest, TestProject1, Version=1.0.0.0, Culture=neutral, PublicKeyToken=null" name="ViewPerformanceTest" />
    </UnitTest>
    <UnitTest name="OperationConstructorTest" storage="c:\users\swetha\desktop\[f9s2][v0.2]\testproject1\bin\debug\testproject1.dll" id="5141cc8e-20fe-88ce-b820-67219233a4d3">
      <Execution id="1ab19c8f-7094-4874-9810-bbb5f5db2f45" />
      <TestMethod codeBase="C:/Users/swetha/Desktop/[F9S2][V0.2]/TestProject1/bin/Debug/TestProject1.DLL" adapterTypeName="Microsoft.VisualStudio.TestTools.TestTypes.Unit.UnitTestAdapter, Microsoft.VisualStudio.QualityTools.Tips.UnitTest.Adapter, Version=10.0.0.0, Culture=neutral, PublicKeyToken=b03f5f7f11d50a3a" className="TestProject1.OperationTest, TestProject1, Version=1.0.0.0, Culture=neutral, PublicKeyToken=null" name="OperationConstructorTest" />
    </UnitTest>
    <UnitTest name="displayTimeLineWithEventsTest" storage="c:\users\swetha\desktop\[f9s2][v0.2]\testproject1\bin\debug\testproject1.dll" id="d8442adf-139d-dab4-2a85-7eff04e87ab5">
      <Execution id="aec7fffc-18ea-4423-824f-a7c76d6ddf1d" />
      <TestMethod codeBase="C:/Users/swetha/Desktop/[F9S2][V0.2]/TestProject1/bin/Debug/TestProject1.DLL" adapterTypeName="Microsoft.VisualStudio.TestTools.TestTypes.Unit.UnitTestAdapter, Microsoft.VisualStudio.QualityTools.Tips.UnitTest.Adapter, Version=10.0.0.0, Culture=neutral, PublicKeyToken=b03f5f7f11d50a3a" className="TestProject1.OperationTest, TestProject1, Version=1.0.0.0, Culture=neutral, PublicKeyToken=null" name="displayTimeLineWithEventsTest" />
    </UnitTest>
    <UnitTest name="ConvertMinutesToHoursTest" storage="c:\users\swetha\desktop\[f9s2][v0.2]\testproject1\bin\debug\testproject1.dll" id="430f73b7-e7f8-467a-7ebe-d31af806a242">
      <Execution id="6f563057-8811-45dd-b716-f6bcd437da79" />
      <TestMethod codeBase="C:/Users/swetha/Desktop/[F9S2][V0.2]/TestProject1/bin/Debug/TestProject1.DLL" adapterTypeName="Microsoft.VisualStudio.TestTools.TestTypes.Unit.UnitTestAdapter, Microsoft.VisualStudio.QualityTools.Tips.UnitTest.Adapter, Version=10.0.0.0, Culture=neutral, PublicKeyToken=b03f5f7f11d50a3a" className="TestProject1.ConversionsTest, TestProject1, Version=1.0.0.0, Culture=neutral, PublicKeyToken=null" name="ConvertMinutesToHoursTest" />
    </UnitTest>
    <UnitTest name="taskToBePerformedTest1" storage="c:\users\swetha\desktop\[f9s2][v0.2]\testproject1\bin\debug\testproject1.dll" id="bc3953ec-d998-e41b-f6fc-055a5f8e631e">
      <Execution id="6a342f5d-51c5-4153-abb5-33347084673d" />
      <TestMethod codeBase="C:/Users/swetha/Desktop/[F9S2][V0.2]/TestProject1/bin/Debug/TestProject1.DLL" adapterTypeName="Microsoft.VisualStudio.TestTools.TestTypes.Unit.UnitTestAdapter, Microsoft.VisualStudio.QualityTools.Tips.UnitTest.Adapter, Version=10.0.0.0, Culture=neutral, PublicKeyToken=b03f5f7f11d50a3a" className="TestProject1.ParserTest, TestProject1, Version=1.0.0.0, Culture=neutral, PublicKeyToken=null" name="taskToBePerformedTest1" />
    </UnitTest>
    <UnitTest name="ConvertStringToDateTest" storage="c:\users\swetha\desktop\[f9s2][v0.2]\testproject1\bin\debug\testproject1.dll" id="42896bde-65ce-41ec-f595-fe8fc0dfa1cc">
      <Execution id="cc448d34-f604-4a59-b83b-e8ad5309b2fb" />
      <TestMethod codeBase="C:/Users/swetha/Desktop/[F9S2][V0.2]/TestProject1/bin/Debug/TestProject1.DLL" adapterTypeName="Microsoft.VisualStudio.TestTools.TestTypes.Unit.UnitTestAdapter, Microsoft.VisualStudio.QualityTools.Tips.UnitTest.Adapter, Version=10.0.0.0, Culture=neutral, PublicKeyToken=b03f5f7f11d50a3a" className="TestProject1.ConversionsTest, TestProject1, Version=1.0.0.0, Culture=neutral, PublicKeyToken=null" name="ConvertStringToDateTest" />
    </UnitTest>
    <UnitTest name="replaceWithAppropriateShortFormsTest" storage="c:\users\swetha\desktop\[f9s2][v0.2]\testproject1\bin\debug\testproject1.dll" id="2f37fc18-21b3-d1f0-4925-6942082d2bd1">
      <Execution id="cbdb2c7b-efe0-4d51-86d1-6625e01cb719" />
      <TestMethod codeBase="C:/Users/swetha/Desktop/[F9S2][V0.2]/TestProject1/bin/Debug/TestProject1.DLL" adapterTypeName="Microsoft.VisualStudio.TestTools.TestTypes.Unit.UnitTestAdapter, Microsoft.VisualStudio.QualityTools.Tips.UnitTest.Adapter, Version=10.0.0.0, Culture=neutral, PublicKeyToken=b03f5f7f11d50a3a" className="TestProject1.ConversionsTest, TestProject1, Version=1.0.0.0, Culture=neutral, PublicKeyToken=null" name="replaceWithAppropriateShortFormsTest" />
    </UnitTest>
    <UnitTest name="CheckIfCommandAndContentValidTest" storage="c:\users\swetha\desktop\[f9s2][v0.2]\testproject1\bin\debug\testproject1.dll" id="a3deb1a3-2ddb-ef40-25c9-0384b9a77a99">
      <Execution id="20a48eaa-dc6d-472f-80d4-ec6b29b8bb97" />
      <TestMethod codeBase="C:/Users/swetha/Desktop/[F9S2][V0.2]/TestProject1/bin/Debug/TestProject1.DLL" adapterTypeName="Microsoft.VisualStudio.TestTools.TestTypes.Unit.UnitTestAdapter, Microsoft.VisualStudio.QualityTools.Tips.UnitTest.Adapter, Version=10.0.0.0, Culture=neutral, PublicKeyToken=b03f5f7f11d50a3a" className="TestProject1.ParserTest, TestProject1, Version=1.0.0.0, Culture=neutral, PublicKeyToken=null" name="CheckIfCommandAndContentValidTest" />
    </UnitTest>
    <UnitTest name="CheckIfEventNameIsCorrectTest" storage="c:\users\swetha\desktop\[f9s2][v0.2]\testproject1\bin\debug\testproject1.dll" id="9437120d-b9e5-307f-cb85-e0d001e1e0c3">
      <Execution id="6fded10b-63d7-4e44-be15-9938e730d1bd" />
      <TestMethod codeBase="C:/Users/swetha/Desktop/[F9S2][V0.2]/TestProject1/bin/Debug/TestProject1.DLL" adapterTypeName="Microsoft.VisualStudio.TestTools.TestTypes.Unit.UnitTestAdapter, Microsoft.VisualStudio.QualityTools.Tips.UnitTest.Adapter, Version=10.0.0.0, Culture=neutral, PublicKeyToken=b03f5f7f11d50a3a" className="TestProject1.ErrorHandlingTest, TestProject1, Version=1.0.0.0, Culture=neutral, PublicKeyToken=null" name="CheckIfEventNameIsCorrectTest" />
    </UnitTest>
    <UnitTest name="HelpUserWriteCommandTest1" storage="c:\users\swetha\desktop\[f9s2][v0.2]\testproject1\bin\debug\testproject1.dll" id="7be700b9-d314-da17-fd2a-788053f6a1ad">
      <Execution id="cc3ebce7-f627-4cab-93e6-a13b70915e29" />
      <TestMethod codeBase="C:/Users/swetha/Desktop/[F9S2][V0.2]/TestProject1/bin/Debug/TestProject1.DLL" adapterTypeName="Microsoft.VisualStudio.TestTools.TestTypes.Unit.UnitTestAdapter, Microsoft.VisualStudio.QualityTools.Tips.UnitTest.Adapter, Version=10.0.0.0, Culture=neutral, PublicKeyToken=b03f5f7f11d50a3a" className="TestProject1.ParserTest, TestProject1, Version=1.0.0.0, Culture=neutral, PublicKeyToken=null" name="HelpUserWriteCommandTest1" />
    </UnitTest>
  </TestDefinitions>
  <TestLists>
    <TestList name="Results Not in a List" id="8c84fa94-04c1-424b-9868-57a2d4851a1d" />
    <TestList name="All Loaded Results" id="19431567-8539-422a-85d7-44ee4e166bda" />
  </TestLists>
  <TestEntries>
    <TestEntry testId="01862544-0151-bc4b-eef2-c78231c46765" executionId="a88d0e74-64a3-4a86-a2d2-fb88184fe788" testListId="8c84fa94-04c1-424b-9868-57a2d4851a1d" />
    <TestEntry testId="09277a0e-8813-a0dc-87e3-f8b39af59d95" executionId="5e54e234-4919-4323-8b7a-19fc784070e1" testListId="8c84fa94-04c1-424b-9868-57a2d4851a1d" />
    <TestEntry testId="249bd0f5-28f7-8fdd-b183-4daadf719678" executionId="090809aa-19ef-49cd-8568-c8bc5b026f03" testListId="8c84fa94-04c1-424b-9868-57a2d4851a1d" />
    <TestEntry testId="290985ae-7290-ffa5-ddf3-dc1ad7073d30" executionId="7d973266-9bca-424a-8eb2-776efc37d08c" testListId="8c84fa94-04c1-424b-9868-57a2d4851a1d" />
    <TestEntry testId="291e0111-5060-6201-9181-18664685707f" executionId="92e33706-c753-44fd-8bbf-1f4be2f6a823" testListId="8c84fa94-04c1-424b-9868-57a2d4851a1d" />
    <TestEntry testId="2f37fc18-21b3-d1f0-4925-6942082d2bd1" executionId="cbdb2c7b-efe0-4d51-86d1-6625e01cb719" testListId="8c84fa94-04c1-424b-9868-57a2d4851a1d" />
    <TestEntry testId="3c7e691a-d362-ee99-61a4-6a800be63181" executionId="46c4e6e2-8038-4864-8a65-244d89edb74c" testListId="8c84fa94-04c1-424b-9868-57a2d4851a1d" />
    <TestEntry testId="42896bde-65ce-41ec-f595-fe8fc0dfa1cc" executionId="cc448d34-f604-4a59-b83b-e8ad5309b2fb" testListId="8c84fa94-04c1-424b-9868-57a2d4851a1d" />
    <TestEntry testId="430f73b7-e7f8-467a-7ebe-d31af806a242" executionId="6f563057-8811-45dd-b716-f6bcd437da79" testListId="8c84fa94-04c1-424b-9868-57a2d4851a1d" />
    <TestEntry testId="5141cc8e-20fe-88ce-b820-67219233a4d3" executionId="1ab19c8f-7094-4874-9810-bbb5f5db2f45" testListId="8c84fa94-04c1-424b-9868-57a2d4851a1d" />
    <TestEntry testId="52efca71-c2b4-2100-e456-82aad3268b34" executionId="76a79c8f-3020-4cb3-9208-694ce479997b" testListId="8c84fa94-04c1-424b-9868-57a2d4851a1d" />
    <TestEntry testId="5675f85b-0061-ff5b-47b5-0e0ff0baf33a" executionId="1b718e53-2061-4c22-ab5d-af5bffd560d1" testListId="8c84fa94-04c1-424b-9868-57a2d4851a1d" />
    <TestEntry testId="5ee9d7b1-ec25-7322-61a2-90a0f78c097d" executionId="f03be8b5-2b64-4490-bc5a-a678231c5dfa" testListId="8c84fa94-04c1-424b-9868-57a2d4851a1d" />
    <TestEntry testId="7be700b9-d314-da17-fd2a-788053f6a1ad" executionId="cc3ebce7-f627-4cab-93e6-a13b70915e29" testListId="8c84fa94-04c1-424b-9868-57a2d4851a1d" />
    <TestEntry testId="7ecba722-39b2-0c77-caeb-80d5158acb13" executionId="9dabe0f9-2102-4bf1-9129-29131b511a5c" testListId="8c84fa94-04c1-424b-9868-57a2d4851a1d" />
    <TestEntry testId="811d5f4a-7ec9-8777-9423-ab65d6cc47b8" executionId="95635c2d-afc4-4542-b30b-133fa50ab0f5" testListId="8c84fa94-04c1-424b-9868-57a2d4851a1d" />
    <TestEntry testId="817bc3d3-de9f-2eb0-74c0-fdf6f97a120b" executionId="38d35ac1-dd32-4671-aaac-e65a0b33185d" testListId="8c84fa94-04c1-424b-9868-57a2d4851a1d" />
    <TestEntry testId="9164ae3e-5109-fabb-4d9d-d3f2554d728d" executionId="0a311807-df36-45ce-bef9-54f0e7221f98" testListId="8c84fa94-04c1-424b-9868-57a2d4851a1d" />
    <TestEntry testId="9437120d-b9e5-307f-cb85-e0d001e1e0c3" executionId="6fded10b-63d7-4e44-be15-9938e730d1bd" testListId="8c84fa94-04c1-424b-9868-57a2d4851a1d" />
    <TestEntry testId="a24feab6-c418-b744-08a0-4d987df3755e" executionId="3143b8ec-4fe1-4f1b-a5d7-5ebac3b2af2f" testListId="8c84fa94-04c1-424b-9868-57a2d4851a1d" />
    <TestEntry testId="a3deb1a3-2ddb-ef40-25c9-0384b9a77a99" executionId="20a48eaa-dc6d-472f-80d4-ec6b29b8bb97" testListId="8c84fa94-04c1-424b-9868-57a2d4851a1d" />
    <TestEntry testId="b2b3dc86-0c03-574e-f4bf-d904f295279c" executionId="565cb04f-a6fc-4964-b83f-f312b551bfd8" testListId="8c84fa94-04c1-424b-9868-57a2d4851a1d" />
    <TestEntry testId="b9f0d8f2-3773-3983-9410-797e7d452424" executionId="ce72b7b7-dc2c-45c7-a79a-8ba80aded2dc" testListId="8c84fa94-04c1-424b-9868-57a2d4851a1d" />
    <TestEntry testId="bc3953ec-d998-e41b-f6fc-055a5f8e631e" executionId="6a342f5d-51c5-4153-abb5-33347084673d" testListId="8c84fa94-04c1-424b-9868-57a2d4851a1d" />
    <TestEntry testId="be2fd57d-61da-8654-9530-0824be4b4617" executionId="82706109-cb9f-4a84-9ac0-f53172c4c6b1" testListId="8c84fa94-04c1-424b-9868-57a2d4851a1d" />
    <TestEntry testId="d8442adf-139d-dab4-2a85-7eff04e87ab5" executionId="aec7fffc-18ea-4423-824f-a7c76d6ddf1d" testListId="8c84fa94-04c1-424b-9868-57a2d4851a1d" />
    <TestEntry testId="e32f1aed-f336-c4fd-21d1-5fdc235f2a77" executionId="198e94b1-4a36-46e4-8bc1-605c033863a2" testListId="8c84fa94-04c1-424b-9868-57a2d4851a1d" />
    <TestEntry testId="e9b74553-7fc7-95c9-25d0-b7874d99b8a9" executionId="d4853710-2bb9-4e6e-a03d-7692fddcd1d5" testListId="8c84fa94-04c1-424b-9868-57a2d4851a1d" />
    <TestEntry testId="f33f9546-63a0-b1f3-2ab6-cbded7caec2c" executionId="99f1699c-ecf7-4043-a68c-7ee58cbe6c08" testListId="8c84fa94-04c1-424b-9868-57a2d4851a1d" />
  </TestEntries>
  <Results>
    <UnitTestResult executionId="a88d0e74-64a3-4a86-a2d2-fb88184fe788" testId="01862544-0151-bc4b-eef2-c78231c46765" testName="TaskDetailsConstructorTest" computerName="SWETHA-PC" duration="00:00:00.1027349" startTime="2011-11-03T20:22:26.5294096+08:00" endTime="2011-11-03T20:22:26.8014252+08:00" testType="13cdc9d9-ddb5-4fa4-a97d-d965ccfc6d4b" outcome="Passed" testListId="8c84fa94-04c1-424b-9868-57a2d4851a1d" relativeResultsDirectory="a88d0e74-64a3-4a86-a2d2-fb88184fe788">
    </UnitTestResult>
    <UnitTestResult executionId="5e54e234-4919-4323-8b7a-19fc784070e1" testId="09277a0e-8813-a0dc-87e3-f8b39af59d95" testName="convertEventsIntoTaskdetailsTest" computerName="SWETHA-PC" duration="00:00:00.0303511" startTime="2011-11-03T20:22:26.8034253+08:00" endTime="2011-11-03T20:22:26.8404274+08:00" testType="13cdc9d9-ddb5-4fa4-a97d-d965ccfc6d4b" outcome="Failed" testListId="8c84fa94-04c1-424b-9868-57a2d4851a1d" relativeResultsDirectory="5e54e234-4919-4323-8b7a-19fc784070e1">
      <Output>
        <ErrorInfo>
          <Message>Test method TestProject1.ConversionsTest.convertEventsIntoTaskdetailsTest threw exception: 
System.NullReferenceException: Object reference not set to an instance of an object.</Message>
          <StackTrace>    at ToDoList.TaskDetails.setEndRepeat(String s) in C:\Users\swetha\Desktop\[F9S2][V0.2]\Logic\TaskDetails.cs:line 393
   at TestProject1.ConversionsTest.convertEventsIntoTaskdetailsTest() in C:\Users\swetha\Desktop\[F9S2][V0.2]\TestProject1\ConversionsTest.cs:line 205
</StackTrace>
        </ErrorInfo>
      </Output>
    </UnitTestResult>
    <UnitTestResult executionId="090809aa-19ef-49cd-8568-c8bc5b026f03" testId="249bd0f5-28f7-8fdd-b183-4daadf719678" testName="convertTaskdetailsIntoEventTest" computerName="SWETHA-PC" duration="00:00:00.0016314" startTime="2011-11-03T20:22:26.8424275+08:00" endTime="2011-11-03T20:22:26.8494279+08:00" testType="13cdc9d9-ddb5-4fa4-a97d-d965ccfc6d4b" outcome="Passed" testListId="8c84fa94-04c1-424b-9868-57a2d4851a1d" relativeResultsDirectory="090809aa-19ef-49cd-8568-c8bc5b026f03">
    </UnitTestResult>
    <UnitTestResult executionId="7d973266-9bca-424a-8eb2-776efc37d08c" testId="290985ae-7290-ffa5-ddf3-dc1ad7073d30" testName="checkForWhatCommandTest" computerName="SWETHA-PC" duration="00:00:00.0021765" startTime="2011-11-03T20:22:26.8504280+08:00" endTime="2011-11-03T20:22:26.8594285+08:00" testType="13cdc9d9-ddb5-4fa4-a97d-d965ccfc6d4b" outcome="Passed" testListId="8c84fa94-04c1-424b-9868-57a2d4851a1d" relativeResultsDirectory="7d973266-9bca-424a-8eb2-776efc37d08c">
    </UnitTestResult>
    <UnitTestResult executionId="92e33706-c753-44fd-8bbf-1f4be2f6a823" testId="291e0111-5060-6201-9181-18664685707f" testName="getDisplayMessageTest" computerName="SWETHA-PC" duration="00:00:00.0008118" startTime="2011-11-03T20:22:26.8624286+08:00" endTime="2011-11-03T20:22:26.8684290+08:00" testType="13cdc9d9-ddb5-4fa4-a97d-d965ccfc6d4b" outcome="Passed" testListId="8c84fa94-04c1-424b-9868-57a2d4851a1d" relativeResultsDirectory="92e33706-c753-44fd-8bbf-1f4be2f6a823">
    </UnitTestResult>
    <UnitTestResult executionId="cbdb2c7b-efe0-4d51-86d1-6625e01cb719" testId="2f37fc18-21b3-d1f0-4925-6942082d2bd1" testName="replaceWithAppropriateShortFormsTest" computerName="SWETHA-PC" duration="00:00:00.0002459" startTime="2011-11-03T20:22:26.8704291+08:00" endTime="2011-11-03T20:22:26.8754294+08:00" testType="13cdc9d9-ddb5-4fa4-a97d-d965ccfc6d4b" outcome="Passed" testListId="8c84fa94-04c1-424b-9868-57a2d4851a1d" relativeResultsDirectory="cbdb2c7b-efe0-4d51-86d1-6625e01cb719">
    </UnitTestResult>
    <UnitTestResult executionId="46c4e6e2-8038-4864-8a65-244d89edb74c" testId="3c7e691a-d362-ee99-61a4-6a800be63181" testName="convertStringIntoTaskDetailsTest" computerName="SWETHA-PC" duration="00:00:00.0017045" startTime="2011-11-03T20:22:26.8774295+08:00" endTime="2011-11-03T20:22:26.8844299+08:00" testType="13cdc9d9-ddb5-4fa4-a97d-d965ccfc6d4b" outcome="Passed" testListId="8c84fa94-04c1-424b-9868-57a2d4851a1d" relativeResultsDirectory="46c4e6e2-8038-4864-8a65-244d89edb74c">
    </UnitTestResult>
    <UnitTestResult executionId="cc448d34-f604-4a59-b83b-e8ad5309b2fb" testId="42896bde-65ce-41ec-f595-fe8fc0dfa1cc" testName="ConvertStringToDateTest" computerName="SWETHA-PC" duration="00:00:00.0008842" startTime="2011-11-03T20:22:26.8854300+08:00" endTime="2011-11-03T20:22:26.8924304+08:00" testType="13cdc9d9-ddb5-4fa4-a97d-d965ccfc6d4b" outcome="Passed" testListId="8c84fa94-04c1-424b-9868-57a2d4851a1d" relativeResultsDirectory="cc448d34-f604-4a59-b83b-e8ad5309b2fb">
    </UnitTestResult>
    <UnitTestResult executionId="6f563057-8811-45dd-b716-f6bcd437da79" testId="430f73b7-e7f8-467a-7ebe-d31af806a242" testName="ConvertMinutesToHoursTest" computerName="SWETHA-PC" duration="00:00:00.0006448" startTime="2011-11-03T20:22:26.8954305+08:00" endTime="2011-11-03T20:22:26.9004308+08:00" testType="13cdc9d9-ddb5-4fa4-a97d-d965ccfc6d4b" outcome="Passed" testListId="8c84fa94-04c1-424b-9868-57a2d4851a1d" relativeResultsDirectory="6f563057-8811-45dd-b716-f6bcd437da79">
    </UnitTestResult>
    <UnitTestResult executionId="1ab19c8f-7094-4874-9810-bbb5f5db2f45" testId="5141cc8e-20fe-88ce-b820-67219233a4d3" testName="OperationConstructorTest" computerName="SWETHA-PC" duration="00:00:00.0002671" startTime="2011-11-03T20:22:26.9034310+08:00" endTime="2011-11-03T20:22:26.9084313+08:00" testType="13cdc9d9-ddb5-4fa4-a97d-d965ccfc6d4b" outcome="Passed" testListId="8c84fa94-04c1-424b-9868-57a2d4851a1d" relativeResultsDirectory="1ab19c8f-7094-4874-9810-bbb5f5db2f45">
    </UnitTestResult>
    <UnitTestResult executionId="76a79c8f-3020-4cb3-9208-694ce479997b" testId="52efca71-c2b4-2100-e456-82aad3268b34" testName="ViewPerformanceTest" computerName="SWETHA-PC" duration="00:00:00.0039184" startTime="2011-11-03T20:22:26.9104314+08:00" endTime="2011-11-03T20:22:26.9194319+08:00" testType="13cdc9d9-ddb5-4fa4-a97d-d965ccfc6d4b" outcome="Inconclusive" testListId="8c84fa94-04c1-424b-9868-57a2d4851a1d" relativeResultsDirectory="76a79c8f-3020-4cb3-9208-694ce479997b">
      <Output>
        <ErrorInfo>
          <Message>Assert.Inconclusive failed. Verify the correctness of this test method.</Message>
          <StackTrace>   at TestProject1.OperationTest.ViewPerformanceTest() in C:\Users\swetha\Desktop\[F9S2][V0.2]\TestProject1\OperationTest.cs:line 105
</StackTrace>
        </ErrorInfo>
      </Output>
    </UnitTestResult>
    <UnitTestResult executionId="1b718e53-2061-4c22-ab5d-af5bffd560d1" testId="5675f85b-0061-ff5b-47b5-0e0ff0baf33a" testName="ConvertArrayOfStringIntoListOfIntTest" computerName="SWETHA-PC" duration="00:00:00.0006671" startTime="2011-11-03T20:22:26.9204320+08:00" endTime="2011-11-03T20:22:26.9254323+08:00" testType="13cdc9d9-ddb5-4fa4-a97d-d965ccfc6d4b" outcome="Passed" testListId="8c84fa94-04c1-424b-9868-57a2d4851a1d" relativeResultsDirectory="1b718e53-2061-4c22-ab5d-af5bffd560d1">
    </UnitTestResult>
    <UnitTestResult executionId="f03be8b5-2b64-4490-bc5a-a678231c5dfa" testId="5ee9d7b1-ec25-7322-61a2-90a0f78c097d" testName="convertTaskDetailToWriteIntoFileTest" computerName="SWETHA-PC" duration="00:00:00.0023701" startTime="2011-11-03T20:22:26.9264323+08:00" endTime="2011-11-03T20:22:26.9324327+08:00" testType="13cdc9d9-ddb5-4fa4-a97d-d965ccfc6d4b" outcome="Failed" testListId="8c84fa94-04c1-424b-9868-57a2d4851a1d" relativeResultsDirectory="f03be8b5-2b64-4490-bc5a-a678231c5dfa">
      <Output>
        <ErrorInfo>
          <Message>Assert.AreEqual failed. Expected:&lt;&gt;. Actual:&lt;(null)&gt;. </Message>
          <StackTrace>   at TestProject1.ConversionsTest.convertTaskDetailToWriteIntoFileTest() in C:\Users\swetha\Desktop\[F9S2][V0.2]\TestProject1\ConversionsTest.cs:line 240
</StackTrace>
        </ErrorInfo>
      </Output>
    </UnitTestResult>
    <UnitTestResult executionId="cc3ebce7-f627-4cab-93e6-a13b70915e29" testId="7be700b9-d314-da17-fd2a-788053f6a1ad" testName="HelpUserWriteCommandTest1" computerName="SWETHA-PC" duration="00:00:00.0009277" startTime="2011-11-03T20:22:26.9344328+08:00" endTime="2011-11-03T20:22:26.9394331+08:00" testType="13cdc9d9-ddb5-4fa4-a97d-d965ccfc6d4b" outcome="Passed" testListId="8c84fa94-04c1-424b-9868-57a2d4851a1d" relativeResultsDirectory="cc3ebce7-f627-4cab-93e6-a13b70915e29">
    </UnitTestResult>
    <UnitTestResult executionId="9dabe0f9-2102-4bf1-9129-29131b511a5c" testId="7ecba722-39b2-0c77-caeb-80d5158acb13" testName="Convert12HourFormatTo24HourFormatTest" computerName="SWETHA-PC" duration="00:00:00.0003118" startTime="2011-11-03T20:22:26.9404331+08:00" endTime="2011-11-03T20:22:26.9454334+08:00" testType="13cdc9d9-ddb5-4fa4-a97d-d965ccfc6d4b" outcome="Passed" testListId="8c84fa94-04c1-424b-9868-57a2d4851a1d" relativeResultsDirectory="9dabe0f9-2102-4bf1-9129-29131b511a5c">
    </UnitTestResult>
    <UnitTestResult executionId="95635c2d-afc4-4542-b30b-133fa50ab0f5" testId="811d5f4a-7ec9-8777-9423-ab65d6cc47b8" testName="SyntaxOfTextboxTextTest" computerName="SWETHA-PC" duration="00:00:00.0012703" startTime="2011-11-03T20:22:26.9474335+08:00" endTime="2011-11-03T20:22:26.9524338+08:00" testType="13cdc9d9-ddb5-4fa4-a97d-d965ccfc6d4b" outcome="Passed" testListId="8c84fa94-04c1-424b-9868-57a2d4851a1d" relativeResultsDirectory="95635c2d-afc4-4542-b30b-133fa50ab0f5">
    </UnitTestResult>
    <UnitTestResult executionId="38d35ac1-dd32-4671-aaac-e65a0b33185d" testId="817bc3d3-de9f-2eb0-74c0-fdf6f97a120b" testName="Convert24HourFormatTo12HourFormatTest" computerName="SWETHA-PC" duration="00:00:00.0009585" startTime="2011-11-03T20:22:26.9544339+08:00" endTime="2011-11-03T20:22:26.9594342+08:00" testType="13cdc9d9-ddb5-4fa4-a97d-d965ccfc6d4b" outcome="Passed" testListId="8c84fa94-04c1-424b-9868-57a2d4851a1d" relativeResultsDirectory="38d35ac1-dd32-4671-aaac-e65a0b33185d">
    </UnitTestResult>
    <UnitTestResult executionId="0a311807-df36-45ce-bef9-54f0e7221f98" testId="9164ae3e-5109-fabb-4d9d-d3f2554d728d" testName="ConvertSecondsToHoursTest" computerName="SWETHA-PC" duration="00:00:00.0006140" startTime="2011-11-03T20:22:26.9614343+08:00" endTime="2011-11-03T20:22:26.9654345+08:00" testType="13cdc9d9-ddb5-4fa4-a97d-d965ccfc6d4b" outcome="Passed" testListId="8c84fa94-04c1-424b-9868-57a2d4851a1d" relativeResultsDirectory="0a311807-df36-45ce-bef9-54f0e7221f98">
    </UnitTestResult>
    <UnitTestResult executionId="6fded10b-63d7-4e44-be15-9938e730d1bd" testId="9437120d-b9e5-307f-cb85-e0d001e1e0c3" testName="CheckIfEventNameIsCorrectTest" computerName="SWETHA-PC" duration="00:00:04.1722199" startTime="2011-11-03T20:22:26.9674347+08:00" endTime="2011-11-03T20:22:31.1466737+08:00" testType="13cdc9d9-ddb5-4fa4-a97d-d965ccfc6d4b" outcome="Passed" testListId="8c84fa94-04c1-424b-9868-57a2d4851a1d" relativeResultsDirectory="6fded10b-63d7-4e44-be15-9938e730d1bd">
      <Output>
        <DebugTrace>Fail: 
</DebugTrace>
      </Output>
    </UnitTestResult>
    <UnitTestResult executionId="3143b8ec-4fe1-4f1b-a5d7-5ebac3b2af2f" testId="a24feab6-c418-b744-08a0-4d987df3755e" testName="ConvertDateTo_ddmmyyFormatTest" computerName="SWETHA-PC" duration="00:00:00.0014505" startTime="2011-11-03T20:22:31.1736752+08:00" endTime="2011-11-03T20:22:31.1876760+08:00" testType="13cdc9d9-ddb5-4fa4-a97d-d965ccfc6d4b" outcome="Passed" testListId="8c84fa94-04c1-424b-9868-57a2d4851a1d" relativeResultsDirectory="3143b8ec-4fe1-4f1b-a5d7-5ebac3b2af2f">
    </UnitTestResult>
    <UnitTestResult executionId="20a48eaa-dc6d-472f-80d4-ec6b29b8bb97" testId="a3deb1a3-2ddb-ef40-25c9-0384b9a77a99" testName="CheckIfCommandAndContentValidTest" computerName="SWETHA-PC" duration="00:00:00.0016641" startTime="2011-11-03T20:22:31.1946764+08:00" endTime="2011-11-03T20:22:31.2006768+08:00" testType="13cdc9d9-ddb5-4fa4-a97d-d965ccfc6d4b" outcome="Passed" testListId="8c84fa94-04c1-424b-9868-57a2d4851a1d" relativeResultsDirectory="20a48eaa-dc6d-472f-80d4-ec6b29b8bb97">
    </UnitTestResult>
    <UnitTestResult executionId="565cb04f-a6fc-4964-b83f-f312b551bfd8" testId="b2b3dc86-0c03-574e-f4bf-d904f295279c" testName="durationOrRemainderToTotalHoursTest" computerName="SWETHA-PC" duration="00:00:00.0002563" startTime="2011-11-03T20:22:31.2056771+08:00" endTime="2011-11-03T20:22:31.2096773+08:00" testType="13cdc9d9-ddb5-4fa4-a97d-d965ccfc6d4b" outcome="Passed" testListId="8c84fa94-04c1-424b-9868-57a2d4851a1d" relativeResultsDirectory="565cb04f-a6fc-4964-b83f-f312b551bfd8">
    </UnitTestResult>
    <UnitTestResult executionId="ce72b7b7-dc2c-45c7-a79a-8ba80aded2dc" testId="b9f0d8f2-3773-3983-9410-797e7d452424" testName="interpretRepeatAsNumberOfDaysTest" computerName="SWETHA-PC" duration="00:00:00.0021430" startTime="2011-11-03T20:22:31.2126775+08:00" endTime="2011-11-03T20:22:31.2216780+08:00" testType="13cdc9d9-ddb5-4fa4-a97d-d965ccfc6d4b" outcome="Passed" testListId="8c84fa94-04c1-424b-9868-57a2d4851a1d" relativeResultsDirectory="ce72b7b7-dc2c-45c7-a79a-8ba80aded2dc">
    </UnitTestResult>
    <UnitTestResult executionId="6a342f5d-51c5-4153-abb5-33347084673d" testId="bc3953ec-d998-e41b-f6fc-055a5f8e631e" testName="taskToBePerformedTest1" computerName="SWETHA-PC" duration="00:00:01.2118724" startTime="2011-11-03T20:22:31.2226780+08:00" endTime="2011-11-03T20:22:32.4467481+08:00" testType="13cdc9d9-ddb5-4fa4-a97d-d965ccfc6d4b" outcome="Passed" testListId="8c84fa94-04c1-424b-9868-57a2d4851a1d" relativeResultsDirectory="6a342f5d-51c5-4153-abb5-33347084673d">
      <Output>
        <DebugTrace>Fail: 
</DebugTrace>
      </Output>
    </UnitTestResult>
    <UnitTestResult executionId="82706109-cb9f-4a84-9ac0-f53172c4c6b1" testId="be2fd57d-61da-8654-9530-0824be4b4617" testName="ConvertDaysToHoursTest" computerName="SWETHA-PC" duration="00:00:00.0005354" startTime="2011-11-03T20:22:32.4597488+08:00" endTime="2011-11-03T20:22:32.4697494+08:00" testType="13cdc9d9-ddb5-4fa4-a97d-d965ccfc6d4b" outcome="Passed" testListId="8c84fa94-04c1-424b-9868-57a2d4851a1d" relativeResultsDirectory="82706109-cb9f-4a84-9ac0-f53172c4c6b1">
    </UnitTestResult>
    <UnitTestResult executionId="aec7fffc-18ea-4423-824f-a7c76d6ddf1d" testId="d8442adf-139d-dab4-2a85-7eff04e87ab5" testName="displayTimeLineWithEventsTest" computerName="SWETHA-PC" duration="00:00:00.0063179" startTime="2011-11-03T20:22:32.4727495+08:00" endTime="2011-11-03T20:22:32.4847502+08:00" testType="13cdc9d9-ddb5-4fa4-a97d-d965ccfc6d4b" outcome="Inconclusive" testListId="8c84fa94-04c1-424b-9868-57a2d4851a1d" relativeResultsDirectory="aec7fffc-18ea-4423-824f-a7c76d6ddf1d">
      <Output>
        <ErrorInfo>
          <Message>Assert.Inconclusive failed. Verify the correctness of this test method.</Message>
          <StackTrace>   at TestProject1.OperationTest.displayTimeLineWithEventsTest() in C:\Users\swetha\Desktop\[F9S2][V0.2]\TestProject1\OperationTest.cs:line 163
</StackTrace>
        </ErrorInfo>
      </Output>
    </UnitTestResult>
    <UnitTestResult executionId="198e94b1-4a36-46e4-8bc1-605c033863a2" testId="e32f1aed-f336-c4fd-21d1-5fdc235f2a77" testName="decideOntaskTest" computerName="SWETHA-PC" duration="00:00:00.0015305" startTime="2011-11-03T20:22:32.4907506+08:00" endTime="2011-11-03T20:22:32.4987510+08:00" testType="13cdc9d9-ddb5-4fa4-a97d-d965ccfc6d4b" outcome="Passed" testListId="8c84fa94-04c1-424b-9868-57a2d4851a1d" relativeResultsDirectory="198e94b1-4a36-46e4-8bc1-605c033863a2">
    </UnitTestResult>
    <UnitTestResult executionId="d4853710-2bb9-4e6e-a03d-7692fddcd1d5" testId="e9b74553-7fc7-95c9-25d0-b7874d99b8a9" testName="creatDateEventObjectTest" computerName="SWETHA-PC" duration="00:00:00.0008122" startTime="2011-11-03T20:22:32.5007511+08:00" endTime="2011-11-03T20:22:32.5077515+08:00" testType="13cdc9d9-ddb5-4fa4-a97d-d965ccfc6d4b" outcome="Passed" testListId="8c84fa94-04c1-424b-9868-57a2d4851a1d" relativeResultsDirectory="d4853710-2bb9-4e6e-a03d-7692fddcd1d5">
    </UnitTestResult>
    <UnitTestResult executionId="99f1699c-ecf7-4043-a68c-7ee58cbe6c08" testId="f33f9546-63a0-b1f3-2ab6-cbded7caec2c" testName="ParserConstructorTest" computerName="SWETHA-PC" duration="00:00:00.0008707" startTime="2011-11-03T20:22:32.5117518+08:00" endTime="2011-11-03T20:22:32.5177521+08:00" testType="13cdc9d9-ddb5-4fa4-a97d-d965ccfc6d4b" outcome="Passed" testListId="8c84fa94-04c1-424b-9868-57a2d4851a1d" relativeResultsDirectory="99f1699c-ecf7-4043-a68c-7ee58cbe6c08">
    </UnitTestResult>
  </Results>
</TestRun>