<?xml version="1.0" encoding="UTF-8"?>
<TestRun id="291d7bd7-9934-493a-9b43-185d44982937" name="swetha@SWETHA-PC 2011-11-03 20:14:05" runUser="swetha-PC\swetha" xmlns="http://microsoft.com/schemas/VisualStudio/TeamTest/2010">
  <TestSettings name="Default Test Settings" id="1f5688d6-3c59-470c-9f6b-8c66dd7f9333">
    <Deployment runDeploymentRoot="swetha_SWETHA-PC 2011-11-03 20_14_05">
      <DeploymentItem filename="C:\Program Files (x86)\WPF Toolkit\v3.5.50211.1\System.Windows.Controls.DataVisualization.Toolkit.Design.4.0.dll" />
      <DeploymentItem filename="C:\Users\swetha\Desktop\[F9S2][V0.2]\bin\Debug\ToDoList.exe" />
      <DeploymentItem filename="C:\Program Files (x86)\WPF Toolkit\v3.5.50211.1\System.Windows.Controls.DataVisualization.Toolkit.dll" />
    </Deployment>
    <Execution>
      <TestTypeSpecific />
      <AgentRule name="Execution Agents">
      </AgentRule>
    </Execution>
  </TestSettings>
  <Times creation="2011-11-03T20:14:05.4927519+08:00" queuing="2011-11-03T20:14:05.7057641+08:00" start="2011-11-03T20:14:05.7107644+08:00" finish="2011-11-03T20:14:06.0067813+08:00" />
  <ResultSummary outcome="Failed">
    <Counters total="1" executed="1" error="0" failed="1" timeout="0" aborted="0" inconclusive="0" passedButRunAborted="0" notRunnable="0" notExecuted="0" disconnected="0" warning="0" passed="0" completed="0" inProgress="0" pending="0" />
  </ResultSummary>
  <TestDefinitions>
    <UnitTest name="CheckIfRepeatIsSetTest" storage="c:\users\swetha\desktop\[f9s2][v0.2]\testproject1\bin\debug\testproject1.dll" id="db0fd72f-fa21-7d08-1b8a-b0a616bd417d">
      <DeploymentItems>
        <DeploymentItem filename="ToDoList.exe" />
      </DeploymentItems>
      <Execution id="b8ab9bcc-4756-400c-9670-e6dac167264c" />
      <TestMethod codeBase="C:/Users/swetha/Desktop/[F9S2][V0.2]/TestProject1/bin/Debug/TestProject1.DLL" adapterTypeName="Microsoft.VisualStudio.TestTools.TestTypes.Unit.UnitTestAdapter, Microsoft.VisualStudio.QualityTools.Tips.UnitTest.Adapter, Version=10.0.0.0, Culture=neutral, PublicKeyToken=b03f5f7f11d50a3a" className="TestProject1.OperationTest, TestProject1, Version=1.0.0.0, Culture=neutral, PublicKeyToken=null" name="CheckIfRepeatIsSetTest" />
    </UnitTest>
  </TestDefinitions>
  <TestLists>
    <TestList name="Results Not in a List" id="8c84fa94-04c1-424b-9868-57a2d4851a1d" />
    <TestList name="All Loaded Results" id="19431567-8539-422a-85d7-44ee4e166bda" />
  </TestLists>
  <TestEntries>
    <TestEntry testId="db0fd72f-fa21-7d08-1b8a-b0a616bd417d" executionId="b8ab9bcc-4756-400c-9670-e6dac167264c" testListId="8c84fa94-04c1-424b-9868-57a2d4851a1d" />
  </TestEntries>
  <Results>
    <UnitTestResult executionId="b8ab9bcc-4756-400c-9670-e6dac167264c" testId="db0fd72f-fa21-7d08-1b8a-b0a616bd417d" testName="CheckIfRepeatIsSetTest" computerName="SWETHA-PC" duration="00:00:00.0915530" startTime="2011-11-03T20:14:05.7137646+08:00" endTime="2011-11-03T20:14:05.9897804+08:00" testType="13cdc9d9-ddb5-4fa4-a97d-d965ccfc6d4b" outcome="Failed" testListId="8c84fa94-04c1-424b-9868-57a2d4851a1d" relativeResultsDirectory="b8ab9bcc-4756-400c-9670-e6dac167264c">
      <Output>
        <ErrorInfo>
          <Message>Test method TestProject1.OperationTest.CheckIfRepeatIsSetTest threw exception: 
System.NullReferenceException: Object reference not set to an instance of an object.</Message>
          <StackTrace>   at ToDoList.Operation_Accessor.CheckIfRepeatIsSet(TaskDetails_Accessor t)
   at TestProject1.OperationTest.CheckIfRepeatIsSetTest() in C:\Users\swetha\Desktop\[F9S2][V0.2]\TestProject1\OperationTest.cs:line 94
</StackTrace>
        </ErrorInfo>
      </Output>
    </UnitTestResult>
  </Results>
</TestRun>