<?xml version="1.0" encoding="UTF-8"?>
<TestRun id="ac000058-1da0-4fc6-a3b9-3816db606301" name="swetha@SWETHA-PC 2011-11-03 20:10:50" runUser="swetha-PC\swetha" xmlns="http://microsoft.com/schemas/VisualStudio/TeamTest/2010">
  <TestSettings name="Default Test Settings" id="854cc26d-42fe-47d2-938a-fa77520dcc0d">
    <Deployment runDeploymentRoot="swetha_SWETHA-PC 2011-11-03 20_10_50">
      <DeploymentItem filename="C:\Program Files (x86)\WPF Toolkit\v3.5.50211.1\System.Windows.Controls.DataVisualization.Toolkit.Design.4.0.dll" />
      <DeploymentItem filename="C:\Users\swetha\Desktop\[F9S2][V0.2]\bin\Debug\ToDoList.exe" />
      <DeploymentItem filename="C:\Program Files (x86)\WPF Toolkit\v3.5.50211.1\System.Windows.Controls.DataVisualization.Toolkit.dll" />
    </Deployment>
    <Execution>
      <TestTypeSpecific />
      <AgentRule name="Execution Agents">
      </AgentRule>
    </Execution>
  </TestSettings>
  <Times creation="2011-11-03T20:10:50.2365839+08:00" queuing="2011-11-03T20:10:50.3785921+08:00" start="2011-11-03T20:10:50.3865925+08:00" finish="2011-11-03T20:10:50.8176172+08:00" />
  <ResultSummary outcome="Completed">
    <Counters total="1" executed="1" passed="1" error="0" failed="0" timeout="0" aborted="0" inconclusive="0" passedButRunAborted="0" notRunnable="0" notExecuted="0" disconnected="0" warning="0" completed="0" inProgress="0" pending="0" />
  </ResultSummary>
  <TestDefinitions>
    <UnitTest name="creatDateEventObjectTest" storage="c:\users\swetha\desktop\[f9s2][v0.2]\testproject1\bin\debug\testproject1.dll" id="e9b74553-7fc7-95c9-25d0-b7874d99b8a9">
      <Execution id="73a991ff-ae3e-4a05-976e-fdbb0e4e2851" />
      <TestMethod codeBase="C:/Users/swetha/Desktop/[F9S2][V0.2]/TestProject1/bin/Debug/TestProject1.DLL" adapterTypeName="Microsoft.VisualStudio.TestTools.TestTypes.Unit.UnitTestAdapter, Microsoft.VisualStudio.QualityTools.Tips.UnitTest.Adapter, Version=10.0.0.0, Culture=neutral, PublicKeyToken=b03f5f7f11d50a3a" className="TestProject1.OperationTest, TestProject1, Version=1.0.0.0, Culture=neutral, PublicKeyToken=null" name="creatDateEventObjectTest" />
    </UnitTest>
  </TestDefinitions>
  <TestLists>
    <TestList name="Results Not in a List" id="8c84fa94-04c1-424b-9868-57a2d4851a1d" />
    <TestList name="All Loaded Results" id="19431567-8539-422a-85d7-44ee4e166bda" />
  </TestLists>
  <TestEntries>
    <TestEntry testId="e9b74553-7fc7-95c9-25d0-b7874d99b8a9" executionId="73a991ff-ae3e-4a05-976e-fdbb0e4e2851" testListId="8c84fa94-04c1-424b-9868-57a2d4851a1d" />
  </TestEntries>
  <Results>
    <UnitTestResult executionId="73a991ff-ae3e-4a05-976e-fdbb0e4e2851" testId="e9b74553-7fc7-95c9-25d0-b7874d99b8a9" testName="creatDateEventObjectTest" computerName="SWETHA-PC" duration="00:00:00.1937479" startTime="2011-11-03T20:10:50.3895927+08:00" endTime="2011-11-03T20:10:50.8026163+08:00" testType="13cdc9d9-ddb5-4fa4-a97d-d965ccfc6d4b" outcome="Passed" testListId="8c84fa94-04c1-424b-9868-57a2d4851a1d" relativeResultsDirectory="73a991ff-ae3e-4a05-976e-fdbb0e4e2851">
    </UnitTestResult>
  </Results>
</TestRun>