<?xml version="1.0" encoding="UTF-8"?>
<TestRun id="127418a1-6dc3-469c-afa8-280053f2a798" name="swetha@SWETHA-PC 2011-11-03 20:15:27" runUser="swetha-PC\swetha" xmlns="http://microsoft.com/schemas/VisualStudio/TeamTest/2010">
  <TestSettings name="Default Test Settings" id="71307628-32de-4a58-b26d-19f2f9d1445f">
    <Deployment runDeploymentRoot="swetha_SWETHA-PC 2011-11-03 20_15_27">
      <DeploymentItem filename="C:\Program Files (x86)\WPF Toolkit\v3.5.50211.1\System.Windows.Controls.DataVisualization.Toolkit.Design.4.0.dll" />
      <DeploymentItem filename="C:\Users\swetha\Desktop\[F9S2][V0.2]\bin\Debug\ToDoList.exe" />
      <DeploymentItem filename="C:\Program Files (x86)\WPF Toolkit\v3.5.50211.1\System.Windows.Controls.DataVisualization.Toolkit.dll" />
    </Deployment>
    <Execution>
      <TestTypeSpecific />
      <AgentRule name="Execution Agents">
      </AgentRule>
    </Execution>
  </TestSettings>
  <Times creation="2011-11-03T20:15:27.7654577+08:00" queuing="2011-11-03T20:15:27.9884704+08:00" start="2011-11-03T20:15:28.0014712+08:00" finish="2011-11-03T20:15:31.2236555+08:00" />
  <ResultSummary outcome="Failed">
    <Counters total="34" executed="34" passed="25" error="0" failed="7" timeout="0" aborted="0" inconclusive="2" passedButRunAborted="0" notRunnable="0" notExecuted="0" disconnected="0" warning="0" completed="0" inProgress="0" pending="0" />
  </ResultSummary>
  <TestDefinitions>
    <UnitTest name="convertEventsIntoTaskdetailsTest" storage="c:\users\swetha\desktop\[f9s2][v0.2]\testproject1\bin\debug\testproject1.dll" id="09277a0e-8813-a0dc-87e3-f8b39af59d95">
      <Execution id="cc449110-603d-4402-aee3-8d2c2a367e7a" />
      <TestMethod codeBase="C:/Users/swetha/Desktop/[F9S2][V0.2]/TestProject1/bin/Debug/TestProject1.DLL" adapterTypeName="Microsoft.VisualStudio.TestTools.TestTypes.Unit.UnitTestAdapter, Microsoft.VisualStudio.QualityTools.Tips.UnitTest.Adapter, Version=10.0.0.0, Culture=neutral, PublicKeyToken=b03f5f7f11d50a3a" className="TestProject1.ConversionsTest, TestProject1, Version=1.0.0.0, Culture=neutral, PublicKeyToken=null" name="convertEventsIntoTaskdetailsTest" />
    </UnitTest>
    <UnitTest name="decideOntaskTest" storage="c:\users\swetha\desktop\[f9s2][v0.2]\testproject1\bin\debug\testproject1.dll" id="e32f1aed-f336-c4fd-21d1-5fdc235f2a77">
      <Execution id="d95de33e-a009-4300-a0ea-dde765676777" />
      <TestMethod codeBase="C:/Users/swetha/Desktop/[F9S2][V0.2]/TestProject1/bin/Debug/TestProject1.DLL" adapterTypeName="Microsoft.VisualStudio.TestTools.TestTypes.Unit.UnitTestAdapter, Microsoft.VisualStudio.QualityTools.Tips.UnitTest.Adapter, Version=10.0.0.0, Culture=neutral, PublicKeyToken=b03f5f7f11d50a3a" className="TestProject1.OperationTest, TestProject1, Version=1.0.0.0, Culture=neutral, PublicKeyToken=null" name="decideOntaskTest" />
    </UnitTest>
    <UnitTest name="ConvertArrayOfStringIntoListOfIntTest" storage="c:\users\swetha\desktop\[f9s2][v0.2]\testproject1\bin\debug\testproject1.dll" id="5675f85b-0061-ff5b-47b5-0e0ff0baf33a">
      <Execution id="83ee07f1-034d-4342-8e58-cc3f31166dfc" />
      <TestMethod codeBase="C:/Users/swetha/Desktop/[F9S2][V0.2]/TestProject1/bin/Debug/TestProject1.DLL" adapterTypeName="Microsoft.VisualStudio.TestTools.TestTypes.Unit.UnitTestAdapter, Microsoft.VisualStudio.QualityTools.Tips.UnitTest.Adapter, Version=10.0.0.0, Culture=neutral, PublicKeyToken=b03f5f7f11d50a3a" className="TestProject1.ConversionsTest, TestProject1, Version=1.0.0.0, Culture=neutral, PublicKeyToken=null" name="ConvertArrayOfStringIntoListOfIntTest" />
    </UnitTest>
    <UnitTest name="convertTaskdetailsIntoEventTest" storage="c:\users\swetha\desktop\[f9s2][v0.2]\testproject1\bin\debug\testproject1.dll" id="249bd0f5-28f7-8fdd-b183-4daadf719678">
      <Execution id="dcfdecf5-e895-4f25-b14d-657eb42ba873" />
      <TestMethod codeBase="C:/Users/swetha/Desktop/[F9S2][V0.2]/TestProject1/bin/Debug/TestProject1.DLL" adapterTypeName="Microsoft.VisualStudio.TestTools.TestTypes.Unit.UnitTestAdapter, Microsoft.VisualStudio.QualityTools.Tips.UnitTest.Adapter, Version=10.0.0.0, Culture=neutral, PublicKeyToken=b03f5f7f11d50a3a" className="TestProject1.ConversionsTest, TestProject1, Version=1.0.0.0, Culture=neutral, PublicKeyToken=null" name="convertTaskdetailsIntoEventTest" />
    </UnitTest>
    <UnitTest name="SyntaxOfTextboxTextTest" storage="c:\users\swetha\desktop\[f9s2][v0.2]\testproject1\bin\debug\testproject1.dll" id="811d5f4a-7ec9-8777-9423-ab65d6cc47b8">
      <Execution id="7bba3aa2-8d28-4ce6-980f-2a915bea6cf6" />
      <TestMethod codeBase="C:/Users/swetha/Desktop/[F9S2][V0.2]/TestProject1/bin/Debug/TestProject1.DLL" adapterTypeName="Microsoft.VisualStudio.TestTools.TestTypes.Unit.UnitTestAdapter, Microsoft.VisualStudio.QualityTools.Tips.UnitTest.Adapter, Version=10.0.0.0, Culture=neutral, PublicKeyToken=b03f5f7f11d50a3a" className="TestProject1.ParserTest, TestProject1, Version=1.0.0.0, Culture=neutral, PublicKeyToken=null" name="SyntaxOfTextboxTextTest" />
    </UnitTest>
    <UnitTest name="TaskDetailsConstructorTest" storage="c:\users\swetha\desktop\[f9s2][v0.2]\testproject1\bin\debug\testproject1.dll" id="01862544-0151-bc4b-eef2-c78231c46765">
      <Execution id="8a620c79-ee68-43e0-900a-09bbcacbc573" />
      <TestMethod codeBase="C:/Users/swetha/Desktop/[F9S2][V0.2]/TestProject1/bin/Debug/TestProject1.DLL" adapterTypeName="Microsoft.VisualStudio.TestTools.TestTypes.Unit.UnitTestAdapter, Microsoft.VisualStudio.QualityTools.Tips.UnitTest.Adapter, Version=10.0.0.0, Culture=neutral, PublicKeyToken=b03f5f7f11d50a3a" className="TestProject1.TaskDetailsTest, TestProject1, Version=1.0.0.0, Culture=neutral, PublicKeyToken=null" name="TaskDetailsConstructorTest" />
    </UnitTest>
    <UnitTest name="ConvertSecondsToHoursTest" storage="c:\users\swetha\desktop\[f9s2][v0.2]\testproject1\bin\debug\testproject1.dll" id="9164ae3e-5109-fabb-4d9d-d3f2554d728d">
      <Execution id="a02b1ef9-e007-4527-bb3e-3e79e1cbdf31" />
      <TestMethod codeBase="C:/Users/swetha/Desktop/[F9S2][V0.2]/TestProject1/bin/Debug/TestProject1.DLL" adapterTypeName="Microsoft.VisualStudio.TestTools.TestTypes.Unit.UnitTestAdapter, Microsoft.VisualStudio.QualityTools.Tips.UnitTest.Adapter, Version=10.0.0.0, Culture=neutral, PublicKeyToken=b03f5f7f11d50a3a" className="TestProject1.ConversionsTest, TestProject1, Version=1.0.0.0, Culture=neutral, PublicKeyToken=null" name="ConvertSecondsToHoursTest" />
    </UnitTest>
    <UnitTest name="checkIfautoschedulingNeededTest" storage="c:\users\swetha\desktop\[f9s2][v0.2]\testproject1\bin\debug\testproject1.dll" id="87e67f6d-2fa7-4327-a78f-5fb26993d993">
      <DeploymentItems>
        <DeploymentItem filename="ToDoList.exe" />
      </DeploymentItems>
      <Execution id="175f8cfc-8bda-481d-a494-f41dfa651aff" />
      <TestMethod codeBase="C:/Users/swetha/Desktop/[F9S2][V0.2]/TestProject1/bin/Debug/TestProject1.DLL" adapterTypeName="Microsoft.VisualStudio.TestTools.TestTypes.Unit.UnitTestAdapter, Microsoft.VisualStudio.QualityTools.Tips.UnitTest.Adapter, Version=10.0.0.0, Culture=neutral, PublicKeyToken=b03f5f7f11d50a3a" className="TestProject1.OperationTest, TestProject1, Version=1.0.0.0, Culture=neutral, PublicKeyToken=null" name="checkIfautoschedulingNeededTest" />
    </UnitTest>
    <UnitTest name="durationOrRemainderToTotalHoursTest" storage="c:\users\swetha\desktop\[f9s2][v0.2]\testproject1\bin\debug\testproject1.dll" id="b2b3dc86-0c03-574e-f4bf-d904f295279c">
      <Execution id="8c3310ee-0bdb-48f2-96e2-703e9d19e947" />
      <TestMethod codeBase="C:/Users/swetha/Desktop/[F9S2][V0.2]/TestProject1/bin/Debug/TestProject1.DLL" adapterTypeName="Microsoft.VisualStudio.TestTools.TestTypes.Unit.UnitTestAdapter, Microsoft.VisualStudio.QualityTools.Tips.UnitTest.Adapter, Version=10.0.0.0, Culture=neutral, PublicKeyToken=b03f5f7f11d50a3a" className="TestProject1.ConversionsTest, TestProject1, Version=1.0.0.0, Culture=neutral, PublicKeyToken=null" name="durationOrRemainderToTotalHoursTest" />
    </UnitTest>
    <UnitTest name="ConvertDateTo_ddmmyyFormatTest" storage="c:\users\swetha\desktop\[f9s2][v0.2]\testproject1\bin\debug\testproject1.dll" id="a24feab6-c418-b744-08a0-4d987df3755e">
      <Execution id="0d63ba9c-ed49-4718-8cd3-40d68f75901d" />
      <TestMethod codeBase="C:/Users/swetha/Desktop/[F9S2][V0.2]/TestProject1/bin/Debug/TestProject1.DLL" adapterTypeName="Microsoft.VisualStudio.TestTools.TestTypes.Unit.UnitTestAdapter, Microsoft.VisualStudio.QualityTools.Tips.UnitTest.Adapter, Version=10.0.0.0, Culture=neutral, PublicKeyToken=b03f5f7f11d50a3a" className="TestProject1.ConversionsTest, TestProject1, Version=1.0.0.0, Culture=neutral, PublicKeyToken=null" name="ConvertDateTo_ddmmyyFormatTest" />
    </UnitTest>
    <UnitTest name="convertStringIntoTaskDetailsTest" storage="c:\users\swetha\desktop\[f9s2][v0.2]\testproject1\bin\debug\testproject1.dll" id="3c7e691a-d362-ee99-61a4-6a800be63181">
      <Execution id="766bb062-320e-41c6-88d4-f1f4fc0c0aa5" />
      <TestMethod codeBase="C:/Users/swetha/Desktop/[F9S2][V0.2]/TestProject1/bin/Debug/TestProject1.DLL" adapterTypeName="Microsoft.VisualStudio.TestTools.TestTypes.Unit.UnitTestAdapter, Microsoft.VisualStudio.QualityTools.Tips.UnitTest.Adapter, Version=10.0.0.0, Culture=neutral, PublicKeyToken=b03f5f7f11d50a3a" className="TestProject1.ConversionsTest, TestProject1, Version=1.0.0.0, Culture=neutral, PublicKeyToken=null" name="convertStringIntoTaskDetailsTest" />
    </UnitTest>
    <UnitTest name="creatDateEventObjectTest" storage="c:\users\swetha\desktop\[f9s2][v0.2]\testproject1\bin\debug\testproject1.dll" id="e9b74553-7fc7-95c9-25d0-b7874d99b8a9">
      <Execution id="9e9579b8-7f42-4693-bddb-64397d344c0d" />
      <TestMethod codeBase="C:/Users/swetha/Desktop/[F9S2][V0.2]/TestProject1/bin/Debug/TestProject1.DLL" adapterTypeName="Microsoft.VisualStudio.TestTools.TestTypes.Unit.UnitTestAdapter, Microsoft.VisualStudio.QualityTools.Tips.UnitTest.Adapter, Version=10.0.0.0, Culture=neutral, PublicKeyToken=b03f5f7f11d50a3a" className="TestProject1.OperationTest, TestProject1, Version=1.0.0.0, Culture=neutral, PublicKeyToken=null" name="creatDateEventObjectTest" />
    </UnitTest>
    <UnitTest name="interpretRepeatAsNumberOfDaysTest" storage="c:\users\swetha\desktop\[f9s2][v0.2]\testproject1\bin\debug\testproject1.dll" id="b9f0d8f2-3773-3983-9410-797e7d452424">
      <Execution id="da47ff8e-cfa4-4543-adec-b450b9cd80e0" />
      <TestMethod codeBase="C:/Users/swetha/Desktop/[F9S2][V0.2]/TestProject1/bin/Debug/TestProject1.DLL" adapterTypeName="Microsoft.VisualStudio.TestTools.TestTypes.Unit.UnitTestAdapter, Microsoft.VisualStudio.QualityTools.Tips.UnitTest.Adapter, Version=10.0.0.0, Culture=neutral, PublicKeyToken=b03f5f7f11d50a3a" className="TestProject1.ConversionsTest, TestProject1, Version=1.0.0.0, Culture=neutral, PublicKeyToken=null" name="interpretRepeatAsNumberOfDaysTest" />
    </UnitTest>
    <UnitTest name="UndoTaskTest" storage="c:\users\swetha\desktop\[f9s2][v0.2]\testproject1\bin\debug\testproject1.dll" id="412933ba-ed76-9d75-6753-b155abf65729">
      <DeploymentItems>
        <DeploymentItem filename="ToDoList.exe" />
      </DeploymentItems>
      <Execution id="4f61ce2d-99ed-423b-9ca8-5f458c6d9b4b" />
      <TestMethod codeBase="C:/Users/swetha/Desktop/[F9S2][V0.2]/TestProject1/bin/Debug/TestProject1.DLL" adapterTypeName="Microsoft.VisualStudio.TestTools.TestTypes.Unit.UnitTestAdapter, Microsoft.VisualStudio.QualityTools.Tips.UnitTest.Adapter, Version=10.0.0.0, Culture=neutral, PublicKeyToken=b03f5f7f11d50a3a" className="TestProject1.OperationTest, TestProject1, Version=1.0.0.0, Culture=neutral, PublicKeyToken=null" name="UndoTaskTest" />
    </UnitTest>
    <UnitTest name="ParserConstructorTest" storage="c:\users\swetha\desktop\[f9s2][v0.2]\testproject1\bin\debug\testproject1.dll" id="f33f9546-63a0-b1f3-2ab6-cbded7caec2c">
      <Execution id="856b30ba-8b66-48ba-ba03-3db239b35c8c" />
      <TestMethod codeBase="C:/Users/swetha/Desktop/[F9S2][V0.2]/TestProject1/bin/Debug/TestProject1.DLL" adapterTypeName="Microsoft.VisualStudio.TestTools.TestTypes.Unit.UnitTestAdapter, Microsoft.VisualStudio.QualityTools.Tips.UnitTest.Adapter, Version=10.0.0.0, Culture=neutral, PublicKeyToken=b03f5f7f11d50a3a" className="TestProject1.ParserTest, TestProject1, Version=1.0.0.0, Culture=neutral, PublicKeyToken=null" name="ParserConstructorTest" />
    </UnitTest>
    <UnitTest name="retrieveIDsofARepeatingEventTest" storage="c:\users\swetha\desktop\[f9s2][v0.2]\testproject1\bin\debug\testproject1.dll" id="925ad92f-eb92-bb63-9789-954a688bb8e8">
      <DeploymentItems>
        <DeploymentItem filename="ToDoList.exe" />
      </DeploymentItems>
      <Execution id="ef723880-72ea-42ae-bc1a-09c0da02ccf0" />
      <TestMethod codeBase="C:/Users/swetha/Desktop/[F9S2][V0.2]/TestProject1/bin/Debug/TestProject1.DLL" adapterTypeName="Microsoft.VisualStudio.TestTools.TestTypes.Unit.UnitTestAdapter, Microsoft.VisualStudio.QualityTools.Tips.UnitTest.Adapter, Version=10.0.0.0, Culture=neutral, PublicKeyToken=b03f5f7f11d50a3a" className="TestProject1.OperationTest, TestProject1, Version=1.0.0.0, Culture=neutral, PublicKeyToken=null" name="retrieveIDsofARepeatingEventTest" />
    </UnitTest>
    <UnitTest name="checkForWhatCommandTest" storage="c:\users\swetha\desktop\[f9s2][v0.2]\testproject1\bin\debug\testproject1.dll" id="290985ae-7290-ffa5-ddf3-dc1ad7073d30">
      <Execution id="444c5351-b968-4516-8d23-d31a07fae0dd" />
      <TestMethod codeBase="C:/Users/swetha/Desktop/[F9S2][V0.2]/TestProject1/bin/Debug/TestProject1.DLL" adapterTypeName="Microsoft.VisualStudio.TestTools.TestTypes.Unit.UnitTestAdapter, Microsoft.VisualStudio.QualityTools.Tips.UnitTest.Adapter, Version=10.0.0.0, Culture=neutral, PublicKeyToken=b03f5f7f11d50a3a" className="TestProject1.ParserTest, TestProject1, Version=1.0.0.0, Culture=neutral, PublicKeyToken=null" name="checkForWhatCommandTest" />
    </UnitTest>
    <UnitTest name="getDisplayMessageTest" storage="c:\users\swetha\desktop\[f9s2][v0.2]\testproject1\bin\debug\testproject1.dll" id="291e0111-5060-6201-9181-18664685707f">
      <Execution id="465156e5-bfea-4a26-98ef-8a4180aeb648" />
      <TestMethod codeBase="C:/Users/swetha/Desktop/[F9S2][V0.2]/TestProject1/bin/Debug/TestProject1.DLL" adapterTypeName="Microsoft.VisualStudio.TestTools.TestTypes.Unit.UnitTestAdapter, Microsoft.VisualStudio.QualityTools.Tips.UnitTest.Adapter, Version=10.0.0.0, Culture=neutral, PublicKeyToken=b03f5f7f11d50a3a" className="TestProject1.OperationTest, TestProject1, Version=1.0.0.0, Culture=neutral, PublicKeyToken=null" name="getDisplayMessageTest" />
    </UnitTest>
    <UnitTest name="ConvertDaysToHoursTest" storage="c:\users\swetha\desktop\[f9s2][v0.2]\testproject1\bin\debug\testproject1.dll" id="be2fd57d-61da-8654-9530-0824be4b4617">
      <Execution id="5069138a-3a6f-4480-8737-4b246f8385f9" />
      <TestMethod codeBase="C:/Users/swetha/Desktop/[F9S2][V0.2]/TestProject1/bin/Debug/TestProject1.DLL" adapterTypeName="Microsoft.VisualStudio.TestTools.TestTypes.Unit.UnitTestAdapter, Microsoft.VisualStudio.QualityTools.Tips.UnitTest.Adapter, Version=10.0.0.0, Culture=neutral, PublicKeyToken=b03f5f7f11d50a3a" className="TestProject1.ConversionsTest, TestProject1, Version=1.0.0.0, Culture=neutral, PublicKeyToken=null" name="ConvertDaysToHoursTest" />
    </UnitTest>
    <UnitTest name="Convert24HourFormatTo12HourFormatTest" storage="c:\users\swetha\desktop\[f9s2][v0.2]\testproject1\bin\debug\testproject1.dll" id="817bc3d3-de9f-2eb0-74c0-fdf6f97a120b">
      <Execution id="35b5c322-e59f-4992-8011-9007773d3a68" />
      <TestMethod codeBase="C:/Users/swetha/Desktop/[F9S2][V0.2]/TestProject1/bin/Debug/TestProject1.DLL" adapterTypeName="Microsoft.VisualStudio.TestTools.TestTypes.Unit.UnitTestAdapter, Microsoft.VisualStudio.QualityTools.Tips.UnitTest.Adapter, Version=10.0.0.0, Culture=neutral, PublicKeyToken=b03f5f7f11d50a3a" className="TestProject1.ConversionsTest, TestProject1, Version=1.0.0.0, Culture=neutral, PublicKeyToken=null" name="Convert24HourFormatTo12HourFormatTest" />
    </UnitTest>
    <UnitTest name="Convert12HourFormatTo24HourFormatTest" storage="c:\users\swetha\desktop\[f9s2][v0.2]\testproject1\bin\debug\testproject1.dll" id="7ecba722-39b2-0c77-caeb-80d5158acb13">
      <Execution id="c863a818-437c-45dc-8de5-ab912d1bc16a" />
      <TestMethod codeBase="C:/Users/swetha/Desktop/[F9S2][V0.2]/TestProject1/bin/Debug/TestProject1.DLL" adapterTypeName="Microsoft.VisualStudio.TestTools.TestTypes.Unit.UnitTestAdapter, Microsoft.VisualStudio.QualityTools.Tips.UnitTest.Adapter, Version=10.0.0.0, Culture=neutral, PublicKeyToken=b03f5f7f11d50a3a" className="TestProject1.ConversionsTest, TestProject1, Version=1.0.0.0, Culture=neutral, PublicKeyToken=null" name="Convert12HourFormatTo24HourFormatTest" />
    </UnitTest>
    <UnitTest name="ViewHistoryTest" storage="c:\users\swetha\desktop\[f9s2][v0.2]\testproject1\bin\debug\testproject1.dll" id="853ce853-ab0e-f2d3-cea3-fb5b2a7169c0">
      <DeploymentItems>
        <DeploymentItem filename="ToDoList.exe" />
      </DeploymentItems>
      <Execution id="2f66da8e-8787-4015-bf42-e865ede20815" />
      <TestMethod codeBase="C:/Users/swetha/Desktop/[F9S2][V0.2]/TestProject1/bin/Debug/TestProject1.DLL" adapterTypeName="Microsoft.VisualStudio.TestTools.TestTypes.Unit.UnitTestAdapter, Microsoft.VisualStudio.QualityTools.Tips.UnitTest.Adapter, Version=10.0.0.0, Culture=neutral, PublicKeyToken=b03f5f7f11d50a3a" className="TestProject1.OperationTest, TestProject1, Version=1.0.0.0, Culture=neutral, PublicKeyToken=null" name="ViewHistoryTest" />
    </UnitTest>
    <UnitTest name="convertTaskDetailToWriteIntoFileTest" storage="c:\users\swetha\desktop\[f9s2][v0.2]\testproject1\bin\debug\testproject1.dll" id="5ee9d7b1-ec25-7322-61a2-90a0f78c097d">
      <Execution id="987dadf0-fcd7-4a8a-ba6d-e4f8a253352a" />
      <TestMethod codeBase="C:/Users/swetha/Desktop/[F9S2][V0.2]/TestProject1/bin/Debug/TestProject1.DLL" adapterTypeName="Microsoft.VisualStudio.TestTools.TestTypes.Unit.UnitTestAdapter, Microsoft.VisualStudio.QualityTools.Tips.UnitTest.Adapter, Version=10.0.0.0, Culture=neutral, PublicKeyToken=b03f5f7f11d50a3a" className="TestProject1.ConversionsTest, TestProject1, Version=1.0.0.0, Culture=neutral, PublicKeyToken=null" name="convertTaskDetailToWriteIntoFileTest" />
    </UnitTest>
    <UnitTest name="ViewPerformanceTest" storage="c:\users\swetha\desktop\[f9s2][v0.2]\testproject1\bin\debug\testproject1.dll" id="52efca71-c2b4-2100-e456-82aad3268b34">
      <Execution id="439a2298-9ece-48fa-a9b3-65be42aaf2b8" />
      <TestMethod codeBase="C:/Users/swetha/Desktop/[F9S2][V0.2]/TestProject1/bin/Debug/TestProject1.DLL" adapterTypeName="Microsoft.VisualStudio.TestTools.TestTypes.Unit.UnitTestAdapter, Microsoft.VisualStudio.QualityTools.Tips.UnitTest.Adapter, Version=10.0.0.0, Culture=neutral, PublicKeyToken=b03f5f7f11d50a3a" className="TestProject1.OperationTest, TestProject1, Version=1.0.0.0, Culture=neutral, PublicKeyToken=null" name="ViewPerformanceTest" />
    </UnitTest>
    <UnitTest name="OperationConstructorTest" storage="c:\users\swetha\desktop\[f9s2][v0.2]\testproject1\bin\debug\testproject1.dll" id="5141cc8e-20fe-88ce-b820-67219233a4d3">
      <Execution id="d67ead30-fb8c-4f9e-a825-9a73d18d0046" />
      <TestMethod codeBase="C:/Users/swetha/Desktop/[F9S2][V0.2]/TestProject1/bin/Debug/TestProject1.DLL" adapterTypeName="Microsoft.VisualStudio.TestTools.TestTypes.Unit.UnitTestAdapter, Microsoft.VisualStudio.QualityTools.Tips.UnitTest.Adapter, Version=10.0.0.0, Culture=neutral, PublicKeyToken=b03f5f7f11d50a3a" className="TestProject1.OperationTest, TestProject1, Version=1.0.0.0, Culture=neutral, PublicKeyToken=null" name="OperationConstructorTest" />
    </UnitTest>
    <UnitTest name="displayTimeLineWithEventsTest" storage="c:\users\swetha\desktop\[f9s2][v0.2]\testproject1\bin\debug\testproject1.dll" id="d8442adf-139d-dab4-2a85-7eff04e87ab5">
      <Execution id="dad34262-2898-4214-b233-c8bf6259d352" />
      <TestMethod codeBase="C:/Users/swetha/Desktop/[F9S2][V0.2]/TestProject1/bin/Debug/TestProject1.DLL" adapterTypeName="Microsoft.VisualStudio.TestTools.TestTypes.Unit.UnitTestAdapter, Microsoft.VisualStudio.QualityTools.Tips.UnitTest.Adapter, Version=10.0.0.0, Culture=neutral, PublicKeyToken=b03f5f7f11d50a3a" className="TestProject1.OperationTest, TestProject1, Version=1.0.0.0, Culture=neutral, PublicKeyToken=null" name="displayTimeLineWithEventsTest" />
    </UnitTest>
    <UnitTest name="ConvertMinutesToHoursTest" storage="c:\users\swetha\desktop\[f9s2][v0.2]\testproject1\bin\debug\testproject1.dll" id="430f73b7-e7f8-467a-7ebe-d31af806a242">
      <Execution id="4516e16b-a4b1-4b34-b7da-abb460efaafc" />
      <TestMethod codeBase="C:/Users/swetha/Desktop/[F9S2][V0.2]/TestProject1/bin/Debug/TestProject1.DLL" adapterTypeName="Microsoft.VisualStudio.TestTools.TestTypes.Unit.UnitTestAdapter, Microsoft.VisualStudio.QualityTools.Tips.UnitTest.Adapter, Version=10.0.0.0, Culture=neutral, PublicKeyToken=b03f5f7f11d50a3a" className="TestProject1.ConversionsTest, TestProject1, Version=1.0.0.0, Culture=neutral, PublicKeyToken=null" name="ConvertMinutesToHoursTest" />
    </UnitTest>
    <UnitTest name="taskToBePerformedTest1" storage="c:\users\swetha\desktop\[f9s2][v0.2]\testproject1\bin\debug\testproject1.dll" id="bc3953ec-d998-e41b-f6fc-055a5f8e631e">
      <Execution id="b785348f-91eb-4ab2-947d-b6f0395c70ac" />
      <TestMethod codeBase="C:/Users/swetha/Desktop/[F9S2][V0.2]/TestProject1/bin/Debug/TestProject1.DLL" adapterTypeName="Microsoft.VisualStudio.TestTools.TestTypes.Unit.UnitTestAdapter, Microsoft.VisualStudio.QualityTools.Tips.UnitTest.Adapter, Version=10.0.0.0, Culture=neutral, PublicKeyToken=b03f5f7f11d50a3a" className="TestProject1.ParserTest, TestProject1, Version=1.0.0.0, Culture=neutral, PublicKeyToken=null" name="taskToBePerformedTest1" />
    </UnitTest>
    <UnitTest name="ConvertStringToDateTest" storage="c:\users\swetha\desktop\[f9s2][v0.2]\testproject1\bin\debug\testproject1.dll" id="42896bde-65ce-41ec-f595-fe8fc0dfa1cc">
      <Execution id="2742b3fb-5fe9-4151-99b5-5f07a6569b4d" />
      <TestMethod codeBase="C:/Users/swetha/Desktop/[F9S2][V0.2]/TestProject1/bin/Debug/TestProject1.DLL" adapterTypeName="Microsoft.VisualStudio.TestTools.TestTypes.Unit.UnitTestAdapter, Microsoft.VisualStudio.QualityTools.Tips.UnitTest.Adapter, Version=10.0.0.0, Culture=neutral, PublicKeyToken=b03f5f7f11d50a3a" className="TestProject1.ConversionsTest, TestProject1, Version=1.0.0.0, Culture=neutral, PublicKeyToken=null" name="ConvertStringToDateTest" />
    </UnitTest>
    <UnitTest name="replaceWithAppropriateShortFormsTest" storage="c:\users\swetha\desktop\[f9s2][v0.2]\testproject1\bin\debug\testproject1.dll" id="2f37fc18-21b3-d1f0-4925-6942082d2bd1">
      <Execution id="1b12e810-4aaa-4845-bdaf-210176cdaff1" />
      <TestMethod codeBase="C:/Users/swetha/Desktop/[F9S2][V0.2]/TestProject1/bin/Debug/TestProject1.DLL" adapterTypeName="Microsoft.VisualStudio.TestTools.TestTypes.Unit.UnitTestAdapter, Microsoft.VisualStudio.QualityTools.Tips.UnitTest.Adapter, Version=10.0.0.0, Culture=neutral, PublicKeyToken=b03f5f7f11d50a3a" className="TestProject1.ConversionsTest, TestProject1, Version=1.0.0.0, Culture=neutral, PublicKeyToken=null" name="replaceWithAppropriateShortFormsTest" />
    </UnitTest>
    <UnitTest name="CheckIfCommandAndContentValidTest" storage="c:\users\swetha\desktop\[f9s2][v0.2]\testproject1\bin\debug\testproject1.dll" id="a3deb1a3-2ddb-ef40-25c9-0384b9a77a99">
      <Execution id="e0c7dfca-55cd-4761-9f13-421168f3a605" />
      <TestMethod codeBase="C:/Users/swetha/Desktop/[F9S2][V0.2]/TestProject1/bin/Debug/TestProject1.DLL" adapterTypeName="Microsoft.VisualStudio.TestTools.TestTypes.Unit.UnitTestAdapter, Microsoft.VisualStudio.QualityTools.Tips.UnitTest.Adapter, Version=10.0.0.0, Culture=neutral, PublicKeyToken=b03f5f7f11d50a3a" className="TestProject1.ParserTest, TestProject1, Version=1.0.0.0, Culture=neutral, PublicKeyToken=null" name="CheckIfCommandAndContentValidTest" />
    </UnitTest>
    <UnitTest name="CheckIfEventNameIsCorrectTest" storage="c:\users\swetha\desktop\[f9s2][v0.2]\testproject1\bin\debug\testproject1.dll" id="9437120d-b9e5-307f-cb85-e0d001e1e0c3">
      <Execution id="c2612b98-3333-427f-8bf2-47f9c4ee08e1" />
      <TestMethod codeBase="C:/Users/swetha/Desktop/[F9S2][V0.2]/TestProject1/bin/Debug/TestProject1.DLL" adapterTypeName="Microsoft.VisualStudio.TestTools.TestTypes.Unit.UnitTestAdapter, Microsoft.VisualStudio.QualityTools.Tips.UnitTest.Adapter, Version=10.0.0.0, Culture=neutral, PublicKeyToken=b03f5f7f11d50a3a" className="TestProject1.ErrorHandlingTest, TestProject1, Version=1.0.0.0, Culture=neutral, PublicKeyToken=null" name="CheckIfEventNameIsCorrectTest" />
    </UnitTest>
    <UnitTest name="HelpUserWriteCommandTest1" storage="c:\users\swetha\desktop\[f9s2][v0.2]\testproject1\bin\debug\testproject1.dll" id="7be700b9-d314-da17-fd2a-788053f6a1ad">
      <Execution id="63c75acb-9715-4b4c-b9d4-6f5269e82ef6" />
      <TestMethod codeBase="C:/Users/swetha/Desktop/[F9S2][V0.2]/TestProject1/bin/Debug/TestProject1.DLL" adapterTypeName="Microsoft.VisualStudio.TestTools.TestTypes.Unit.UnitTestAdapter, Microsoft.VisualStudio.QualityTools.Tips.UnitTest.Adapter, Version=10.0.0.0, Culture=neutral, PublicKeyToken=b03f5f7f11d50a3a" className="TestProject1.ParserTest, TestProject1, Version=1.0.0.0, Culture=neutral, PublicKeyToken=null" name="HelpUserWriteCommandTest1" />
    </UnitTest>
    <UnitTest name="valuesToInitialiseDataGrid2Test" storage="c:\users\swetha\desktop\[f9s2][v0.2]\testproject1\bin\debug\testproject1.dll" id="e0d6f14e-b818-d60e-e87a-fd7bc0689148">
      <Execution id="8cd4e771-d7d1-40f9-b667-142cc85b3b8d" />
      <TestMethod codeBase="C:/Users/swetha/Desktop/[F9S2][V0.2]/TestProject1/bin/Debug/TestProject1.DLL" adapterTypeName="Microsoft.VisualStudio.TestTools.TestTypes.Unit.UnitTestAdapter, Microsoft.VisualStudio.QualityTools.Tips.UnitTest.Adapter, Version=10.0.0.0, Culture=neutral, PublicKeyToken=b03f5f7f11d50a3a" className="TestProject1.OperationTest, TestProject1, Version=1.0.0.0, Culture=neutral, PublicKeyToken=null" name="valuesToInitialiseDataGrid2Test" />
    </UnitTest>
  </TestDefinitions>
  <TestLists>
    <TestList name="Results Not in a List" id="8c84fa94-04c1-424b-9868-57a2d4851a1d" />
    <TestList name="All Loaded Results" id="19431567-8539-422a-85d7-44ee4e166bda" />
  </TestLists>
  <TestEntries>
    <TestEntry testId="01862544-0151-bc4b-eef2-c78231c46765" executionId="8a620c79-ee68-43e0-900a-09bbcacbc573" testListId="8c84fa94-04c1-424b-9868-57a2d4851a1d" />
    <TestEntry testId="09277a0e-8813-a0dc-87e3-f8b39af59d95" executionId="cc449110-603d-4402-aee3-8d2c2a367e7a" testListId="8c84fa94-04c1-424b-9868-57a2d4851a1d" />
    <TestEntry testId="249bd0f5-28f7-8fdd-b183-4daadf719678" executionId="dcfdecf5-e895-4f25-b14d-657eb42ba873" testListId="8c84fa94-04c1-424b-9868-57a2d4851a1d" />
    <TestEntry testId="290985ae-7290-ffa5-ddf3-dc1ad7073d30" executionId="444c5351-b968-4516-8d23-d31a07fae0dd" testListId="8c84fa94-04c1-424b-9868-57a2d4851a1d" />
    <TestEntry testId="291e0111-5060-6201-9181-18664685707f" executionId="465156e5-bfea-4a26-98ef-8a4180aeb648" testListId="8c84fa94-04c1-424b-9868-57a2d4851a1d" />
    <TestEntry testId="2f37fc18-21b3-d1f0-4925-6942082d2bd1" executionId="1b12e810-4aaa-4845-bdaf-210176cdaff1" testListId="8c84fa94-04c1-424b-9868-57a2d4851a1d" />
    <TestEntry testId="3c7e691a-d362-ee99-61a4-6a800be63181" executionId="766bb062-320e-41c6-88d4-f1f4fc0c0aa5" testListId="8c84fa94-04c1-424b-9868-57a2d4851a1d" />
    <TestEntry testId="412933ba-ed76-9d75-6753-b155abf65729" executionId="4f61ce2d-99ed-423b-9ca8-5f458c6d9b4b" testListId="8c84fa94-04c1-424b-9868-57a2d4851a1d" />
    <TestEntry testId="42896bde-65ce-41ec-f595-fe8fc0dfa1cc" executionId="2742b3fb-5fe9-4151-99b5-5f07a6569b4d" testListId="8c84fa94-04c1-424b-9868-57a2d4851a1d" />
    <TestEntry testId="430f73b7-e7f8-467a-7ebe-d31af806a242" executionId="4516e16b-a4b1-4b34-b7da-abb460efaafc" testListId="8c84fa94-04c1-424b-9868-57a2d4851a1d" />
    <TestEntry testId="5141cc8e-20fe-88ce-b820-67219233a4d3" executionId="d67ead30-fb8c-4f9e-a825-9a73d18d0046" testListId="8c84fa94-04c1-424b-9868-57a2d4851a1d" />
    <TestEntry testId="52efca71-c2b4-2100-e456-82aad3268b34" executionId="439a2298-9ece-48fa-a9b3-65be42aaf2b8" testListId="8c84fa94-04c1-424b-9868-57a2d4851a1d" />
    <TestEntry testId="5675f85b-0061-ff5b-47b5-0e0ff0baf33a" executionId="83ee07f1-034d-4342-8e58-cc3f31166dfc" testListId="8c84fa94-04c1-424b-9868-57a2d4851a1d" />
    <TestEntry testId="5ee9d7b1-ec25-7322-61a2-90a0f78c097d" executionId="987dadf0-fcd7-4a8a-ba6d-e4f8a253352a" testListId="8c84fa94-04c1-424b-9868-57a2d4851a1d" />
    <TestEntry testId="7be700b9-d314-da17-fd2a-788053f6a1ad" executionId="63c75acb-9715-4b4c-b9d4-6f5269e82ef6" testListId="8c84fa94-04c1-424b-9868-57a2d4851a1d" />
    <TestEntry testId="7ecba722-39b2-0c77-caeb-80d5158acb13" executionId="c863a818-437c-45dc-8de5-ab912d1bc16a" testListId="8c84fa94-04c1-424b-9868-57a2d4851a1d" />
    <TestEntry testId="811d5f4a-7ec9-8777-9423-ab65d6cc47b8" executionId="7bba3aa2-8d28-4ce6-980f-2a915bea6cf6" testListId="8c84fa94-04c1-424b-9868-57a2d4851a1d" />
    <TestEntry testId="817bc3d3-de9f-2eb0-74c0-fdf6f97a120b" executionId="35b5c322-e59f-4992-8011-9007773d3a68" testListId="8c84fa94-04c1-424b-9868-57a2d4851a1d" />
    <TestEntry testId="853ce853-ab0e-f2d3-cea3-fb5b2a7169c0" executionId="2f66da8e-8787-4015-bf42-e865ede20815" testListId="8c84fa94-04c1-424b-9868-57a2d4851a1d" />
    <TestEntry testId="87e67f6d-2fa7-4327-a78f-5fb26993d993" executionId="175f8cfc-8bda-481d-a494-f41dfa651aff" testListId="8c84fa94-04c1-424b-9868-57a2d4851a1d" />
    <TestEntry testId="9164ae3e-5109-fabb-4d9d-d3f2554d728d" executionId="a02b1ef9-e007-4527-bb3e-3e79e1cbdf31" testListId="8c84fa94-04c1-424b-9868-57a2d4851a1d" />
    <TestEntry testId="925ad92f-eb92-bb63-9789-954a688bb8e8" executionId="ef723880-72ea-42ae-bc1a-09c0da02ccf0" testListId="8c84fa94-04c1-424b-9868-57a2d4851a1d" />
    <TestEntry testId="9437120d-b9e5-307f-cb85-e0d001e1e0c3" executionId="c2612b98-3333-427f-8bf2-47f9c4ee08e1" testListId="8c84fa94-04c1-424b-9868-57a2d4851a1d" />
    <TestEntry testId="a24feab6-c418-b744-08a0-4d987df3755e" executionId="0d63ba9c-ed49-4718-8cd3-40d68f75901d" testListId="8c84fa94-04c1-424b-9868-57a2d4851a1d" />
    <TestEntry testId="a3deb1a3-2ddb-ef40-25c9-0384b9a77a99" executionId="e0c7dfca-55cd-4761-9f13-421168f3a605" testListId="8c84fa94-04c1-424b-9868-57a2d4851a1d" />
    <TestEntry testId="b2b3dc86-0c03-574e-f4bf-d904f295279c" executionId="8c3310ee-0bdb-48f2-96e2-703e9d19e947" testListId="8c84fa94-04c1-424b-9868-57a2d4851a1d" />
    <TestEntry testId="b9f0d8f2-3773-3983-9410-797e7d452424" executionId="da47ff8e-cfa4-4543-adec-b450b9cd80e0" testListId="8c84fa94-04c1-424b-9868-57a2d4851a1d" />
    <TestEntry testId="bc3953ec-d998-e41b-f6fc-055a5f8e631e" executionId="b785348f-91eb-4ab2-947d-b6f0395c70ac" testListId="8c84fa94-04c1-424b-9868-57a2d4851a1d" />
    <TestEntry testId="be2fd57d-61da-8654-9530-0824be4b4617" executionId="5069138a-3a6f-4480-8737-4b246f8385f9" testListId="8c84fa94-04c1-424b-9868-57a2d4851a1d" />
    <TestEntry testId="d8442adf-139d-dab4-2a85-7eff04e87ab5" executionId="dad34262-2898-4214-b233-c8bf6259d352" testListId="8c84fa94-04c1-424b-9868-57a2d4851a1d" />
    <TestEntry testId="e0d6f14e-b818-d60e-e87a-fd7bc0689148" executionId="8cd4e771-d7d1-40f9-b667-142cc85b3b8d" testListId="8c84fa94-04c1-424b-9868-57a2d4851a1d" />
    <TestEntry testId="e32f1aed-f336-c4fd-21d1-5fdc235f2a77" executionId="d95de33e-a009-4300-a0ea-dde765676777" testListId="8c84fa94-04c1-424b-9868-57a2d4851a1d" />
    <TestEntry testId="e9b74553-7fc7-95c9-25d0-b7874d99b8a9" executionId="9e9579b8-7f42-4693-bddb-64397d344c0d" testListId="8c84fa94-04c1-424b-9868-57a2d4851a1d" />
    <TestEntry testId="f33f9546-63a0-b1f3-2ab6-cbded7caec2c" executionId="856b30ba-8b66-48ba-ba03-3db239b35c8c" testListId="8c84fa94-04c1-424b-9868-57a2d4851a1d" />
  </TestEntries>
  <Results>
    <UnitTestResult executionId="8a620c79-ee68-43e0-900a-09bbcacbc573" testId="01862544-0151-bc4b-eef2-c78231c46765" testName="TaskDetailsConstructorTest" computerName="SWETHA-PC" duration="00:00:00.0431074" startTime="2011-11-03T20:15:28.0034713+08:00" endTime="2011-11-03T20:15:28.2354846+08:00" testType="13cdc9d9-ddb5-4fa4-a97d-d965ccfc6d4b" outcome="Passed" testListId="8c84fa94-04c1-424b-9868-57a2d4851a1d" relativeResultsDirectory="8a620c79-ee68-43e0-900a-09bbcacbc573">
    </UnitTestResult>
    <UnitTestResult executionId="cc449110-603d-4402-aee3-8d2c2a367e7a" testId="09277a0e-8813-a0dc-87e3-f8b39af59d95" testName="convertEventsIntoTaskdetailsTest" computerName="SWETHA-PC" duration="00:00:00.0303615" startTime="2011-11-03T20:15:28.2414849+08:00" endTime="2011-11-03T20:15:28.2764869+08:00" testType="13cdc9d9-ddb5-4fa4-a97d-d965ccfc6d4b" outcome="Failed" testListId="8c84fa94-04c1-424b-9868-57a2d4851a1d" relativeResultsDirectory="cc449110-603d-4402-aee3-8d2c2a367e7a">
      <Output>
        <ErrorInfo>
          <Message>Test method TestProject1.ConversionsTest.convertEventsIntoTaskdetailsTest threw exception: 
System.NullReferenceException: Object reference not set to an instance of an object.</Message>
          <StackTrace>    at ToDoList.TaskDetails.setEndRepeat(String s) in C:\Users\swetha\Desktop\[F9S2][V0.2]\Logic\TaskDetails.cs:line 393
   at TestProject1.ConversionsTest.convertEventsIntoTaskdetailsTest() in C:\Users\swetha\Desktop\[F9S2][V0.2]\TestProject1\ConversionsTest.cs:line 205
</StackTrace>
        </ErrorInfo>
      </Output>
    </UnitTestResult>
    <UnitTestResult executionId="dcfdecf5-e895-4f25-b14d-657eb42ba873" testId="249bd0f5-28f7-8fdd-b183-4daadf719678" testName="convertTaskdetailsIntoEventTest" computerName="SWETHA-PC" duration="00:00:00.0021268" startTime="2011-11-03T20:15:28.2814872+08:00" endTime="2011-11-03T20:15:28.2884876+08:00" testType="13cdc9d9-ddb5-4fa4-a97d-d965ccfc6d4b" outcome="Passed" testListId="8c84fa94-04c1-424b-9868-57a2d4851a1d" relativeResultsDirectory="dcfdecf5-e895-4f25-b14d-657eb42ba873">
    </UnitTestResult>
    <UnitTestResult executionId="444c5351-b968-4516-8d23-d31a07fae0dd" testId="290985ae-7290-ffa5-ddf3-dc1ad7073d30" testName="checkForWhatCommandTest" computerName="SWETHA-PC" duration="00:00:00.0020972" startTime="2011-11-03T20:15:28.2934879+08:00" endTime="2011-11-03T20:15:28.3004883+08:00" testType="13cdc9d9-ddb5-4fa4-a97d-d965ccfc6d4b" outcome="Passed" testListId="8c84fa94-04c1-424b-9868-57a2d4851a1d" relativeResultsDirectory="444c5351-b968-4516-8d23-d31a07fae0dd">
    </UnitTestResult>
    <UnitTestResult executionId="465156e5-bfea-4a26-98ef-8a4180aeb648" testId="291e0111-5060-6201-9181-18664685707f" testName="getDisplayMessageTest" computerName="SWETHA-PC" duration="00:00:00.0010289" startTime="2011-11-03T20:15:28.3024884+08:00" endTime="2011-11-03T20:15:28.3114889+08:00" testType="13cdc9d9-ddb5-4fa4-a97d-d965ccfc6d4b" outcome="Passed" testListId="8c84fa94-04c1-424b-9868-57a2d4851a1d" relativeResultsDirectory="465156e5-bfea-4a26-98ef-8a4180aeb648">
    </UnitTestResult>
    <UnitTestResult executionId="1b12e810-4aaa-4845-bdaf-210176cdaff1" testId="2f37fc18-21b3-d1f0-4925-6942082d2bd1" testName="replaceWithAppropriateShortFormsTest" computerName="SWETHA-PC" duration="00:00:00.0002467" startTime="2011-11-03T20:15:28.3134890+08:00" endTime="2011-11-03T20:15:28.3194894+08:00" testType="13cdc9d9-ddb5-4fa4-a97d-d965ccfc6d4b" outcome="Passed" testListId="8c84fa94-04c1-424b-9868-57a2d4851a1d" relativeResultsDirectory="1b12e810-4aaa-4845-bdaf-210176cdaff1">
    </UnitTestResult>
    <UnitTestResult executionId="766bb062-320e-41c6-88d4-f1f4fc0c0aa5" testId="3c7e691a-d362-ee99-61a4-6a800be63181" testName="convertStringIntoTaskDetailsTest" computerName="SWETHA-PC" duration="00:00:00.0022947" startTime="2011-11-03T20:15:28.3234896+08:00" endTime="2011-11-03T20:15:28.3324901+08:00" testType="13cdc9d9-ddb5-4fa4-a97d-d965ccfc6d4b" outcome="Passed" testListId="8c84fa94-04c1-424b-9868-57a2d4851a1d" relativeResultsDirectory="766bb062-320e-41c6-88d4-f1f4fc0c0aa5">
    </UnitTestResult>
    <UnitTestResult executionId="4f61ce2d-99ed-423b-9ca8-5f458c6d9b4b" testId="412933ba-ed76-9d75-6753-b155abf65729" testName="UndoTaskTest" computerName="SWETHA-PC" duration="00:00:00.0192459" startTime="2011-11-03T20:15:28.3414906+08:00" endTime="2011-11-03T20:15:28.3674921+08:00" testType="13cdc9d9-ddb5-4fa4-a97d-d965ccfc6d4b" outcome="Failed" testListId="8c84fa94-04c1-424b-9868-57a2d4851a1d" relativeResultsDirectory="4f61ce2d-99ed-423b-9ca8-5f458c6d9b4b">
      <Output>
        <ErrorInfo>
          <Message>Test method TestProject1.OperationTest.UndoTaskTest threw exception: 
System.NullReferenceException: Object reference not set to an instance of an object.</Message>
          <StackTrace>   at ToDoList.Operation_Accessor.UndoTask()
   at TestProject1.OperationTest.UndoTaskTest() in C:\Users\swetha\Desktop\[F9S2][V0.2]\TestProject1\OperationTest.cs:line 100
</StackTrace>
        </ErrorInfo>
      </Output>
    </UnitTestResult>
    <UnitTestResult executionId="2742b3fb-5fe9-4151-99b5-5f07a6569b4d" testId="42896bde-65ce-41ec-f595-fe8fc0dfa1cc" testName="ConvertStringToDateTest" computerName="SWETHA-PC" duration="00:00:00.0009169" startTime="2011-11-03T20:15:28.3794928+08:00" endTime="2011-11-03T20:15:28.3874933+08:00" testType="13cdc9d9-ddb5-4fa4-a97d-d965ccfc6d4b" outcome="Passed" testListId="8c84fa94-04c1-424b-9868-57a2d4851a1d" relativeResultsDirectory="2742b3fb-5fe9-4151-99b5-5f07a6569b4d">
    </UnitTestResult>
    <UnitTestResult executionId="4516e16b-a4b1-4b34-b7da-abb460efaafc" testId="430f73b7-e7f8-467a-7ebe-d31af806a242" testName="ConvertMinutesToHoursTest" computerName="SWETHA-PC" duration="00:00:00.0006378" startTime="2011-11-03T20:15:28.3914935+08:00" endTime="2011-11-03T20:15:28.4024941+08:00" testType="13cdc9d9-ddb5-4fa4-a97d-d965ccfc6d4b" outcome="Passed" testListId="8c84fa94-04c1-424b-9868-57a2d4851a1d" relativeResultsDirectory="4516e16b-a4b1-4b34-b7da-abb460efaafc">
    </UnitTestResult>
    <UnitTestResult executionId="d67ead30-fb8c-4f9e-a825-9a73d18d0046" testId="5141cc8e-20fe-88ce-b820-67219233a4d3" testName="OperationConstructorTest" computerName="SWETHA-PC" duration="00:00:00.0003526" startTime="2011-11-03T20:15:28.4094945+08:00" endTime="2011-11-03T20:15:28.4154949+08:00" testType="13cdc9d9-ddb5-4fa4-a97d-d965ccfc6d4b" outcome="Passed" testListId="8c84fa94-04c1-424b-9868-57a2d4851a1d" relativeResultsDirectory="d67ead30-fb8c-4f9e-a825-9a73d18d0046">
    </UnitTestResult>
    <UnitTestResult executionId="439a2298-9ece-48fa-a9b3-65be42aaf2b8" testId="52efca71-c2b4-2100-e456-82aad3268b34" testName="ViewPerformanceTest" computerName="SWETHA-PC" duration="00:00:00.0047438" startTime="2011-11-03T20:15:28.4224953+08:00" endTime="2011-11-03T20:15:28.4334959+08:00" testType="13cdc9d9-ddb5-4fa4-a97d-d965ccfc6d4b" outcome="Inconclusive" testListId="8c84fa94-04c1-424b-9868-57a2d4851a1d" relativeResultsDirectory="439a2298-9ece-48fa-a9b3-65be42aaf2b8">
      <Output>
        <ErrorInfo>
          <Message>Assert.Inconclusive failed. Verify the correctness of this test method.</Message>
          <StackTrace>   at TestProject1.OperationTest.ViewPerformanceTest() in C:\Users\swetha\Desktop\[F9S2][V0.2]\TestProject1\OperationTest.cs:line 133
</StackTrace>
        </ErrorInfo>
      </Output>
    </UnitTestResult>
    <UnitTestResult executionId="83ee07f1-034d-4342-8e58-cc3f31166dfc" testId="5675f85b-0061-ff5b-47b5-0e0ff0baf33a" testName="ConvertArrayOfStringIntoListOfIntTest" computerName="SWETHA-PC" duration="00:00:00.0007291" startTime="2011-11-03T20:15:28.4394962+08:00" endTime="2011-11-03T20:15:28.4444965+08:00" testType="13cdc9d9-ddb5-4fa4-a97d-d965ccfc6d4b" outcome="Passed" testListId="8c84fa94-04c1-424b-9868-57a2d4851a1d" relativeResultsDirectory="83ee07f1-034d-4342-8e58-cc3f31166dfc">
    </UnitTestResult>
    <UnitTestResult executionId="987dadf0-fcd7-4a8a-ba6d-e4f8a253352a" testId="5ee9d7b1-ec25-7322-61a2-90a0f78c097d" testName="convertTaskDetailToWriteIntoFileTest" computerName="SWETHA-PC" duration="00:00:00.0025033" startTime="2011-11-03T20:15:28.4464966+08:00" endTime="2011-11-03T20:15:28.4554971+08:00" testType="13cdc9d9-ddb5-4fa4-a97d-d965ccfc6d4b" outcome="Failed" testListId="8c84fa94-04c1-424b-9868-57a2d4851a1d" relativeResultsDirectory="987dadf0-fcd7-4a8a-ba6d-e4f8a253352a">
      <Output>
        <ErrorInfo>
          <Message>Assert.AreEqual failed. Expected:&lt;&gt;. Actual:&lt;(null)&gt;. </Message>
          <StackTrace>   at TestProject1.ConversionsTest.convertTaskDetailToWriteIntoFileTest() in C:\Users\swetha\Desktop\[F9S2][V0.2]\TestProject1\ConversionsTest.cs:line 240
</StackTrace>
        </ErrorInfo>
      </Output>
    </UnitTestResult>
    <UnitTestResult executionId="63c75acb-9715-4b4c-b9d4-6f5269e82ef6" testId="7be700b9-d314-da17-fd2a-788053f6a1ad" testName="HelpUserWriteCommandTest1" computerName="SWETHA-PC" duration="00:00:00.0009966" startTime="2011-11-03T20:15:28.4564972+08:00" endTime="2011-11-03T20:15:28.4614975+08:00" testType="13cdc9d9-ddb5-4fa4-a97d-d965ccfc6d4b" outcome="Passed" testListId="8c84fa94-04c1-424b-9868-57a2d4851a1d" relativeResultsDirectory="63c75acb-9715-4b4c-b9d4-6f5269e82ef6">
    </UnitTestResult>
    <UnitTestResult executionId="c863a818-437c-45dc-8de5-ab912d1bc16a" testId="7ecba722-39b2-0c77-caeb-80d5158acb13" testName="Convert12HourFormatTo24HourFormatTest" computerName="SWETHA-PC" duration="00:00:00.0002652" startTime="2011-11-03T20:15:28.4654977+08:00" endTime="2011-11-03T20:15:28.4694979+08:00" testType="13cdc9d9-ddb5-4fa4-a97d-d965ccfc6d4b" outcome="Passed" testListId="8c84fa94-04c1-424b-9868-57a2d4851a1d" relativeResultsDirectory="c863a818-437c-45dc-8de5-ab912d1bc16a">
    </UnitTestResult>
    <UnitTestResult executionId="7bba3aa2-8d28-4ce6-980f-2a915bea6cf6" testId="811d5f4a-7ec9-8777-9423-ab65d6cc47b8" testName="SyntaxOfTextboxTextTest" computerName="SWETHA-PC" duration="00:00:00.0014732" startTime="2011-11-03T20:15:28.4724981+08:00" endTime="2011-11-03T20:15:28.4804986+08:00" testType="13cdc9d9-ddb5-4fa4-a97d-d965ccfc6d4b" outcome="Passed" testListId="8c84fa94-04c1-424b-9868-57a2d4851a1d" relativeResultsDirectory="7bba3aa2-8d28-4ce6-980f-2a915bea6cf6">
    </UnitTestResult>
    <UnitTestResult executionId="35b5c322-e59f-4992-8011-9007773d3a68" testId="817bc3d3-de9f-2eb0-74c0-fdf6f97a120b" testName="Convert24HourFormatTo12HourFormatTest" computerName="SWETHA-PC" duration="00:00:00.0007106" startTime="2011-11-03T20:15:28.4814986+08:00" endTime="2011-11-03T20:15:28.4864989+08:00" testType="13cdc9d9-ddb5-4fa4-a97d-d965ccfc6d4b" outcome="Passed" testListId="8c84fa94-04c1-424b-9868-57a2d4851a1d" relativeResultsDirectory="35b5c322-e59f-4992-8011-9007773d3a68">
    </UnitTestResult>
    <UnitTestResult executionId="2f66da8e-8787-4015-bf42-e865ede20815" testId="853ce853-ab0e-f2d3-cea3-fb5b2a7169c0" testName="ViewHistoryTest" computerName="SWETHA-PC" duration="00:00:00.0021703" startTime="2011-11-03T20:15:28.4894991+08:00" endTime="2011-11-03T20:15:28.4964995+08:00" testType="13cdc9d9-ddb5-4fa4-a97d-d965ccfc6d4b" outcome="Failed" testListId="8c84fa94-04c1-424b-9868-57a2d4851a1d" relativeResultsDirectory="2f66da8e-8787-4015-bf42-e865ede20815">
      <Output>
        <ErrorInfo>
          <Message>Test method TestProject1.OperationTest.ViewHistoryTest threw exception: 
System.NullReferenceException: Object reference not set to an instance of an object.</Message>
          <StackTrace>   at ToDoList.Operation_Accessor.ViewHistory()
   at TestProject1.OperationTest.ViewHistoryTest() in C:\Users\swetha\Desktop\[F9S2][V0.2]\TestProject1\OperationTest.cs:line 115
</StackTrace>
        </ErrorInfo>
      </Output>
    </UnitTestResult>
    <UnitTestResult executionId="175f8cfc-8bda-481d-a494-f41dfa651aff" testId="87e67f6d-2fa7-4327-a78f-5fb26993d993" testName="checkIfautoschedulingNeededTest" computerName="SWETHA-PC" duration="00:00:00.0021561" startTime="2011-11-03T20:15:28.4974995+08:00" endTime="2011-11-03T20:15:28.5065001+08:00" testType="13cdc9d9-ddb5-4fa4-a97d-d965ccfc6d4b" outcome="Failed" testListId="8c84fa94-04c1-424b-9868-57a2d4851a1d" relativeResultsDirectory="175f8cfc-8bda-481d-a494-f41dfa651aff">
      <Output>
        <ErrorInfo>
          <Message>Test method TestProject1.OperationTest.checkIfautoschedulingNeededTest threw exception: 
System.NullReferenceException: Object reference not set to an instance of an object.</Message>
          <StackTrace>   at ToDoList.Operation_Accessor.checkIfautoschedulingNeeded(TaskDetails_Accessor objectDetailsOfTask)
   at TestProject1.OperationTest.checkIfautoschedulingNeededTest() in C:\Users\swetha\Desktop\[F9S2][V0.2]\TestProject1\OperationTest.cs:line 150
</StackTrace>
        </ErrorInfo>
      </Output>
    </UnitTestResult>
    <UnitTestResult executionId="a02b1ef9-e007-4527-bb3e-3e79e1cbdf31" testId="9164ae3e-5109-fabb-4d9d-d3f2554d728d" testName="ConvertSecondsToHoursTest" computerName="SWETHA-PC" duration="00:00:00.0004808" startTime="2011-11-03T20:15:28.5095002+08:00" endTime="2011-11-03T20:15:28.5165006+08:00" testType="13cdc9d9-ddb5-4fa4-a97d-d965ccfc6d4b" outcome="Passed" testListId="8c84fa94-04c1-424b-9868-57a2d4851a1d" relativeResultsDirectory="a02b1ef9-e007-4527-bb3e-3e79e1cbdf31">
    </UnitTestResult>
    <UnitTestResult executionId="ef723880-72ea-42ae-bc1a-09c0da02ccf0" testId="925ad92f-eb92-bb63-9789-954a688bb8e8" testName="retrieveIDsofARepeatingEventTest" computerName="SWETHA-PC" duration="00:00:00.0017234" startTime="2011-11-03T20:15:28.5175007+08:00" endTime="2011-11-03T20:15:28.5245011+08:00" testType="13cdc9d9-ddb5-4fa4-a97d-d965ccfc6d4b" outcome="Failed" testListId="8c84fa94-04c1-424b-9868-57a2d4851a1d" relativeResultsDirectory="ef723880-72ea-42ae-bc1a-09c0da02ccf0">
      <Output>
        <ErrorInfo>
          <Message>Test method TestProject1.OperationTest.retrieveIDsofARepeatingEventTest threw exception: 
System.NullReferenceException: Object reference not set to an instance of an object.</Message>
          <StackTrace>   at ToDoList.Operation_Accessor.retrieveIDsofARepeatingEvent(Int32 id)
   at TestProject1.OperationTest.retrieveIDsofARepeatingEventTest() in C:\Users\swetha\Desktop\[F9S2][V0.2]\TestProject1\OperationTest.cs:line 238
</StackTrace>
        </ErrorInfo>
      </Output>
    </UnitTestResult>
    <UnitTestResult executionId="c2612b98-3333-427f-8bf2-47f9c4ee08e1" testId="9437120d-b9e5-307f-cb85-e0d001e1e0c3" testName="CheckIfEventNameIsCorrectTest" computerName="SWETHA-PC" duration="00:00:00.0014820" startTime="2011-11-03T20:15:28.5265012+08:00" endTime="2011-11-03T20:15:28.5325015+08:00" testType="13cdc9d9-ddb5-4fa4-a97d-d965ccfc6d4b" outcome="Failed" testListId="8c84fa94-04c1-424b-9868-57a2d4851a1d" relativeResultsDirectory="c2612b98-3333-427f-8bf2-47f9c4ee08e1">
      <Output>
        <ErrorInfo>
          <Message>Assert.AreEqual failed. Expected:&lt;Please enter a valid Event Name&gt;. Actual:&lt;(null)&gt;. </Message>
          <StackTrace>   at TestProject1.ErrorHandlingTest.CheckIfEventNameIsCorrectTest() in C:\Users\swetha\Desktop\[F9S2][V0.2]\TestProject1\ErrorHandlingTest.cs:line 78
</StackTrace>
        </ErrorInfo>
      </Output>
    </UnitTestResult>
    <UnitTestResult executionId="0d63ba9c-ed49-4718-8cd3-40d68f75901d" testId="a24feab6-c418-b744-08a0-4d987df3755e" testName="ConvertDateTo_ddmmyyFormatTest" computerName="SWETHA-PC" duration="00:00:00.0006898" startTime="2011-11-03T20:15:28.5345017+08:00" endTime="2011-11-03T20:15:28.5405020+08:00" testType="13cdc9d9-ddb5-4fa4-a97d-d965ccfc6d4b" outcome="Passed" testListId="8c84fa94-04c1-424b-9868-57a2d4851a1d" relativeResultsDirectory="0d63ba9c-ed49-4718-8cd3-40d68f75901d">
    </UnitTestResult>
    <UnitTestResult executionId="e0c7dfca-55cd-4761-9f13-421168f3a605" testId="a3deb1a3-2ddb-ef40-25c9-0384b9a77a99" testName="CheckIfCommandAndContentValidTest" computerName="SWETHA-PC" duration="00:00:00.0009893" startTime="2011-11-03T20:15:28.5425021+08:00" endTime="2011-11-03T20:15:28.5485025+08:00" testType="13cdc9d9-ddb5-4fa4-a97d-d965ccfc6d4b" outcome="Passed" testListId="8c84fa94-04c1-424b-9868-57a2d4851a1d" relativeResultsDirectory="e0c7dfca-55cd-4761-9f13-421168f3a605">
    </UnitTestResult>
    <UnitTestResult executionId="8c3310ee-0bdb-48f2-96e2-703e9d19e947" testId="b2b3dc86-0c03-574e-f4bf-d904f295279c" testName="durationOrRemainderToTotalHoursTest" computerName="SWETHA-PC" duration="00:00:00.0002340" startTime="2011-11-03T20:15:28.5495025+08:00" endTime="2011-11-03T20:15:28.5565029+08:00" testType="13cdc9d9-ddb5-4fa4-a97d-d965ccfc6d4b" outcome="Passed" testListId="8c84fa94-04c1-424b-9868-57a2d4851a1d" relativeResultsDirectory="8c3310ee-0bdb-48f2-96e2-703e9d19e947">
    </UnitTestResult>
    <UnitTestResult executionId="da47ff8e-cfa4-4543-adec-b450b9cd80e0" testId="b9f0d8f2-3773-3983-9410-797e7d452424" testName="interpretRepeatAsNumberOfDaysTest" computerName="SWETHA-PC" duration="00:00:00.0014520" startTime="2011-11-03T20:15:28.5585030+08:00" endTime="2011-11-03T20:15:28.5675035+08:00" testType="13cdc9d9-ddb5-4fa4-a97d-d965ccfc6d4b" outcome="Passed" testListId="8c84fa94-04c1-424b-9868-57a2d4851a1d" relativeResultsDirectory="da47ff8e-cfa4-4543-adec-b450b9cd80e0">
    </UnitTestResult>
    <UnitTestResult executionId="b785348f-91eb-4ab2-947d-b6f0395c70ac" testId="bc3953ec-d998-e41b-f6fc-055a5f8e631e" testName="taskToBePerformedTest1" computerName="SWETHA-PC" duration="00:00:02.2697749" startTime="2011-11-03T20:15:28.5685036+08:00" endTime="2011-11-03T20:15:30.8526343+08:00" testType="13cdc9d9-ddb5-4fa4-a97d-d965ccfc6d4b" outcome="Passed" testListId="8c84fa94-04c1-424b-9868-57a2d4851a1d" relativeResultsDirectory="b785348f-91eb-4ab2-947d-b6f0395c70ac">
      <Output>
        <DebugTrace>Fail: 
</DebugTrace>
      </Output>
    </UnitTestResult>
    <UnitTestResult executionId="5069138a-3a6f-4480-8737-4b246f8385f9" testId="be2fd57d-61da-8654-9530-0824be4b4617" testName="ConvertDaysToHoursTest" computerName="SWETHA-PC" duration="00:00:00.0038083" startTime="2011-11-03T20:15:30.8566345+08:00" endTime="2011-11-03T20:15:30.8696352+08:00" testType="13cdc9d9-ddb5-4fa4-a97d-d965ccfc6d4b" outcome="Passed" testListId="8c84fa94-04c1-424b-9868-57a2d4851a1d" relativeResultsDirectory="5069138a-3a6f-4480-8737-4b246f8385f9">
    </UnitTestResult>
    <UnitTestResult executionId="dad34262-2898-4214-b233-c8bf6259d352" testId="d8442adf-139d-dab4-2a85-7eff04e87ab5" testName="displayTimeLineWithEventsTest" computerName="SWETHA-PC" duration="00:00:00.0037252" startTime="2011-11-03T20:15:30.8756356+08:00" endTime="2011-11-03T20:15:30.8836360+08:00" testType="13cdc9d9-ddb5-4fa4-a97d-d965ccfc6d4b" outcome="Inconclusive" testListId="8c84fa94-04c1-424b-9868-57a2d4851a1d" relativeResultsDirectory="dad34262-2898-4214-b233-c8bf6259d352">
      <Output>
        <ErrorInfo>
          <Message>Assert.Inconclusive failed. Verify the correctness of this test method.</Message>
          <StackTrace>   at TestProject1.OperationTest.displayTimeLineWithEventsTest() in C:\Users\swetha\Desktop\[F9S2][V0.2]\TestProject1\OperationTest.cs:line 206
</StackTrace>
        </ErrorInfo>
      </Output>
    </UnitTestResult>
    <UnitTestResult executionId="8cd4e771-d7d1-40f9-b667-142cc85b3b8d" testId="e0d6f14e-b818-d60e-e87a-fd7bc0689148" testName="valuesToInitialiseDataGrid2Test" computerName="SWETHA-PC" duration="00:00:00.0014732" startTime="2011-11-03T20:15:30.8886363+08:00" endTime="2011-11-03T20:15:30.8956367+08:00" testType="13cdc9d9-ddb5-4fa4-a97d-d965ccfc6d4b" outcome="Passed" testListId="8c84fa94-04c1-424b-9868-57a2d4851a1d" relativeResultsDirectory="8cd4e771-d7d1-40f9-b667-142cc85b3b8d">
    </UnitTestResult>
    <UnitTestResult executionId="d95de33e-a009-4300-a0ea-dde765676777" testId="e32f1aed-f336-c4fd-21d1-5fdc235f2a77" testName="decideOntaskTest" computerName="SWETHA-PC" duration="00:00:00.0014790" startTime="2011-11-03T20:15:30.9006370+08:00" endTime="2011-11-03T20:15:30.9086375+08:00" testType="13cdc9d9-ddb5-4fa4-a97d-d965ccfc6d4b" outcome="Passed" testListId="8c84fa94-04c1-424b-9868-57a2d4851a1d" relativeResultsDirectory="d95de33e-a009-4300-a0ea-dde765676777">
    </UnitTestResult>
    <UnitTestResult executionId="9e9579b8-7f42-4693-bddb-64397d344c0d" testId="e9b74553-7fc7-95c9-25d0-b7874d99b8a9" testName="creatDateEventObjectTest" computerName="SWETHA-PC" duration="00:00:00.0003607" startTime="2011-11-03T20:15:30.9126377+08:00" endTime="2011-11-03T20:15:30.9176380+08:00" testType="13cdc9d9-ddb5-4fa4-a97d-d965ccfc6d4b" outcome="Passed" testListId="8c84fa94-04c1-424b-9868-57a2d4851a1d" relativeResultsDirectory="9e9579b8-7f42-4693-bddb-64397d344c0d">
    </UnitTestResult>
    <UnitTestResult executionId="856b30ba-8b66-48ba-ba03-3db239b35c8c" testId="f33f9546-63a0-b1f3-2ab6-cbded7caec2c" testName="ParserConstructorTest" computerName="SWETHA-PC" duration="00:00:00.0009758" startTime="2011-11-03T20:15:30.9226383+08:00" endTime="2011-11-03T20:15:30.9286386+08:00" testType="13cdc9d9-ddb5-4fa4-a97d-d965ccfc6d4b" outcome="Passed" testListId="8c84fa94-04c1-424b-9868-57a2d4851a1d" relativeResultsDirectory="856b30ba-8b66-48ba-ba03-3db239b35c8c">
    </UnitTestResult>
  </Results>
</TestRun>