<?xml version="1.0" encoding="UTF-8"?>
<TestRun id="2d42583c-ba20-44fd-be63-fee429257fbf" name="swetha@SWETHA-PC 2011-11-01 01:10:25" runUser="swetha-PC\swetha" xmlns="http://microsoft.com/schemas/VisualStudio/TeamTest/2010">
  <TestSettings name="Local" id="6162c3b6-876d-4b34-81c6-d6c2edded6c6">
    <Description>These are default test settings for a local test run.</Description>
    <Deployment enabled="false" runDeploymentRoot="swetha_SWETHA-PC 2011-11-01 01_10_25">
      <DeploymentItem filename="c:\Program Files (x86)\WPF Toolkit\v3.5.50211.1\System.Windows.Controls.DataVisualization.Toolkit.dll" />
      <DeploymentItem filename="c:\Program Files (x86)\WPF Toolkit\v3.5.50211.1\System.Windows.Controls.DataVisualization.Toolkit.Design.4.0.dll" />
      <DeploymentItem filename="C:\Users\swetha\Desktop\[F9S2][V0.2]-Swetha\[F9S2][V0.2]\bin\Debug\ToDoList.exe" />
    </Deployment>
    <Execution>
      <TestTypeSpecific />
      <AgentRule name="Execution Agents">
      </AgentRule>
    </Execution>
  </TestSettings>
  <Times creation="2011-11-01T01:10:25.4706956+08:00" queuing="2011-11-01T01:10:25.6197041+08:00" start="2011-11-01T01:10:25.6477057+08:00" finish="2011-11-01T01:10:25.9797247+08:00" />
  <ResultSummary outcome="Failed">
    <Counters total="1" executed="1" error="0" failed="1" timeout="0" aborted="0" inconclusive="0" passedButRunAborted="0" notRunnable="0" notExecuted="0" disconnected="0" warning="0" passed="0" completed="0" inProgress="0" pending="0" />
  </ResultSummary>
  <TestDefinitions>
    <UnitTest name="ListOfEventsForTheDayTest" storage="c:\users\swetha\desktop\testproject1\bin\debug\testproject1.dll" id="028069d4-1f2b-fa73-bfbd-ecd2719dcab7">
      <Execution id="d8dd95e7-dcf0-4583-9d0c-c816af6f1c60" />
      <TestMethod codeBase="C:/Users/swetha/Desktop/TestProject1/bin/Debug/TestProject1.DLL" adapterTypeName="Microsoft.VisualStudio.TestTools.TestTypes.Unit.UnitTestAdapter, Microsoft.VisualStudio.QualityTools.Tips.UnitTest.Adapter, Version=10.0.0.0, Culture=neutral, PublicKeyToken=b03f5f7f11d50a3a" className="TestProject1.OperationTest, TestProject1, Version=1.0.0.0, Culture=neutral, PublicKeyToken=null" name="ListOfEventsForTheDayTest" />
    </UnitTest>
  </TestDefinitions>
  <TestLists>
    <TestList name="Results Not in a List" id="8c84fa94-04c1-424b-9868-57a2d4851a1d" />
    <TestList name="All Loaded Results" id="19431567-8539-422a-85d7-44ee4e166bda" />
  </TestLists>
  <TestEntries>
    <TestEntry testId="028069d4-1f2b-fa73-bfbd-ecd2719dcab7" executionId="d8dd95e7-dcf0-4583-9d0c-c816af6f1c60" testListId="8c84fa94-04c1-424b-9868-57a2d4851a1d" />
  </TestEntries>
  <Results>
    <UnitTestResult executionId="d8dd95e7-dcf0-4583-9d0c-c816af6f1c60" testId="028069d4-1f2b-fa73-bfbd-ecd2719dcab7" testName="ListOfEventsForTheDayTest" computerName="SWETHA-PC" duration="00:00:00.0501779" startTime="2011-11-01T01:10:25.6597064+08:00" endTime="2011-11-01T01:10:25.9577234+08:00" testType="13cdc9d9-ddb5-4fa4-a97d-d965ccfc6d4b" outcome="Failed" testListId="8c84fa94-04c1-424b-9868-57a2d4851a1d" relativeResultsDirectory="d8dd95e7-dcf0-4583-9d0c-c816af6f1c60">
      <Output>
        <ErrorInfo>
          <Message>Assert.AreEqual failed. Expected:&lt;ToDoList.DateEvent&gt;. Actual:&lt;ToDoList.DateEvent&gt;. </Message>
          <StackTrace>   at TestProject1.OperationTest.ListOfEventsForTheDayTest() in C:\Users\swetha\Desktop\TestProject1\OperationTest.cs:line 122
</StackTrace>
        </ErrorInfo>
      </Output>
    </UnitTestResult>
  </Results>
</TestRun>