<?xml version="1.0" encoding="UTF-8"?>
<TestRun id="24319b26-01a4-49a0-b1a0-ba0c761685b6" name="swetha@SWETHA-PC 2011-10-31 03:00:45" runUser="swetha-PC\swetha" xmlns="http://microsoft.com/schemas/VisualStudio/TeamTest/2010">
  <TestSettings name="Local" id="6162c3b6-876d-4b34-81c6-d6c2edded6c6">
    <Description>These are default test settings for a local test run.</Description>
    <Deployment enabled="false" runDeploymentRoot="swetha_SWETHA-PC 2011-10-31 03_00_45">
      <DeploymentItem filename="C:\Users\swetha\Desktop\Drop\[F9S2][V0.2]\bin\Debug\ToDoList.exe" />
      <DeploymentItem filename="c:\Program Files (x86)\WPF Toolkit\v3.5.50211.1\System.Windows.Controls.DataVisualization.Toolkit.dll" />
      <DeploymentItem filename="c:\Program Files (x86)\WPF Toolkit\v3.5.50211.1\System.Windows.Controls.DataVisualization.Toolkit.Design.4.0.dll" />
    </Deployment>
    <Execution>
      <TestTypeSpecific />
      <AgentRule name="Execution Agents">
      </AgentRule>
    </Execution>
  </TestSettings>
  <Times creation="2011-10-31T03:00:45.0666831+08:00" queuing="2011-10-31T03:00:46.5197663+08:00" start="2011-10-31T03:00:46.5617687+08:00" finish="2011-10-31T03:00:47.0487965+08:00" />
  <ResultSummary outcome="Failed">
    <Counters total="1" executed="1" error="0" failed="1" timeout="0" aborted="0" inconclusive="0" passedButRunAborted="0" notRunnable="0" notExecuted="0" disconnected="0" warning="0" passed="0" completed="0" inProgress="0" pending="0" />
  </ResultSummary>
  <TestDefinitions>
    <UnitTest name="convertStringIntoTaskDetailsTest" storage="c:\users\swetha\desktop\drop\[f9s2][v0.2]\testproject1\bin\debug\testproject1.dll" id="3c7e691a-d362-ee99-61a4-6a800be63181">
      <Execution id="3b0ea347-610e-4d40-9c96-3b09d4281210" />
      <TestMethod codeBase="C:/Users/swetha/Desktop/Drop/[F9S2][V0.2]/TestProject1/bin/Debug/TestProject1.DLL" adapterTypeName="Microsoft.VisualStudio.TestTools.TestTypes.Unit.UnitTestAdapter, Microsoft.VisualStudio.QualityTools.Tips.UnitTest.Adapter, Version=10.0.0.0, Culture=neutral, PublicKeyToken=b03f5f7f11d50a3a" className="TestProject1.ConversionsTest, TestProject1, Version=1.0.0.0, Culture=neutral, PublicKeyToken=null" name="convertStringIntoTaskDetailsTest" />
    </UnitTest>
  </TestDefinitions>
  <TestLists>
    <TestList name="Results Not in a List" id="8c84fa94-04c1-424b-9868-57a2d4851a1d" />
    <TestList name="All Loaded Results" id="19431567-8539-422a-85d7-44ee4e166bda" />
  </TestLists>
  <TestEntries>
    <TestEntry testId="3c7e691a-d362-ee99-61a4-6a800be63181" executionId="3b0ea347-610e-4d40-9c96-3b09d4281210" testListId="8c84fa94-04c1-424b-9868-57a2d4851a1d" />
  </TestEntries>
  <Results>
    <UnitTestResult executionId="3b0ea347-610e-4d40-9c96-3b09d4281210" testId="3c7e691a-d362-ee99-61a4-6a800be63181" testName="convertStringIntoTaskDetailsTest" computerName="SWETHA-PC" duration="00:00:00.0301179" startTime="2011-10-31T03:00:46.5677690+08:00" endTime="2011-10-31T03:00:46.7717807+08:00" testType="13cdc9d9-ddb5-4fa4-a97d-d965ccfc6d4b" outcome="Failed" testListId="8c84fa94-04c1-424b-9868-57a2d4851a1d" relativeResultsDirectory="3b0ea347-610e-4d40-9c96-3b09d4281210">
      <Output>
        <ErrorInfo>
          <Message>Test method TestProject1.ConversionsTest.convertStringIntoTaskDetailsTest threw exception: 
System.ArgumentNullException: Value cannot be null.
Parameter name: source</Message>
          <StackTrace>    at System.Linq.Enumerable.Count[TSource](IEnumerable`1 source)
   at ToDoList.Conversions.convertStringIntoTaskDetails(List`1 ListOfCompletedEvents) in C:\Users\swetha\Desktop\Drop\[F9S2][V0.2]\Logic\Conversions.cs:line 362
   at TestProject1.ConversionsTest.convertStringIntoTaskDetailsTest() in C:\Users\swetha\Desktop\Drop\[F9S2][V0.2]\TestProject1\ConversionsTest.cs:line 224
</StackTrace>
        </ErrorInfo>
      </Output>
    </UnitTestResult>
  </Results>
</TestRun>