<?xml version="1.0" encoding="UTF-8"?>
<TestRun id="76285f58-6fa7-478d-82f4-a610e0ca4455" name="swetha@SWETHA-PC 2011-11-01 01:06:07" runUser="swetha-PC\swetha" xmlns="http://microsoft.com/schemas/VisualStudio/TeamTest/2010">
  <TestSettings name="Local" id="6162c3b6-876d-4b34-81c6-d6c2edded6c6">
    <Description>These are default test settings for a local test run.</Description>
    <Deployment enabled="false" runDeploymentRoot="swetha_SWETHA-PC 2011-11-01 01_06_07">
      <DeploymentItem filename="c:\Program Files (x86)\WPF Toolkit\v3.5.50211.1\System.Windows.Controls.DataVisualization.Toolkit.dll" />
      <DeploymentItem filename="c:\Program Files (x86)\WPF Toolkit\v3.5.50211.1\System.Windows.Controls.DataVisualization.Toolkit.Design.4.0.dll" />
      <DeploymentItem filename="C:\Users\swetha\Desktop\[F9S2][V0.2]-Swetha\[F9S2][V0.2]\bin\Debug\ToDoList.exe" />
    </Deployment>
    <Execution>
      <TestTypeSpecific />
      <AgentRule name="Execution Agents">
      </AgentRule>
    </Execution>
  </TestSettings>
  <Times creation="2011-11-01T01:06:07.3799336+08:00" queuing="2011-11-01T01:06:07.8409600+08:00" start="2011-11-01T01:06:07.9349654+08:00" finish="2011-11-01T01:06:08.7050094+08:00" />
  <ResultSummary outcome="Failed">
    <Counters total="40" executed="40" passed="22" error="0" failed="18" timeout="0" aborted="0" inconclusive="0" passedButRunAborted="0" notRunnable="0" notExecuted="0" disconnected="0" warning="0" completed="0" inProgress="0" pending="0" />
  </ResultSummary>
  <TestDefinitions>
    <UnitTest name="convertEventsIntoTaskdetailsTest" storage="c:\users\swetha\desktop\testproject1\bin\debug\testproject1.dll" id="09277a0e-8813-a0dc-87e3-f8b39af59d95">
      <Execution id="9691e93a-93de-4310-be7d-6369915e59d1" />
      <TestMethod codeBase="C:/Users/swetha/Desktop/TestProject1/bin/Debug/TestProject1.DLL" adapterTypeName="Microsoft.VisualStudio.TestTools.TestTypes.Unit.UnitTestAdapter, Microsoft.VisualStudio.QualityTools.Tips.UnitTest.Adapter, Version=10.0.0.0, Culture=neutral, PublicKeyToken=b03f5f7f11d50a3a" className="TestProject1.ConversionsTest, TestProject1, Version=1.0.0.0, Culture=neutral, PublicKeyToken=null" name="convertEventsIntoTaskdetailsTest" />
    </UnitTest>
    <UnitTest name="addToIntellisenseDatabaseTest" storage="c:\users\swetha\desktop\testproject1\bin\debug\testproject1.dll" id="b61890a5-e8a3-9835-4f5d-94b788823726">
      <DeploymentItems>
        <DeploymentItem filename="ToDoList.exe" />
      </DeploymentItems>
      <Execution id="41b5b087-7719-4dfa-b054-856023487377" />
      <TestMethod codeBase="C:/Users/swetha/Desktop/TestProject1/bin/Debug/TestProject1.DLL" adapterTypeName="Microsoft.VisualStudio.TestTools.TestTypes.Unit.UnitTestAdapter, Microsoft.VisualStudio.QualityTools.Tips.UnitTest.Adapter, Version=10.0.0.0, Culture=neutral, PublicKeyToken=b03f5f7f11d50a3a" className="TestProject1.OperationTest, TestProject1, Version=1.0.0.0, Culture=neutral, PublicKeyToken=null" name="addToIntellisenseDatabaseTest" />
    </UnitTest>
    <UnitTest name="decideOntaskTest" storage="c:\users\swetha\desktop\testproject1\bin\debug\testproject1.dll" id="e32f1aed-f336-c4fd-21d1-5fdc235f2a77">
      <Execution id="f511fa7b-5219-4874-8ecb-f144301102fd" />
      <TestMethod codeBase="C:/Users/swetha/Desktop/TestProject1/bin/Debug/TestProject1.DLL" adapterTypeName="Microsoft.VisualStudio.TestTools.TestTypes.Unit.UnitTestAdapter, Microsoft.VisualStudio.QualityTools.Tips.UnitTest.Adapter, Version=10.0.0.0, Culture=neutral, PublicKeyToken=b03f5f7f11d50a3a" className="TestProject1.OperationTest, TestProject1, Version=1.0.0.0, Culture=neutral, PublicKeyToken=null" name="decideOntaskTest" />
    </UnitTest>
    <UnitTest name="checkIfTaskIsShiftingToAnotherDayTest" storage="c:\users\swetha\desktop\testproject1\bin\debug\testproject1.dll" id="898276d5-2039-91f5-8945-3690da1d036c">
      <DeploymentItems>
        <DeploymentItem filename="ToDoList.exe" />
      </DeploymentItems>
      <Execution id="78d91d4b-6269-4074-a45d-7f999fe81595" />
      <TestMethod codeBase="C:/Users/swetha/Desktop/TestProject1/bin/Debug/TestProject1.DLL" adapterTypeName="Microsoft.VisualStudio.TestTools.TestTypes.Unit.UnitTestAdapter, Microsoft.VisualStudio.QualityTools.Tips.UnitTest.Adapter, Version=10.0.0.0, Culture=neutral, PublicKeyToken=b03f5f7f11d50a3a" className="TestProject1.OperationTest, TestProject1, Version=1.0.0.0, Culture=neutral, PublicKeyToken=null" name="checkIfTaskIsShiftingToAnotherDayTest" />
    </UnitTest>
    <UnitTest name="aggregateTaskDetailsParameterInAStringTest" storage="c:\users\swetha\desktop\testproject1\bin\debug\testproject1.dll" id="3f89e5e2-d3d0-c7f8-2f85-a34abd0c1cff">
      <DeploymentItems>
        <DeploymentItem filename="ToDoList.exe" />
      </DeploymentItems>
      <Execution id="a56d4028-4d1e-4ab5-b626-271d08bdff2f" />
      <TestMethod codeBase="C:/Users/swetha/Desktop/TestProject1/bin/Debug/TestProject1.DLL" adapterTypeName="Microsoft.VisualStudio.TestTools.TestTypes.Unit.UnitTestAdapter, Microsoft.VisualStudio.QualityTools.Tips.UnitTest.Adapter, Version=10.0.0.0, Culture=neutral, PublicKeyToken=b03f5f7f11d50a3a" className="TestProject1.OperationTest, TestProject1, Version=1.0.0.0, Culture=neutral, PublicKeyToken=null" name="aggregateTaskDetailsParameterInAStringTest" />
    </UnitTest>
    <UnitTest name="convertTaskdetailsIntoEventTest" storage="c:\users\swetha\desktop\testproject1\bin\debug\testproject1.dll" id="249bd0f5-28f7-8fdd-b183-4daadf719678">
      <Execution id="0b3b2ed4-45e1-46e0-8913-67d8ec60ee38" />
      <TestMethod codeBase="C:/Users/swetha/Desktop/TestProject1/bin/Debug/TestProject1.DLL" adapterTypeName="Microsoft.VisualStudio.TestTools.TestTypes.Unit.UnitTestAdapter, Microsoft.VisualStudio.QualityTools.Tips.UnitTest.Adapter, Version=10.0.0.0, Culture=neutral, PublicKeyToken=b03f5f7f11d50a3a" className="TestProject1.ConversionsTest, TestProject1, Version=1.0.0.0, Culture=neutral, PublicKeyToken=null" name="convertTaskdetailsIntoEventTest" />
    </UnitTest>
    <UnitTest name="SyntaxOfTextboxTextTest" storage="c:\users\swetha\desktop\testproject1\bin\debug\testproject1.dll" id="811d5f4a-7ec9-8777-9423-ab65d6cc47b8">
      <Execution id="2164720b-f90e-493f-bd71-82759cb9f577" />
      <TestMethod codeBase="C:/Users/swetha/Desktop/TestProject1/bin/Debug/TestProject1.DLL" adapterTypeName="Microsoft.VisualStudio.TestTools.TestTypes.Unit.UnitTestAdapter, Microsoft.VisualStudio.QualityTools.Tips.UnitTest.Adapter, Version=10.0.0.0, Culture=neutral, PublicKeyToken=b03f5f7f11d50a3a" className="TestProject1.ParserTest, TestProject1, Version=1.0.0.0, Culture=neutral, PublicKeyToken=null" name="SyntaxOfTextboxTextTest" />
    </UnitTest>
    <UnitTest name="TaskDetailsConstructorTest" storage="c:\users\swetha\desktop\testproject1\bin\debug\testproject1.dll" id="01862544-0151-bc4b-eef2-c78231c46765">
      <Execution id="4b037271-5bc2-42ad-b0eb-034c72fb9f78" />
      <TestMethod codeBase="C:/Users/swetha/Desktop/TestProject1/bin/Debug/TestProject1.DLL" adapterTypeName="Microsoft.VisualStudio.TestTools.TestTypes.Unit.UnitTestAdapter, Microsoft.VisualStudio.QualityTools.Tips.UnitTest.Adapter, Version=10.0.0.0, Culture=neutral, PublicKeyToken=b03f5f7f11d50a3a" className="TestProject1.TaskDetailsTest, TestProject1, Version=1.0.0.0, Culture=neutral, PublicKeyToken=null" name="TaskDetailsConstructorTest" />
    </UnitTest>
    <UnitTest name="ConvertSecondsToHoursTest" storage="c:\users\swetha\desktop\testproject1\bin\debug\testproject1.dll" id="9164ae3e-5109-fabb-4d9d-d3f2554d728d">
      <Execution id="b5d0ce06-65fe-4ef2-bb8b-87730cb8e233" />
      <TestMethod codeBase="C:/Users/swetha/Desktop/TestProject1/bin/Debug/TestProject1.DLL" adapterTypeName="Microsoft.VisualStudio.TestTools.TestTypes.Unit.UnitTestAdapter, Microsoft.VisualStudio.QualityTools.Tips.UnitTest.Adapter, Version=10.0.0.0, Culture=neutral, PublicKeyToken=b03f5f7f11d50a3a" className="TestProject1.ConversionsTest, TestProject1, Version=1.0.0.0, Culture=neutral, PublicKeyToken=null" name="ConvertSecondsToHoursTest" />
    </UnitTest>
    <UnitTest name="ListOfTasksForTheDayTest" storage="c:\users\swetha\desktop\testproject1\bin\debug\testproject1.dll" id="6ed48ebc-c19e-538f-269d-737251d4c1fd">
      <Execution id="b7101355-4ff0-4fa6-a493-3b023d9a9d7e" />
      <TestMethod codeBase="C:/Users/swetha/Desktop/TestProject1/bin/Debug/TestProject1.DLL" adapterTypeName="Microsoft.VisualStudio.TestTools.TestTypes.Unit.UnitTestAdapter, Microsoft.VisualStudio.QualityTools.Tips.UnitTest.Adapter, Version=10.0.0.0, Culture=neutral, PublicKeyToken=b03f5f7f11d50a3a" className="TestProject1.OperationTest, TestProject1, Version=1.0.0.0, Culture=neutral, PublicKeyToken=null" name="ListOfTasksForTheDayTest" />
    </UnitTest>
    <UnitTest name="getDisplayMessageTest" storage="c:\users\swetha\desktop\testproject1\bin\debug\testproject1.dll" id="291e0111-5060-6201-9181-18664685707f">
      <Execution id="75d002a8-0049-4f0e-beec-dcde5de84829" />
      <TestMethod codeBase="C:/Users/swetha/Desktop/TestProject1/bin/Debug/TestProject1.DLL" adapterTypeName="Microsoft.VisualStudio.TestTools.TestTypes.Unit.UnitTestAdapter, Microsoft.VisualStudio.QualityTools.Tips.UnitTest.Adapter, Version=10.0.0.0, Culture=neutral, PublicKeyToken=b03f5f7f11d50a3a" className="TestProject1.OperationTest, TestProject1, Version=1.0.0.0, Culture=neutral, PublicKeyToken=null" name="getDisplayMessageTest" />
    </UnitTest>
    <UnitTest name="ConvertDateTo_ddmmyyFormatTest" storage="c:\users\swetha\desktop\testproject1\bin\debug\testproject1.dll" id="a24feab6-c418-b744-08a0-4d987df3755e">
      <Execution id="f135327f-e9cb-4a82-a9a4-347353526e9c" />
      <TestMethod codeBase="C:/Users/swetha/Desktop/TestProject1/bin/Debug/TestProject1.DLL" adapterTypeName="Microsoft.VisualStudio.TestTools.TestTypes.Unit.UnitTestAdapter, Microsoft.VisualStudio.QualityTools.Tips.UnitTest.Adapter, Version=10.0.0.0, Culture=neutral, PublicKeyToken=b03f5f7f11d50a3a" className="TestProject1.ConversionsTest, TestProject1, Version=1.0.0.0, Culture=neutral, PublicKeyToken=null" name="ConvertDateTo_ddmmyyFormatTest" />
    </UnitTest>
    <UnitTest name="convertStringIntoTaskDetailsTest" storage="c:\users\swetha\desktop\testproject1\bin\debug\testproject1.dll" id="3c7e691a-d362-ee99-61a4-6a800be63181">
      <Execution id="3ffd5990-5608-4bba-85fb-1ece771cd17d" />
      <TestMethod codeBase="C:/Users/swetha/Desktop/TestProject1/bin/Debug/TestProject1.DLL" adapterTypeName="Microsoft.VisualStudio.TestTools.TestTypes.Unit.UnitTestAdapter, Microsoft.VisualStudio.QualityTools.Tips.UnitTest.Adapter, Version=10.0.0.0, Culture=neutral, PublicKeyToken=b03f5f7f11d50a3a" className="TestProject1.ConversionsTest, TestProject1, Version=1.0.0.0, Culture=neutral, PublicKeyToken=null" name="convertStringIntoTaskDetailsTest" />
    </UnitTest>
    <UnitTest name="durationOrRemainderToTotalHoursTest" storage="c:\users\swetha\desktop\testproject1\bin\debug\testproject1.dll" id="b2b3dc86-0c03-574e-f4bf-d904f295279c">
      <Execution id="bf2004d5-b93d-4792-b980-99a31e17f281" />
      <TestMethod codeBase="C:/Users/swetha/Desktop/TestProject1/bin/Debug/TestProject1.DLL" adapterTypeName="Microsoft.VisualStudio.TestTools.TestTypes.Unit.UnitTestAdapter, Microsoft.VisualStudio.QualityTools.Tips.UnitTest.Adapter, Version=10.0.0.0, Culture=neutral, PublicKeyToken=b03f5f7f11d50a3a" className="TestProject1.ConversionsTest, TestProject1, Version=1.0.0.0, Culture=neutral, PublicKeyToken=null" name="durationOrRemainderToTotalHoursTest" />
    </UnitTest>
    <UnitTest name="interpretRepeatAsNumberOfDaysTest" storage="c:\users\swetha\desktop\testproject1\bin\debug\testproject1.dll" id="b9f0d8f2-3773-3983-9410-797e7d452424">
      <Execution id="a231ecbd-2bed-4998-bd9f-bc977f867703" />
      <TestMethod codeBase="C:/Users/swetha/Desktop/TestProject1/bin/Debug/TestProject1.DLL" adapterTypeName="Microsoft.VisualStudio.TestTools.TestTypes.Unit.UnitTestAdapter, Microsoft.VisualStudio.QualityTools.Tips.UnitTest.Adapter, Version=10.0.0.0, Culture=neutral, PublicKeyToken=b03f5f7f11d50a3a" className="TestProject1.ConversionsTest, TestProject1, Version=1.0.0.0, Culture=neutral, PublicKeyToken=null" name="interpretRepeatAsNumberOfDaysTest" />
    </UnitTest>
    <UnitTest name="ListOfEventsForTheDayTest" storage="c:\users\swetha\desktop\testproject1\bin\debug\testproject1.dll" id="028069d4-1f2b-fa73-bfbd-ecd2719dcab7">
      <Execution id="bb05a9bd-7669-45a5-ade6-805aacaef4e3" />
      <TestMethod codeBase="C:/Users/swetha/Desktop/TestProject1/bin/Debug/TestProject1.DLL" adapterTypeName="Microsoft.VisualStudio.TestTools.TestTypes.Unit.UnitTestAdapter, Microsoft.VisualStudio.QualityTools.Tips.UnitTest.Adapter, Version=10.0.0.0, Culture=neutral, PublicKeyToken=b03f5f7f11d50a3a" className="TestProject1.OperationTest, TestProject1, Version=1.0.0.0, Culture=neutral, PublicKeyToken=null" name="ListOfEventsForTheDayTest" />
    </UnitTest>
    <UnitTest name="UndoTaskTest" storage="c:\users\swetha\desktop\testproject1\bin\debug\testproject1.dll" id="412933ba-ed76-9d75-6753-b155abf65729">
      <DeploymentItems>
        <DeploymentItem filename="ToDoList.exe" />
      </DeploymentItems>
      <Execution id="80a6d4e9-6e10-4685-ba57-f7f8ac8788df" />
      <TestMethod codeBase="C:/Users/swetha/Desktop/TestProject1/bin/Debug/TestProject1.DLL" adapterTypeName="Microsoft.VisualStudio.TestTools.TestTypes.Unit.UnitTestAdapter, Microsoft.VisualStudio.QualityTools.Tips.UnitTest.Adapter, Version=10.0.0.0, Culture=neutral, PublicKeyToken=b03f5f7f11d50a3a" className="TestProject1.OperationTest, TestProject1, Version=1.0.0.0, Culture=neutral, PublicKeyToken=null" name="UndoTaskTest" />
    </UnitTest>
    <UnitTest name="ParserConstructorTest" storage="c:\users\swetha\desktop\testproject1\bin\debug\testproject1.dll" id="f33f9546-63a0-b1f3-2ab6-cbded7caec2c">
      <Execution id="99fa2e1f-cf84-4a78-9546-008bef13bb23" />
      <TestMethod codeBase="C:/Users/swetha/Desktop/TestProject1/bin/Debug/TestProject1.DLL" adapterTypeName="Microsoft.VisualStudio.TestTools.TestTypes.Unit.UnitTestAdapter, Microsoft.VisualStudio.QualityTools.Tips.UnitTest.Adapter, Version=10.0.0.0, Culture=neutral, PublicKeyToken=b03f5f7f11d50a3a" className="TestProject1.ParserTest, TestProject1, Version=1.0.0.0, Culture=neutral, PublicKeyToken=null" name="ParserConstructorTest" />
    </UnitTest>
    <UnitTest name="retrieveIDsofARepeatingEventTest" storage="c:\users\swetha\desktop\testproject1\bin\debug\testproject1.dll" id="925ad92f-eb92-bb63-9789-954a688bb8e8">
      <DeploymentItems>
        <DeploymentItem filename="ToDoList.exe" />
      </DeploymentItems>
      <Execution id="035c4cda-e2f2-4efd-b6d2-1d78551268b8" />
      <TestMethod codeBase="C:/Users/swetha/Desktop/TestProject1/bin/Debug/TestProject1.DLL" adapterTypeName="Microsoft.VisualStudio.TestTools.TestTypes.Unit.UnitTestAdapter, Microsoft.VisualStudio.QualityTools.Tips.UnitTest.Adapter, Version=10.0.0.0, Culture=neutral, PublicKeyToken=b03f5f7f11d50a3a" className="TestProject1.OperationTest, TestProject1, Version=1.0.0.0, Culture=neutral, PublicKeyToken=null" name="retrieveIDsofARepeatingEventTest" />
    </UnitTest>
    <UnitTest name="checkForWhatCommandTest" storage="c:\users\swetha\desktop\testproject1\bin\debug\testproject1.dll" id="290985ae-7290-ffa5-ddf3-dc1ad7073d30">
      <Execution id="15778849-8942-43ee-a749-dcb400f7389d" />
      <TestMethod codeBase="C:/Users/swetha/Desktop/TestProject1/bin/Debug/TestProject1.DLL" adapterTypeName="Microsoft.VisualStudio.TestTools.TestTypes.Unit.UnitTestAdapter, Microsoft.VisualStudio.QualityTools.Tips.UnitTest.Adapter, Version=10.0.0.0, Culture=neutral, PublicKeyToken=b03f5f7f11d50a3a" className="TestProject1.ParserTest, TestProject1, Version=1.0.0.0, Culture=neutral, PublicKeyToken=null" name="checkForWhatCommandTest" />
    </UnitTest>
    <UnitTest name="ConvertDaysToHoursTest" storage="c:\users\swetha\desktop\testproject1\bin\debug\testproject1.dll" id="be2fd57d-61da-8654-9530-0824be4b4617">
      <Execution id="e9ed585b-5694-4b38-834e-53876b573131" />
      <TestMethod codeBase="C:/Users/swetha/Desktop/TestProject1/bin/Debug/TestProject1.DLL" adapterTypeName="Microsoft.VisualStudio.TestTools.TestTypes.Unit.UnitTestAdapter, Microsoft.VisualStudio.QualityTools.Tips.UnitTest.Adapter, Version=10.0.0.0, Culture=neutral, PublicKeyToken=b03f5f7f11d50a3a" className="TestProject1.ConversionsTest, TestProject1, Version=1.0.0.0, Culture=neutral, PublicKeyToken=null" name="ConvertDaysToHoursTest" />
    </UnitTest>
    <UnitTest name="Convert24HourFormatTo12HourFormatTest" storage="c:\users\swetha\desktop\testproject1\bin\debug\testproject1.dll" id="817bc3d3-de9f-2eb0-74c0-fdf6f97a120b">
      <Execution id="99fca83a-b428-4ba9-b81e-72cac2112ae9" />
      <TestMethod codeBase="C:/Users/swetha/Desktop/TestProject1/bin/Debug/TestProject1.DLL" adapterTypeName="Microsoft.VisualStudio.TestTools.TestTypes.Unit.UnitTestAdapter, Microsoft.VisualStudio.QualityTools.Tips.UnitTest.Adapter, Version=10.0.0.0, Culture=neutral, PublicKeyToken=b03f5f7f11d50a3a" className="TestProject1.ConversionsTest, TestProject1, Version=1.0.0.0, Culture=neutral, PublicKeyToken=null" name="Convert24HourFormatTo12HourFormatTest" />
    </UnitTest>
    <UnitTest name="checkIfautoschedulingNeededTest" storage="c:\users\swetha\desktop\testproject1\bin\debug\testproject1.dll" id="87e67f6d-2fa7-4327-a78f-5fb26993d993">
      <DeploymentItems>
        <DeploymentItem filename="ToDoList.exe" />
      </DeploymentItems>
      <Execution id="48434ecf-f5e8-43a6-8fde-658d98ddc69f" />
      <TestMethod codeBase="C:/Users/swetha/Desktop/TestProject1/bin/Debug/TestProject1.DLL" adapterTypeName="Microsoft.VisualStudio.TestTools.TestTypes.Unit.UnitTestAdapter, Microsoft.VisualStudio.QualityTools.Tips.UnitTest.Adapter, Version=10.0.0.0, Culture=neutral, PublicKeyToken=b03f5f7f11d50a3a" className="TestProject1.OperationTest, TestProject1, Version=1.0.0.0, Culture=neutral, PublicKeyToken=null" name="checkIfautoschedulingNeededTest" />
    </UnitTest>
    <UnitTest name="Convert12HourFormatTo24HourFormatTest" storage="c:\users\swetha\desktop\testproject1\bin\debug\testproject1.dll" id="7ecba722-39b2-0c77-caeb-80d5158acb13">
      <Execution id="112168c6-8f34-4d76-b680-105ec36334aa" />
      <TestMethod codeBase="C:/Users/swetha/Desktop/TestProject1/bin/Debug/TestProject1.DLL" adapterTypeName="Microsoft.VisualStudio.TestTools.TestTypes.Unit.UnitTestAdapter, Microsoft.VisualStudio.QualityTools.Tips.UnitTest.Adapter, Version=10.0.0.0, Culture=neutral, PublicKeyToken=b03f5f7f11d50a3a" className="TestProject1.ConversionsTest, TestProject1, Version=1.0.0.0, Culture=neutral, PublicKeyToken=null" name="Convert12HourFormatTo24HourFormatTest" />
    </UnitTest>
    <UnitTest name="ViewHistoryTest" storage="c:\users\swetha\desktop\testproject1\bin\debug\testproject1.dll" id="853ce853-ab0e-f2d3-cea3-fb5b2a7169c0">
      <DeploymentItems>
        <DeploymentItem filename="ToDoList.exe" />
      </DeploymentItems>
      <Execution id="54015083-f657-40c7-8bae-3ceec17a280b" />
      <TestMethod codeBase="C:/Users/swetha/Desktop/TestProject1/bin/Debug/TestProject1.DLL" adapterTypeName="Microsoft.VisualStudio.TestTools.TestTypes.Unit.UnitTestAdapter, Microsoft.VisualStudio.QualityTools.Tips.UnitTest.Adapter, Version=10.0.0.0, Culture=neutral, PublicKeyToken=b03f5f7f11d50a3a" className="TestProject1.OperationTest, TestProject1, Version=1.0.0.0, Culture=neutral, PublicKeyToken=null" name="ViewHistoryTest" />
    </UnitTest>
    <UnitTest name="convertTaskDetailToWriteIntoFileTest" storage="c:\users\swetha\desktop\testproject1\bin\debug\testproject1.dll" id="5ee9d7b1-ec25-7322-61a2-90a0f78c097d">
      <Execution id="ba769e4a-7a6b-4ee2-86ee-8ab0ed61a468" />
      <TestMethod codeBase="C:/Users/swetha/Desktop/TestProject1/bin/Debug/TestProject1.DLL" adapterTypeName="Microsoft.VisualStudio.TestTools.TestTypes.Unit.UnitTestAdapter, Microsoft.VisualStudio.QualityTools.Tips.UnitTest.Adapter, Version=10.0.0.0, Culture=neutral, PublicKeyToken=b03f5f7f11d50a3a" className="TestProject1.ConversionsTest, TestProject1, Version=1.0.0.0, Culture=neutral, PublicKeyToken=null" name="convertTaskDetailToWriteIntoFileTest" />
    </UnitTest>
    <UnitTest name="ViewPerformanceTest" storage="c:\users\swetha\desktop\testproject1\bin\debug\testproject1.dll" id="52efca71-c2b4-2100-e456-82aad3268b34">
      <Execution id="88a6c118-1cd1-477a-9fde-1113615f480b" />
      <TestMethod codeBase="C:/Users/swetha/Desktop/TestProject1/bin/Debug/TestProject1.DLL" adapterTypeName="Microsoft.VisualStudio.TestTools.TestTypes.Unit.UnitTestAdapter, Microsoft.VisualStudio.QualityTools.Tips.UnitTest.Adapter, Version=10.0.0.0, Culture=neutral, PublicKeyToken=b03f5f7f11d50a3a" className="TestProject1.OperationTest, TestProject1, Version=1.0.0.0, Culture=neutral, PublicKeyToken=null" name="ViewPerformanceTest" />
    </UnitTest>
    <UnitTest name="OperationConstructorTest" storage="c:\users\swetha\desktop\testproject1\bin\debug\testproject1.dll" id="5141cc8e-20fe-88ce-b820-67219233a4d3">
      <Execution id="586a1efb-7470-4b3f-9ec0-654b5f832ebf" />
      <TestMethod codeBase="C:/Users/swetha/Desktop/TestProject1/bin/Debug/TestProject1.DLL" adapterTypeName="Microsoft.VisualStudio.TestTools.TestTypes.Unit.UnitTestAdapter, Microsoft.VisualStudio.QualityTools.Tips.UnitTest.Adapter, Version=10.0.0.0, Culture=neutral, PublicKeyToken=b03f5f7f11d50a3a" className="TestProject1.OperationTest, TestProject1, Version=1.0.0.0, Culture=neutral, PublicKeyToken=null" name="OperationConstructorTest" />
    </UnitTest>
    <UnitTest name="displayTimeLineWithEventsTest" storage="c:\users\swetha\desktop\testproject1\bin\debug\testproject1.dll" id="d8442adf-139d-dab4-2a85-7eff04e87ab5">
      <Execution id="fa3afe6d-8203-4e72-8cdc-d09a2f14ea9f" />
      <TestMethod codeBase="C:/Users/swetha/Desktop/TestProject1/bin/Debug/TestProject1.DLL" adapterTypeName="Microsoft.VisualStudio.TestTools.TestTypes.Unit.UnitTestAdapter, Microsoft.VisualStudio.QualityTools.Tips.UnitTest.Adapter, Version=10.0.0.0, Culture=neutral, PublicKeyToken=b03f5f7f11d50a3a" className="TestProject1.OperationTest, TestProject1, Version=1.0.0.0, Culture=neutral, PublicKeyToken=null" name="displayTimeLineWithEventsTest" />
    </UnitTest>
    <UnitTest name="ConvertMinutesToHoursTest" storage="c:\users\swetha\desktop\testproject1\bin\debug\testproject1.dll" id="430f73b7-e7f8-467a-7ebe-d31af806a242">
      <Execution id="fafd02e9-a876-4bdc-afcf-933a08236c79" />
      <TestMethod codeBase="C:/Users/swetha/Desktop/TestProject1/bin/Debug/TestProject1.DLL" adapterTypeName="Microsoft.VisualStudio.TestTools.TestTypes.Unit.UnitTestAdapter, Microsoft.VisualStudio.QualityTools.Tips.UnitTest.Adapter, Version=10.0.0.0, Culture=neutral, PublicKeyToken=b03f5f7f11d50a3a" className="TestProject1.ConversionsTest, TestProject1, Version=1.0.0.0, Culture=neutral, PublicKeyToken=null" name="ConvertMinutesToHoursTest" />
    </UnitTest>
    <UnitTest name="taskToBePerformedTest1" storage="c:\users\swetha\desktop\testproject1\bin\debug\testproject1.dll" id="bc3953ec-d998-e41b-f6fc-055a5f8e631e">
      <Execution id="8a1011a9-4620-4080-95f7-19432b83dd83" />
      <TestMethod codeBase="C:/Users/swetha/Desktop/TestProject1/bin/Debug/TestProject1.DLL" adapterTypeName="Microsoft.VisualStudio.TestTools.TestTypes.Unit.UnitTestAdapter, Microsoft.VisualStudio.QualityTools.Tips.UnitTest.Adapter, Version=10.0.0.0, Culture=neutral, PublicKeyToken=b03f5f7f11d50a3a" className="TestProject1.ParserTest, TestProject1, Version=1.0.0.0, Culture=neutral, PublicKeyToken=null" name="taskToBePerformedTest1" />
    </UnitTest>
    <UnitTest name="ConvertStringToDateTest" storage="c:\users\swetha\desktop\testproject1\bin\debug\testproject1.dll" id="42896bde-65ce-41ec-f595-fe8fc0dfa1cc">
      <Execution id="24af6214-166a-4435-a7a2-73d72eac8f4b" />
      <TestMethod codeBase="C:/Users/swetha/Desktop/TestProject1/bin/Debug/TestProject1.DLL" adapterTypeName="Microsoft.VisualStudio.TestTools.TestTypes.Unit.UnitTestAdapter, Microsoft.VisualStudio.QualityTools.Tips.UnitTest.Adapter, Version=10.0.0.0, Culture=neutral, PublicKeyToken=b03f5f7f11d50a3a" className="TestProject1.ConversionsTest, TestProject1, Version=1.0.0.0, Culture=neutral, PublicKeyToken=null" name="ConvertStringToDateTest" />
    </UnitTest>
    <UnitTest name="ConvertArrayOfStringIntoListOfIntTest" storage="c:\users\swetha\desktop\testproject1\bin\debug\testproject1.dll" id="5675f85b-0061-ff5b-47b5-0e0ff0baf33a">
      <Execution id="f89d6409-a974-4a24-a493-a59d9c890152" />
      <TestMethod codeBase="C:/Users/swetha/Desktop/TestProject1/bin/Debug/TestProject1.DLL" adapterTypeName="Microsoft.VisualStudio.TestTools.TestTypes.Unit.UnitTestAdapter, Microsoft.VisualStudio.QualityTools.Tips.UnitTest.Adapter, Version=10.0.0.0, Culture=neutral, PublicKeyToken=b03f5f7f11d50a3a" className="TestProject1.ConversionsTest, TestProject1, Version=1.0.0.0, Culture=neutral, PublicKeyToken=null" name="ConvertArrayOfStringIntoListOfIntTest" />
    </UnitTest>
    <UnitTest name="replaceWithAppropriateShortFormsTest" storage="c:\users\swetha\desktop\testproject1\bin\debug\testproject1.dll" id="2f37fc18-21b3-d1f0-4925-6942082d2bd1">
      <Execution id="ebad3146-ac4e-4b9a-ac12-d53893bc4c66" />
      <TestMethod codeBase="C:/Users/swetha/Desktop/TestProject1/bin/Debug/TestProject1.DLL" adapterTypeName="Microsoft.VisualStudio.TestTools.TestTypes.Unit.UnitTestAdapter, Microsoft.VisualStudio.QualityTools.Tips.UnitTest.Adapter, Version=10.0.0.0, Culture=neutral, PublicKeyToken=b03f5f7f11d50a3a" className="TestProject1.ConversionsTest, TestProject1, Version=1.0.0.0, Culture=neutral, PublicKeyToken=null" name="replaceWithAppropriateShortFormsTest" />
    </UnitTest>
    <UnitTest name="CheckIfCommandAndContentValidTest" storage="c:\users\swetha\desktop\testproject1\bin\debug\testproject1.dll" id="a3deb1a3-2ddb-ef40-25c9-0384b9a77a99">
      <Execution id="e2cecd2f-139e-4166-966c-3a1af1cf2f26" />
      <TestMethod codeBase="C:/Users/swetha/Desktop/TestProject1/bin/Debug/TestProject1.DLL" adapterTypeName="Microsoft.VisualStudio.TestTools.TestTypes.Unit.UnitTestAdapter, Microsoft.VisualStudio.QualityTools.Tips.UnitTest.Adapter, Version=10.0.0.0, Culture=neutral, PublicKeyToken=b03f5f7f11d50a3a" className="TestProject1.ParserTest, TestProject1, Version=1.0.0.0, Culture=neutral, PublicKeyToken=null" name="CheckIfCommandAndContentValidTest" />
    </UnitTest>
    <UnitTest name="creatDateEventObjectTest" storage="c:\users\swetha\desktop\testproject1\bin\debug\testproject1.dll" id="e9b74553-7fc7-95c9-25d0-b7874d99b8a9">
      <Execution id="83ecff33-6147-4aff-8309-47f242b5f3df" />
      <TestMethod codeBase="C:/Users/swetha/Desktop/TestProject1/bin/Debug/TestProject1.DLL" adapterTypeName="Microsoft.VisualStudio.TestTools.TestTypes.Unit.UnitTestAdapter, Microsoft.VisualStudio.QualityTools.Tips.UnitTest.Adapter, Version=10.0.0.0, Culture=neutral, PublicKeyToken=b03f5f7f11d50a3a" className="TestProject1.OperationTest, TestProject1, Version=1.0.0.0, Culture=neutral, PublicKeyToken=null" name="creatDateEventObjectTest" />
    </UnitTest>
    <UnitTest name="CheckIfRepeatIsSetTest" storage="c:\users\swetha\desktop\testproject1\bin\debug\testproject1.dll" id="db0fd72f-fa21-7d08-1b8a-b0a616bd417d">
      <DeploymentItems>
        <DeploymentItem filename="ToDoList.exe" />
      </DeploymentItems>
      <Execution id="f11cff07-d7d0-4272-bffc-3ebb45a208fe" />
      <TestMethod codeBase="C:/Users/swetha/Desktop/TestProject1/bin/Debug/TestProject1.DLL" adapterTypeName="Microsoft.VisualStudio.TestTools.TestTypes.Unit.UnitTestAdapter, Microsoft.VisualStudio.QualityTools.Tips.UnitTest.Adapter, Version=10.0.0.0, Culture=neutral, PublicKeyToken=b03f5f7f11d50a3a" className="TestProject1.OperationTest, TestProject1, Version=1.0.0.0, Culture=neutral, PublicKeyToken=null" name="CheckIfRepeatIsSetTest" />
    </UnitTest>
    <UnitTest name="CheckIfEventNameIsCorrectTest" storage="c:\users\swetha\desktop\testproject1\bin\debug\testproject1.dll" id="9437120d-b9e5-307f-cb85-e0d001e1e0c3">
      <Execution id="b2d01b98-d003-456c-97ed-de919624eb9c" />
      <TestMethod codeBase="C:/Users/swetha/Desktop/TestProject1/bin/Debug/TestProject1.DLL" adapterTypeName="Microsoft.VisualStudio.TestTools.TestTypes.Unit.UnitTestAdapter, Microsoft.VisualStudio.QualityTools.Tips.UnitTest.Adapter, Version=10.0.0.0, Culture=neutral, PublicKeyToken=b03f5f7f11d50a3a" className="TestProject1.ErrorHandlingTest, TestProject1, Version=1.0.0.0, Culture=neutral, PublicKeyToken=null" name="CheckIfEventNameIsCorrectTest" />
    </UnitTest>
    <UnitTest name="HelpUserWriteCommandTest1" storage="c:\users\swetha\desktop\testproject1\bin\debug\testproject1.dll" id="7be700b9-d314-da17-fd2a-788053f6a1ad">
      <Execution id="a7cc04e6-8df2-4ff5-8180-8ee3d8298e90" />
      <TestMethod codeBase="C:/Users/swetha/Desktop/TestProject1/bin/Debug/TestProject1.DLL" adapterTypeName="Microsoft.VisualStudio.TestTools.TestTypes.Unit.UnitTestAdapter, Microsoft.VisualStudio.QualityTools.Tips.UnitTest.Adapter, Version=10.0.0.0, Culture=neutral, PublicKeyToken=b03f5f7f11d50a3a" className="TestProject1.ParserTest, TestProject1, Version=1.0.0.0, Culture=neutral, PublicKeyToken=null" name="HelpUserWriteCommandTest1" />
    </UnitTest>
    <UnitTest name="valuesToInitialiseDataGrid2Test" storage="c:\users\swetha\desktop\testproject1\bin\debug\testproject1.dll" id="e0d6f14e-b818-d60e-e87a-fd7bc0689148">
      <Execution id="49a7d5c6-2248-42cf-8133-332626f33cbd" />
      <TestMethod codeBase="C:/Users/swetha/Desktop/TestProject1/bin/Debug/TestProject1.DLL" adapterTypeName="Microsoft.VisualStudio.TestTools.TestTypes.Unit.UnitTestAdapter, Microsoft.VisualStudio.QualityTools.Tips.UnitTest.Adapter, Version=10.0.0.0, Culture=neutral, PublicKeyToken=b03f5f7f11d50a3a" className="TestProject1.OperationTest, TestProject1, Version=1.0.0.0, Culture=neutral, PublicKeyToken=null" name="valuesToInitialiseDataGrid2Test" />
    </UnitTest>
  </TestDefinitions>
  <TestLists>
    <TestList name="Results Not in a List" id="8c84fa94-04c1-424b-9868-57a2d4851a1d" />
    <TestList name="All Loaded Results" id="19431567-8539-422a-85d7-44ee4e166bda" />
  </TestLists>
  <TestEntries>
    <TestEntry testId="01862544-0151-bc4b-eef2-c78231c46765" executionId="4b037271-5bc2-42ad-b0eb-034c72fb9f78" testListId="8c84fa94-04c1-424b-9868-57a2d4851a1d" />
    <TestEntry testId="028069d4-1f2b-fa73-bfbd-ecd2719dcab7" executionId="bb05a9bd-7669-45a5-ade6-805aacaef4e3" testListId="8c84fa94-04c1-424b-9868-57a2d4851a1d" />
    <TestEntry testId="09277a0e-8813-a0dc-87e3-f8b39af59d95" executionId="9691e93a-93de-4310-be7d-6369915e59d1" testListId="8c84fa94-04c1-424b-9868-57a2d4851a1d" />
    <TestEntry testId="249bd0f5-28f7-8fdd-b183-4daadf719678" executionId="0b3b2ed4-45e1-46e0-8913-67d8ec60ee38" testListId="8c84fa94-04c1-424b-9868-57a2d4851a1d" />
    <TestEntry testId="290985ae-7290-ffa5-ddf3-dc1ad7073d30" executionId="15778849-8942-43ee-a749-dcb400f7389d" testListId="8c84fa94-04c1-424b-9868-57a2d4851a1d" />
    <TestEntry testId="291e0111-5060-6201-9181-18664685707f" executionId="75d002a8-0049-4f0e-beec-dcde5de84829" testListId="8c84fa94-04c1-424b-9868-57a2d4851a1d" />
    <TestEntry testId="2f37fc18-21b3-d1f0-4925-6942082d2bd1" executionId="ebad3146-ac4e-4b9a-ac12-d53893bc4c66" testListId="8c84fa94-04c1-424b-9868-57a2d4851a1d" />
    <TestEntry testId="3c7e691a-d362-ee99-61a4-6a800be63181" executionId="3ffd5990-5608-4bba-85fb-1ece771cd17d" testListId="8c84fa94-04c1-424b-9868-57a2d4851a1d" />
    <TestEntry testId="3f89e5e2-d3d0-c7f8-2f85-a34abd0c1cff" executionId="a56d4028-4d1e-4ab5-b626-271d08bdff2f" testListId="8c84fa94-04c1-424b-9868-57a2d4851a1d" />
    <TestEntry testId="412933ba-ed76-9d75-6753-b155abf65729" executionId="80a6d4e9-6e10-4685-ba57-f7f8ac8788df" testListId="8c84fa94-04c1-424b-9868-57a2d4851a1d" />
    <TestEntry testId="42896bde-65ce-41ec-f595-fe8fc0dfa1cc" executionId="24af6214-166a-4435-a7a2-73d72eac8f4b" testListId="8c84fa94-04c1-424b-9868-57a2d4851a1d" />
    <TestEntry testId="430f73b7-e7f8-467a-7ebe-d31af806a242" executionId="fafd02e9-a876-4bdc-afcf-933a08236c79" testListId="8c84fa94-04c1-424b-9868-57a2d4851a1d" />
    <TestEntry testId="5141cc8e-20fe-88ce-b820-67219233a4d3" executionId="586a1efb-7470-4b3f-9ec0-654b5f832ebf" testListId="8c84fa94-04c1-424b-9868-57a2d4851a1d" />
    <TestEntry testId="52efca71-c2b4-2100-e456-82aad3268b34" executionId="88a6c118-1cd1-477a-9fde-1113615f480b" testListId="8c84fa94-04c1-424b-9868-57a2d4851a1d" />
    <TestEntry testId="5675f85b-0061-ff5b-47b5-0e0ff0baf33a" executionId="f89d6409-a974-4a24-a493-a59d9c890152" testListId="8c84fa94-04c1-424b-9868-57a2d4851a1d" />
    <TestEntry testId="5ee9d7b1-ec25-7322-61a2-90a0f78c097d" executionId="ba769e4a-7a6b-4ee2-86ee-8ab0ed61a468" testListId="8c84fa94-04c1-424b-9868-57a2d4851a1d" />
    <TestEntry testId="6ed48ebc-c19e-538f-269d-737251d4c1fd" executionId="b7101355-4ff0-4fa6-a493-3b023d9a9d7e" testListId="8c84fa94-04c1-424b-9868-57a2d4851a1d" />
    <TestEntry testId="7be700b9-d314-da17-fd2a-788053f6a1ad" executionId="a7cc04e6-8df2-4ff5-8180-8ee3d8298e90" testListId="8c84fa94-04c1-424b-9868-57a2d4851a1d" />
    <TestEntry testId="7ecba722-39b2-0c77-caeb-80d5158acb13" executionId="112168c6-8f34-4d76-b680-105ec36334aa" testListId="8c84fa94-04c1-424b-9868-57a2d4851a1d" />
    <TestEntry testId="811d5f4a-7ec9-8777-9423-ab65d6cc47b8" executionId="2164720b-f90e-493f-bd71-82759cb9f577" testListId="8c84fa94-04c1-424b-9868-57a2d4851a1d" />
    <TestEntry testId="817bc3d3-de9f-2eb0-74c0-fdf6f97a120b" executionId="99fca83a-b428-4ba9-b81e-72cac2112ae9" testListId="8c84fa94-04c1-424b-9868-57a2d4851a1d" />
    <TestEntry testId="853ce853-ab0e-f2d3-cea3-fb5b2a7169c0" executionId="54015083-f657-40c7-8bae-3ceec17a280b" testListId="8c84fa94-04c1-424b-9868-57a2d4851a1d" />
    <TestEntry testId="87e67f6d-2fa7-4327-a78f-5fb26993d993" executionId="48434ecf-f5e8-43a6-8fde-658d98ddc69f" testListId="8c84fa94-04c1-424b-9868-57a2d4851a1d" />
    <TestEntry testId="898276d5-2039-91f5-8945-3690da1d036c" executionId="78d91d4b-6269-4074-a45d-7f999fe81595" testListId="8c84fa94-04c1-424b-9868-57a2d4851a1d" />
    <TestEntry testId="9164ae3e-5109-fabb-4d9d-d3f2554d728d" executionId="b5d0ce06-65fe-4ef2-bb8b-87730cb8e233" testListId="8c84fa94-04c1-424b-9868-57a2d4851a1d" />
    <TestEntry testId="925ad92f-eb92-bb63-9789-954a688bb8e8" executionId="035c4cda-e2f2-4efd-b6d2-1d78551268b8" testListId="8c84fa94-04c1-424b-9868-57a2d4851a1d" />
    <TestEntry testId="9437120d-b9e5-307f-cb85-e0d001e1e0c3" executionId="b2d01b98-d003-456c-97ed-de919624eb9c" testListId="8c84fa94-04c1-424b-9868-57a2d4851a1d" />
    <TestEntry testId="a24feab6-c418-b744-08a0-4d987df3755e" executionId="f135327f-e9cb-4a82-a9a4-347353526e9c" testListId="8c84fa94-04c1-424b-9868-57a2d4851a1d" />
    <TestEntry testId="a3deb1a3-2ddb-ef40-25c9-0384b9a77a99" executionId="e2cecd2f-139e-4166-966c-3a1af1cf2f26" testListId="8c84fa94-04c1-424b-9868-57a2d4851a1d" />
    <TestEntry testId="b2b3dc86-0c03-574e-f4bf-d904f295279c" executionId="bf2004d5-b93d-4792-b980-99a31e17f281" testListId="8c84fa94-04c1-424b-9868-57a2d4851a1d" />
    <TestEntry testId="b61890a5-e8a3-9835-4f5d-94b788823726" executionId="41b5b087-7719-4dfa-b054-856023487377" testListId="8c84fa94-04c1-424b-9868-57a2d4851a1d" />
    <TestEntry testId="b9f0d8f2-3773-3983-9410-797e7d452424" executionId="a231ecbd-2bed-4998-bd9f-bc977f867703" testListId="8c84fa94-04c1-424b-9868-57a2d4851a1d" />
    <TestEntry testId="bc3953ec-d998-e41b-f6fc-055a5f8e631e" executionId="8a1011a9-4620-4080-95f7-19432b83dd83" testListId="8c84fa94-04c1-424b-9868-57a2d4851a1d" />
    <TestEntry testId="be2fd57d-61da-8654-9530-0824be4b4617" executionId="e9ed585b-5694-4b38-834e-53876b573131" testListId="8c84fa94-04c1-424b-9868-57a2d4851a1d" />
    <TestEntry testId="d8442adf-139d-dab4-2a85-7eff04e87ab5" executionId="fa3afe6d-8203-4e72-8cdc-d09a2f14ea9f" testListId="8c84fa94-04c1-424b-9868-57a2d4851a1d" />
    <TestEntry testId="db0fd72f-fa21-7d08-1b8a-b0a616bd417d" executionId="f11cff07-d7d0-4272-bffc-3ebb45a208fe" testListId="8c84fa94-04c1-424b-9868-57a2d4851a1d" />
    <TestEntry testId="e0d6f14e-b818-d60e-e87a-fd7bc0689148" executionId="49a7d5c6-2248-42cf-8133-332626f33cbd" testListId="8c84fa94-04c1-424b-9868-57a2d4851a1d" />
    <TestEntry testId="e32f1aed-f336-c4fd-21d1-5fdc235f2a77" executionId="f511fa7b-5219-4874-8ecb-f144301102fd" testListId="8c84fa94-04c1-424b-9868-57a2d4851a1d" />
    <TestEntry testId="e9b74553-7fc7-95c9-25d0-b7874d99b8a9" executionId="83ecff33-6147-4aff-8309-47f242b5f3df" testListId="8c84fa94-04c1-424b-9868-57a2d4851a1d" />
    <TestEntry testId="f33f9546-63a0-b1f3-2ab6-cbded7caec2c" executionId="99fa2e1f-cf84-4a78-9546-008bef13bb23" testListId="8c84fa94-04c1-424b-9868-57a2d4851a1d" />
  </TestEntries>
  <Results>
    <UnitTestResult executionId="4b037271-5bc2-42ad-b0eb-034c72fb9f78" testId="01862544-0151-bc4b-eef2-c78231c46765" testName="TaskDetailsConstructorTest" computerName="SWETHA-PC" duration="00:00:00.0218509" startTime="2011-11-01T01:06:07.9459660+08:00" endTime="2011-11-01T01:06:08.2449831+08:00" testType="13cdc9d9-ddb5-4fa4-a97d-d965ccfc6d4b" outcome="Passed" testListId="8c84fa94-04c1-424b-9868-57a2d4851a1d" relativeResultsDirectory="4b037271-5bc2-42ad-b0eb-034c72fb9f78">
    </UnitTestResult>
    <UnitTestResult executionId="bb05a9bd-7669-45a5-ade6-805aacaef4e3" testId="028069d4-1f2b-fa73-bfbd-ecd2719dcab7" testName="ListOfEventsForTheDayTest" computerName="SWETHA-PC" duration="00:00:00.0293421" startTime="2011-11-01T01:06:08.2469832+08:00" endTime="2011-11-01T01:06:08.2829853+08:00" testType="13cdc9d9-ddb5-4fa4-a97d-d965ccfc6d4b" outcome="Failed" testListId="8c84fa94-04c1-424b-9868-57a2d4851a1d" relativeResultsDirectory="bb05a9bd-7669-45a5-ade6-805aacaef4e3">
      <Output>
        <ErrorInfo>
          <Message>Test method TestProject1.OperationTest.ListOfEventsForTheDayTest threw exception: 
System.IndexOutOfRangeException: Index was outside the bounds of the array.</Message>
          <StackTrace>    at ToDoList.ErrorHandling.CheckForValidDateAndMonth(String s) in C:\Users\swetha\Desktop\[F9S2][V0.2]-Swetha\[F9S2][V0.2]\Logic\ErrorHandling.cs:line 184
   at ToDoList.ErrorHandling.CheckDate(String s) in C:\Users\swetha\Desktop\[F9S2][V0.2]-Swetha\[F9S2][V0.2]\Logic\ErrorHandling.cs:line 167
   at ToDoList.Operation.retrieveEventsThatAreRelatedTo_date(String _date, List`1 events) in C:\Users\swetha\Desktop\[F9S2][V0.2]-Swetha\[F9S2][V0.2]\Logic\Operation.cs:line 70
   at ToDoList.Operation.ListOfEventsForTheDay(List`1 listOfEvents, String _date) in C:\Users\swetha\Desktop\[F9S2][V0.2]-Swetha\[F9S2][V0.2]\Logic\Operation.cs:line 259
   at TestProject1.OperationTest.ListOfEventsForTheDayTest() in C:\Users\swetha\Desktop\TestProject1\OperationTest.cs:line 119
</StackTrace>
        </ErrorInfo>
      </Output>
    </UnitTestResult>
    <UnitTestResult executionId="9691e93a-93de-4310-be7d-6369915e59d1" testId="09277a0e-8813-a0dc-87e3-f8b39af59d95" testName="convertEventsIntoTaskdetailsTest" computerName="SWETHA-PC" duration="00:00:00.0139258" startTime="2011-11-01T01:06:08.2849854+08:00" endTime="2011-11-01T01:06:08.3049865+08:00" testType="13cdc9d9-ddb5-4fa4-a97d-d965ccfc6d4b" outcome="Failed" testListId="8c84fa94-04c1-424b-9868-57a2d4851a1d" relativeResultsDirectory="9691e93a-93de-4310-be7d-6369915e59d1">
      <Output>
        <ErrorInfo>
          <Message>Test method TestProject1.ConversionsTest.convertEventsIntoTaskdetailsTest threw exception: 
System.NullReferenceException: Object reference not set to an instance of an object.</Message>
          <StackTrace>    at ToDoList.TaskDetails.setEndRepeat(String s) in C:\Users\swetha\Desktop\[F9S2][V0.2]-Swetha\[F9S2][V0.2]\Logic\TaskDetails.cs:line 282
   at TestProject1.ConversionsTest.convertEventsIntoTaskdetailsTest() in C:\Users\swetha\Desktop\TestProject1\ConversionsTest.cs:line 205
</StackTrace>
        </ErrorInfo>
      </Output>
    </UnitTestResult>
    <UnitTestResult executionId="0b3b2ed4-45e1-46e0-8913-67d8ec60ee38" testId="249bd0f5-28f7-8fdd-b183-4daadf719678" testName="convertTaskdetailsIntoEventTest" computerName="SWETHA-PC" duration="00:00:00.0013377" startTime="2011-11-01T01:06:08.3059866+08:00" endTime="2011-11-01T01:06:08.3129870+08:00" testType="13cdc9d9-ddb5-4fa4-a97d-d965ccfc6d4b" outcome="Passed" testListId="8c84fa94-04c1-424b-9868-57a2d4851a1d" relativeResultsDirectory="0b3b2ed4-45e1-46e0-8913-67d8ec60ee38">
    </UnitTestResult>
    <UnitTestResult executionId="15778849-8942-43ee-a749-dcb400f7389d" testId="290985ae-7290-ffa5-ddf3-dc1ad7073d30" testName="checkForWhatCommandTest" computerName="SWETHA-PC" duration="00:00:00.0017273" startTime="2011-11-01T01:06:08.3149871+08:00" endTime="2011-11-01T01:06:08.3209874+08:00" testType="13cdc9d9-ddb5-4fa4-a97d-d965ccfc6d4b" outcome="Passed" testListId="8c84fa94-04c1-424b-9868-57a2d4851a1d" relativeResultsDirectory="15778849-8942-43ee-a749-dcb400f7389d">
    </UnitTestResult>
    <UnitTestResult executionId="75d002a8-0049-4f0e-beec-dcde5de84829" testId="291e0111-5060-6201-9181-18664685707f" testName="getDisplayMessageTest" computerName="SWETHA-PC" duration="00:00:00.0003749" startTime="2011-11-01T01:06:08.3229876+08:00" endTime="2011-11-01T01:06:08.3279878+08:00" testType="13cdc9d9-ddb5-4fa4-a97d-d965ccfc6d4b" outcome="Passed" testListId="8c84fa94-04c1-424b-9868-57a2d4851a1d" relativeResultsDirectory="75d002a8-0049-4f0e-beec-dcde5de84829">
    </UnitTestResult>
    <UnitTestResult executionId="ebad3146-ac4e-4b9a-ac12-d53893bc4c66" testId="2f37fc18-21b3-d1f0-4925-6942082d2bd1" testName="replaceWithAppropriateShortFormsTest" computerName="SWETHA-PC" duration="00:00:00.0002633" startTime="2011-11-01T01:06:08.3289879+08:00" endTime="2011-11-01T01:06:08.3339882+08:00" testType="13cdc9d9-ddb5-4fa4-a97d-d965ccfc6d4b" outcome="Passed" testListId="8c84fa94-04c1-424b-9868-57a2d4851a1d" relativeResultsDirectory="ebad3146-ac4e-4b9a-ac12-d53893bc4c66">
    </UnitTestResult>
    <UnitTestResult executionId="3ffd5990-5608-4bba-85fb-1ece771cd17d" testId="3c7e691a-d362-ee99-61a4-6a800be63181" testName="convertStringIntoTaskDetailsTest" computerName="SWETHA-PC" duration="00:00:00.0008072" startTime="2011-11-01T01:06:08.3349882+08:00" endTime="2011-11-01T01:06:08.3409886+08:00" testType="13cdc9d9-ddb5-4fa4-a97d-d965ccfc6d4b" outcome="Passed" testListId="8c84fa94-04c1-424b-9868-57a2d4851a1d" relativeResultsDirectory="3ffd5990-5608-4bba-85fb-1ece771cd17d">
    </UnitTestResult>
    <UnitTestResult executionId="a56d4028-4d1e-4ab5-b626-271d08bdff2f" testId="3f89e5e2-d3d0-c7f8-2f85-a34abd0c1cff" testName="aggregateTaskDetailsParameterInAStringTest" computerName="SWETHA-PC" duration="00:00:00.0184505" startTime="2011-11-01T01:06:08.3419886+08:00" endTime="2011-11-01T01:06:08.3649900+08:00" testType="13cdc9d9-ddb5-4fa4-a97d-d965ccfc6d4b" outcome="Failed" testListId="8c84fa94-04c1-424b-9868-57a2d4851a1d" relativeResultsDirectory="a56d4028-4d1e-4ab5-b626-271d08bdff2f">
      <Output>
        <ErrorInfo>
          <Message>Test method TestProject1.OperationTest.aggregateTaskDetailsParameterInAStringTest threw exception: 
System.NullReferenceException: Object reference not set to an instance of an object.</Message>
          <StackTrace>   at ToDoList.Operation_Accessor.aggregateTaskDetailsParameterInAString(String parameterSeparator, Int32 i)
   at TestProject1.OperationTest.aggregateTaskDetailsParameterInAStringTest() in C:\Users\swetha\Desktop\TestProject1\OperationTest.cs:line 216
</StackTrace>
        </ErrorInfo>
      </Output>
    </UnitTestResult>
    <UnitTestResult executionId="80a6d4e9-6e10-4685-ba57-f7f8ac8788df" testId="412933ba-ed76-9d75-6753-b155abf65729" testName="UndoTaskTest" computerName="SWETHA-PC" duration="00:00:00.0020645" startTime="2011-11-01T01:06:08.3669901+08:00" endTime="2011-11-01T01:06:08.3739905+08:00" testType="13cdc9d9-ddb5-4fa4-a97d-d965ccfc6d4b" outcome="Failed" testListId="8c84fa94-04c1-424b-9868-57a2d4851a1d" relativeResultsDirectory="80a6d4e9-6e10-4685-ba57-f7f8ac8788df">
      <Output>
        <ErrorInfo>
          <Message>Test method TestProject1.OperationTest.UndoTaskTest threw exception: 
System.NullReferenceException: Object reference not set to an instance of an object.</Message>
          <StackTrace>   at ToDoList.Operation_Accessor.UndoTask()
   at TestProject1.OperationTest.UndoTaskTest() in C:\Users\swetha\Desktop\TestProject1\OperationTest.cs:line 153
</StackTrace>
        </ErrorInfo>
      </Output>
    </UnitTestResult>
    <UnitTestResult executionId="24af6214-166a-4435-a7a2-73d72eac8f4b" testId="42896bde-65ce-41ec-f595-fe8fc0dfa1cc" testName="ConvertStringToDateTest" computerName="SWETHA-PC" duration="00:00:00.0131189" startTime="2011-11-01T01:06:08.3759906+08:00" endTime="2011-11-01T01:06:08.3959917+08:00" testType="13cdc9d9-ddb5-4fa4-a97d-d965ccfc6d4b" outcome="Passed" testListId="8c84fa94-04c1-424b-9868-57a2d4851a1d" relativeResultsDirectory="24af6214-166a-4435-a7a2-73d72eac8f4b">
    </UnitTestResult>
    <UnitTestResult executionId="fafd02e9-a876-4bdc-afcf-933a08236c79" testId="430f73b7-e7f8-467a-7ebe-d31af806a242" testName="ConvertMinutesToHoursTest" computerName="SWETHA-PC" duration="00:00:00.0011036" startTime="2011-11-01T01:06:08.3969918+08:00" endTime="2011-11-01T01:06:08.4029921+08:00" testType="13cdc9d9-ddb5-4fa4-a97d-d965ccfc6d4b" outcome="Passed" testListId="8c84fa94-04c1-424b-9868-57a2d4851a1d" relativeResultsDirectory="fafd02e9-a876-4bdc-afcf-933a08236c79">
    </UnitTestResult>
    <UnitTestResult executionId="586a1efb-7470-4b3f-9ec0-654b5f832ebf" testId="5141cc8e-20fe-88ce-b820-67219233a4d3" testName="OperationConstructorTest" computerName="SWETHA-PC" duration="00:00:00.0002309" startTime="2011-11-01T01:06:08.4039922+08:00" endTime="2011-11-01T01:06:08.4089925+08:00" testType="13cdc9d9-ddb5-4fa4-a97d-d965ccfc6d4b" outcome="Passed" testListId="8c84fa94-04c1-424b-9868-57a2d4851a1d" relativeResultsDirectory="586a1efb-7470-4b3f-9ec0-654b5f832ebf">
    </UnitTestResult>
    <UnitTestResult executionId="88a6c118-1cd1-477a-9fde-1113615f480b" testId="52efca71-c2b4-2100-e456-82aad3268b34" testName="ViewPerformanceTest" computerName="SWETHA-PC" duration="00:00:00.0038268" startTime="2011-11-01T01:06:08.4099925+08:00" endTime="2011-11-01T01:06:08.4179930+08:00" testType="13cdc9d9-ddb5-4fa4-a97d-d965ccfc6d4b" outcome="Failed" testListId="8c84fa94-04c1-424b-9868-57a2d4851a1d" relativeResultsDirectory="88a6c118-1cd1-477a-9fde-1113615f480b">
      <Output>
        <ErrorInfo>
          <Message>Test method TestProject1.OperationTest.ViewPerformanceTest threw exception: 
System.IO.FileNotFoundException: Could not find file 'C:\Users\swetha\Desktop\[F9S2][V0.2]-Swetha\[F9S2][V0.2]\TestResults\swetha_SWETHA-PC 2011-11-01 01_06_07\Out\Completed.txt'.</Message>
          <StackTrace>    at System.IO.__Error.WinIOError(Int32 errorCode, String maybeFullPath)
   at System.IO.FileStream.Init(String path, FileMode mode, FileAccess access, Int32 rights, Boolean useRights, FileShare share, Int32 bufferSize, FileOptions options, SECURITY_ATTRIBUTES secAttrs, String msgPath, Boolean bFromProxy, Boolean useLongPath)
   at System.IO.FileStream..ctor(String path, FileMode mode, FileAccess access, FileShare share, Int32 bufferSize, FileOptions options)
   at System.IO.StreamReader..ctor(String path, Encoding encoding, Boolean detectEncodingFromByteOrderMarks, Int32 bufferSize)
   at System.IO.StreamReader..ctor(String path)
   at ToDoList.HistoryDatabase.EventCountForCurrentMonth() in C:\Users\swetha\Desktop\[F9S2][V0.2]-Swetha\[F9S2][V0.2]\Storage\HistoryDatabase.cs:line 71
   at ToDoList.Operation.ViewPerformance() in C:\Users\swetha\Desktop\[F9S2][V0.2]-Swetha\[F9S2][V0.2]\Logic\Operation.cs:line 1469
   at TestProject1.OperationTest.ViewPerformanceTest() in C:\Users\swetha\Desktop\TestProject1\OperationTest.cs:line 184
</StackTrace>
        </ErrorInfo>
      </Output>
    </UnitTestResult>
    <UnitTestResult executionId="f89d6409-a974-4a24-a493-a59d9c890152" testId="5675f85b-0061-ff5b-47b5-0e0ff0baf33a" testName="ConvertArrayOfStringIntoListOfIntTest" computerName="SWETHA-PC" duration="00:00:00.0006413" startTime="2011-11-01T01:06:08.4199931+08:00" endTime="2011-11-01T01:06:08.4249934+08:00" testType="13cdc9d9-ddb5-4fa4-a97d-d965ccfc6d4b" outcome="Passed" testListId="8c84fa94-04c1-424b-9868-57a2d4851a1d" relativeResultsDirectory="f89d6409-a974-4a24-a493-a59d9c890152">
    </UnitTestResult>
    <UnitTestResult executionId="ba769e4a-7a6b-4ee2-86ee-8ab0ed61a468" testId="5ee9d7b1-ec25-7322-61a2-90a0f78c097d" testName="convertTaskDetailToWriteIntoFileTest" computerName="SWETHA-PC" duration="00:00:00.0041094" startTime="2011-11-01T01:06:08.4259934+08:00" endTime="2011-11-01T01:06:08.4349940+08:00" testType="13cdc9d9-ddb5-4fa4-a97d-d965ccfc6d4b" outcome="Failed" testListId="8c84fa94-04c1-424b-9868-57a2d4851a1d" relativeResultsDirectory="ba769e4a-7a6b-4ee2-86ee-8ab0ed61a468">
      <Output>
        <ErrorInfo>
          <Message>Assert.AreEqual failed. Expected:&lt;&gt;. Actual:&lt;(null)&gt;. </Message>
          <StackTrace>   at TestProject1.ConversionsTest.convertTaskDetailToWriteIntoFileTest() in C:\Users\swetha\Desktop\TestProject1\ConversionsTest.cs:line 240
</StackTrace>
        </ErrorInfo>
      </Output>
    </UnitTestResult>
    <UnitTestResult executionId="b7101355-4ff0-4fa6-a493-3b023d9a9d7e" testId="6ed48ebc-c19e-538f-269d-737251d4c1fd" testName="ListOfTasksForTheDayTest" computerName="SWETHA-PC" duration="00:00:00.0048412" startTime="2011-11-01T01:06:08.4359940+08:00" endTime="2011-11-01T01:06:08.4459946+08:00" testType="13cdc9d9-ddb5-4fa4-a97d-d965ccfc6d4b" outcome="Failed" testListId="8c84fa94-04c1-424b-9868-57a2d4851a1d" relativeResultsDirectory="b7101355-4ff0-4fa6-a493-3b023d9a9d7e">
      <Output>
        <ErrorInfo>
          <Message>Test method TestProject1.OperationTest.ListOfTasksForTheDayTest threw exception: 
System.IndexOutOfRangeException: Index was outside the bounds of the array.</Message>
          <StackTrace>    at ToDoList.ErrorHandling.CheckForValidDateAndMonth(String s) in C:\Users\swetha\Desktop\[F9S2][V0.2]-Swetha\[F9S2][V0.2]\Logic\ErrorHandling.cs:line 184
   at ToDoList.ErrorHandling.CheckDate(String s) in C:\Users\swetha\Desktop\[F9S2][V0.2]-Swetha\[F9S2][V0.2]\Logic\ErrorHandling.cs:line 167
   at ToDoList.Operation.retrieveEventsThatAreRelatedTo_date(String _date, List`1 events) in C:\Users\swetha\Desktop\[F9S2][V0.2]-Swetha\[F9S2][V0.2]\Logic\Operation.cs:line 70
   at ToDoList.Operation.ListOfTasksForTheDay(List`1 listOfEvents, String _date) in C:\Users\swetha\Desktop\[F9S2][V0.2]-Swetha\[F9S2][V0.2]\Logic\Operation.cs:line 222
   at TestProject1.OperationTest.ListOfTasksForTheDayTest() in C:\Users\swetha\Desktop\TestProject1\OperationTest.cs:line 137
</StackTrace>
        </ErrorInfo>
      </Output>
    </UnitTestResult>
    <UnitTestResult executionId="a7cc04e6-8df2-4ff5-8180-8ee3d8298e90" testId="7be700b9-d314-da17-fd2a-788053f6a1ad" testName="HelpUserWriteCommandTest1" computerName="SWETHA-PC" duration="00:00:00.0005735" startTime="2011-11-01T01:06:08.4469946+08:00" endTime="2011-11-01T01:06:08.4529950+08:00" testType="13cdc9d9-ddb5-4fa4-a97d-d965ccfc6d4b" outcome="Passed" testListId="8c84fa94-04c1-424b-9868-57a2d4851a1d" relativeResultsDirectory="a7cc04e6-8df2-4ff5-8180-8ee3d8298e90">
    </UnitTestResult>
    <UnitTestResult executionId="112168c6-8f34-4d76-b680-105ec36334aa" testId="7ecba722-39b2-0c77-caeb-80d5158acb13" testName="Convert12HourFormatTo24HourFormatTest" computerName="SWETHA-PC" duration="00:00:00.0002409" startTime="2011-11-01T01:06:08.4549951+08:00" endTime="2011-11-01T01:06:08.4589953+08:00" testType="13cdc9d9-ddb5-4fa4-a97d-d965ccfc6d4b" outcome="Passed" testListId="8c84fa94-04c1-424b-9868-57a2d4851a1d" relativeResultsDirectory="112168c6-8f34-4d76-b680-105ec36334aa">
    </UnitTestResult>
    <UnitTestResult executionId="2164720b-f90e-493f-bd71-82759cb9f577" testId="811d5f4a-7ec9-8777-9423-ab65d6cc47b8" testName="SyntaxOfTextboxTextTest" computerName="SWETHA-PC" duration="00:00:00.0012718" startTime="2011-11-01T01:06:08.4609954+08:00" endTime="2011-11-01T01:06:08.4669958+08:00" testType="13cdc9d9-ddb5-4fa4-a97d-d965ccfc6d4b" outcome="Passed" testListId="8c84fa94-04c1-424b-9868-57a2d4851a1d" relativeResultsDirectory="2164720b-f90e-493f-bd71-82759cb9f577">
    </UnitTestResult>
    <UnitTestResult executionId="99fca83a-b428-4ba9-b81e-72cac2112ae9" testId="817bc3d3-de9f-2eb0-74c0-fdf6f97a120b" testName="Convert24HourFormatTo12HourFormatTest" computerName="SWETHA-PC" duration="00:00:00.0002602" startTime="2011-11-01T01:06:08.4689959+08:00" endTime="2011-11-01T01:06:08.4739962+08:00" testType="13cdc9d9-ddb5-4fa4-a97d-d965ccfc6d4b" outcome="Passed" testListId="8c84fa94-04c1-424b-9868-57a2d4851a1d" relativeResultsDirectory="99fca83a-b428-4ba9-b81e-72cac2112ae9">
    </UnitTestResult>
    <UnitTestResult executionId="54015083-f657-40c7-8bae-3ceec17a280b" testId="853ce853-ab0e-f2d3-cea3-fb5b2a7169c0" testName="ViewHistoryTest" computerName="SWETHA-PC" duration="00:00:00.0023524" startTime="2011-11-01T01:06:08.4759963+08:00" endTime="2011-11-01T01:06:08.4839968+08:00" testType="13cdc9d9-ddb5-4fa4-a97d-d965ccfc6d4b" outcome="Failed" testListId="8c84fa94-04c1-424b-9868-57a2d4851a1d" relativeResultsDirectory="54015083-f657-40c7-8bae-3ceec17a280b">
      <Output>
        <ErrorInfo>
          <Message>Test method TestProject1.OperationTest.ViewHistoryTest threw exception: 
System.NullReferenceException: Object reference not set to an instance of an object.</Message>
          <StackTrace>   at ToDoList.Operation_Accessor.ViewHistory()
   at TestProject1.OperationTest.ViewHistoryTest() in C:\Users\swetha\Desktop\TestProject1\OperationTest.cs:line 168
</StackTrace>
        </ErrorInfo>
      </Output>
    </UnitTestResult>
    <UnitTestResult executionId="48434ecf-f5e8-43a6-8fde-658d98ddc69f" testId="87e67f6d-2fa7-4327-a78f-5fb26993d993" testName="checkIfautoschedulingNeededTest" computerName="SWETHA-PC" duration="00:00:00.0025407" startTime="2011-11-01T01:06:08.4859969+08:00" endTime="2011-11-01T01:06:08.4939973+08:00" testType="13cdc9d9-ddb5-4fa4-a97d-d965ccfc6d4b" outcome="Failed" testListId="8c84fa94-04c1-424b-9868-57a2d4851a1d" relativeResultsDirectory="48434ecf-f5e8-43a6-8fde-658d98ddc69f">
      <Output>
        <ErrorInfo>
          <Message>Test method TestProject1.OperationTest.checkIfautoschedulingNeededTest threw exception: 
System.NullReferenceException: Object reference not set to an instance of an object.</Message>
          <StackTrace>   at ToDoList.Operation_Accessor.checkIfautoschedulingNeeded(TaskDetails_Accessor objectDetailsOfTask)
   at TestProject1.OperationTest.checkIfautoschedulingNeededTest() in C:\Users\swetha\Desktop\TestProject1\OperationTest.cs:line 247
</StackTrace>
        </ErrorInfo>
      </Output>
    </UnitTestResult>
    <UnitTestResult executionId="78d91d4b-6269-4074-a45d-7f999fe81595" testId="898276d5-2039-91f5-8945-3690da1d036c" testName="checkIfTaskIsShiftingToAnotherDayTest" computerName="SWETHA-PC" duration="00:00:00.0019909" startTime="2011-11-01T01:06:08.4949974+08:00" endTime="2011-11-01T01:06:08.5019978+08:00" testType="13cdc9d9-ddb5-4fa4-a97d-d965ccfc6d4b" outcome="Failed" testListId="8c84fa94-04c1-424b-9868-57a2d4851a1d" relativeResultsDirectory="78d91d4b-6269-4074-a45d-7f999fe81595">
      <Output>
        <ErrorInfo>
          <Message>Test method TestProject1.OperationTest.checkIfTaskIsShiftingToAnotherDayTest threw exception: 
System.NullReferenceException: Object reference not set to an instance of an object.</Message>
          <StackTrace>   at ToDoList.Operation_Accessor.checkIfTaskIsShiftingToAnotherDay(TaskDetails_Accessor taskObject)
   at TestProject1.OperationTest.checkIfTaskIsShiftingToAnotherDayTest() in C:\Users\swetha\Desktop\TestProject1\OperationTest.cs:line 231
</StackTrace>
        </ErrorInfo>
      </Output>
    </UnitTestResult>
    <UnitTestResult executionId="b5d0ce06-65fe-4ef2-bb8b-87730cb8e233" testId="9164ae3e-5109-fabb-4d9d-d3f2554d728d" testName="ConvertSecondsToHoursTest" computerName="SWETHA-PC" duration="00:00:00.0003922" startTime="2011-11-01T01:06:08.5039979+08:00" endTime="2011-11-01T01:06:08.5089982+08:00" testType="13cdc9d9-ddb5-4fa4-a97d-d965ccfc6d4b" outcome="Passed" testListId="8c84fa94-04c1-424b-9868-57a2d4851a1d" relativeResultsDirectory="b5d0ce06-65fe-4ef2-bb8b-87730cb8e233">
    </UnitTestResult>
    <UnitTestResult executionId="035c4cda-e2f2-4efd-b6d2-1d78551268b8" testId="925ad92f-eb92-bb63-9789-954a688bb8e8" testName="retrieveIDsofARepeatingEventTest" computerName="SWETHA-PC" duration="00:00:00.0019517" startTime="2011-11-01T01:06:08.5099982+08:00" endTime="2011-11-01T01:06:08.5169986+08:00" testType="13cdc9d9-ddb5-4fa4-a97d-d965ccfc6d4b" outcome="Failed" testListId="8c84fa94-04c1-424b-9868-57a2d4851a1d" relativeResultsDirectory="035c4cda-e2f2-4efd-b6d2-1d78551268b8">
      <Output>
        <ErrorInfo>
          <Message>Test method TestProject1.OperationTest.retrieveIDsofARepeatingEventTest threw exception: 
System.NullReferenceException: Object reference not set to an instance of an object.</Message>
          <StackTrace>   at ToDoList.Operation_Accessor.retrieveIDsofARepeatingEvent(Int32 id)
   at TestProject1.OperationTest.retrieveIDsofARepeatingEventTest() in C:\Users\swetha\Desktop\TestProject1\OperationTest.cs:line 335
</StackTrace>
        </ErrorInfo>
      </Output>
    </UnitTestResult>
    <UnitTestResult executionId="b2d01b98-d003-456c-97ed-de919624eb9c" testId="9437120d-b9e5-307f-cb85-e0d001e1e0c3" testName="CheckIfEventNameIsCorrectTest" computerName="SWETHA-PC" duration="00:00:00.0018986" startTime="2011-11-01T01:06:08.5199988+08:00" endTime="2011-11-01T01:06:08.5259992+08:00" testType="13cdc9d9-ddb5-4fa4-a97d-d965ccfc6d4b" outcome="Failed" testListId="8c84fa94-04c1-424b-9868-57a2d4851a1d" relativeResultsDirectory="b2d01b98-d003-456c-97ed-de919624eb9c">
      <Output>
        <ErrorInfo>
          <Message>Assert.AreEqual failed. Expected:&lt;Please enter a valid Event Name&gt;. Actual:&lt;(null)&gt;. </Message>
          <StackTrace>   at TestProject1.ErrorHandlingTest.CheckIfEventNameIsCorrectTest() in C:\Users\swetha\Desktop\TestProject1\ErrorHandlingTest.cs:line 78
</StackTrace>
        </ErrorInfo>
      </Output>
    </UnitTestResult>
    <UnitTestResult executionId="f135327f-e9cb-4a82-a9a4-347353526e9c" testId="a24feab6-c418-b744-08a0-4d987df3755e" testName="ConvertDateTo_ddmmyyFormatTest" computerName="SWETHA-PC" duration="00:00:00.0004523" startTime="2011-11-01T01:06:08.5279993+08:00" endTime="2011-11-01T01:06:08.5329996+08:00" testType="13cdc9d9-ddb5-4fa4-a97d-d965ccfc6d4b" outcome="Passed" testListId="8c84fa94-04c1-424b-9868-57a2d4851a1d" relativeResultsDirectory="f135327f-e9cb-4a82-a9a4-347353526e9c">
    </UnitTestResult>
    <UnitTestResult executionId="e2cecd2f-139e-4166-966c-3a1af1cf2f26" testId="a3deb1a3-2ddb-ef40-25c9-0384b9a77a99" testName="CheckIfCommandAndContentValidTest" computerName="SWETHA-PC" duration="00:00:00.0009824" startTime="2011-11-01T01:06:08.5349997+08:00" endTime="2011-11-01T01:06:08.5410000+08:00" testType="13cdc9d9-ddb5-4fa4-a97d-d965ccfc6d4b" outcome="Passed" testListId="8c84fa94-04c1-424b-9868-57a2d4851a1d" relativeResultsDirectory="e2cecd2f-139e-4166-966c-3a1af1cf2f26">
    </UnitTestResult>
    <UnitTestResult executionId="bf2004d5-b93d-4792-b980-99a31e17f281" testId="b2b3dc86-0c03-574e-f4bf-d904f295279c" testName="durationOrRemainderToTotalHoursTest" computerName="SWETHA-PC" duration="00:00:00.0002891" startTime="2011-11-01T01:06:08.5440002+08:00" endTime="2011-11-01T01:06:08.5490005+08:00" testType="13cdc9d9-ddb5-4fa4-a97d-d965ccfc6d4b" outcome="Passed" testListId="8c84fa94-04c1-424b-9868-57a2d4851a1d" relativeResultsDirectory="bf2004d5-b93d-4792-b980-99a31e17f281">
    </UnitTestResult>
    <UnitTestResult executionId="41b5b087-7719-4dfa-b054-856023487377" testId="b61890a5-e8a3-9835-4f5d-94b788823726" testName="addToIntellisenseDatabaseTest" computerName="SWETHA-PC" duration="00:00:00.0019367" startTime="2011-11-01T01:06:08.5510006+08:00" endTime="2011-11-01T01:06:08.5580010+08:00" testType="13cdc9d9-ddb5-4fa4-a97d-d965ccfc6d4b" outcome="Failed" testListId="8c84fa94-04c1-424b-9868-57a2d4851a1d" relativeResultsDirectory="41b5b087-7719-4dfa-b054-856023487377">
      <Output>
        <ErrorInfo>
          <Message>Test method TestProject1.OperationTest.addToIntellisenseDatabaseTest threw exception: 
System.NullReferenceException: Object reference not set to an instance of an object.</Message>
          <StackTrace>   at ToDoList.Operation_Accessor.addToIntellisenseDatabase(String s)
   at TestProject1.OperationTest.addToIntellisenseDatabaseTest() in C:\Users\swetha\Desktop\TestProject1\OperationTest.cs:line 199
</StackTrace>
        </ErrorInfo>
      </Output>
    </UnitTestResult>
    <UnitTestResult executionId="a231ecbd-2bed-4998-bd9f-bc977f867703" testId="b9f0d8f2-3773-3983-9410-797e7d452424" testName="interpretRepeatAsNumberOfDaysTest" computerName="SWETHA-PC" duration="00:00:00.0018962" startTime="2011-11-01T01:06:08.5600011+08:00" endTime="2011-11-01T01:06:08.5670015+08:00" testType="13cdc9d9-ddb5-4fa4-a97d-d965ccfc6d4b" outcome="Passed" testListId="8c84fa94-04c1-424b-9868-57a2d4851a1d" relativeResultsDirectory="a231ecbd-2bed-4998-bd9f-bc977f867703">
    </UnitTestResult>
    <UnitTestResult executionId="8a1011a9-4620-4080-95f7-19432b83dd83" testId="bc3953ec-d998-e41b-f6fc-055a5f8e631e" testName="taskToBePerformedTest1" computerName="SWETHA-PC" duration="00:00:00.0041151" startTime="2011-11-01T01:06:08.5700017+08:00" endTime="2011-11-01T01:06:08.5780021+08:00" testType="13cdc9d9-ddb5-4fa4-a97d-d965ccfc6d4b" outcome="Failed" testListId="8c84fa94-04c1-424b-9868-57a2d4851a1d" relativeResultsDirectory="8a1011a9-4620-4080-95f7-19432b83dd83">
      <Output>
        <ErrorInfo>
          <Message>Test method TestProject1.ParserTest.taskToBePerformedTest1 threw exception: 
System.IO.FileNotFoundException: Could not find file 'C:\Users\swetha\Desktop\[F9S2][V0.2]-Swetha\[F9S2][V0.2]\TestResults\swetha_SWETHA-PC 2011-11-01 01_06_07\Out\ListOfTasksToDoFile.txt'.</Message>
          <StackTrace>    at System.IO.__Error.WinIOError(Int32 errorCode, String maybeFullPath)
   at System.IO.FileStream.Init(String path, FileMode mode, FileAccess access, Int32 rights, Boolean useRights, FileShare share, Int32 bufferSize, FileOptions options, SECURITY_ATTRIBUTES secAttrs, String msgPath, Boolean bFromProxy, Boolean useLongPath)
   at System.IO.FileStream..ctor(String path, FileMode mode, FileAccess access, FileShare share, Int32 bufferSize, FileOptions options)
   at System.IO.StreamReader..ctor(String path, Encoding encoding, Boolean detectEncodingFromByteOrderMarks, Int32 bufferSize)
   at System.IO.StreamReader..ctor(String path)
   at ToDoList.Database.readFromFile() in C:\Users\swetha\Desktop\[F9S2][V0.2]-Swetha\[F9S2][V0.2]\Storage\Database.cs:line 53
   at ToDoList.Operation.DisplayContentofFileThatIsOpened() in C:\Users\swetha\Desktop\[F9S2][V0.2]-Swetha\[F9S2][V0.2]\Logic\Operation.cs:line 916
   at ToDoList.Operation.decideOntask() in C:\Users\swetha\Desktop\[F9S2][V0.2]-Swetha\[F9S2][V0.2]\Logic\Operation.cs:line 1639
   at ToDoList.Parser.taskToBePerformed() in C:\Users\swetha\Desktop\[F9S2][V0.2]-Swetha\[F9S2][V0.2]\Logic\Parser.cs:line 159
   at TestProject1.ParserTest.taskToBePerformedTest1() in C:\Users\swetha\Desktop\TestProject1\ParserTest.cs:line 151
</StackTrace>
        </ErrorInfo>
      </Output>
    </UnitTestResult>
    <UnitTestResult executionId="e9ed585b-5694-4b38-834e-53876b573131" testId="be2fd57d-61da-8654-9530-0824be4b4617" testName="ConvertDaysToHoursTest" computerName="SWETHA-PC" duration="00:00:00.0003795" startTime="2011-11-01T01:06:08.5800023+08:00" endTime="2011-11-01T01:06:08.5850025+08:00" testType="13cdc9d9-ddb5-4fa4-a97d-d965ccfc6d4b" outcome="Passed" testListId="8c84fa94-04c1-424b-9868-57a2d4851a1d" relativeResultsDirectory="e9ed585b-5694-4b38-834e-53876b573131">
    </UnitTestResult>
    <UnitTestResult executionId="fa3afe6d-8203-4e72-8cdc-d09a2f14ea9f" testId="d8442adf-139d-dab4-2a85-7eff04e87ab5" testName="displayTimeLineWithEventsTest" computerName="SWETHA-PC" duration="00:00:00.0038911" startTime="2011-11-01T01:06:08.5860026+08:00" endTime="2011-11-01T01:06:08.5940031+08:00" testType="13cdc9d9-ddb5-4fa4-a97d-d965ccfc6d4b" outcome="Failed" testListId="8c84fa94-04c1-424b-9868-57a2d4851a1d" relativeResultsDirectory="fa3afe6d-8203-4e72-8cdc-d09a2f14ea9f">
      <Output>
        <ErrorInfo>
          <Message>Test method TestProject1.OperationTest.displayTimeLineWithEventsTest threw exception: 
System.ArgumentNullException: Value cannot be null.
Parameter name: source</Message>
          <StackTrace>    at System.Linq.Enumerable.Count[TSource](IEnumerable`1 source)
   at ToDoList.Operation.displayTimeLineWithEvents(List`1 dateEvents, Event events, TimeSpan s1, TimeSpan s2) in C:\Users\swetha\Desktop\[F9S2][V0.2]-Swetha\[F9S2][V0.2]\Logic\Operation.cs:line 118
   at TestProject1.OperationTest.displayTimeLineWithEventsTest() in C:\Users\swetha\Desktop\TestProject1\OperationTest.cs:line 301
</StackTrace>
        </ErrorInfo>
      </Output>
    </UnitTestResult>
    <UnitTestResult executionId="f11cff07-d7d0-4272-bffc-3ebb45a208fe" testId="db0fd72f-fa21-7d08-1b8a-b0a616bd417d" testName="CheckIfRepeatIsSetTest" computerName="SWETHA-PC" duration="00:00:00.0018905" startTime="2011-11-01T01:06:08.5960032+08:00" endTime="2011-11-01T01:06:08.6020035+08:00" testType="13cdc9d9-ddb5-4fa4-a97d-d965ccfc6d4b" outcome="Failed" testListId="8c84fa94-04c1-424b-9868-57a2d4851a1d" relativeResultsDirectory="f11cff07-d7d0-4272-bffc-3ebb45a208fe">
      <Output>
        <ErrorInfo>
          <Message>Test method TestProject1.OperationTest.CheckIfRepeatIsSetTest threw exception: 
System.NullReferenceException: Object reference not set to an instance of an object.</Message>
          <StackTrace>   at ToDoList.Operation_Accessor.CheckIfRepeatIsSet(TaskDetails_Accessor t)
   at TestProject1.OperationTest.CheckIfRepeatIsSetTest() in C:\Users\swetha\Desktop\TestProject1\OperationTest.cs:line 94
</StackTrace>
        </ErrorInfo>
      </Output>
    </UnitTestResult>
    <UnitTestResult executionId="49a7d5c6-2248-42cf-8133-332626f33cbd" testId="e0d6f14e-b818-d60e-e87a-fd7bc0689148" testName="valuesToInitialiseDataGrid2Test" computerName="SWETHA-PC" duration="00:00:00.0002856" startTime="2011-11-01T01:06:08.6040036+08:00" endTime="2011-11-01T01:06:08.6080039+08:00" testType="13cdc9d9-ddb5-4fa4-a97d-d965ccfc6d4b" outcome="Passed" testListId="8c84fa94-04c1-424b-9868-57a2d4851a1d" relativeResultsDirectory="49a7d5c6-2248-42cf-8133-332626f33cbd">
    </UnitTestResult>
    <UnitTestResult executionId="f511fa7b-5219-4874-8ecb-f144301102fd" testId="e32f1aed-f336-c4fd-21d1-5fdc235f2a77" testName="decideOntaskTest" computerName="SWETHA-PC" duration="00:00:00.0016741" startTime="2011-11-01T01:06:08.6100040+08:00" endTime="2011-11-01T01:06:08.6160043+08:00" testType="13cdc9d9-ddb5-4fa4-a97d-d965ccfc6d4b" outcome="Failed" testListId="8c84fa94-04c1-424b-9868-57a2d4851a1d" relativeResultsDirectory="f511fa7b-5219-4874-8ecb-f144301102fd">
      <Output>
        <ErrorInfo>
          <Message>Test method TestProject1.OperationTest.decideOntaskTest threw exception: 
System.IO.FileNotFoundException: Could not find file 'C:\Users\swetha\Desktop\[F9S2][V0.2]-Swetha\[F9S2][V0.2]\TestResults\swetha_SWETHA-PC 2011-11-01 01_06_07\Out\ListOfTasksToDoFile.txt'.</Message>
          <StackTrace>    at System.IO.__Error.WinIOError(Int32 errorCode, String maybeFullPath)
   at System.IO.FileStream.Init(String path, FileMode mode, FileAccess access, Int32 rights, Boolean useRights, FileShare share, Int32 bufferSize, FileOptions options, SECURITY_ATTRIBUTES secAttrs, String msgPath, Boolean bFromProxy, Boolean useLongPath)
   at System.IO.FileStream..ctor(String path, FileMode mode, FileAccess access, FileShare share, Int32 bufferSize, FileOptions options)
   at System.IO.StreamReader..ctor(String path, Encoding encoding, Boolean detectEncodingFromByteOrderMarks, Int32 bufferSize)
   at System.IO.StreamReader..ctor(String path)
   at ToDoList.Database.readFromFile() in C:\Users\swetha\Desktop\[F9S2][V0.2]-Swetha\[F9S2][V0.2]\Storage\Database.cs:line 53
   at ToDoList.Operation.DisplayContentofFileThatIsOpened() in C:\Users\swetha\Desktop\[F9S2][V0.2]-Swetha\[F9S2][V0.2]\Logic\Operation.cs:line 916
   at ToDoList.Operation.decideOntask() in C:\Users\swetha\Desktop\[F9S2][V0.2]-Swetha\[F9S2][V0.2]\Logic\Operation.cs:line 1639
   at TestProject1.OperationTest.decideOntaskTest() in C:\Users\swetha\Desktop\TestProject1\OperationTest.cs:line 281
</StackTrace>
        </ErrorInfo>
      </Output>
    </UnitTestResult>
    <UnitTestResult executionId="83ecff33-6147-4aff-8309-47f242b5f3df" testId="e9b74553-7fc7-95c9-25d0-b7874d99b8a9" testName="creatDateEventObjectTest" computerName="SWETHA-PC" duration="00:00:00.0015606" startTime="2011-11-01T01:06:08.6170044+08:00" endTime="2011-11-01T01:06:08.6240048+08:00" testType="13cdc9d9-ddb5-4fa4-a97d-d965ccfc6d4b" outcome="Failed" testListId="8c84fa94-04c1-424b-9868-57a2d4851a1d" relativeResultsDirectory="83ecff33-6147-4aff-8309-47f242b5f3df">
      <Output>
        <ErrorInfo>
          <Message>Assert.AreEqual failed. Expected:&lt;(null)&gt;. Actual:&lt;ToDoList.DateEvent&gt;. </Message>
          <StackTrace>   at TestProject1.OperationTest.creatDateEventObjectTest() in C:\Users\swetha\Desktop\TestProject1\OperationTest.cs:line 266
</StackTrace>
        </ErrorInfo>
      </Output>
    </UnitTestResult>
    <UnitTestResult executionId="99fa2e1f-cf84-4a78-9546-008bef13bb23" testId="f33f9546-63a0-b1f3-2ab6-cbded7caec2c" testName="ParserConstructorTest" computerName="SWETHA-PC" duration="00:00:00.0009031" startTime="2011-11-01T01:06:08.6250048+08:00" endTime="2011-11-01T01:06:08.6320052+08:00" testType="13cdc9d9-ddb5-4fa4-a97d-d965ccfc6d4b" outcome="Passed" testListId="8c84fa94-04c1-424b-9868-57a2d4851a1d" relativeResultsDirectory="99fa2e1f-cf84-4a78-9546-008bef13bb23">
    </UnitTestResult>
  </Results>
</TestRun>