<?xml version="1.0" encoding="UTF-8"?>
<TestRun id="cdbb899d-4d2d-4320-9103-a6c7f55c79ab" name="swetha@SWETHA-PC 2011-11-01 16:53:19" runUser="swetha-PC\swetha" xmlns="http://microsoft.com/schemas/VisualStudio/TeamTest/2010">
  <TestSettings name="Local" id="6162c3b6-876d-4b34-81c6-d6c2edded6c6">
    <Description>These are default test settings for a local test run.</Description>
    <Deployment enabled="false" runDeploymentRoot="swetha_SWETHA-PC 2011-11-01 16_53_19">
      <DeploymentItem filename="c:\Program Files (x86)\WPF Toolkit\v3.5.50211.1\System.Windows.Controls.DataVisualization.Toolkit.dll" />
      <DeploymentItem filename="c:\Program Files (x86)\WPF Toolkit\v3.5.50211.1\System.Windows.Controls.DataVisualization.Toolkit.Design.4.0.dll" />
      <DeploymentItem filename="C:\Users\swetha\Dropbox\CS2103\[F9S2][V0.2]-Swetha\[F9S2][V0.2]-Swetha\[F9S2][V0.2]\bin\Debug\ToDoList.exe" />
    </Deployment>
    <Execution>
      <TestTypeSpecific />
      <AgentRule name="Execution Agents">
      </AgentRule>
    </Execution>
  </TestSettings>
  <Times creation="2011-11-01T16:53:19.9900908+08:00" queuing="2011-11-01T16:53:20.4721184+08:00" start="2011-11-01T16:53:20.5371221+08:00" finish="2011-11-01T16:53:28.6255848+08:00" />
  <ResultSummary outcome="Failed">
    <Counters total="40" executed="40" passed="23" error="0" failed="13" timeout="0" aborted="0" inconclusive="4" passedButRunAborted="0" notRunnable="0" notExecuted="0" disconnected="0" warning="0" completed="0" inProgress="0" pending="0" />
  </ResultSummary>
  <TestDefinitions>
    <UnitTest name="convertEventsIntoTaskdetailsTest" storage="c:\users\swetha\dropbox\cs2103\[f9s2][v0.2]-swetha\[f9s2][v0.2]-swetha\[f9s2][v0.2]\testproject1\bin\debug\testproject1.dll" id="09277a0e-8813-a0dc-87e3-f8b39af59d95">
      <Execution id="0f257578-eb4a-4c55-ba56-045b5d16c427" />
      <TestMethod codeBase="C:/Users/swetha/Dropbox/CS2103/[F9S2][V0.2]-Swetha/[F9S2][V0.2]-Swetha/[F9S2][V0.2]/TestProject1/bin/Debug/TestProject1.DLL" adapterTypeName="Microsoft.VisualStudio.TestTools.TestTypes.Unit.UnitTestAdapter, Microsoft.VisualStudio.QualityTools.Tips.UnitTest.Adapter, Version=10.0.0.0, Culture=neutral, PublicKeyToken=b03f5f7f11d50a3a" className="TestProject1.ConversionsTest, TestProject1, Version=1.0.0.0, Culture=neutral, PublicKeyToken=null" name="convertEventsIntoTaskdetailsTest" />
    </UnitTest>
    <UnitTest name="addToIntellisenseDatabaseTest" storage="c:\users\swetha\dropbox\cs2103\[f9s2][v0.2]-swetha\[f9s2][v0.2]-swetha\[f9s2][v0.2]\testproject1\bin\debug\testproject1.dll" id="b61890a5-e8a3-9835-4f5d-94b788823726">
      <DeploymentItems>
        <DeploymentItem filename="ToDoList.exe" />
      </DeploymentItems>
      <Execution id="20a19dd7-d0e6-428e-9d82-7041740cdf61" />
      <TestMethod codeBase="C:/Users/swetha/Dropbox/CS2103/[F9S2][V0.2]-Swetha/[F9S2][V0.2]-Swetha/[F9S2][V0.2]/TestProject1/bin/Debug/TestProject1.DLL" adapterTypeName="Microsoft.VisualStudio.TestTools.TestTypes.Unit.UnitTestAdapter, Microsoft.VisualStudio.QualityTools.Tips.UnitTest.Adapter, Version=10.0.0.0, Culture=neutral, PublicKeyToken=b03f5f7f11d50a3a" className="TestProject1.OperationTest, TestProject1, Version=1.0.0.0, Culture=neutral, PublicKeyToken=null" name="addToIntellisenseDatabaseTest" />
    </UnitTest>
    <UnitTest name="decideOntaskTest" storage="c:\users\swetha\dropbox\cs2103\[f9s2][v0.2]-swetha\[f9s2][v0.2]-swetha\[f9s2][v0.2]\testproject1\bin\debug\testproject1.dll" id="e32f1aed-f336-c4fd-21d1-5fdc235f2a77">
      <Execution id="7c9797ec-9a8b-4c92-8b09-f67cc9c7f6e8" />
      <TestMethod codeBase="C:/Users/swetha/Dropbox/CS2103/[F9S2][V0.2]-Swetha/[F9S2][V0.2]-Swetha/[F9S2][V0.2]/TestProject1/bin/Debug/TestProject1.DLL" adapterTypeName="Microsoft.VisualStudio.TestTools.TestTypes.Unit.UnitTestAdapter, Microsoft.VisualStudio.QualityTools.Tips.UnitTest.Adapter, Version=10.0.0.0, Culture=neutral, PublicKeyToken=b03f5f7f11d50a3a" className="TestProject1.OperationTest, TestProject1, Version=1.0.0.0, Culture=neutral, PublicKeyToken=null" name="decideOntaskTest" />
    </UnitTest>
    <UnitTest name="checkIfTaskIsShiftingToAnotherDayTest" storage="c:\users\swetha\dropbox\cs2103\[f9s2][v0.2]-swetha\[f9s2][v0.2]-swetha\[f9s2][v0.2]\testproject1\bin\debug\testproject1.dll" id="898276d5-2039-91f5-8945-3690da1d036c">
      <DeploymentItems>
        <DeploymentItem filename="ToDoList.exe" />
      </DeploymentItems>
      <Execution id="dc16210a-98ab-450d-83f6-e508c4e0da02" />
      <TestMethod codeBase="C:/Users/swetha/Dropbox/CS2103/[F9S2][V0.2]-Swetha/[F9S2][V0.2]-Swetha/[F9S2][V0.2]/TestProject1/bin/Debug/TestProject1.DLL" adapterTypeName="Microsoft.VisualStudio.TestTools.TestTypes.Unit.UnitTestAdapter, Microsoft.VisualStudio.QualityTools.Tips.UnitTest.Adapter, Version=10.0.0.0, Culture=neutral, PublicKeyToken=b03f5f7f11d50a3a" className="TestProject1.OperationTest, TestProject1, Version=1.0.0.0, Culture=neutral, PublicKeyToken=null" name="checkIfTaskIsShiftingToAnotherDayTest" />
    </UnitTest>
    <UnitTest name="aggregateTaskDetailsParameterInAStringTest" storage="c:\users\swetha\dropbox\cs2103\[f9s2][v0.2]-swetha\[f9s2][v0.2]-swetha\[f9s2][v0.2]\testproject1\bin\debug\testproject1.dll" id="3f89e5e2-d3d0-c7f8-2f85-a34abd0c1cff">
      <DeploymentItems>
        <DeploymentItem filename="ToDoList.exe" />
      </DeploymentItems>
      <Execution id="eb14c875-ad56-431e-a153-2c9d009c67a6" />
      <TestMethod codeBase="C:/Users/swetha/Dropbox/CS2103/[F9S2][V0.2]-Swetha/[F9S2][V0.2]-Swetha/[F9S2][V0.2]/TestProject1/bin/Debug/TestProject1.DLL" adapterTypeName="Microsoft.VisualStudio.TestTools.TestTypes.Unit.UnitTestAdapter, Microsoft.VisualStudio.QualityTools.Tips.UnitTest.Adapter, Version=10.0.0.0, Culture=neutral, PublicKeyToken=b03f5f7f11d50a3a" className="TestProject1.OperationTest, TestProject1, Version=1.0.0.0, Culture=neutral, PublicKeyToken=null" name="aggregateTaskDetailsParameterInAStringTest" />
    </UnitTest>
    <UnitTest name="convertTaskdetailsIntoEventTest" storage="c:\users\swetha\dropbox\cs2103\[f9s2][v0.2]-swetha\[f9s2][v0.2]-swetha\[f9s2][v0.2]\testproject1\bin\debug\testproject1.dll" id="249bd0f5-28f7-8fdd-b183-4daadf719678">
      <Execution id="156867e8-6973-4b64-bceb-6d1c72b6fd3b" />
      <TestMethod codeBase="C:/Users/swetha/Dropbox/CS2103/[F9S2][V0.2]-Swetha/[F9S2][V0.2]-Swetha/[F9S2][V0.2]/TestProject1/bin/Debug/TestProject1.DLL" adapterTypeName="Microsoft.VisualStudio.TestTools.TestTypes.Unit.UnitTestAdapter, Microsoft.VisualStudio.QualityTools.Tips.UnitTest.Adapter, Version=10.0.0.0, Culture=neutral, PublicKeyToken=b03f5f7f11d50a3a" className="TestProject1.ConversionsTest, TestProject1, Version=1.0.0.0, Culture=neutral, PublicKeyToken=null" name="convertTaskdetailsIntoEventTest" />
    </UnitTest>
    <UnitTest name="SyntaxOfTextboxTextTest" storage="c:\users\swetha\dropbox\cs2103\[f9s2][v0.2]-swetha\[f9s2][v0.2]-swetha\[f9s2][v0.2]\testproject1\bin\debug\testproject1.dll" id="811d5f4a-7ec9-8777-9423-ab65d6cc47b8">
      <Execution id="b45e0d97-0fbc-465d-8eda-a7bfe555ad96" />
      <TestMethod codeBase="C:/Users/swetha/Dropbox/CS2103/[F9S2][V0.2]-Swetha/[F9S2][V0.2]-Swetha/[F9S2][V0.2]/TestProject1/bin/Debug/TestProject1.DLL" adapterTypeName="Microsoft.VisualStudio.TestTools.TestTypes.Unit.UnitTestAdapter, Microsoft.VisualStudio.QualityTools.Tips.UnitTest.Adapter, Version=10.0.0.0, Culture=neutral, PublicKeyToken=b03f5f7f11d50a3a" className="TestProject1.ParserTest, TestProject1, Version=1.0.0.0, Culture=neutral, PublicKeyToken=null" name="SyntaxOfTextboxTextTest" />
    </UnitTest>
    <UnitTest name="TaskDetailsConstructorTest" storage="c:\users\swetha\dropbox\cs2103\[f9s2][v0.2]-swetha\[f9s2][v0.2]-swetha\[f9s2][v0.2]\testproject1\bin\debug\testproject1.dll" id="01862544-0151-bc4b-eef2-c78231c46765">
      <Execution id="3cf0dac0-9a34-4481-942d-4c57dd76fb21" />
      <TestMethod codeBase="C:/Users/swetha/Dropbox/CS2103/[F9S2][V0.2]-Swetha/[F9S2][V0.2]-Swetha/[F9S2][V0.2]/TestProject1/bin/Debug/TestProject1.DLL" adapterTypeName="Microsoft.VisualStudio.TestTools.TestTypes.Unit.UnitTestAdapter, Microsoft.VisualStudio.QualityTools.Tips.UnitTest.Adapter, Version=10.0.0.0, Culture=neutral, PublicKeyToken=b03f5f7f11d50a3a" className="TestProject1.TaskDetailsTest, TestProject1, Version=1.0.0.0, Culture=neutral, PublicKeyToken=null" name="TaskDetailsConstructorTest" />
    </UnitTest>
    <UnitTest name="ConvertSecondsToHoursTest" storage="c:\users\swetha\dropbox\cs2103\[f9s2][v0.2]-swetha\[f9s2][v0.2]-swetha\[f9s2][v0.2]\testproject1\bin\debug\testproject1.dll" id="9164ae3e-5109-fabb-4d9d-d3f2554d728d">
      <Execution id="d7bbf232-1277-42ec-9ac0-bedab4d0cd04" />
      <TestMethod codeBase="C:/Users/swetha/Dropbox/CS2103/[F9S2][V0.2]-Swetha/[F9S2][V0.2]-Swetha/[F9S2][V0.2]/TestProject1/bin/Debug/TestProject1.DLL" adapterTypeName="Microsoft.VisualStudio.TestTools.TestTypes.Unit.UnitTestAdapter, Microsoft.VisualStudio.QualityTools.Tips.UnitTest.Adapter, Version=10.0.0.0, Culture=neutral, PublicKeyToken=b03f5f7f11d50a3a" className="TestProject1.ConversionsTest, TestProject1, Version=1.0.0.0, Culture=neutral, PublicKeyToken=null" name="ConvertSecondsToHoursTest" />
    </UnitTest>
    <UnitTest name="ListOfTasksForTheDayTest" storage="c:\users\swetha\dropbox\cs2103\[f9s2][v0.2]-swetha\[f9s2][v0.2]-swetha\[f9s2][v0.2]\testproject1\bin\debug\testproject1.dll" id="6ed48ebc-c19e-538f-269d-737251d4c1fd">
      <Execution id="ddbb7a70-1091-4cbb-9db6-bbbf4ab0ec14" />
      <TestMethod codeBase="C:/Users/swetha/Dropbox/CS2103/[F9S2][V0.2]-Swetha/[F9S2][V0.2]-Swetha/[F9S2][V0.2]/TestProject1/bin/Debug/TestProject1.DLL" adapterTypeName="Microsoft.VisualStudio.TestTools.TestTypes.Unit.UnitTestAdapter, Microsoft.VisualStudio.QualityTools.Tips.UnitTest.Adapter, Version=10.0.0.0, Culture=neutral, PublicKeyToken=b03f5f7f11d50a3a" className="TestProject1.OperationTest, TestProject1, Version=1.0.0.0, Culture=neutral, PublicKeyToken=null" name="ListOfTasksForTheDayTest" />
    </UnitTest>
    <UnitTest name="getDisplayMessageTest" storage="c:\users\swetha\dropbox\cs2103\[f9s2][v0.2]-swetha\[f9s2][v0.2]-swetha\[f9s2][v0.2]\testproject1\bin\debug\testproject1.dll" id="291e0111-5060-6201-9181-18664685707f">
      <Execution id="26e1eb48-889d-4c95-b092-eda69951c1c4" />
      <TestMethod codeBase="C:/Users/swetha/Dropbox/CS2103/[F9S2][V0.2]-Swetha/[F9S2][V0.2]-Swetha/[F9S2][V0.2]/TestProject1/bin/Debug/TestProject1.DLL" adapterTypeName="Microsoft.VisualStudio.TestTools.TestTypes.Unit.UnitTestAdapter, Microsoft.VisualStudio.QualityTools.Tips.UnitTest.Adapter, Version=10.0.0.0, Culture=neutral, PublicKeyToken=b03f5f7f11d50a3a" className="TestProject1.OperationTest, TestProject1, Version=1.0.0.0, Culture=neutral, PublicKeyToken=null" name="getDisplayMessageTest" />
    </UnitTest>
    <UnitTest name="ConvertDateTo_ddmmyyFormatTest" storage="c:\users\swetha\dropbox\cs2103\[f9s2][v0.2]-swetha\[f9s2][v0.2]-swetha\[f9s2][v0.2]\testproject1\bin\debug\testproject1.dll" id="a24feab6-c418-b744-08a0-4d987df3755e">
      <Execution id="fbfb4a13-a9c5-4391-918e-bb50d5987fde" />
      <TestMethod codeBase="C:/Users/swetha/Dropbox/CS2103/[F9S2][V0.2]-Swetha/[F9S2][V0.2]-Swetha/[F9S2][V0.2]/TestProject1/bin/Debug/TestProject1.DLL" adapterTypeName="Microsoft.VisualStudio.TestTools.TestTypes.Unit.UnitTestAdapter, Microsoft.VisualStudio.QualityTools.Tips.UnitTest.Adapter, Version=10.0.0.0, Culture=neutral, PublicKeyToken=b03f5f7f11d50a3a" className="TestProject1.ConversionsTest, TestProject1, Version=1.0.0.0, Culture=neutral, PublicKeyToken=null" name="ConvertDateTo_ddmmyyFormatTest" />
    </UnitTest>
    <UnitTest name="convertStringIntoTaskDetailsTest" storage="c:\users\swetha\dropbox\cs2103\[f9s2][v0.2]-swetha\[f9s2][v0.2]-swetha\[f9s2][v0.2]\testproject1\bin\debug\testproject1.dll" id="3c7e691a-d362-ee99-61a4-6a800be63181">
      <Execution id="2ba56282-587a-448c-b067-1a07c925c6d2" />
      <TestMethod codeBase="C:/Users/swetha/Dropbox/CS2103/[F9S2][V0.2]-Swetha/[F9S2][V0.2]-Swetha/[F9S2][V0.2]/TestProject1/bin/Debug/TestProject1.DLL" adapterTypeName="Microsoft.VisualStudio.TestTools.TestTypes.Unit.UnitTestAdapter, Microsoft.VisualStudio.QualityTools.Tips.UnitTest.Adapter, Version=10.0.0.0, Culture=neutral, PublicKeyToken=b03f5f7f11d50a3a" className="TestProject1.ConversionsTest, TestProject1, Version=1.0.0.0, Culture=neutral, PublicKeyToken=null" name="convertStringIntoTaskDetailsTest" />
    </UnitTest>
    <UnitTest name="durationOrRemainderToTotalHoursTest" storage="c:\users\swetha\dropbox\cs2103\[f9s2][v0.2]-swetha\[f9s2][v0.2]-swetha\[f9s2][v0.2]\testproject1\bin\debug\testproject1.dll" id="b2b3dc86-0c03-574e-f4bf-d904f295279c">
      <Execution id="8a880350-c278-40f6-9546-b001b672b00a" />
      <TestMethod codeBase="C:/Users/swetha/Dropbox/CS2103/[F9S2][V0.2]-Swetha/[F9S2][V0.2]-Swetha/[F9S2][V0.2]/TestProject1/bin/Debug/TestProject1.DLL" adapterTypeName="Microsoft.VisualStudio.TestTools.TestTypes.Unit.UnitTestAdapter, Microsoft.VisualStudio.QualityTools.Tips.UnitTest.Adapter, Version=10.0.0.0, Culture=neutral, PublicKeyToken=b03f5f7f11d50a3a" className="TestProject1.ConversionsTest, TestProject1, Version=1.0.0.0, Culture=neutral, PublicKeyToken=null" name="durationOrRemainderToTotalHoursTest" />
    </UnitTest>
    <UnitTest name="interpretRepeatAsNumberOfDaysTest" storage="c:\users\swetha\dropbox\cs2103\[f9s2][v0.2]-swetha\[f9s2][v0.2]-swetha\[f9s2][v0.2]\testproject1\bin\debug\testproject1.dll" id="b9f0d8f2-3773-3983-9410-797e7d452424">
      <Execution id="cc00c802-1379-4d7d-8a98-4f77d537f1ee" />
      <TestMethod codeBase="C:/Users/swetha/Dropbox/CS2103/[F9S2][V0.2]-Swetha/[F9S2][V0.2]-Swetha/[F9S2][V0.2]/TestProject1/bin/Debug/TestProject1.DLL" adapterTypeName="Microsoft.VisualStudio.TestTools.TestTypes.Unit.UnitTestAdapter, Microsoft.VisualStudio.QualityTools.Tips.UnitTest.Adapter, Version=10.0.0.0, Culture=neutral, PublicKeyToken=b03f5f7f11d50a3a" className="TestProject1.ConversionsTest, TestProject1, Version=1.0.0.0, Culture=neutral, PublicKeyToken=null" name="interpretRepeatAsNumberOfDaysTest" />
    </UnitTest>
    <UnitTest name="ListOfEventsForTheDayTest" storage="c:\users\swetha\dropbox\cs2103\[f9s2][v0.2]-swetha\[f9s2][v0.2]-swetha\[f9s2][v0.2]\testproject1\bin\debug\testproject1.dll" id="028069d4-1f2b-fa73-bfbd-ecd2719dcab7">
      <Execution id="b5be3437-fc25-4eca-a6cb-506cd9944ef4" />
      <TestMethod codeBase="C:/Users/swetha/Dropbox/CS2103/[F9S2][V0.2]-Swetha/[F9S2][V0.2]-Swetha/[F9S2][V0.2]/TestProject1/bin/Debug/TestProject1.DLL" adapterTypeName="Microsoft.VisualStudio.TestTools.TestTypes.Unit.UnitTestAdapter, Microsoft.VisualStudio.QualityTools.Tips.UnitTest.Adapter, Version=10.0.0.0, Culture=neutral, PublicKeyToken=b03f5f7f11d50a3a" className="TestProject1.OperationTest, TestProject1, Version=1.0.0.0, Culture=neutral, PublicKeyToken=null" name="ListOfEventsForTheDayTest" />
    </UnitTest>
    <UnitTest name="UndoTaskTest" storage="c:\users\swetha\dropbox\cs2103\[f9s2][v0.2]-swetha\[f9s2][v0.2]-swetha\[f9s2][v0.2]\testproject1\bin\debug\testproject1.dll" id="412933ba-ed76-9d75-6753-b155abf65729">
      <DeploymentItems>
        <DeploymentItem filename="ToDoList.exe" />
      </DeploymentItems>
      <Execution id="4c6068de-44f3-4a1e-aaa4-6fa67508d03c" />
      <TestMethod codeBase="C:/Users/swetha/Dropbox/CS2103/[F9S2][V0.2]-Swetha/[F9S2][V0.2]-Swetha/[F9S2][V0.2]/TestProject1/bin/Debug/TestProject1.DLL" adapterTypeName="Microsoft.VisualStudio.TestTools.TestTypes.Unit.UnitTestAdapter, Microsoft.VisualStudio.QualityTools.Tips.UnitTest.Adapter, Version=10.0.0.0, Culture=neutral, PublicKeyToken=b03f5f7f11d50a3a" className="TestProject1.OperationTest, TestProject1, Version=1.0.0.0, Culture=neutral, PublicKeyToken=null" name="UndoTaskTest" />
    </UnitTest>
    <UnitTest name="ParserConstructorTest" storage="c:\users\swetha\dropbox\cs2103\[f9s2][v0.2]-swetha\[f9s2][v0.2]-swetha\[f9s2][v0.2]\testproject1\bin\debug\testproject1.dll" id="f33f9546-63a0-b1f3-2ab6-cbded7caec2c">
      <Execution id="434ba92f-08c7-47c5-b05c-09ddbdb5f86e" />
      <TestMethod codeBase="C:/Users/swetha/Dropbox/CS2103/[F9S2][V0.2]-Swetha/[F9S2][V0.2]-Swetha/[F9S2][V0.2]/TestProject1/bin/Debug/TestProject1.DLL" adapterTypeName="Microsoft.VisualStudio.TestTools.TestTypes.Unit.UnitTestAdapter, Microsoft.VisualStudio.QualityTools.Tips.UnitTest.Adapter, Version=10.0.0.0, Culture=neutral, PublicKeyToken=b03f5f7f11d50a3a" className="TestProject1.ParserTest, TestProject1, Version=1.0.0.0, Culture=neutral, PublicKeyToken=null" name="ParserConstructorTest" />
    </UnitTest>
    <UnitTest name="retrieveIDsofARepeatingEventTest" storage="c:\users\swetha\dropbox\cs2103\[f9s2][v0.2]-swetha\[f9s2][v0.2]-swetha\[f9s2][v0.2]\testproject1\bin\debug\testproject1.dll" id="925ad92f-eb92-bb63-9789-954a688bb8e8">
      <DeploymentItems>
        <DeploymentItem filename="ToDoList.exe" />
      </DeploymentItems>
      <Execution id="752e866c-189a-4305-ac4c-a5acffa3baa9" />
      <TestMethod codeBase="C:/Users/swetha/Dropbox/CS2103/[F9S2][V0.2]-Swetha/[F9S2][V0.2]-Swetha/[F9S2][V0.2]/TestProject1/bin/Debug/TestProject1.DLL" adapterTypeName="Microsoft.VisualStudio.TestTools.TestTypes.Unit.UnitTestAdapter, Microsoft.VisualStudio.QualityTools.Tips.UnitTest.Adapter, Version=10.0.0.0, Culture=neutral, PublicKeyToken=b03f5f7f11d50a3a" className="TestProject1.OperationTest, TestProject1, Version=1.0.0.0, Culture=neutral, PublicKeyToken=null" name="retrieveIDsofARepeatingEventTest" />
    </UnitTest>
    <UnitTest name="checkForWhatCommandTest" storage="c:\users\swetha\dropbox\cs2103\[f9s2][v0.2]-swetha\[f9s2][v0.2]-swetha\[f9s2][v0.2]\testproject1\bin\debug\testproject1.dll" id="290985ae-7290-ffa5-ddf3-dc1ad7073d30">
      <Execution id="a1fe0d2c-55d2-45e9-ae5d-498aaae5ecfa" />
      <TestMethod codeBase="C:/Users/swetha/Dropbox/CS2103/[F9S2][V0.2]-Swetha/[F9S2][V0.2]-Swetha/[F9S2][V0.2]/TestProject1/bin/Debug/TestProject1.DLL" adapterTypeName="Microsoft.VisualStudio.TestTools.TestTypes.Unit.UnitTestAdapter, Microsoft.VisualStudio.QualityTools.Tips.UnitTest.Adapter, Version=10.0.0.0, Culture=neutral, PublicKeyToken=b03f5f7f11d50a3a" className="TestProject1.ParserTest, TestProject1, Version=1.0.0.0, Culture=neutral, PublicKeyToken=null" name="checkForWhatCommandTest" />
    </UnitTest>
    <UnitTest name="ConvertDaysToHoursTest" storage="c:\users\swetha\dropbox\cs2103\[f9s2][v0.2]-swetha\[f9s2][v0.2]-swetha\[f9s2][v0.2]\testproject1\bin\debug\testproject1.dll" id="be2fd57d-61da-8654-9530-0824be4b4617">
      <Execution id="c39ec27a-b71c-4d8b-9ffb-9cf631e19134" />
      <TestMethod codeBase="C:/Users/swetha/Dropbox/CS2103/[F9S2][V0.2]-Swetha/[F9S2][V0.2]-Swetha/[F9S2][V0.2]/TestProject1/bin/Debug/TestProject1.DLL" adapterTypeName="Microsoft.VisualStudio.TestTools.TestTypes.Unit.UnitTestAdapter, Microsoft.VisualStudio.QualityTools.Tips.UnitTest.Adapter, Version=10.0.0.0, Culture=neutral, PublicKeyToken=b03f5f7f11d50a3a" className="TestProject1.ConversionsTest, TestProject1, Version=1.0.0.0, Culture=neutral, PublicKeyToken=null" name="ConvertDaysToHoursTest" />
    </UnitTest>
    <UnitTest name="Convert24HourFormatTo12HourFormatTest" storage="c:\users\swetha\dropbox\cs2103\[f9s2][v0.2]-swetha\[f9s2][v0.2]-swetha\[f9s2][v0.2]\testproject1\bin\debug\testproject1.dll" id="817bc3d3-de9f-2eb0-74c0-fdf6f97a120b">
      <Execution id="f3cdd09a-d297-4fbf-8a01-e94f10fedeb3" />
      <TestMethod codeBase="C:/Users/swetha/Dropbox/CS2103/[F9S2][V0.2]-Swetha/[F9S2][V0.2]-Swetha/[F9S2][V0.2]/TestProject1/bin/Debug/TestProject1.DLL" adapterTypeName="Microsoft.VisualStudio.TestTools.TestTypes.Unit.UnitTestAdapter, Microsoft.VisualStudio.QualityTools.Tips.UnitTest.Adapter, Version=10.0.0.0, Culture=neutral, PublicKeyToken=b03f5f7f11d50a3a" className="TestProject1.ConversionsTest, TestProject1, Version=1.0.0.0, Culture=neutral, PublicKeyToken=null" name="Convert24HourFormatTo12HourFormatTest" />
    </UnitTest>
    <UnitTest name="checkIfautoschedulingNeededTest" storage="c:\users\swetha\dropbox\cs2103\[f9s2][v0.2]-swetha\[f9s2][v0.2]-swetha\[f9s2][v0.2]\testproject1\bin\debug\testproject1.dll" id="87e67f6d-2fa7-4327-a78f-5fb26993d993">
      <DeploymentItems>
        <DeploymentItem filename="ToDoList.exe" />
      </DeploymentItems>
      <Execution id="30711a59-1dab-4a94-aea0-69dba80321dc" />
      <TestMethod codeBase="C:/Users/swetha/Dropbox/CS2103/[F9S2][V0.2]-Swetha/[F9S2][V0.2]-Swetha/[F9S2][V0.2]/TestProject1/bin/Debug/TestProject1.DLL" adapterTypeName="Microsoft.VisualStudio.TestTools.TestTypes.Unit.UnitTestAdapter, Microsoft.VisualStudio.QualityTools.Tips.UnitTest.Adapter, Version=10.0.0.0, Culture=neutral, PublicKeyToken=b03f5f7f11d50a3a" className="TestProject1.OperationTest, TestProject1, Version=1.0.0.0, Culture=neutral, PublicKeyToken=null" name="checkIfautoschedulingNeededTest" />
    </UnitTest>
    <UnitTest name="Convert12HourFormatTo24HourFormatTest" storage="c:\users\swetha\dropbox\cs2103\[f9s2][v0.2]-swetha\[f9s2][v0.2]-swetha\[f9s2][v0.2]\testproject1\bin\debug\testproject1.dll" id="7ecba722-39b2-0c77-caeb-80d5158acb13">
      <Execution id="54d6db77-9839-43db-9650-1699016f5cc9" />
      <TestMethod codeBase="C:/Users/swetha/Dropbox/CS2103/[F9S2][V0.2]-Swetha/[F9S2][V0.2]-Swetha/[F9S2][V0.2]/TestProject1/bin/Debug/TestProject1.DLL" adapterTypeName="Microsoft.VisualStudio.TestTools.TestTypes.Unit.UnitTestAdapter, Microsoft.VisualStudio.QualityTools.Tips.UnitTest.Adapter, Version=10.0.0.0, Culture=neutral, PublicKeyToken=b03f5f7f11d50a3a" className="TestProject1.ConversionsTest, TestProject1, Version=1.0.0.0, Culture=neutral, PublicKeyToken=null" name="Convert12HourFormatTo24HourFormatTest" />
    </UnitTest>
    <UnitTest name="ViewHistoryTest" storage="c:\users\swetha\dropbox\cs2103\[f9s2][v0.2]-swetha\[f9s2][v0.2]-swetha\[f9s2][v0.2]\testproject1\bin\debug\testproject1.dll" id="853ce853-ab0e-f2d3-cea3-fb5b2a7169c0">
      <DeploymentItems>
        <DeploymentItem filename="ToDoList.exe" />
      </DeploymentItems>
      <Execution id="fdbef47b-b781-4c2f-ad1c-40eafbbc3d58" />
      <TestMethod codeBase="C:/Users/swetha/Dropbox/CS2103/[F9S2][V0.2]-Swetha/[F9S2][V0.2]-Swetha/[F9S2][V0.2]/TestProject1/bin/Debug/TestProject1.DLL" adapterTypeName="Microsoft.VisualStudio.TestTools.TestTypes.Unit.UnitTestAdapter, Microsoft.VisualStudio.QualityTools.Tips.UnitTest.Adapter, Version=10.0.0.0, Culture=neutral, PublicKeyToken=b03f5f7f11d50a3a" className="TestProject1.OperationTest, TestProject1, Version=1.0.0.0, Culture=neutral, PublicKeyToken=null" name="ViewHistoryTest" />
    </UnitTest>
    <UnitTest name="convertTaskDetailToWriteIntoFileTest" storage="c:\users\swetha\dropbox\cs2103\[f9s2][v0.2]-swetha\[f9s2][v0.2]-swetha\[f9s2][v0.2]\testproject1\bin\debug\testproject1.dll" id="5ee9d7b1-ec25-7322-61a2-90a0f78c097d">
      <Execution id="08a24194-de84-416a-8c80-1dbee61fd25e" />
      <TestMethod codeBase="C:/Users/swetha/Dropbox/CS2103/[F9S2][V0.2]-Swetha/[F9S2][V0.2]-Swetha/[F9S2][V0.2]/TestProject1/bin/Debug/TestProject1.DLL" adapterTypeName="Microsoft.VisualStudio.TestTools.TestTypes.Unit.UnitTestAdapter, Microsoft.VisualStudio.QualityTools.Tips.UnitTest.Adapter, Version=10.0.0.0, Culture=neutral, PublicKeyToken=b03f5f7f11d50a3a" className="TestProject1.ConversionsTest, TestProject1, Version=1.0.0.0, Culture=neutral, PublicKeyToken=null" name="convertTaskDetailToWriteIntoFileTest" />
    </UnitTest>
    <UnitTest name="ViewPerformanceTest" storage="c:\users\swetha\dropbox\cs2103\[f9s2][v0.2]-swetha\[f9s2][v0.2]-swetha\[f9s2][v0.2]\testproject1\bin\debug\testproject1.dll" id="52efca71-c2b4-2100-e456-82aad3268b34">
      <Execution id="5878145b-69a4-4eb7-93d8-378a8469b185" />
      <TestMethod codeBase="C:/Users/swetha/Dropbox/CS2103/[F9S2][V0.2]-Swetha/[F9S2][V0.2]-Swetha/[F9S2][V0.2]/TestProject1/bin/Debug/TestProject1.DLL" adapterTypeName="Microsoft.VisualStudio.TestTools.TestTypes.Unit.UnitTestAdapter, Microsoft.VisualStudio.QualityTools.Tips.UnitTest.Adapter, Version=10.0.0.0, Culture=neutral, PublicKeyToken=b03f5f7f11d50a3a" className="TestProject1.OperationTest, TestProject1, Version=1.0.0.0, Culture=neutral, PublicKeyToken=null" name="ViewPerformanceTest" />
    </UnitTest>
    <UnitTest name="OperationConstructorTest" storage="c:\users\swetha\dropbox\cs2103\[f9s2][v0.2]-swetha\[f9s2][v0.2]-swetha\[f9s2][v0.2]\testproject1\bin\debug\testproject1.dll" id="5141cc8e-20fe-88ce-b820-67219233a4d3">
      <Execution id="ec073e6a-4469-4e74-833f-0024973737e1" />
      <TestMethod codeBase="C:/Users/swetha/Dropbox/CS2103/[F9S2][V0.2]-Swetha/[F9S2][V0.2]-Swetha/[F9S2][V0.2]/TestProject1/bin/Debug/TestProject1.DLL" adapterTypeName="Microsoft.VisualStudio.TestTools.TestTypes.Unit.UnitTestAdapter, Microsoft.VisualStudio.QualityTools.Tips.UnitTest.Adapter, Version=10.0.0.0, Culture=neutral, PublicKeyToken=b03f5f7f11d50a3a" className="TestProject1.OperationTest, TestProject1, Version=1.0.0.0, Culture=neutral, PublicKeyToken=null" name="OperationConstructorTest" />
    </UnitTest>
    <UnitTest name="displayTimeLineWithEventsTest" storage="c:\users\swetha\dropbox\cs2103\[f9s2][v0.2]-swetha\[f9s2][v0.2]-swetha\[f9s2][v0.2]\testproject1\bin\debug\testproject1.dll" id="d8442adf-139d-dab4-2a85-7eff04e87ab5">
      <Execution id="33f9c709-4cc0-4bf8-90e3-93eb90341ed3" />
      <TestMethod codeBase="C:/Users/swetha/Dropbox/CS2103/[F9S2][V0.2]-Swetha/[F9S2][V0.2]-Swetha/[F9S2][V0.2]/TestProject1/bin/Debug/TestProject1.DLL" adapterTypeName="Microsoft.VisualStudio.TestTools.TestTypes.Unit.UnitTestAdapter, Microsoft.VisualStudio.QualityTools.Tips.UnitTest.Adapter, Version=10.0.0.0, Culture=neutral, PublicKeyToken=b03f5f7f11d50a3a" className="TestProject1.OperationTest, TestProject1, Version=1.0.0.0, Culture=neutral, PublicKeyToken=null" name="displayTimeLineWithEventsTest" />
    </UnitTest>
    <UnitTest name="ConvertMinutesToHoursTest" storage="c:\users\swetha\dropbox\cs2103\[f9s2][v0.2]-swetha\[f9s2][v0.2]-swetha\[f9s2][v0.2]\testproject1\bin\debug\testproject1.dll" id="430f73b7-e7f8-467a-7ebe-d31af806a242">
      <Execution id="1a13241d-25c0-4b36-a090-cec1613c1ec1" />
      <TestMethod codeBase="C:/Users/swetha/Dropbox/CS2103/[F9S2][V0.2]-Swetha/[F9S2][V0.2]-Swetha/[F9S2][V0.2]/TestProject1/bin/Debug/TestProject1.DLL" adapterTypeName="Microsoft.VisualStudio.TestTools.TestTypes.Unit.UnitTestAdapter, Microsoft.VisualStudio.QualityTools.Tips.UnitTest.Adapter, Version=10.0.0.0, Culture=neutral, PublicKeyToken=b03f5f7f11d50a3a" className="TestProject1.ConversionsTest, TestProject1, Version=1.0.0.0, Culture=neutral, PublicKeyToken=null" name="ConvertMinutesToHoursTest" />
    </UnitTest>
    <UnitTest name="taskToBePerformedTest1" storage="c:\users\swetha\dropbox\cs2103\[f9s2][v0.2]-swetha\[f9s2][v0.2]-swetha\[f9s2][v0.2]\testproject1\bin\debug\testproject1.dll" id="bc3953ec-d998-e41b-f6fc-055a5f8e631e">
      <Execution id="82047d41-5ac1-4678-9f3c-eb0108290392" />
      <TestMethod codeBase="C:/Users/swetha/Dropbox/CS2103/[F9S2][V0.2]-Swetha/[F9S2][V0.2]-Swetha/[F9S2][V0.2]/TestProject1/bin/Debug/TestProject1.DLL" adapterTypeName="Microsoft.VisualStudio.TestTools.TestTypes.Unit.UnitTestAdapter, Microsoft.VisualStudio.QualityTools.Tips.UnitTest.Adapter, Version=10.0.0.0, Culture=neutral, PublicKeyToken=b03f5f7f11d50a3a" className="TestProject1.ParserTest, TestProject1, Version=1.0.0.0, Culture=neutral, PublicKeyToken=null" name="taskToBePerformedTest1" />
    </UnitTest>
    <UnitTest name="ConvertStringToDateTest" storage="c:\users\swetha\dropbox\cs2103\[f9s2][v0.2]-swetha\[f9s2][v0.2]-swetha\[f9s2][v0.2]\testproject1\bin\debug\testproject1.dll" id="42896bde-65ce-41ec-f595-fe8fc0dfa1cc">
      <Execution id="d0dce5cc-526e-4c72-ac9e-0e460ca69537" />
      <TestMethod codeBase="C:/Users/swetha/Dropbox/CS2103/[F9S2][V0.2]-Swetha/[F9S2][V0.2]-Swetha/[F9S2][V0.2]/TestProject1/bin/Debug/TestProject1.DLL" adapterTypeName="Microsoft.VisualStudio.TestTools.TestTypes.Unit.UnitTestAdapter, Microsoft.VisualStudio.QualityTools.Tips.UnitTest.Adapter, Version=10.0.0.0, Culture=neutral, PublicKeyToken=b03f5f7f11d50a3a" className="TestProject1.ConversionsTest, TestProject1, Version=1.0.0.0, Culture=neutral, PublicKeyToken=null" name="ConvertStringToDateTest" />
    </UnitTest>
    <UnitTest name="ConvertArrayOfStringIntoListOfIntTest" storage="c:\users\swetha\dropbox\cs2103\[f9s2][v0.2]-swetha\[f9s2][v0.2]-swetha\[f9s2][v0.2]\testproject1\bin\debug\testproject1.dll" id="5675f85b-0061-ff5b-47b5-0e0ff0baf33a">
      <Execution id="963f90b1-9d3a-413c-914e-b4a6a9537137" />
      <TestMethod codeBase="C:/Users/swetha/Dropbox/CS2103/[F9S2][V0.2]-Swetha/[F9S2][V0.2]-Swetha/[F9S2][V0.2]/TestProject1/bin/Debug/TestProject1.DLL" adapterTypeName="Microsoft.VisualStudio.TestTools.TestTypes.Unit.UnitTestAdapter, Microsoft.VisualStudio.QualityTools.Tips.UnitTest.Adapter, Version=10.0.0.0, Culture=neutral, PublicKeyToken=b03f5f7f11d50a3a" className="TestProject1.ConversionsTest, TestProject1, Version=1.0.0.0, Culture=neutral, PublicKeyToken=null" name="ConvertArrayOfStringIntoListOfIntTest" />
    </UnitTest>
    <UnitTest name="replaceWithAppropriateShortFormsTest" storage="c:\users\swetha\dropbox\cs2103\[f9s2][v0.2]-swetha\[f9s2][v0.2]-swetha\[f9s2][v0.2]\testproject1\bin\debug\testproject1.dll" id="2f37fc18-21b3-d1f0-4925-6942082d2bd1">
      <Execution id="9aba2648-6f4d-40da-9120-876637d51b08" />
      <TestMethod codeBase="C:/Users/swetha/Dropbox/CS2103/[F9S2][V0.2]-Swetha/[F9S2][V0.2]-Swetha/[F9S2][V0.2]/TestProject1/bin/Debug/TestProject1.DLL" adapterTypeName="Microsoft.VisualStudio.TestTools.TestTypes.Unit.UnitTestAdapter, Microsoft.VisualStudio.QualityTools.Tips.UnitTest.Adapter, Version=10.0.0.0, Culture=neutral, PublicKeyToken=b03f5f7f11d50a3a" className="TestProject1.ConversionsTest, TestProject1, Version=1.0.0.0, Culture=neutral, PublicKeyToken=null" name="replaceWithAppropriateShortFormsTest" />
    </UnitTest>
    <UnitTest name="CheckIfCommandAndContentValidTest" storage="c:\users\swetha\dropbox\cs2103\[f9s2][v0.2]-swetha\[f9s2][v0.2]-swetha\[f9s2][v0.2]\testproject1\bin\debug\testproject1.dll" id="a3deb1a3-2ddb-ef40-25c9-0384b9a77a99">
      <Execution id="4540da8b-ed30-4f50-af7b-40421d403990" />
      <TestMethod codeBase="C:/Users/swetha/Dropbox/CS2103/[F9S2][V0.2]-Swetha/[F9S2][V0.2]-Swetha/[F9S2][V0.2]/TestProject1/bin/Debug/TestProject1.DLL" adapterTypeName="Microsoft.VisualStudio.TestTools.TestTypes.Unit.UnitTestAdapter, Microsoft.VisualStudio.QualityTools.Tips.UnitTest.Adapter, Version=10.0.0.0, Culture=neutral, PublicKeyToken=b03f5f7f11d50a3a" className="TestProject1.ParserTest, TestProject1, Version=1.0.0.0, Culture=neutral, PublicKeyToken=null" name="CheckIfCommandAndContentValidTest" />
    </UnitTest>
    <UnitTest name="creatDateEventObjectTest" storage="c:\users\swetha\dropbox\cs2103\[f9s2][v0.2]-swetha\[f9s2][v0.2]-swetha\[f9s2][v0.2]\testproject1\bin\debug\testproject1.dll" id="e9b74553-7fc7-95c9-25d0-b7874d99b8a9">
      <Execution id="d35d32bd-7a37-462a-9a4e-8fe1356fa754" />
      <TestMethod codeBase="C:/Users/swetha/Dropbox/CS2103/[F9S2][V0.2]-Swetha/[F9S2][V0.2]-Swetha/[F9S2][V0.2]/TestProject1/bin/Debug/TestProject1.DLL" adapterTypeName="Microsoft.VisualStudio.TestTools.TestTypes.Unit.UnitTestAdapter, Microsoft.VisualStudio.QualityTools.Tips.UnitTest.Adapter, Version=10.0.0.0, Culture=neutral, PublicKeyToken=b03f5f7f11d50a3a" className="TestProject1.OperationTest, TestProject1, Version=1.0.0.0, Culture=neutral, PublicKeyToken=null" name="creatDateEventObjectTest" />
    </UnitTest>
    <UnitTest name="CheckIfRepeatIsSetTest" storage="c:\users\swetha\dropbox\cs2103\[f9s2][v0.2]-swetha\[f9s2][v0.2]-swetha\[f9s2][v0.2]\testproject1\bin\debug\testproject1.dll" id="db0fd72f-fa21-7d08-1b8a-b0a616bd417d">
      <DeploymentItems>
        <DeploymentItem filename="ToDoList.exe" />
      </DeploymentItems>
      <Execution id="80d2d810-5bf4-40e9-9d83-b574bc6b6171" />
      <TestMethod codeBase="C:/Users/swetha/Dropbox/CS2103/[F9S2][V0.2]-Swetha/[F9S2][V0.2]-Swetha/[F9S2][V0.2]/TestProject1/bin/Debug/TestProject1.DLL" adapterTypeName="Microsoft.VisualStudio.TestTools.TestTypes.Unit.UnitTestAdapter, Microsoft.VisualStudio.QualityTools.Tips.UnitTest.Adapter, Version=10.0.0.0, Culture=neutral, PublicKeyToken=b03f5f7f11d50a3a" className="TestProject1.OperationTest, TestProject1, Version=1.0.0.0, Culture=neutral, PublicKeyToken=null" name="CheckIfRepeatIsSetTest" />
    </UnitTest>
    <UnitTest name="CheckIfEventNameIsCorrectTest" storage="c:\users\swetha\dropbox\cs2103\[f9s2][v0.2]-swetha\[f9s2][v0.2]-swetha\[f9s2][v0.2]\testproject1\bin\debug\testproject1.dll" id="9437120d-b9e5-307f-cb85-e0d001e1e0c3">
      <Execution id="d4800a1d-4c58-41b9-81e9-a9f2d312b0aa" />
      <TestMethod codeBase="C:/Users/swetha/Dropbox/CS2103/[F9S2][V0.2]-Swetha/[F9S2][V0.2]-Swetha/[F9S2][V0.2]/TestProject1/bin/Debug/TestProject1.DLL" adapterTypeName="Microsoft.VisualStudio.TestTools.TestTypes.Unit.UnitTestAdapter, Microsoft.VisualStudio.QualityTools.Tips.UnitTest.Adapter, Version=10.0.0.0, Culture=neutral, PublicKeyToken=b03f5f7f11d50a3a" className="TestProject1.ErrorHandlingTest, TestProject1, Version=1.0.0.0, Culture=neutral, PublicKeyToken=null" name="CheckIfEventNameIsCorrectTest" />
    </UnitTest>
    <UnitTest name="HelpUserWriteCommandTest1" storage="c:\users\swetha\dropbox\cs2103\[f9s2][v0.2]-swetha\[f9s2][v0.2]-swetha\[f9s2][v0.2]\testproject1\bin\debug\testproject1.dll" id="7be700b9-d314-da17-fd2a-788053f6a1ad">
      <Execution id="a2e2899a-7d8b-4fe2-81aa-a678fefc9839" />
      <TestMethod codeBase="C:/Users/swetha/Dropbox/CS2103/[F9S2][V0.2]-Swetha/[F9S2][V0.2]-Swetha/[F9S2][V0.2]/TestProject1/bin/Debug/TestProject1.DLL" adapterTypeName="Microsoft.VisualStudio.TestTools.TestTypes.Unit.UnitTestAdapter, Microsoft.VisualStudio.QualityTools.Tips.UnitTest.Adapter, Version=10.0.0.0, Culture=neutral, PublicKeyToken=b03f5f7f11d50a3a" className="TestProject1.ParserTest, TestProject1, Version=1.0.0.0, Culture=neutral, PublicKeyToken=null" name="HelpUserWriteCommandTest1" />
    </UnitTest>
    <UnitTest name="valuesToInitialiseDataGrid2Test" storage="c:\users\swetha\dropbox\cs2103\[f9s2][v0.2]-swetha\[f9s2][v0.2]-swetha\[f9s2][v0.2]\testproject1\bin\debug\testproject1.dll" id="e0d6f14e-b818-d60e-e87a-fd7bc0689148">
      <Execution id="4c508da7-e70a-488f-8692-0c2969997cbd" />
      <TestMethod codeBase="C:/Users/swetha/Dropbox/CS2103/[F9S2][V0.2]-Swetha/[F9S2][V0.2]-Swetha/[F9S2][V0.2]/TestProject1/bin/Debug/TestProject1.DLL" adapterTypeName="Microsoft.VisualStudio.TestTools.TestTypes.Unit.UnitTestAdapter, Microsoft.VisualStudio.QualityTools.Tips.UnitTest.Adapter, Version=10.0.0.0, Culture=neutral, PublicKeyToken=b03f5f7f11d50a3a" className="TestProject1.OperationTest, TestProject1, Version=1.0.0.0, Culture=neutral, PublicKeyToken=null" name="valuesToInitialiseDataGrid2Test" />
    </UnitTest>
  </TestDefinitions>
  <TestLists>
    <TestList name="Results Not in a List" id="8c84fa94-04c1-424b-9868-57a2d4851a1d" />
    <TestList name="All Loaded Results" id="19431567-8539-422a-85d7-44ee4e166bda" />
  </TestLists>
  <TestEntries>
    <TestEntry testId="01862544-0151-bc4b-eef2-c78231c46765" executionId="3cf0dac0-9a34-4481-942d-4c57dd76fb21" testListId="8c84fa94-04c1-424b-9868-57a2d4851a1d" />
    <TestEntry testId="028069d4-1f2b-fa73-bfbd-ecd2719dcab7" executionId="b5be3437-fc25-4eca-a6cb-506cd9944ef4" testListId="8c84fa94-04c1-424b-9868-57a2d4851a1d" />
    <TestEntry testId="09277a0e-8813-a0dc-87e3-f8b39af59d95" executionId="0f257578-eb4a-4c55-ba56-045b5d16c427" testListId="8c84fa94-04c1-424b-9868-57a2d4851a1d" />
    <TestEntry testId="249bd0f5-28f7-8fdd-b183-4daadf719678" executionId="156867e8-6973-4b64-bceb-6d1c72b6fd3b" testListId="8c84fa94-04c1-424b-9868-57a2d4851a1d" />
    <TestEntry testId="290985ae-7290-ffa5-ddf3-dc1ad7073d30" executionId="a1fe0d2c-55d2-45e9-ae5d-498aaae5ecfa" testListId="8c84fa94-04c1-424b-9868-57a2d4851a1d" />
    <TestEntry testId="291e0111-5060-6201-9181-18664685707f" executionId="26e1eb48-889d-4c95-b092-eda69951c1c4" testListId="8c84fa94-04c1-424b-9868-57a2d4851a1d" />
    <TestEntry testId="2f37fc18-21b3-d1f0-4925-6942082d2bd1" executionId="9aba2648-6f4d-40da-9120-876637d51b08" testListId="8c84fa94-04c1-424b-9868-57a2d4851a1d" />
    <TestEntry testId="3c7e691a-d362-ee99-61a4-6a800be63181" executionId="2ba56282-587a-448c-b067-1a07c925c6d2" testListId="8c84fa94-04c1-424b-9868-57a2d4851a1d" />
    <TestEntry testId="3f89e5e2-d3d0-c7f8-2f85-a34abd0c1cff" executionId="eb14c875-ad56-431e-a153-2c9d009c67a6" testListId="8c84fa94-04c1-424b-9868-57a2d4851a1d" />
    <TestEntry testId="412933ba-ed76-9d75-6753-b155abf65729" executionId="4c6068de-44f3-4a1e-aaa4-6fa67508d03c" testListId="8c84fa94-04c1-424b-9868-57a2d4851a1d" />
    <TestEntry testId="42896bde-65ce-41ec-f595-fe8fc0dfa1cc" executionId="d0dce5cc-526e-4c72-ac9e-0e460ca69537" testListId="8c84fa94-04c1-424b-9868-57a2d4851a1d" />
    <TestEntry testId="430f73b7-e7f8-467a-7ebe-d31af806a242" executionId="1a13241d-25c0-4b36-a090-cec1613c1ec1" testListId="8c84fa94-04c1-424b-9868-57a2d4851a1d" />
    <TestEntry testId="5141cc8e-20fe-88ce-b820-67219233a4d3" executionId="ec073e6a-4469-4e74-833f-0024973737e1" testListId="8c84fa94-04c1-424b-9868-57a2d4851a1d" />
    <TestEntry testId="52efca71-c2b4-2100-e456-82aad3268b34" executionId="5878145b-69a4-4eb7-93d8-378a8469b185" testListId="8c84fa94-04c1-424b-9868-57a2d4851a1d" />
    <TestEntry testId="5675f85b-0061-ff5b-47b5-0e0ff0baf33a" executionId="963f90b1-9d3a-413c-914e-b4a6a9537137" testListId="8c84fa94-04c1-424b-9868-57a2d4851a1d" />
    <TestEntry testId="5ee9d7b1-ec25-7322-61a2-90a0f78c097d" executionId="08a24194-de84-416a-8c80-1dbee61fd25e" testListId="8c84fa94-04c1-424b-9868-57a2d4851a1d" />
    <TestEntry testId="6ed48ebc-c19e-538f-269d-737251d4c1fd" executionId="ddbb7a70-1091-4cbb-9db6-bbbf4ab0ec14" testListId="8c84fa94-04c1-424b-9868-57a2d4851a1d" />
    <TestEntry testId="7be700b9-d314-da17-fd2a-788053f6a1ad" executionId="a2e2899a-7d8b-4fe2-81aa-a678fefc9839" testListId="8c84fa94-04c1-424b-9868-57a2d4851a1d" />
    <TestEntry testId="7ecba722-39b2-0c77-caeb-80d5158acb13" executionId="54d6db77-9839-43db-9650-1699016f5cc9" testListId="8c84fa94-04c1-424b-9868-57a2d4851a1d" />
    <TestEntry testId="811d5f4a-7ec9-8777-9423-ab65d6cc47b8" executionId="b45e0d97-0fbc-465d-8eda-a7bfe555ad96" testListId="8c84fa94-04c1-424b-9868-57a2d4851a1d" />
    <TestEntry testId="817bc3d3-de9f-2eb0-74c0-fdf6f97a120b" executionId="f3cdd09a-d297-4fbf-8a01-e94f10fedeb3" testListId="8c84fa94-04c1-424b-9868-57a2d4851a1d" />
    <TestEntry testId="853ce853-ab0e-f2d3-cea3-fb5b2a7169c0" executionId="fdbef47b-b781-4c2f-ad1c-40eafbbc3d58" testListId="8c84fa94-04c1-424b-9868-57a2d4851a1d" />
    <TestEntry testId="87e67f6d-2fa7-4327-a78f-5fb26993d993" executionId="30711a59-1dab-4a94-aea0-69dba80321dc" testListId="8c84fa94-04c1-424b-9868-57a2d4851a1d" />
    <TestEntry testId="898276d5-2039-91f5-8945-3690da1d036c" executionId="dc16210a-98ab-450d-83f6-e508c4e0da02" testListId="8c84fa94-04c1-424b-9868-57a2d4851a1d" />
    <TestEntry testId="9164ae3e-5109-fabb-4d9d-d3f2554d728d" executionId="d7bbf232-1277-42ec-9ac0-bedab4d0cd04" testListId="8c84fa94-04c1-424b-9868-57a2d4851a1d" />
    <TestEntry testId="925ad92f-eb92-bb63-9789-954a688bb8e8" executionId="752e866c-189a-4305-ac4c-a5acffa3baa9" testListId="8c84fa94-04c1-424b-9868-57a2d4851a1d" />
    <TestEntry testId="9437120d-b9e5-307f-cb85-e0d001e1e0c3" executionId="d4800a1d-4c58-41b9-81e9-a9f2d312b0aa" testListId="8c84fa94-04c1-424b-9868-57a2d4851a1d" />
    <TestEntry testId="a24feab6-c418-b744-08a0-4d987df3755e" executionId="fbfb4a13-a9c5-4391-918e-bb50d5987fde" testListId="8c84fa94-04c1-424b-9868-57a2d4851a1d" />
    <TestEntry testId="a3deb1a3-2ddb-ef40-25c9-0384b9a77a99" executionId="4540da8b-ed30-4f50-af7b-40421d403990" testListId="8c84fa94-04c1-424b-9868-57a2d4851a1d" />
    <TestEntry testId="b2b3dc86-0c03-574e-f4bf-d904f295279c" executionId="8a880350-c278-40f6-9546-b001b672b00a" testListId="8c84fa94-04c1-424b-9868-57a2d4851a1d" />
    <TestEntry testId="b61890a5-e8a3-9835-4f5d-94b788823726" executionId="20a19dd7-d0e6-428e-9d82-7041740cdf61" testListId="8c84fa94-04c1-424b-9868-57a2d4851a1d" />
    <TestEntry testId="b9f0d8f2-3773-3983-9410-797e7d452424" executionId="cc00c802-1379-4d7d-8a98-4f77d537f1ee" testListId="8c84fa94-04c1-424b-9868-57a2d4851a1d" />
    <TestEntry testId="bc3953ec-d998-e41b-f6fc-055a5f8e631e" executionId="82047d41-5ac1-4678-9f3c-eb0108290392" testListId="8c84fa94-04c1-424b-9868-57a2d4851a1d" />
    <TestEntry testId="be2fd57d-61da-8654-9530-0824be4b4617" executionId="c39ec27a-b71c-4d8b-9ffb-9cf631e19134" testListId="8c84fa94-04c1-424b-9868-57a2d4851a1d" />
    <TestEntry testId="d8442adf-139d-dab4-2a85-7eff04e87ab5" executionId="33f9c709-4cc0-4bf8-90e3-93eb90341ed3" testListId="8c84fa94-04c1-424b-9868-57a2d4851a1d" />
    <TestEntry testId="db0fd72f-fa21-7d08-1b8a-b0a616bd417d" executionId="80d2d810-5bf4-40e9-9d83-b574bc6b6171" testListId="8c84fa94-04c1-424b-9868-57a2d4851a1d" />
    <TestEntry testId="e0d6f14e-b818-d60e-e87a-fd7bc0689148" executionId="4c508da7-e70a-488f-8692-0c2969997cbd" testListId="8c84fa94-04c1-424b-9868-57a2d4851a1d" />
    <TestEntry testId="e32f1aed-f336-c4fd-21d1-5fdc235f2a77" executionId="7c9797ec-9a8b-4c92-8b09-f67cc9c7f6e8" testListId="8c84fa94-04c1-424b-9868-57a2d4851a1d" />
    <TestEntry testId="e9b74553-7fc7-95c9-25d0-b7874d99b8a9" executionId="d35d32bd-7a37-462a-9a4e-8fe1356fa754" testListId="8c84fa94-04c1-424b-9868-57a2d4851a1d" />
    <TestEntry testId="f33f9546-63a0-b1f3-2ab6-cbded7caec2c" executionId="434ba92f-08c7-47c5-b05c-09ddbdb5f86e" testListId="8c84fa94-04c1-424b-9868-57a2d4851a1d" />
  </TestEntries>
  <Results>
    <UnitTestResult executionId="3cf0dac0-9a34-4481-942d-4c57dd76fb21" testId="01862544-0151-bc4b-eef2-c78231c46765" testName="TaskDetailsConstructorTest" computerName="SWETHA-PC" duration="00:00:00.0311895" startTime="2011-11-01T16:53:20.5801246+08:00" endTime="2011-11-01T16:53:20.8991428+08:00" testType="13cdc9d9-ddb5-4fa4-a97d-d965ccfc6d4b" outcome="Passed" testListId="8c84fa94-04c1-424b-9868-57a2d4851a1d" relativeResultsDirectory="3cf0dac0-9a34-4481-942d-4c57dd76fb21">
    </UnitTestResult>
    <UnitTestResult executionId="b5be3437-fc25-4eca-a6cb-506cd9944ef4" testId="028069d4-1f2b-fa73-bfbd-ecd2719dcab7" testName="ListOfEventsForTheDayTest" computerName="SWETHA-PC" duration="00:00:00.0412477" startTime="2011-11-01T16:53:20.9031431+08:00" endTime="2011-11-01T16:53:20.9491457+08:00" testType="13cdc9d9-ddb5-4fa4-a97d-d965ccfc6d4b" outcome="Failed" testListId="8c84fa94-04c1-424b-9868-57a2d4851a1d" relativeResultsDirectory="b5be3437-fc25-4eca-a6cb-506cd9944ef4">
      <Output>
        <ErrorInfo>
          <Message>Assert.AreEqual failed. Expected:&lt;ToDoList.DateEvent&gt;. Actual:&lt;ToDoList.DateEvent&gt;. </Message>
          <StackTrace>   at TestProject1.OperationTest.ListOfEventsForTheDayTest() in C:\Users\swetha\Dropbox\CS2103\[F9S2][V0.2]-Swetha\[F9S2][V0.2]-Swetha\[F9S2][V0.2]\TestProject1\OperationTest.cs:line 122
</StackTrace>
        </ErrorInfo>
      </Output>
    </UnitTestResult>
    <UnitTestResult executionId="0f257578-eb4a-4c55-ba56-045b5d16c427" testId="09277a0e-8813-a0dc-87e3-f8b39af59d95" testName="convertEventsIntoTaskdetailsTest" computerName="SWETHA-PC" duration="00:00:00.0145190" startTime="2011-11-01T16:53:20.9501458+08:00" endTime="2011-11-01T16:53:20.9731471+08:00" testType="13cdc9d9-ddb5-4fa4-a97d-d965ccfc6d4b" outcome="Failed" testListId="8c84fa94-04c1-424b-9868-57a2d4851a1d" relativeResultsDirectory="0f257578-eb4a-4c55-ba56-045b5d16c427">
      <Output>
        <ErrorInfo>
          <Message>Test method TestProject1.ConversionsTest.convertEventsIntoTaskdetailsTest threw exception: 
System.NullReferenceException: Object reference not set to an instance of an object.</Message>
          <StackTrace>    at ToDoList.TaskDetails.setEndRepeat(String s) in C:\Users\swetha\Dropbox\CS2103\[F9S2][V0.2]-Swetha\[F9S2][V0.2]-Swetha\[F9S2][V0.2]\Logic\TaskDetails.cs:line 394
   at TestProject1.ConversionsTest.convertEventsIntoTaskdetailsTest() in C:\Users\swetha\Dropbox\CS2103\[F9S2][V0.2]-Swetha\[F9S2][V0.2]-Swetha\[F9S2][V0.2]\TestProject1\ConversionsTest.cs:line 205
</StackTrace>
        </ErrorInfo>
      </Output>
    </UnitTestResult>
    <UnitTestResult executionId="156867e8-6973-4b64-bceb-6d1c72b6fd3b" testId="249bd0f5-28f7-8fdd-b183-4daadf719678" testName="convertTaskdetailsIntoEventTest" computerName="SWETHA-PC" duration="00:00:00.0016803" startTime="2011-11-01T16:53:20.9801475+08:00" endTime="2011-11-01T16:53:20.9871479+08:00" testType="13cdc9d9-ddb5-4fa4-a97d-d965ccfc6d4b" outcome="Passed" testListId="8c84fa94-04c1-424b-9868-57a2d4851a1d" relativeResultsDirectory="156867e8-6973-4b64-bceb-6d1c72b6fd3b">
    </UnitTestResult>
    <UnitTestResult executionId="a1fe0d2c-55d2-45e9-ae5d-498aaae5ecfa" testId="290985ae-7290-ffa5-ddf3-dc1ad7073d30" testName="checkForWhatCommandTest" computerName="SWETHA-PC" duration="00:00:00.0028094" startTime="2011-11-01T16:53:20.9901480+08:00" endTime="2011-11-01T16:53:21.0011487+08:00" testType="13cdc9d9-ddb5-4fa4-a97d-d965ccfc6d4b" outcome="Passed" testListId="8c84fa94-04c1-424b-9868-57a2d4851a1d" relativeResultsDirectory="a1fe0d2c-55d2-45e9-ae5d-498aaae5ecfa">
    </UnitTestResult>
    <UnitTestResult executionId="26e1eb48-889d-4c95-b092-eda69951c1c4" testId="291e0111-5060-6201-9181-18664685707f" testName="getDisplayMessageTest" computerName="SWETHA-PC" duration="00:00:00.0005412" startTime="2011-11-01T16:53:21.0051489+08:00" endTime="2011-11-01T16:53:21.0121493+08:00" testType="13cdc9d9-ddb5-4fa4-a97d-d965ccfc6d4b" outcome="Passed" testListId="8c84fa94-04c1-424b-9868-57a2d4851a1d" relativeResultsDirectory="26e1eb48-889d-4c95-b092-eda69951c1c4">
    </UnitTestResult>
    <UnitTestResult executionId="9aba2648-6f4d-40da-9120-876637d51b08" testId="2f37fc18-21b3-d1f0-4925-6942082d2bd1" testName="replaceWithAppropriateShortFormsTest" computerName="SWETHA-PC" duration="00:00:00.0003429" startTime="2011-11-01T16:53:21.0131494+08:00" endTime="2011-11-01T16:53:21.0201498+08:00" testType="13cdc9d9-ddb5-4fa4-a97d-d965ccfc6d4b" outcome="Passed" testListId="8c84fa94-04c1-424b-9868-57a2d4851a1d" relativeResultsDirectory="9aba2648-6f4d-40da-9120-876637d51b08">
    </UnitTestResult>
    <UnitTestResult executionId="2ba56282-587a-448c-b067-1a07c925c6d2" testId="3c7e691a-d362-ee99-61a4-6a800be63181" testName="convertStringIntoTaskDetailsTest" computerName="SWETHA-PC" duration="00:00:00.0022881" startTime="2011-11-01T16:53:21.0241500+08:00" endTime="2011-11-01T16:53:21.0331505+08:00" testType="13cdc9d9-ddb5-4fa4-a97d-d965ccfc6d4b" outcome="Passed" testListId="8c84fa94-04c1-424b-9868-57a2d4851a1d" relativeResultsDirectory="2ba56282-587a-448c-b067-1a07c925c6d2">
    </UnitTestResult>
    <UnitTestResult executionId="eb14c875-ad56-431e-a153-2c9d009c67a6" testId="3f89e5e2-d3d0-c7f8-2f85-a34abd0c1cff" testName="aggregateTaskDetailsParameterInAStringTest" computerName="SWETHA-PC" duration="00:00:00.0152000" startTime="2011-11-01T16:53:21.0371507+08:00" endTime="2011-11-01T16:53:21.0571519+08:00" testType="13cdc9d9-ddb5-4fa4-a97d-d965ccfc6d4b" outcome="Failed" testListId="8c84fa94-04c1-424b-9868-57a2d4851a1d" relativeResultsDirectory="eb14c875-ad56-431e-a153-2c9d009c67a6">
      <Output>
        <ErrorInfo>
          <Message>Test method TestProject1.OperationTest.aggregateTaskDetailsParameterInAStringTest threw exception: 
System.NullReferenceException: Object reference not set to an instance of an object.</Message>
          <StackTrace>   at ToDoList.Operation_Accessor.aggregateTaskDetailsParameterInAString(String parameterSeparator, Int32 i)
   at TestProject1.OperationTest.aggregateTaskDetailsParameterInAStringTest() in C:\Users\swetha\Dropbox\CS2103\[F9S2][V0.2]-Swetha\[F9S2][V0.2]-Swetha\[F9S2][V0.2]\TestProject1\OperationTest.cs:line 218
</StackTrace>
        </ErrorInfo>
      </Output>
    </UnitTestResult>
    <UnitTestResult executionId="4c6068de-44f3-4a1e-aaa4-6fa67508d03c" testId="412933ba-ed76-9d75-6753-b155abf65729" testName="UndoTaskTest" computerName="SWETHA-PC" duration="00:00:00.0023101" startTime="2011-11-01T16:53:21.0611521+08:00" endTime="2011-11-01T16:53:21.0691526+08:00" testType="13cdc9d9-ddb5-4fa4-a97d-d965ccfc6d4b" outcome="Failed" testListId="8c84fa94-04c1-424b-9868-57a2d4851a1d" relativeResultsDirectory="4c6068de-44f3-4a1e-aaa4-6fa67508d03c">
      <Output>
        <ErrorInfo>
          <Message>Test method TestProject1.OperationTest.UndoTaskTest threw exception: 
System.NullReferenceException: Object reference not set to an instance of an object.</Message>
          <StackTrace>   at ToDoList.Operation_Accessor.UndoTask()
   at TestProject1.OperationTest.UndoTaskTest() in C:\Users\swetha\Dropbox\CS2103\[F9S2][V0.2]-Swetha\[F9S2][V0.2]-Swetha\[F9S2][V0.2]\TestProject1\OperationTest.cs:line 155
</StackTrace>
        </ErrorInfo>
      </Output>
    </UnitTestResult>
    <UnitTestResult executionId="d0dce5cc-526e-4c72-ac9e-0e460ca69537" testId="42896bde-65ce-41ec-f595-fe8fc0dfa1cc" testName="ConvertStringToDateTest" computerName="SWETHA-PC" duration="00:00:00.0006070" startTime="2011-11-01T16:53:21.0751529+08:00" endTime="2011-11-01T16:53:21.0801532+08:00" testType="13cdc9d9-ddb5-4fa4-a97d-d965ccfc6d4b" outcome="Passed" testListId="8c84fa94-04c1-424b-9868-57a2d4851a1d" relativeResultsDirectory="d0dce5cc-526e-4c72-ac9e-0e460ca69537">
    </UnitTestResult>
    <UnitTestResult executionId="1a13241d-25c0-4b36-a090-cec1613c1ec1" testId="430f73b7-e7f8-467a-7ebe-d31af806a242" testName="ConvertMinutesToHoursTest" computerName="SWETHA-PC" duration="00:00:00.0015606" startTime="2011-11-01T16:53:21.0831534+08:00" endTime="2011-11-01T16:53:21.0901538+08:00" testType="13cdc9d9-ddb5-4fa4-a97d-d965ccfc6d4b" outcome="Passed" testListId="8c84fa94-04c1-424b-9868-57a2d4851a1d" relativeResultsDirectory="1a13241d-25c0-4b36-a090-cec1613c1ec1">
    </UnitTestResult>
    <UnitTestResult executionId="ec073e6a-4469-4e74-833f-0024973737e1" testId="5141cc8e-20fe-88ce-b820-67219233a4d3" testName="OperationConstructorTest" computerName="SWETHA-PC" duration="00:00:00.0003214" startTime="2011-11-01T16:53:21.0921539+08:00" endTime="2011-11-01T16:53:21.0981542+08:00" testType="13cdc9d9-ddb5-4fa4-a97d-d965ccfc6d4b" outcome="Passed" testListId="8c84fa94-04c1-424b-9868-57a2d4851a1d" relativeResultsDirectory="ec073e6a-4469-4e74-833f-0024973737e1">
    </UnitTestResult>
    <UnitTestResult executionId="5878145b-69a4-4eb7-93d8-378a8469b185" testId="52efca71-c2b4-2100-e456-82aad3268b34" testName="ViewPerformanceTest" computerName="SWETHA-PC" duration="00:00:00.0030330" startTime="2011-11-01T16:53:21.1021544+08:00" endTime="2011-11-01T16:53:21.1101549+08:00" testType="13cdc9d9-ddb5-4fa4-a97d-d965ccfc6d4b" outcome="Inconclusive" testListId="8c84fa94-04c1-424b-9868-57a2d4851a1d" relativeResultsDirectory="5878145b-69a4-4eb7-93d8-378a8469b185">
      <Output>
        <ErrorInfo>
          <Message>Assert.Inconclusive failed. Verify the correctness of this test method.</Message>
          <StackTrace>   at TestProject1.OperationTest.ViewPerformanceTest() in C:\Users\swetha\Dropbox\CS2103\[F9S2][V0.2]-Swetha\[F9S2][V0.2]-Swetha\[F9S2][V0.2]\TestProject1\OperationTest.cs:line 188
</StackTrace>
        </ErrorInfo>
      </Output>
    </UnitTestResult>
    <UnitTestResult executionId="963f90b1-9d3a-413c-914e-b4a6a9537137" testId="5675f85b-0061-ff5b-47b5-0e0ff0baf33a" testName="ConvertArrayOfStringIntoListOfIntTest" computerName="SWETHA-PC" duration="00:00:00.0007090" startTime="2011-11-01T16:53:21.1141551+08:00" endTime="2011-11-01T16:53:21.1191554+08:00" testType="13cdc9d9-ddb5-4fa4-a97d-d965ccfc6d4b" outcome="Passed" testListId="8c84fa94-04c1-424b-9868-57a2d4851a1d" relativeResultsDirectory="963f90b1-9d3a-413c-914e-b4a6a9537137">
    </UnitTestResult>
    <UnitTestResult executionId="08a24194-de84-416a-8c80-1dbee61fd25e" testId="5ee9d7b1-ec25-7322-61a2-90a0f78c097d" testName="convertTaskDetailToWriteIntoFileTest" computerName="SWETHA-PC" duration="00:00:00.0029618" startTime="2011-11-01T16:53:21.1211555+08:00" endTime="2011-11-01T16:53:21.1291560+08:00" testType="13cdc9d9-ddb5-4fa4-a97d-d965ccfc6d4b" outcome="Failed" testListId="8c84fa94-04c1-424b-9868-57a2d4851a1d" relativeResultsDirectory="08a24194-de84-416a-8c80-1dbee61fd25e">
      <Output>
        <ErrorInfo>
          <Message>Assert.AreEqual failed. Expected:&lt;&gt;. Actual:&lt;(null)&gt;. </Message>
          <StackTrace>   at TestProject1.ConversionsTest.convertTaskDetailToWriteIntoFileTest() in C:\Users\swetha\Dropbox\CS2103\[F9S2][V0.2]-Swetha\[F9S2][V0.2]-Swetha\[F9S2][V0.2]\TestProject1\ConversionsTest.cs:line 240
</StackTrace>
        </ErrorInfo>
      </Output>
    </UnitTestResult>
    <UnitTestResult executionId="ddbb7a70-1091-4cbb-9db6-bbbf4ab0ec14" testId="6ed48ebc-c19e-538f-269d-737251d4c1fd" testName="ListOfTasksForTheDayTest" computerName="SWETHA-PC" duration="00:00:00.0037171" startTime="2011-11-01T16:53:21.1301560+08:00" endTime="2011-11-01T16:53:21.1481571+08:00" testType="13cdc9d9-ddb5-4fa4-a97d-d965ccfc6d4b" outcome="Inconclusive" testListId="8c84fa94-04c1-424b-9868-57a2d4851a1d" relativeResultsDirectory="ddbb7a70-1091-4cbb-9db6-bbbf4ab0ec14">
      <Output>
        <ErrorInfo>
          <Message>Assert.Inconclusive failed. Verify the correctness of this test method.</Message>
          <StackTrace>   at TestProject1.OperationTest.ListOfTasksForTheDayTest() in C:\Users\swetha\Dropbox\CS2103\[F9S2][V0.2]-Swetha\[F9S2][V0.2]-Swetha\[F9S2][V0.2]\TestProject1\OperationTest.cs:line 141
</StackTrace>
        </ErrorInfo>
      </Output>
    </UnitTestResult>
    <UnitTestResult executionId="a2e2899a-7d8b-4fe2-81aa-a678fefc9839" testId="7be700b9-d314-da17-fd2a-788053f6a1ad" testName="HelpUserWriteCommandTest1" computerName="SWETHA-PC" duration="00:00:00.0006894" startTime="2011-11-01T16:53:21.1511572+08:00" endTime="2011-11-01T16:53:21.1571576+08:00" testType="13cdc9d9-ddb5-4fa4-a97d-d965ccfc6d4b" outcome="Passed" testListId="8c84fa94-04c1-424b-9868-57a2d4851a1d" relativeResultsDirectory="a2e2899a-7d8b-4fe2-81aa-a678fefc9839">
    </UnitTestResult>
    <UnitTestResult executionId="54d6db77-9839-43db-9650-1699016f5cc9" testId="7ecba722-39b2-0c77-caeb-80d5158acb13" testName="Convert12HourFormatTo24HourFormatTest" computerName="SWETHA-PC" duration="00:00:00.0002409" startTime="2011-11-01T16:53:21.1581576+08:00" endTime="2011-11-01T16:53:21.1641580+08:00" testType="13cdc9d9-ddb5-4fa4-a97d-d965ccfc6d4b" outcome="Passed" testListId="8c84fa94-04c1-424b-9868-57a2d4851a1d" relativeResultsDirectory="54d6db77-9839-43db-9650-1699016f5cc9">
    </UnitTestResult>
    <UnitTestResult executionId="b45e0d97-0fbc-465d-8eda-a7bfe555ad96" testId="811d5f4a-7ec9-8777-9423-ab65d6cc47b8" testName="SyntaxOfTextboxTextTest" computerName="SWETHA-PC" duration="00:00:00.0013889" startTime="2011-11-01T16:53:21.1671582+08:00" endTime="2011-11-01T16:53:21.1731585+08:00" testType="13cdc9d9-ddb5-4fa4-a97d-d965ccfc6d4b" outcome="Passed" testListId="8c84fa94-04c1-424b-9868-57a2d4851a1d" relativeResultsDirectory="b45e0d97-0fbc-465d-8eda-a7bfe555ad96">
    </UnitTestResult>
    <UnitTestResult executionId="f3cdd09a-d297-4fbf-8a01-e94f10fedeb3" testId="817bc3d3-de9f-2eb0-74c0-fdf6f97a120b" testName="Convert24HourFormatTo12HourFormatTest" computerName="SWETHA-PC" duration="00:00:00.0002440" startTime="2011-11-01T16:53:21.1741586+08:00" endTime="2011-11-01T16:53:21.1801589+08:00" testType="13cdc9d9-ddb5-4fa4-a97d-d965ccfc6d4b" outcome="Passed" testListId="8c84fa94-04c1-424b-9868-57a2d4851a1d" relativeResultsDirectory="f3cdd09a-d297-4fbf-8a01-e94f10fedeb3">
    </UnitTestResult>
    <UnitTestResult executionId="fdbef47b-b781-4c2f-ad1c-40eafbbc3d58" testId="853ce853-ab0e-f2d3-cea3-fb5b2a7169c0" testName="ViewHistoryTest" computerName="SWETHA-PC" duration="00:00:00.0021765" startTime="2011-11-01T16:53:21.1831591+08:00" endTime="2011-11-01T16:53:21.1891594+08:00" testType="13cdc9d9-ddb5-4fa4-a97d-d965ccfc6d4b" outcome="Failed" testListId="8c84fa94-04c1-424b-9868-57a2d4851a1d" relativeResultsDirectory="fdbef47b-b781-4c2f-ad1c-40eafbbc3d58">
      <Output>
        <ErrorInfo>
          <Message>Test method TestProject1.OperationTest.ViewHistoryTest threw exception: 
System.NullReferenceException: Object reference not set to an instance of an object.</Message>
          <StackTrace>   at ToDoList.Operation_Accessor.ViewHistory()
   at TestProject1.OperationTest.ViewHistoryTest() in C:\Users\swetha\Dropbox\CS2103\[F9S2][V0.2]-Swetha\[F9S2][V0.2]-Swetha\[F9S2][V0.2]\TestProject1\OperationTest.cs:line 170
</StackTrace>
        </ErrorInfo>
      </Output>
    </UnitTestResult>
    <UnitTestResult executionId="30711a59-1dab-4a94-aea0-69dba80321dc" testId="87e67f6d-2fa7-4327-a78f-5fb26993d993" testName="checkIfautoschedulingNeededTest" computerName="SWETHA-PC" duration="00:00:00.0025414" startTime="2011-11-01T16:53:21.1901595+08:00" endTime="2011-11-01T16:53:21.1981599+08:00" testType="13cdc9d9-ddb5-4fa4-a97d-d965ccfc6d4b" outcome="Failed" testListId="8c84fa94-04c1-424b-9868-57a2d4851a1d" relativeResultsDirectory="30711a59-1dab-4a94-aea0-69dba80321dc">
      <Output>
        <ErrorInfo>
          <Message>Test method TestProject1.OperationTest.checkIfautoschedulingNeededTest threw exception: 
System.NullReferenceException: Object reference not set to an instance of an object.</Message>
          <StackTrace>   at ToDoList.Operation_Accessor.checkIfautoschedulingNeeded(TaskDetails_Accessor objectDetailsOfTask)
   at TestProject1.OperationTest.checkIfautoschedulingNeededTest() in C:\Users\swetha\Dropbox\CS2103\[F9S2][V0.2]-Swetha\[F9S2][V0.2]-Swetha\[F9S2][V0.2]\TestProject1\OperationTest.cs:line 249
</StackTrace>
        </ErrorInfo>
      </Output>
    </UnitTestResult>
    <UnitTestResult executionId="dc16210a-98ab-450d-83f6-e508c4e0da02" testId="898276d5-2039-91f5-8945-3690da1d036c" testName="checkIfTaskIsShiftingToAnotherDayTest" computerName="SWETHA-PC" duration="00:00:00.0018069" startTime="2011-11-01T16:53:21.2011601+08:00" endTime="2011-11-01T16:53:21.2081605+08:00" testType="13cdc9d9-ddb5-4fa4-a97d-d965ccfc6d4b" outcome="Failed" testListId="8c84fa94-04c1-424b-9868-57a2d4851a1d" relativeResultsDirectory="dc16210a-98ab-450d-83f6-e508c4e0da02">
      <Output>
        <ErrorInfo>
          <Message>Test method TestProject1.OperationTest.checkIfTaskIsShiftingToAnotherDayTest threw exception: 
System.NullReferenceException: Object reference not set to an instance of an object.</Message>
          <StackTrace>   at ToDoList.Operation_Accessor.checkIfTaskIsShiftingToAnotherDay(TaskDetails_Accessor taskObject)
   at TestProject1.OperationTest.checkIfTaskIsShiftingToAnotherDayTest() in C:\Users\swetha\Dropbox\CS2103\[F9S2][V0.2]-Swetha\[F9S2][V0.2]-Swetha\[F9S2][V0.2]\TestProject1\OperationTest.cs:line 233
</StackTrace>
        </ErrorInfo>
      </Output>
    </UnitTestResult>
    <UnitTestResult executionId="d7bbf232-1277-42ec-9ac0-bedab4d0cd04" testId="9164ae3e-5109-fabb-4d9d-d3f2554d728d" testName="ConvertSecondsToHoursTest" computerName="SWETHA-PC" duration="00:00:00.0005805" startTime="2011-11-01T16:53:21.2101606+08:00" endTime="2011-11-01T16:53:21.2161610+08:00" testType="13cdc9d9-ddb5-4fa4-a97d-d965ccfc6d4b" outcome="Passed" testListId="8c84fa94-04c1-424b-9868-57a2d4851a1d" relativeResultsDirectory="d7bbf232-1277-42ec-9ac0-bedab4d0cd04">
    </UnitTestResult>
    <UnitTestResult executionId="752e866c-189a-4305-ac4c-a5acffa3baa9" testId="925ad92f-eb92-bb63-9789-954a688bb8e8" testName="retrieveIDsofARepeatingEventTest" computerName="SWETHA-PC" duration="00:00:00.0018474" startTime="2011-11-01T16:53:21.2181611+08:00" endTime="2011-11-01T16:53:21.2251615+08:00" testType="13cdc9d9-ddb5-4fa4-a97d-d965ccfc6d4b" outcome="Failed" testListId="8c84fa94-04c1-424b-9868-57a2d4851a1d" relativeResultsDirectory="752e866c-189a-4305-ac4c-a5acffa3baa9">
      <Output>
        <ErrorInfo>
          <Message>Test method TestProject1.OperationTest.retrieveIDsofARepeatingEventTest threw exception: 
System.NullReferenceException: Object reference not set to an instance of an object.</Message>
          <StackTrace>   at ToDoList.Operation_Accessor.retrieveIDsofARepeatingEvent(Int32 id)
   at TestProject1.OperationTest.retrieveIDsofARepeatingEventTest() in C:\Users\swetha\Dropbox\CS2103\[F9S2][V0.2]-Swetha\[F9S2][V0.2]-Swetha\[F9S2][V0.2]\TestProject1\OperationTest.cs:line 337
</StackTrace>
        </ErrorInfo>
      </Output>
    </UnitTestResult>
    <UnitTestResult executionId="d4800a1d-4c58-41b9-81e9-a9f2d312b0aa" testId="9437120d-b9e5-307f-cb85-e0d001e1e0c3" testName="CheckIfEventNameIsCorrectTest" computerName="SWETHA-PC" duration="00:00:00.0020487" startTime="2011-11-01T16:53:21.2271616+08:00" endTime="2011-11-01T16:53:21.2361621+08:00" testType="13cdc9d9-ddb5-4fa4-a97d-d965ccfc6d4b" outcome="Failed" testListId="8c84fa94-04c1-424b-9868-57a2d4851a1d" relativeResultsDirectory="d4800a1d-4c58-41b9-81e9-a9f2d312b0aa">
      <Output>
        <ErrorInfo>
          <Message>Assert.AreEqual failed. Expected:&lt;Please enter a valid Event Name&gt;. Actual:&lt;(null)&gt;. </Message>
          <StackTrace>   at TestProject1.ErrorHandlingTest.CheckIfEventNameIsCorrectTest() in C:\Users\swetha\Dropbox\CS2103\[F9S2][V0.2]-Swetha\[F9S2][V0.2]-Swetha\[F9S2][V0.2]\TestProject1\ErrorHandlingTest.cs:line 78
</StackTrace>
        </ErrorInfo>
      </Output>
    </UnitTestResult>
    <UnitTestResult executionId="fbfb4a13-a9c5-4391-918e-bb50d5987fde" testId="a24feab6-c418-b744-08a0-4d987df3755e" testName="ConvertDateTo_ddmmyyFormatTest" computerName="SWETHA-PC" duration="00:00:00.0006906" startTime="2011-11-01T16:53:21.2401623+08:00" endTime="2011-11-01T16:53:21.2451626+08:00" testType="13cdc9d9-ddb5-4fa4-a97d-d965ccfc6d4b" outcome="Passed" testListId="8c84fa94-04c1-424b-9868-57a2d4851a1d" relativeResultsDirectory="fbfb4a13-a9c5-4391-918e-bb50d5987fde">
    </UnitTestResult>
    <UnitTestResult executionId="4540da8b-ed30-4f50-af7b-40421d403990" testId="a3deb1a3-2ddb-ef40-25c9-0384b9a77a99" testName="CheckIfCommandAndContentValidTest" computerName="SWETHA-PC" duration="00:00:00.0014547" startTime="2011-11-01T16:53:21.2481628+08:00" endTime="2011-11-01T16:53:21.2571633+08:00" testType="13cdc9d9-ddb5-4fa4-a97d-d965ccfc6d4b" outcome="Passed" testListId="8c84fa94-04c1-424b-9868-57a2d4851a1d" relativeResultsDirectory="4540da8b-ed30-4f50-af7b-40421d403990">
    </UnitTestResult>
    <UnitTestResult executionId="8a880350-c278-40f6-9546-b001b672b00a" testId="b2b3dc86-0c03-574e-f4bf-d904f295279c" testName="durationOrRemainderToTotalHoursTest" computerName="SWETHA-PC" duration="00:00:00.0003110" startTime="2011-11-01T16:53:21.2611635+08:00" endTime="2011-11-01T16:53:21.2661638+08:00" testType="13cdc9d9-ddb5-4fa4-a97d-d965ccfc6d4b" outcome="Passed" testListId="8c84fa94-04c1-424b-9868-57a2d4851a1d" relativeResultsDirectory="8a880350-c278-40f6-9546-b001b672b00a">
    </UnitTestResult>
    <UnitTestResult executionId="20a19dd7-d0e6-428e-9d82-7041740cdf61" testId="b61890a5-e8a3-9835-4f5d-94b788823726" testName="addToIntellisenseDatabaseTest" computerName="SWETHA-PC" duration="00:00:00.0017515" startTime="2011-11-01T16:53:21.2691640+08:00" endTime="2011-11-01T16:53:21.2771645+08:00" testType="13cdc9d9-ddb5-4fa4-a97d-d965ccfc6d4b" outcome="Failed" testListId="8c84fa94-04c1-424b-9868-57a2d4851a1d" relativeResultsDirectory="20a19dd7-d0e6-428e-9d82-7041740cdf61">
      <Output>
        <ErrorInfo>
          <Message>Test method TestProject1.OperationTest.addToIntellisenseDatabaseTest threw exception: 
System.NullReferenceException: Object reference not set to an instance of an object.</Message>
          <StackTrace>   at ToDoList.Operation_Accessor.addToIntellisenseDatabase(String s)
   at TestProject1.OperationTest.addToIntellisenseDatabaseTest() in C:\Users\swetha\Dropbox\CS2103\[F9S2][V0.2]-Swetha\[F9S2][V0.2]-Swetha\[F9S2][V0.2]\TestProject1\OperationTest.cs:line 201
</StackTrace>
        </ErrorInfo>
      </Output>
    </UnitTestResult>
    <UnitTestResult executionId="cc00c802-1379-4d7d-8a98-4f77d537f1ee" testId="b9f0d8f2-3773-3983-9410-797e7d452424" testName="interpretRepeatAsNumberOfDaysTest" computerName="SWETHA-PC" duration="00:00:00.0026827" startTime="2011-11-01T16:53:21.2811647+08:00" endTime="2011-11-01T16:53:21.2901652+08:00" testType="13cdc9d9-ddb5-4fa4-a97d-d965ccfc6d4b" outcome="Passed" testListId="8c84fa94-04c1-424b-9868-57a2d4851a1d" relativeResultsDirectory="cc00c802-1379-4d7d-8a98-4f77d537f1ee">
    </UnitTestResult>
    <UnitTestResult executionId="82047d41-5ac1-4678-9f3c-eb0108290392" testId="bc3953ec-d998-e41b-f6fc-055a5f8e631e" testName="taskToBePerformedTest1" computerName="SWETHA-PC" duration="00:00:07.1199313" startTime="2011-11-01T16:53:21.2911653+08:00" endTime="2011-11-01T16:53:28.4185729+08:00" testType="13cdc9d9-ddb5-4fa4-a97d-d965ccfc6d4b" outcome="Passed" testListId="8c84fa94-04c1-424b-9868-57a2d4851a1d" relativeResultsDirectory="82047d41-5ac1-4678-9f3c-eb0108290392">
      <Output>
        <DebugTrace>Fail: 
</DebugTrace>
      </Output>
    </UnitTestResult>
    <UnitTestResult executionId="c39ec27a-b71c-4d8b-9ffb-9cf631e19134" testId="be2fd57d-61da-8654-9530-0824be4b4617" testName="ConvertDaysToHoursTest" computerName="SWETHA-PC" duration="00:00:00.0004788" startTime="2011-11-01T16:53:28.4485746+08:00" endTime="2011-11-01T16:53:28.4595753+08:00" testType="13cdc9d9-ddb5-4fa4-a97d-d965ccfc6d4b" outcome="Passed" testListId="8c84fa94-04c1-424b-9868-57a2d4851a1d" relativeResultsDirectory="c39ec27a-b71c-4d8b-9ffb-9cf631e19134">
    </UnitTestResult>
    <UnitTestResult executionId="33f9c709-4cc0-4bf8-90e3-93eb90341ed3" testId="d8442adf-139d-dab4-2a85-7eff04e87ab5" testName="displayTimeLineWithEventsTest" computerName="SWETHA-PC" duration="00:00:00.0038561" startTime="2011-11-01T16:53:28.4695758+08:00" endTime="2011-11-01T16:53:28.4835766+08:00" testType="13cdc9d9-ddb5-4fa4-a97d-d965ccfc6d4b" outcome="Inconclusive" testListId="8c84fa94-04c1-424b-9868-57a2d4851a1d" relativeResultsDirectory="33f9c709-4cc0-4bf8-90e3-93eb90341ed3">
      <Output>
        <ErrorInfo>
          <Message>Assert.Inconclusive failed. Verify the correctness of this test method.</Message>
          <StackTrace>   at TestProject1.OperationTest.displayTimeLineWithEventsTest() in C:\Users\swetha\Dropbox\CS2103\[F9S2][V0.2]-Swetha\[F9S2][V0.2]-Swetha\[F9S2][V0.2]\TestProject1\OperationTest.cs:line 305
</StackTrace>
        </ErrorInfo>
      </Output>
    </UnitTestResult>
    <UnitTestResult executionId="80d2d810-5bf4-40e9-9d83-b574bc6b6171" testId="db0fd72f-fa21-7d08-1b8a-b0a616bd417d" testName="CheckIfRepeatIsSetTest" computerName="SWETHA-PC" duration="00:00:00.0019471" startTime="2011-11-01T16:53:28.4915771+08:00" endTime="2011-11-01T16:53:28.5005776+08:00" testType="13cdc9d9-ddb5-4fa4-a97d-d965ccfc6d4b" outcome="Failed" testListId="8c84fa94-04c1-424b-9868-57a2d4851a1d" relativeResultsDirectory="80d2d810-5bf4-40e9-9d83-b574bc6b6171">
      <Output>
        <ErrorInfo>
          <Message>Test method TestProject1.OperationTest.CheckIfRepeatIsSetTest threw exception: 
System.NullReferenceException: Object reference not set to an instance of an object.</Message>
          <StackTrace>   at ToDoList.Operation_Accessor.CheckIfRepeatIsSet(TaskDetails_Accessor t)
   at TestProject1.OperationTest.CheckIfRepeatIsSetTest() in C:\Users\swetha\Dropbox\CS2103\[F9S2][V0.2]-Swetha\[F9S2][V0.2]-Swetha\[F9S2][V0.2]\TestProject1\OperationTest.cs:line 94
</StackTrace>
        </ErrorInfo>
      </Output>
    </UnitTestResult>
    <UnitTestResult executionId="4c508da7-e70a-488f-8692-0c2969997cbd" testId="e0d6f14e-b818-d60e-e87a-fd7bc0689148" testName="valuesToInitialiseDataGrid2Test" computerName="SWETHA-PC" duration="00:00:00.0002883" startTime="2011-11-01T16:53:28.5055779+08:00" endTime="2011-11-01T16:53:28.5115782+08:00" testType="13cdc9d9-ddb5-4fa4-a97d-d965ccfc6d4b" outcome="Passed" testListId="8c84fa94-04c1-424b-9868-57a2d4851a1d" relativeResultsDirectory="4c508da7-e70a-488f-8692-0c2969997cbd">
    </UnitTestResult>
    <UnitTestResult executionId="7c9797ec-9a8b-4c92-8b09-f67cc9c7f6e8" testId="e32f1aed-f336-c4fd-21d1-5fdc235f2a77" testName="decideOntaskTest" computerName="SWETHA-PC" duration="00:00:00.0017176" startTime="2011-11-01T16:53:28.5155785+08:00" endTime="2011-11-01T16:53:28.5235789+08:00" testType="13cdc9d9-ddb5-4fa4-a97d-d965ccfc6d4b" outcome="Inconclusive" testListId="8c84fa94-04c1-424b-9868-57a2d4851a1d" relativeResultsDirectory="7c9797ec-9a8b-4c92-8b09-f67cc9c7f6e8">
      <Output>
        <ErrorInfo>
          <Message>Assert.Inconclusive failed. Verify the correctness of this test method.</Message>
          <StackTrace>   at TestProject1.OperationTest.decideOntaskTest() in C:\Users\swetha\Dropbox\CS2103\[F9S2][V0.2]-Swetha\[F9S2][V0.2]-Swetha\[F9S2][V0.2]\TestProject1\OperationTest.cs:line 285
</StackTrace>
        </ErrorInfo>
      </Output>
    </UnitTestResult>
    <UnitTestResult executionId="d35d32bd-7a37-462a-9a4e-8fe1356fa754" testId="e9b74553-7fc7-95c9-25d0-b7874d99b8a9" testName="creatDateEventObjectTest" computerName="SWETHA-PC" duration="00:00:00.0021973" startTime="2011-11-01T16:53:28.5315794+08:00" endTime="2011-11-01T16:53:28.5395798+08:00" testType="13cdc9d9-ddb5-4fa4-a97d-d965ccfc6d4b" outcome="Failed" testListId="8c84fa94-04c1-424b-9868-57a2d4851a1d" relativeResultsDirectory="d35d32bd-7a37-462a-9a4e-8fe1356fa754">
      <Output>
        <ErrorInfo>
          <Message>Assert.AreEqual failed. Expected:&lt;(null)&gt;. Actual:&lt;ToDoList.DateEvent&gt;. </Message>
          <StackTrace>   at TestProject1.OperationTest.creatDateEventObjectTest() in C:\Users\swetha\Dropbox\CS2103\[F9S2][V0.2]-Swetha\[F9S2][V0.2]-Swetha\[F9S2][V0.2]\TestProject1\OperationTest.cs:line 268
</StackTrace>
        </ErrorInfo>
      </Output>
    </UnitTestResult>
    <UnitTestResult executionId="434ba92f-08c7-47c5-b05c-09ddbdb5f86e" testId="f33f9546-63a0-b1f3-2ab6-cbded7caec2c" testName="ParserConstructorTest" computerName="SWETHA-PC" duration="00:00:00.0008588" startTime="2011-11-01T16:53:28.5445801+08:00" endTime="2011-11-01T16:53:28.5545807+08:00" testType="13cdc9d9-ddb5-4fa4-a97d-d965ccfc6d4b" outcome="Passed" testListId="8c84fa94-04c1-424b-9868-57a2d4851a1d" relativeResultsDirectory="434ba92f-08c7-47c5-b05c-09ddbdb5f86e">
    </UnitTestResult>
  </Results>
</TestRun>